<?xml version="1.0" encoding="UTF-8"?>
<!-- Generated by org.testng.reporters.JUnitXMLReporter -->
<testsuite hostname="Gabrielas-MBP.fibertel.com.ar" ignored="4" name="Search" tests="17" failures="0" timestamp="2023-09-05T19:37:58 ART" time="105.05" errors="0">
  <testcase name="testSearchTab" time="11.331" classname="testModules.search.SearchTests1"/>
  <testcase name="testSearchField" time="3.264" classname="testModules.search.SearchTests1"/>
  <testcase name="testSearchTerm" time="2.505" classname="testModules.search.SearchTests1"/>
  <testcase name="testSearchResult" time="5.752" classname="testModules.search.SearchTests1"/>
  <testcase name="testClearSearch" time="3.349" classname="testModules.search.SearchTests1"/>
  <testcase name="testCancelButton" time="6.59" classname="testModules.search.RecentSearchesTests2"/>
  <testcase name="testRecentSearchesTitle" time="0.352" classname="testModules.search.RecentSearchesTests2"/>
  <testcase name="testRecentSearches" time="1.518" classname="testModules.search.RecentSearchesTests2"/>
  <testcase name="testSearchResults" time="2.658" classname="testModules.search.RecentSearchesTests2"/>
  <testcase name="testClearButton" time="3.066" classname="testModules.search.RecentSearchesTests2"/>
  <testcase name="testClearRecentSearchesButton" time="1.815" classname="testModules.search.RecentSearchesTests2"/>
  <testcase name="testSuggestedSearches" time="1.384" classname="testModules.search.SuggestedSearchesTests3"/>
  <testcase name="testSearchResults" time="4.317" classname="testModules.search.SuggestedSearchesTests3"/>
  <testcase name="testRecentSearches" time="7.465" classname="testModules.search.SuggestedSearchesTests3"/>
  <testcase name="validateShoppingSearch" time="5.507" classname="testModules.search.SuggestedSearchesTests3"/>
  <testcase name="clickOnAmazonPost" time="10.686" classname="testModules.search.SuggestedSearchesTests3"/>
  <testcase name="scrollDownOnPosts" time="32.2" classname="testModules.search.SuggestedSearchesTests3"/>
  <testcase name="@AfterSuite tearDown" time="0.0" classname="config.InitTest">
    <ignored/>
  </testcase> <!-- @AfterSuite tearDown -->
  <testcase name="@AfterSuite tearDown" time="0.0" classname="config.InitTest">
    <ignored/>
  </testcase> <!-- @AfterSuite tearDown -->
  <testcase name="@BeforeSuite setUpTest" time="0.0" classname="config.InitTest">
    <ignored/>
  </testcase> <!-- @BeforeSuite setUpTest -->
  <testcase name="@BeforeSuite setUpTest" time="0.0" classname="config.InitTest">
    <ignored/>
  </testcase> <!-- @BeforeSuite setUpTest -->
</testsuite> <!-- Search -->
