<?xml version="1.0" encoding="UTF-8"?>
<!-- Generated by org.testng.reporters.JUnitXMLReporter -->
<testsuite hostname="Gabrielas-MBP.fibertel.com.ar" ignored="6" name="Quizzes" tests="99" failures="0" timestamp="2023-06-15T21:38:19 ART" time="598.32" errors="0">
  <testcase name="testSearchInstantQuiz" time="17.211" classname="testModules.quizzes.quizzesTypes.QuizChecklistTests"/>
  <testcase name="testQuizTitleIsPresentAtBeginning" time="3.999" classname="testModules.quizzes.quizzesTypes.QuizChecklistTests"/>
  <testcase name="testMainImageIsPresent" time="0.818" classname="testModules.quizzes.quizzesTypes.QuizChecklistTests"/>
  <testcase name="testSubTextIsPresent" time="0.321" classname="testModules.quizzes.quizzesTypes.QuizChecklistTests"/>
  <testcase name="testAuthorInfoIsPresent" time="0.334" classname="testModules.quizzes.quizzesTypes.QuizChecklistTests"/>
  <testcase name="testPlayNowButton" time="1.708" classname="testModules.quizzes.quizzesTypes.QuizChecklistTests"/>
  <testcase name="testChoicesAreLoading" time="0.84" classname="testModules.quizzes.quizzesTypes.QuizChecklistTests"/>
  <testcase name="testTapChecklistChoice" time="5.767" classname="testModules.quizzes.quizzesTypes.QuizChecklistTests"/>
  <testcase name="testTapShowMeResults" time="1.802" classname="testModules.quizzes.quizzesTypes.QuizChecklistTests"/>
  <testcase name="testQuizTitleResultScreenIsPresent" time="4.595" classname="testModules.quizzes.quizzesTypes.QuizChecklistTests"/>
  <testcase name="testYouCheckedTextResultIsPresent" time="3.184" classname="testModules.quizzes.quizzesTypes.QuizChecklistTests"/>
  <testcase name="verifyRetakeQuiz" time="3.88" classname="testModules.quizzes.quizzesTypes.QuizChecklistTests"/>
  <testcase name="testResultsSubTab" time="6.941" classname="testModules.quizzes.quizzesTypes.QuizChecklistTests"/>
  <testcase name="testSearchInstantQuiz" time="16.042" classname="testModules.quizzes.quizzesTypes.QuizPersonalityTests"/>
  <testcase name="testSubTextIsPresent" time="0.465" classname="testModules.quizzes.quizzesTypes.QuizPersonalityTests"/>
  <testcase name="testAuthorInfoIsPresent" time="0.397" classname="testModules.quizzes.quizzesTypes.QuizPersonalityTests"/>
  <testcase name="testPlayWithFriendsButtonIsPresent" time="0.894" classname="testModules.quizzes.quizzesTypes.QuizPersonalityTests"/>
  <testcase name="testPlayNowButton" time="1.703" classname="testModules.quizzes.quizzesTypes.QuizPersonalityTests"/>
  <testcase name="testQuestion1Countdown" time="1.242" classname="testModules.quizzes.quizzesTypes.QuizPersonalityTests"/>
  <testcase name="testQuestion1" time="1.723" classname="testModules.quizzes.quizzesTypes.QuizPersonalityTests"/>
  <testcase name="testQuestion2Countdown" time="0.961" classname="testModules.quizzes.quizzesTypes.QuizPersonalityTests"/>
  <testcase name="testQuestion2" time="1.564" classname="testModules.quizzes.quizzesTypes.QuizPersonalityTests"/>
  <testcase name="testQuestion3Countdown" time="0.843" classname="testModules.quizzes.quizzesTypes.QuizPersonalityTests"/>
  <testcase name="testQuestion3" time="1.643" classname="testModules.quizzes.quizzesTypes.QuizPersonalityTests"/>
  <testcase name="testQuestion4Countdown" time="0.831" classname="testModules.quizzes.quizzesTypes.QuizPersonalityTests"/>
  <testcase name="testQuestion4" time="1.579" classname="testModules.quizzes.quizzesTypes.QuizPersonalityTests"/>
  <testcase name="testQuestion5Countdown" time="0.898" classname="testModules.quizzes.quizzesTypes.QuizPersonalityTests"/>
  <testcase name="testQuestion5" time="1.624" classname="testModules.quizzes.quizzesTypes.QuizPersonalityTests"/>
  <testcase name="testQuestion6Countdown" time="0.985" classname="testModules.quizzes.quizzesTypes.QuizPersonalityTests"/>
  <testcase name="testQuestion6" time="2.042" classname="testModules.quizzes.quizzesTypes.QuizPersonalityTests"/>
  <testcase name="testQuizTitleResultScreenIsPresent" time="0.384" classname="testModules.quizzes.quizzesTypes.QuizPersonalityTests"/>
  <testcase name="testDescriptionsResultScreenArePresent" time="1.098" classname="testModules.quizzes.quizzesTypes.QuizPersonalityTests"/>
  <testcase name="verifyRetakeQuiz" time="5.625" classname="testModules.quizzes.quizzesTypes.QuizPersonalityTests"/>
  <testcase name="verifyPrevButton" time="10.107" classname="testModules.quizzes.quizzesTypes.QuizPersonalityTests"/>
  <testcase name="testSearchPredetQuiz" time="17.606" classname="testModules.quizzes.quizzesTypes.QuizPredetTests"/>
  <testcase name="testSubTextIsPresent" time="0.539" classname="testModules.quizzes.quizzesTypes.QuizPredetTests"/>
  <testcase name="testAuthorInfoIsPresent" time="0.529" classname="testModules.quizzes.quizzesTypes.QuizPredetTests"/>
  <testcase name="testPlayWithFriendsButton" time="0.957" classname="testModules.quizzes.quizzesTypes.QuizPredetTests"/>
  <testcase name="testPlayNowButton" time="2.425" classname="testModules.quizzes.quizzesTypes.QuizPredetTests"/>
  <testcase name="testProgressBarFirstQ" time="0.982" classname="testModules.quizzes.quizzesTypes.QuizPredetTests"/>
  <testcase name="testSendFirstAnswer" time="1.341" classname="testModules.quizzes.quizzesTypes.QuizPredetTests"/>
  <testcase name="testCorrectTextIsPresent" time="0.917" classname="testModules.quizzes.quizzesTypes.QuizPredetTests"/>
  <testcase name="testFirstAnswerTextIsPresent" time="0.399" classname="testModules.quizzes.quizzesTypes.QuizPredetTests"/>
  <testcase name="testNextButtonGoodAnswerIsPresent" time="0.397" classname="testModules.quizzes.quizzesTypes.QuizPredetTests"/>
  <testcase name="testTapNextGoodAnswerButton" time="0.899" classname="testModules.quizzes.quizzesTypes.QuizPredetTests"/>
  <testcase name="testProgressBarSecondQ" time="0.945" classname="testModules.quizzes.quizzesTypes.QuizPredetTests"/>
  <testcase name="testSendSecondAnswer" time="1.632" classname="testModules.quizzes.quizzesTypes.QuizPredetTests"/>
  <testcase name="testWrongTextIsPresent" time="0.838" classname="testModules.quizzes.quizzesTypes.QuizPredetTests"/>
  <testcase name="testSecondAnswerTextIsPresent" time="0.394" classname="testModules.quizzes.quizzesTypes.QuizPredetTests"/>
  <testcase name="testNextButtonWrongAnswerIsPresent" time="0.383" classname="testModules.quizzes.quizzesTypes.QuizPredetTests"/>
  <testcase name="testTapNextWrongAnswerButton" time="0.91" classname="testModules.quizzes.quizzesTypes.QuizPredetTests"/>
  <testcase name="testCompletingQuiz" time="4.645" classname="testModules.quizzes.quizzesTypes.QuizPredetTests"/>
  <testcase name="testCompletingQuiz" time="4.316" classname="testModules.quizzes.quizzesTypes.QuizPredetTests"/>
  <testcase name="testCompletingQuiz" time="4.349" classname="testModules.quizzes.quizzesTypes.QuizPredetTests"/>
  <testcase name="testCompletingQuiz" time="4.469" classname="testModules.quizzes.quizzesTypes.QuizPredetTests"/>
  <testcase name="testCompletingQuiz" time="4.317" classname="testModules.quizzes.quizzesTypes.QuizPredetTests"/>
  <testcase name="testCompletingQuiz" time="4.301" classname="testModules.quizzes.quizzesTypes.QuizPredetTests"/>
  <testcase name="testCompletingQuiz" time="4.412" classname="testModules.quizzes.quizzesTypes.QuizPredetTests"/>
  <testcase name="testCompletingQuiz" time="4.334" classname="testModules.quizzes.quizzesTypes.QuizPredetTests"/>
  <testcase name="testCompletingQuiz" time="4.35" classname="testModules.quizzes.quizzesTypes.QuizPredetTests"/>
  <testcase name="testCompletingQuiz" time="4.714" classname="testModules.quizzes.quizzesTypes.QuizPredetTests"/>
  <testcase name="testCompletingQuiz" time="4.335" classname="testModules.quizzes.quizzesTypes.QuizPredetTests"/>
  <testcase name="testCompletingQuiz" time="4.35" classname="testModules.quizzes.quizzesTypes.QuizPredetTests"/>
  <testcase name="testQuizTitleResultScreenIsPresent" time="6.759" classname="testModules.quizzes.quizzesTypes.QuizPredetTests"/>
  <testcase name="testSearchTriviaQuiz" time="18.502" classname="testModules.quizzes.quizzesTypes.QuizTriviaTests"/>
  <testcase name="testQuizTitleIsPresentAtBeginning" time="140.691" classname="testModules.quizzes.quizzesTypes.QuizTriviaTests"/>
  <testcase name="testSubTextIsPresent" time="0.39" classname="testModules.quizzes.quizzesTypes.QuizTriviaTests"/>
  <testcase name="testAuthorInfoIsPresent" time="0.389" classname="testModules.quizzes.quizzesTypes.QuizTriviaTests"/>
  <testcase name="testPlayWithFriendsButton" time="0.751" classname="testModules.quizzes.quizzesTypes.QuizTriviaTests"/>
  <testcase name="testPlayNowButton" time="1.485" classname="testModules.quizzes.quizzesTypes.QuizTriviaTests"/>
  <testcase name="testProgressBar1" time="0.69" classname="testModules.quizzes.quizzesTypes.QuizTriviaTests"/>
  <testcase name="testSendFirstAnswer" time="4.009" classname="testModules.quizzes.quizzesTypes.QuizTriviaTests"/>
  <testcase name="testCorrectTextIsPresent" time="0.85" classname="testModules.quizzes.quizzesTypes.QuizTriviaTests"/>
  <testcase name="testFirstAnswerTextIsPresent" time="0.403" classname="testModules.quizzes.quizzesTypes.QuizTriviaTests"/>
  <testcase name="testNextButtonIsPresent" time="0.361" classname="testModules.quizzes.quizzesTypes.QuizTriviaTests"/>
  <testcase name="testTapNextButton" time="0.882" classname="testModules.quizzes.quizzesTypes.QuizTriviaTests"/>
  <testcase name="testIntermediateAnswers" time="5.348" classname="testModules.quizzes.quizzesTypes.QuizTriviaTests"/>
  <testcase name="testIntermediateAnswers" time="5.518" classname="testModules.quizzes.quizzesTypes.QuizTriviaTests"/>
  <testcase name="testIntermediateAnswers" time="5.433" classname="testModules.quizzes.quizzesTypes.QuizTriviaTests"/>
  <testcase name="testIntermediateAnswers" time="5.699" classname="testModules.quizzes.quizzesTypes.QuizTriviaTests"/>
  <testcase name="testIntermediateAnswers" time="5.868" classname="testModules.quizzes.quizzesTypes.QuizTriviaTests"/>
  <testcase name="testIntermediateAnswers" time="5.516" classname="testModules.quizzes.quizzesTypes.QuizTriviaTests"/>
  <testcase name="testIntermediateAnswers" time="5.885" classname="testModules.quizzes.quizzesTypes.QuizTriviaTests"/>
  <testcase name="testIntermediateAnswers" time="5.503" classname="testModules.quizzes.quizzesTypes.QuizTriviaTests"/>
  <testcase name="testIntermediateAnswers" time="5.695" classname="testModules.quizzes.quizzesTypes.QuizTriviaTests"/>
  <testcase name="testIntermediateAnswers" time="5.504" classname="testModules.quizzes.quizzesTypes.QuizTriviaTests"/>
  <testcase name="testIntermediateAnswers" time="5.562" classname="testModules.quizzes.quizzesTypes.QuizTriviaTests"/>
  <testcase name="testIntermediateAnswers" time="5.717" classname="testModules.quizzes.quizzesTypes.QuizTriviaTests"/>
  <testcase name="testProgressBar14" time="0.231" classname="testModules.quizzes.quizzesTypes.QuizTriviaTests"/>
  <testcase name="testSendLatestAnswer" time="3.206" classname="testModules.quizzes.quizzesTypes.QuizTriviaTests"/>
  <testcase name="testIGiveUpButtonIsPresent" time="0.462" classname="testModules.quizzes.quizzesTypes.QuizTriviaTests"/>
  <testcase name="testTapIGiveUpButton" time="1.248" classname="testModules.quizzes.quizzesTypes.QuizTriviaTests"/>
  <testcase name="testWrongTextIsPresent" time="0.874" classname="testModules.quizzes.quizzesTypes.QuizTriviaTests"/>
  <testcase name="testLatestAnswerTextIsPresent" time="1.445" classname="testModules.quizzes.quizzesTypes.QuizTriviaTests"/>
  <testcase name="testQuizTitleResultScreenIsPresent" time="0.164" classname="testModules.quizzes.quizzesTypes.QuizTriviaTests"/>
  <testcase name="testScoreTextResultScreenIsPresent" time="0.149" classname="testModules.quizzes.quizzesTypes.QuizTriviaTests"/>
  <testcase name="testResultsTextIsPresent" time="0.15" classname="testModules.quizzes.quizzesTypes.QuizTriviaTests"/>
  <testcase name="testResultsDescriptionTextIsPresent" time="0.299" classname="testModules.quizzes.quizzesTypes.QuizTriviaTests"/>
  <testcase name="testResultsSubTab" time="146.38" classname="testModules.quizzes.quizzesTypes.QuizTriviaTests"/>
  <testcase name="@AfterSuite tearDown" time="0.0" classname="config.InitTest">
    <ignored/>
  </testcase> <!-- @AfterSuite tearDown -->
  <testcase name="@AfterSuite tearDown" time="0.0" classname="config.InitTest">
    <ignored/>
  </testcase> <!-- @AfterSuite tearDown -->
  <testcase name="@AfterSuite tearDown" time="0.0" classname="config.InitTest">
    <ignored/>
  </testcase> <!-- @AfterSuite tearDown -->
  <testcase name="@BeforeSuite setUpTest" time="0.0" classname="config.InitTest">
    <ignored/>
  </testcase> <!-- @BeforeSuite setUpTest -->
  <testcase name="@BeforeSuite setUpTest" time="0.0" classname="config.InitTest">
    <ignored/>
  </testcase> <!-- @BeforeSuite setUpTest -->
  <testcase name="@BeforeSuite setUpTest" time="0.0" classname="config.InitTest">
    <ignored/>
  </testcase> <!-- @BeforeSuite setUpTest -->
</testsuite> <!-- Quizzes -->
