<?xml version="1.0" encoding="UTF-8"?>
<!-- Generated by org.testng.reporters.JUnitXMLReporter -->
<testsuite ignored="0" hostname="Gabrielas-MBP.fibertel.com.ar" failures="0" tests="64" name="iPhone15" time="465.398" errors="0" timestamp="2024-09-05T18:27:11 ART">
  <testcase classname="testModules.editions.AllEditionsLambda" name="testAustraliaEditionIsPresent" time="6.33"/>
  <testcase classname="testModules.editions.AllEditionsLambda" name="testGoingNewsTab" time="4.454"/>
  <testcase classname="testModules.editions.AllEditionsLambda" name="testGoingToQuizzesTab" time="4.475"/>
  <testcase classname="testModules.editions.AllEditionsLambda" name="testTapOnTrendingCategory" time="8.78"/>
  <testcase classname="testModules.editions.AllEditionsLambda" name="testTapOnTriviaCategory" time="9.042"/>
  <testcase classname="testModules.editions.AllEditionsLambda" name="testCanWeGuess" time="9.363"/>
  <testcase classname="testModules.editions.AllEditionsLambda" name="testTapPolls" time="8.833"/>
  <testcase classname="testModules.editions.AllEditionsLambda" name="testOnMore" time="4.431"/>
  <testcase classname="testModules.editions.AllEditionsLambda" name="testTapOnTaylorSwift" time="8.747"/>
  <testcase classname="testModules.editions.AllEditionsLambda" name="testTapOnMarvel" time="8.711"/>
  <testcase classname="testModules.editions.AllEditionsLambda" name="testTapOnZodiac" time="8.915"/>
  <testcase classname="testModules.editions.AllEditionsLambda" name="testTapOnHarryPotter" time="10.154"/>
  <testcase classname="testModules.editions.AllEditionsLambda" name="testTapOnAnime" time="9.005"/>
  <testcase classname="testModules.editions.AllEditionsLambda" name="testTapOnKPop" time="8.675"/>
  <testcase classname="testModules.editions.AllEditionsLambda" name="testTapOnGeography" time="6.694"/>
  <testcase classname="testModules.editions.AllEditionsLambda" name="testTapOnChecklist" time="9.548"/>
  <testcase classname="testModules.editions.AllEditionsLambda" name="tapGamesTab" time="2.552"/>
  <testcase classname="testModules.editions.AllEditionsLambda" name="testCanadaEditionIsPresent" time="8.471"/>
  <testcase classname="testModules.editions.AllEditionsLambda" name="testGoingNewsTabOnCanada" time="2.466"/>
  <testcase classname="testModules.editions.AllEditionsLambda" name="testGoingToQuizzesTabOnCanada" time="4.463"/>
  <testcase classname="testModules.editions.AllEditionsLambda" name="testTapOnTrendingCategoryOnCanada" time="8.978"/>
  <testcase classname="testModules.editions.AllEditionsLambda" name="testTapOnAIQuizzesOnCanada" time="8.922"/>
  <testcase classname="testModules.editions.AllEditionsLambda" name="testTapOnTriviaCategoryOnCanada" time="8.815"/>
  <testcase classname="testModules.editions.AllEditionsLambda" name="testTapOnCanWeGuessCategory" time="9.121"/>
  <testcase classname="testModules.editions.AllEditionsLambda" name="testTapPollsOnCanada" time="8.95"/>
  <testcase classname="testModules.editions.AllEditionsLambda" name="testOnMoreOnCanada" time="3.462"/>
  <testcase classname="testModules.editions.AllEditionsLambda" name="testTapOnTaylorSwiftOnCanada" time="8.683"/>
  <testcase classname="testModules.editions.AllEditionsLambda" name="testTapOnMarvelOnCanada" time="8.757"/>
  <testcase classname="testModules.editions.AllEditionsLambda" name="testTapOnZodiacOnCanada" time="8.749"/>
  <testcase classname="testModules.editions.AllEditionsLambda" name="testTapOnHarryPotterOnCanada" time="8.951"/>
  <testcase classname="testModules.editions.AllEditionsLambda" name="testTapOnAnimeOnCanada" time="8.78"/>
  <testcase classname="testModules.editions.AllEditionsLambda" name="testTapOnKPopOnCanada" time="8.836"/>
  <testcase classname="testModules.editions.AllEditionsLambda" name="testTapOnGeographyOnCanada" time="8.816"/>
  <testcase classname="testModules.editions.AllEditionsLambda" name="testTapOnChecklistOnCanada" time="9.224"/>
  <testcase classname="testModules.editions.AllEditionsLambda" name="tapGamesTabOnCanada" time="3.659"/>
  <testcase classname="testModules.editions.AllEditionsLambda" name="testIndiaEditionIsPresent" time="6.517"/>
  <testcase classname="testModules.editions.AllEditionsLambda" name="testGoingNewsTabOnIndia" time="1.382"/>
  <testcase classname="testModules.editions.AllEditionsLambda" name="testGoingToQuizzesTabOnJapan" time="4.405"/>
  <testcase classname="testModules.editions.AllEditionsLambda" name="testGoingToQuizzesTabOnIndia" time="1.405"/>
  <testcase classname="testModules.editions.AllEditionsLambda" name="testTapOnTrendingCategoryOnIndia" time="4.757"/>
  <testcase classname="testModules.editions.AllEditionsLambda" name="tapGamesTabOnIndia" time="2.605"/>
  <testcase classname="testModules.editions.AllEditionsLambda" name="testUKEditionIsPresent" time="7.382"/>
  <testcase classname="testModules.editions.AllEditionsLambda" name="testGoingNewsTabOnUK" time="1.867"/>
  <testcase classname="testModules.editions.AllEditionsLambda" name="testGoingToQuizzesTabOnUK" time="1.284"/>
  <testcase classname="testModules.editions.AllEditionsLambda" name="testTapOnTrendingCategoryOnUK" time="4.504"/>
  <testcase classname="testModules.editions.AllEditionsLambda" name="testTapOnAIQuizzesOnUK" time="4.786"/>
  <testcase classname="testModules.editions.AllEditionsLambda" name="testTapOnTriviaCategoryOnUK" time="4.749"/>
  <testcase classname="testModules.editions.AllEditionsLambda" name="testTapCanWeGuessOnUK" time="4.914"/>
  <testcase classname="testModules.editions.AllEditionsLambda" name="testTapPollsOnUK" time="4.788"/>
  <testcase classname="testModules.editions.AllEditionsLambda" name="testOnMoreOnUK" time="3.54"/>
  <testcase classname="testModules.editions.AllEditionsLambda" name="testTapOnTaylorSwiftOnUK" time="7.081"/>
  <testcase classname="testModules.editions.AllEditionsLambda" name="testTapOnMarvelOnUK" time="4.726"/>
  <testcase classname="testModules.editions.AllEditionsLambda" name="testTapOnZodiacOnUK" time="6.916"/>
  <testcase classname="testModules.editions.AllEditionsLambda" name="testTapOnHarryPotterOnUK" time="7.055"/>
  <testcase classname="testModules.editions.AllEditionsLambda" name="testTapOnAnimeOnUK" time="6.812"/>
  <testcase classname="testModules.editions.AllEditionsLambda" name="testTapOnKPopOnUK" time="6.86"/>
  <testcase classname="testModules.editions.AllEditionsLambda" name="testTapOnGeographyOnUK" time="6.749"/>
  <testcase classname="testModules.editions.AllEditionsLambda" name="testTapOnChecklistOnUK" time="6.858"/>
  <testcase classname="testModules.editions.AllEditionsLambda" name="tapGamesTabOnUk" time="4.88"/>
  <testcase classname="testModules.editions.AllEditionsLambda" name="testLatamEditionIsPresent" time="10.497"/>
  <testcase classname="testModules.editions.AllEditionsLambda" name="testLoUltimoSubTab" time="0.001"/>
  <testcase classname="testModules.editions.AllEditionsLambda" name="testTendenciasSubTab" time="6.784"/>
  <testcase classname="testModules.editions.AllEditionsLambda" name="testJapanEditionIsPresent" time="11.873"/>
  <testcase classname="testModules.editions.AllEditionsLambda" name="testShoppingTab" time="4.571"/>
</testsuite> <!-- iPhone15 -->
