<?xml version="1.0" encoding="UTF-8"?>
<!-- Generated by org.testng.reporters.JUnitXMLReporter -->
<testsuite ignored="0" hostname="Gabrielas-MBP.fibertel.com.ar" failures="0" tests="26" name="iPhone 14" time="156.127" errors="0" timestamp="2024-09-05T18:02:33 ART">
  <testcase classname="testModules.home.HomeLatestNewNavTests" name="signInOnFstLaunch" time="8.95"/>
  <testcase classname="testModules.home.HomeLatestNewNavTests" name="tapItemsShoppingPackage" time="5.108"/>
  <testcase classname="testModules.home.HomeLatestNewNavTests" name="tapCTALink" time="8.175"/>
  <testcase classname="testModules.home.HomeLatestNewNavTests" name="tapOnTrending" time="9.137"/>
  <testcase classname="testModules.home.HomeLatestNewNavTests" name="tapOnFunnyTweets" time="4.807"/>
  <testcase classname="testModules.home.HomeLatestNewNavTests" name="tapOnGames" time="5.305"/>
  <testcase classname="testModules.home.HomeLatestNewNavTests" name="tapOnLatest" time="4.84"/>
  <testcase classname="testModules.home.HomeLatestNewNavTests" name="tapOnRandom" time="6.631"/>
  <testcase classname="testModules.home.HomeLatestNewNavTests" name="tapOnGossip" time="6.514"/>
  <testcase classname="testModules.home.HomeLatestNewNavTests" name="tapOnGayStuff" time="4.842"/>
  <testcase classname="testModules.home.HomeLatestNewNavTests" name="tapOnMore" time="3.876"/>
  <testcase classname="testModules.home.HomeLatestNewNavTests" name="tapOnVideos" time="3.599"/>
  <testcase classname="testModules.home.HomeLatestNewNavTests" name="tapOnEntentainment" time="2.658"/>
  <testcase classname="testModules.home.HomeLatestNewNavTests" name="tapOnTVAndMovies" time="2.549"/>
  <testcase classname="testModules.home.HomeLatestNewNavTests" name="tapOnAnimals" time="2.673"/>
  <testcase classname="testModules.home.HomeLatestNewNavTests" name="tapOnBooks" time="2.676"/>
  <testcase classname="testModules.home.HomeLatestNewNavTests" name="tapOnComunity" time="2.593"/>
  <testcase classname="testModules.home.HomeLatestNewNavTests" name="tapOnFood" time="2.644"/>
  <testcase classname="testModules.home.HomeLatestNewNavTests" name="tapOnMusic" time="2.626"/>
  <testcase classname="testModules.home.HomeLatestNewNavTests" name="tapOnNifty" time="2.556"/>
  <testcase classname="testModules.home.HomeLatestNewNavTests" name="tapOnParents" time="2.661"/>
  <testcase classname="testModules.home.HomeLatestNewNavTests" name="tapOnRewind" time="2.586"/>
  <testcase classname="testModules.home.HomeLatestNewNavTests" name="tapOnStyle" time="3.656"/>
  <testcase classname="testModules.home.HomeLatestNewNavTests" name="tapOnTravel" time="3.683"/>
  <testcase classname="testModules.home.HomeLatestNewNavTests" name="moveToNewsTab" time="3.374"/>
  <testcase classname="testModules.home.HomeLatestNewNavTests" name="tapGamesTab" time="5.449"/>
</testsuite> <!-- iPhone 14 -->
