<?xml version="1.0" encoding="UTF-8"?>
<!-- Generated by org.testng.reporters.JUnitXMLReporter -->
<testsuite ignored="0" hostname="Gabrielas-MacBook-Pro.local" failures="0" tests="8" name="iPhone15 Pro" time="403.42" errors="0" timestamp="2025-03-05T19:38:42 ART">
  <testcase classname="testModules.home.NewHomeFeed" name="validateSeeAll" time="8.751"/>
  <testcase classname="testModules.home.NewHomeFeed" name="validateTrendingTopics" time="4.428"/>
  <testcase classname="testModules.home.NewHomeFeed" name="validateMoreButton" time="139.733"/>
  <testcase classname="testModules.home.NewHomeFeed" name="validateForYOu" time="14.356"/>
  <testcase classname="testModules.home.NewHomeFeed" name="validateDailyTriviaCell" time="27.831"/>
  <testcase classname="testModules.home.NewHomeFeed" name="validatePyramidSchemeCell" time="16.282"/>
  <testcase classname="testModules.home.NewHomeFeed" name="validateShoppingSection" time="27.38"/>
  <testcase classname="testModules.home.NewHomeFeed" name="validateOnTheNewsSection" time="38.666"/>
</testsuite> <!-- iPhone15 Pro -->
