<?xml version="1.0" encoding="UTF-8"?>
<testng-results skipped="0" failed="0" ignored="1" total="23" passed="22">
  <reporter-output>
  </reporter-output>
  <suite name="homeSuite" duration-ms="534615" started-at="2022-11-29T17:00:45 ART" finished-at="2022-11-29T17:09:40 ART">
    <groups>
    </groups>
    <test name="Home" duration-ms="534615" started-at="2022-11-29T17:00:45 ART" finished-at="2022-11-29T17:09:40 ART">
      <class name="testModules.home.HomeLatestNewNavTests">
        <test-method status="PASS" signature="setUpTest()[pri:0, instance:testModules.home.HomeLatestNewNavTests@192b07fd]" name="setUpTest" is-config="true" duration-ms="89000" started-at="2022-11-29T16:59:16 ART" finished-at="2022-11-29T17:00:45 ART">
          <reporter-output>
          </reporter-output>
        </test-method> <!-- setUpTest -->
        <test-method status="PASS" signature="initializePages()[pri:0, instance:testModules.home.HomeLatestNewNavTests@192b07fd]" name="initializePages" is-config="true" duration-ms="16107" started-at="2022-11-29T17:00:45 ART" finished-at="2022-11-29T17:01:01 ART">
          <reporter-output>
          </reporter-output>
        </test-method> <!-- initializePages -->
        <test-method status="PASS" signature="initProcess()[pri:0, instance:testModules.home.HomeLatestNewNavTests@192b07fd]" name="initProcess" is-config="true" duration-ms="340" started-at="2022-11-29T17:01:01 ART" finished-at="2022-11-29T17:01:02 ART">
          <reporter-output>
          </reporter-output>
        </test-method> <!-- initProcess -->
        <test-method status="PASS" signature="testAllowButton()[pri:0, instance:testModules.home.HomeLatestNewNavTests@192b07fd]" name="testAllowButton" duration-ms="16333" started-at="2022-11-29T17:01:02 ART" finished-at="2022-11-29T17:01:18 ART">
          <reporter-output>
          </reporter-output>
        </test-method> <!-- testAllowButton -->
        <test-method status="PASS" signature="disableAdExp()[pri:2, instance:testModules.home.HomeLatestNewNavTests@192b07fd]" name="disableAdExp" duration-ms="134251" started-at="2022-11-29T17:01:18 ART" finished-at="2022-11-29T17:03:32 ART">
          <reporter-output>
          </reporter-output>
        </test-method> <!-- disableAdExp -->
        <test-method status="PASS" signature="verifyBuzzFeedLogo()[pri:4, instance:testModules.home.HomeLatestNewNavTests@192b07fd]" name="verifyBuzzFeedLogo" duration-ms="1062" started-at="2022-11-29T17:03:32 ART" finished-at="2022-11-29T17:03:33 ART">
          <reporter-output>
          </reporter-output>
        </test-method> <!-- verifyBuzzFeedLogo -->
        <test-method status="PASS" signature="tapSplash()[pri:5, instance:testModules.home.HomeLatestNewNavTests@192b07fd]" name="tapSplash" duration-ms="39721" started-at="2022-11-29T17:03:33 ART" finished-at="2022-11-29T17:04:13 ART">
          <reporter-output>
          </reporter-output>
        </test-method> <!-- tapSplash -->
        <test-method status="PASS" signature="tapFirstBpage()[pri:6, instance:testModules.home.HomeLatestNewNavTests@192b07fd]" name="tapFirstBpage" duration-ms="15829" started-at="2022-11-29T17:04:13 ART" finished-at="2022-11-29T17:04:29 ART">
          <reporter-output>
          </reporter-output>
        </test-method> <!-- tapFirstBpage -->
        <test-method status="PASS" signature="tapItemsShoppingPackage()[pri:8, instance:testModules.home.HomeLatestNewNavTests@192b07fd]" name="tapItemsShoppingPackage" duration-ms="62951" started-at="2022-11-29T17:04:29 ART" finished-at="2022-11-29T17:05:32 ART">
          <reporter-output>
          </reporter-output>
        </test-method> <!-- tapItemsShoppingPackage -->
        <test-method status="PASS" signature="openTrendingModal()[pri:9, instance:testModules.home.HomeLatestNewNavTests@192b07fd]" name="openTrendingModal" duration-ms="60257" started-at="2022-11-29T17:05:32 ART" finished-at="2022-11-29T17:06:32 ART">
          <reporter-output>
          </reporter-output>
        </test-method> <!-- openTrendingModal -->
        <test-method status="PASS" signature="tapOnTrending()[pri:11, instance:testModules.home.HomeLatestNewNavTests@192b07fd]" name="tapOnTrending" duration-ms="13252" started-at="2022-11-29T17:06:32 ART" finished-at="2022-11-29T17:06:45 ART">
          <reporter-output>
          </reporter-output>
        </test-method> <!-- tapOnTrending -->
        <test-method status="PASS" signature="tapOnCelebrity()[pri:12, instance:testModules.home.HomeLatestNewNavTests@192b07fd]" name="tapOnCelebrity" duration-ms="18272" started-at="2022-11-29T17:06:45 ART" finished-at="2022-11-29T17:07:04 ART">
          <reporter-output>
          </reporter-output>
        </test-method> <!-- tapOnCelebrity -->
        <test-method status="PASS" signature="tapOnFood()[pri:13, instance:testModules.home.HomeLatestNewNavTests@192b07fd]" name="tapOnFood" duration-ms="13824" started-at="2022-11-29T17:07:04 ART" finished-at="2022-11-29T17:07:17 ART">
          <reporter-output>
          </reporter-output>
        </test-method> <!-- tapOnFood -->
        <test-method status="PASS" signature="tapOnTVAndMovies()[pri:14, instance:testModules.home.HomeLatestNewNavTests@192b07fd]" name="tapOnTVAndMovies" duration-ms="18628" started-at="2022-11-29T17:07:17 ART" finished-at="2022-11-29T17:07:36 ART">
          <reporter-output>
          </reporter-output>
        </test-method> <!-- tapOnTVAndMovies -->
        <test-method status="PASS" signature="tapOnMore1()[pri:15, instance:testModules.home.HomeLatestNewNavTests@192b07fd]" name="tapOnMore1" duration-ms="10992" started-at="2022-11-29T17:07:36 ART" finished-at="2022-11-29T17:07:47 ART">
          <reporter-output>
          </reporter-output>
        </test-method> <!-- tapOnMore1 -->
        <test-method status="PASS" signature="tapOnCoronavirus()[pri:16, instance:testModules.home.HomeLatestNewNavTests@192b07fd]" name="tapOnCoronavirus" duration-ms="13048" started-at="2022-11-29T17:07:47 ART" finished-at="2022-11-29T17:08:00 ART">
          <reporter-output>
          </reporter-output>
        </test-method> <!-- tapOnCoronavirus -->
        <test-method status="PASS" signature="tapOnVideos()[pri:18, instance:testModules.home.HomeLatestNewNavTests@192b07fd]" name="tapOnVideos" duration-ms="3620" started-at="2022-11-29T17:08:00 ART" finished-at="2022-11-29T17:08:04 ART">
          <reporter-output>
          </reporter-output>
        </test-method> <!-- tapOnVideos -->
        <test-method status="PASS" signature="tapOnAnimals()[pri:20, instance:testModules.home.HomeLatestNewNavTests@192b07fd]" name="tapOnAnimals" duration-ms="26568" started-at="2022-11-29T17:08:04 ART" finished-at="2022-11-29T17:08:30 ART">
          <reporter-output>
          </reporter-output>
        </test-method> <!-- tapOnAnimals -->
        <test-method status="PASS" signature="tapOnBooks()[pri:21, instance:testModules.home.HomeLatestNewNavTests@192b07fd]" name="tapOnBooks" duration-ms="8244" started-at="2022-11-29T17:08:30 ART" finished-at="2022-11-29T17:08:39 ART">
          <reporter-output>
          </reporter-output>
        </test-method> <!-- tapOnBooks -->
        <test-method status="PASS" signature="tapOnComunity()[pri:22, instance:testModules.home.HomeLatestNewNavTests@192b07fd]" name="tapOnComunity" duration-ms="8523" started-at="2022-11-29T17:08:39 ART" finished-at="2022-11-29T17:08:47 ART">
          <reporter-output>
          </reporter-output>
        </test-method> <!-- tapOnComunity -->
        <test-method status="PASS" signature="tapOnHealth()[pri:23, instance:testModules.home.HomeLatestNewNavTests@192b07fd]" name="tapOnHealth" duration-ms="19207" started-at="2022-11-29T17:08:47 ART" finished-at="2022-11-29T17:09:06 ART">
          <reporter-output>
          </reporter-output>
        </test-method> <!-- tapOnHealth -->
        <test-method status="PASS" signature="tapOnLGBTQ()[pri:24, instance:testModules.home.HomeLatestNewNavTests@192b07fd]" name="tapOnLGBTQ" duration-ms="8097" started-at="2022-11-29T17:09:06 ART" finished-at="2022-11-29T17:09:14 ART">
          <reporter-output>
          </reporter-output>
        </test-method> <!-- tapOnLGBTQ -->
        <test-method status="PASS" signature="tapOnNifty()[pri:26, instance:testModules.home.HomeLatestNewNavTests@192b07fd]" name="tapOnNifty" duration-ms="8255" started-at="2022-11-29T17:09:14 ART" finished-at="2022-11-29T17:09:23 ART">
          <reporter-output>
          </reporter-output>
        </test-method> <!-- tapOnNifty -->
        <test-method status="PASS" signature="tapOnParents()[pri:27, instance:testModules.home.HomeLatestNewNavTests@192b07fd]" name="tapOnParents" duration-ms="8446" started-at="2022-11-29T17:09:23 ART" finished-at="2022-11-29T17:09:31 ART">
          <reporter-output>
          </reporter-output>
        </test-method> <!-- tapOnParents -->
        <test-method status="PASS" signature="tapOnRewind()[pri:28, instance:testModules.home.HomeLatestNewNavTests@192b07fd]" name="tapOnRewind" duration-ms="8590" started-at="2022-11-29T17:09:31 ART" finished-at="2022-11-29T17:09:40 ART">
          <reporter-output>
          </reporter-output>
        </test-method> <!-- tapOnRewind -->
        <test-method status="PASS" signature="tearDown()[pri:0, instance:testModules.home.HomeLatestNewNavTests@192b07fd]" name="tearDown" is-config="true" duration-ms="0" started-at="2022-11-29T17:09:40 ART" finished-at="2022-11-29T17:09:40 ART">
          <reporter-output>
          </reporter-output>
        </test-method> <!-- tearDown -->
      </class> <!-- testModules.home.HomeLatestNewNavTests -->
    </test> <!-- Home -->
  </suite> <!-- homeSuite -->
  <suite name="AllSuites" duration-ms="0" started-at="2022-11-29T17:09:40 ART" finished-at="2022-11-29T17:09:40 ART">
    <groups>
    </groups>
  </suite> <!-- AllSuites -->
</testng-results>
