<?xml version="1.0" encoding="UTF-8"?>
<testsuite xmlns:xsi="http://www.w3.org/2001/XMLSchema-instance" xsi:noNamespaceSchemaLocation="https://maven.apache.org/surefire/maven-surefire-plugin/xsd/surefire-test-report.xsd" name="TestSuite" time="39.187" tests="18" errors="0" skipped="16" failures="2">
  <properties>
[...]
</properties>
  <testcase name="setUp" classname="testModules.profile.BFHeaderTests1" time="37.208">
    <failure message="Could not start a new session. Response code 500. Message: An unknown server-side error occurred while processing the command. Original error: Could not determine iOS SDK version: Command &apos;xcrun --sdk iphonesimulator --show-sdk-version&apos; timed out after 15000ms &#10;Host info: host: &apos;Gabrielas-MBP.fibertel.com.ar&apos;, ip: &apos;fe80:0:0:0:109e:3e5f:aa0:41b7%en0&apos;&#10;Build info: version: &apos;4.13.0&apos;, revision: &apos;ba948ece5b*&apos;&#10;System info: os.name: &apos;Mac OS X&apos;, os.arch: &apos;x86_64&apos;, os.version: &apos;14.0&apos;, java.version: &apos;21.0.2&apos;&#10;Driver info: io.appium.java_client.ios.IOSDriver&#10;Command: [null, newSession {capabilities=[{appium:locale=US, appium:deviceName=iPhone 14, platformName=IOS, appium:automationName=XCuiTest, appium:region=US, appium:app=/Users/gabrielaconde/Library/Developer/Xcode/DerivedData/BuzzFeed-dkbvwkfuhllwuvexwuwxlnmrmgkk/Build/Products/Debug-iphonesimulator/BuzzFeed.app, appium:platformVersion=16.4}], desiredCapabilities=Capabilities {appium:app: /Users/gabrielaconde/Librar..., appium:automationName: XCuiTest, appium:deviceName: iPhone 14, appium:locale: US, appium:platformVersion: 16.4, appium:region: US, platformName: IOS}}]&#10;Capabilities {appium:app: /Users/gabrielaconde/Librar..., appium:automationName: XCuiTest, appium:deviceName: iPhone 14, appium:locale: US, appium:platformVersion: 16.4, appium:region: US, platformName: IOS}" type="org.openqa.selenium.SessionNotCreatedException">org.openqa.selenium.SessionNotCreatedException: 
Could not start a new session. Response code 500. Message: An unknown server-side error occurred while processing the command. Original error: Could not determine iOS SDK version: Command 'xcrun --sdk iphonesimulator --show-sdk-version' timed out after 15000ms 
Host info: host: 'Gabrielas-MBP.fibertel.com.ar', ip: 'fe80:0:0:0:109e:3e5f:aa0:41b7%en0'
Build info: version: '4.13.0', revision: 'ba948ece5b*'
System info: os.name: 'Mac OS X', os.arch: 'x86_64', os.version: '14.0', java.version: '21.0.2'
Driver info: io.appium.java_client.ios.IOSDriver
Command: [null, newSession {capabilities=[{appium:locale=US, appium:deviceName=iPhone 14, platformName=IOS, appium:automationName=XCuiTest, appium:region=US, appium:app=/Users/gabrielaconde/Library/Developer/Xcode/DerivedData/BuzzFeed-dkbvwkfuhllwuvexwuwxlnmrmgkk/Build/Products/Debug-iphonesimulator/BuzzFeed.app, appium:platformVersion=16.4}], desiredCapabilities=Capabilities {appium:app: /Users/gabrielaconde/Librar..., appium:automationName: XCuiTest, appium:deviceName: iPhone 14, appium:locale: US, appium:platformVersion: 16.4, appium:region: US, platformName: IOS}}]
Capabilities {appium:app: /Users/gabrielaconde/Librar..., appium:automationName: XCuiTest, appium:deviceName: iPhone 14, appium:locale: US, appium:platformVersion: 16.4, appium:region: US, platformName: IOS}
</failure>
    <system-out><![CDATA[Capabilities passed, getDriver() started... Starting Tests
]]></system-out>
    <system-err><![CDATA[SLF4J: No SLF4J providers were found.
SLF4J: Defaulting to no-operation (NOP) logger implementation
SLF4J: See https://www.slf4j.org/codes.html#noProviders for further details.
]]></system-err>
  </testcase>
  <testcase name="initializePages" classname="testModules.profile.BFHeaderTests1" time="0">
    <skipped/>
  </testcase>
  <testcase name="signIn" classname="testModules.profile.BFHeaderTests1" time="0">
    <skipped/>
  </testcase>
  <testcase name="testDisplayName" classname="testModules.profile.BFHeaderTests1" time="0">
    <skipped message="Could not start a new session. Response code 500. Message: An unknown server-side error occurred while processing the command. Original error: Could not determine iOS SDK version: Command &apos;xcrun --sdk iphonesimulator --show-sdk-version&apos; timed out after 15000ms &#10;Host info: host: &apos;Gabrielas-MBP.fibertel.com.ar&apos;, ip: &apos;fe80:0:0:0:109e:3e5f:aa0:41b7%en0&apos;&#10;Build info: version: &apos;4.13.0&apos;, revision: &apos;ba948ece5b*&apos;&#10;System info: os.name: &apos;Mac OS X&apos;, os.arch: &apos;x86_64&apos;, os.version: &apos;14.0&apos;, java.version: &apos;21.0.2&apos;&#10;Driver info: io.appium.java_client.ios.IOSDriver&#10;Command: [null, newSession {capabilities=[{appium:locale=US, appium:deviceName=iPhone 14, platformName=IOS, appium:automationName=XCuiTest, appium:region=US, appium:app=/Users/gabrielaconde/Library/Developer/Xcode/DerivedData/BuzzFeed-dkbvwkfuhllwuvexwuwxlnmrmgkk/Build/Products/Debug-iphonesimulator/BuzzFeed.app, appium:platformVersion=16.4}], desiredCapabilities=Capabilities {appium:app: /Users/gabrielaconde/Librar..., appium:automationName: XCuiTest, appium:deviceName: iPhone 14, appium:locale: US, appium:platformVersion: 16.4, appium:region: US, platformName: IOS}}]&#10;Capabilities {appium:app: /Users/gabrielaconde/Librar..., appium:automationName: XCuiTest, appium:deviceName: iPhone 14, appium:locale: US, appium:platformVersion: 16.4, appium:region: US, platformName: IOS}"/>
  </testcase>
  <testcase name="testEditDisplayNameButton" classname="testModules.profile.BFHeaderTests1" time="0">
    <skipped message="Could not start a new session. Response code 500. Message: An unknown server-side error occurred while processing the command. Original error: Could not determine iOS SDK version: Command &apos;xcrun --sdk iphonesimulator --show-sdk-version&apos; timed out after 15000ms &#10;Host info: host: &apos;Gabrielas-MBP.fibertel.com.ar&apos;, ip: &apos;fe80:0:0:0:109e:3e5f:aa0:41b7%en0&apos;&#10;Build info: version: &apos;4.13.0&apos;, revision: &apos;ba948ece5b*&apos;&#10;System info: os.name: &apos;Mac OS X&apos;, os.arch: &apos;x86_64&apos;, os.version: &apos;14.0&apos;, java.version: &apos;21.0.2&apos;&#10;Driver info: io.appium.java_client.ios.IOSDriver&#10;Command: [null, newSession {capabilities=[{appium:locale=US, appium:deviceName=iPhone 14, platformName=IOS, appium:automationName=XCuiTest, appium:region=US, appium:app=/Users/gabrielaconde/Library/Developer/Xcode/DerivedData/BuzzFeed-dkbvwkfuhllwuvexwuwxlnmrmgkk/Build/Products/Debug-iphonesimulator/BuzzFeed.app, appium:platformVersion=16.4}], desiredCapabilities=Capabilities {appium:app: /Users/gabrielaconde/Librar..., appium:automationName: XCuiTest, appium:deviceName: iPhone 14, appium:locale: US, appium:platformVersion: 16.4, appium:region: US, platformName: IOS}}]&#10;Capabilities {appium:app: /Users/gabrielaconde/Librar..., appium:automationName: XCuiTest, appium:deviceName: iPhone 14, appium:locale: US, appium:platformVersion: 16.4, appium:region: US, platformName: IOS}"/>
  </testcase>
  <testcase name="testEditDisplayName" classname="testModules.profile.BFHeaderTests1" time="0">
    <skipped message="Could not start a new session. Response code 500. Message: An unknown server-side error occurred while processing the command. Original error: Could not determine iOS SDK version: Command &apos;xcrun --sdk iphonesimulator --show-sdk-version&apos; timed out after 15000ms &#10;Host info: host: &apos;Gabrielas-MBP.fibertel.com.ar&apos;, ip: &apos;fe80:0:0:0:109e:3e5f:aa0:41b7%en0&apos;&#10;Build info: version: &apos;4.13.0&apos;, revision: &apos;ba948ece5b*&apos;&#10;System info: os.name: &apos;Mac OS X&apos;, os.arch: &apos;x86_64&apos;, os.version: &apos;14.0&apos;, java.version: &apos;21.0.2&apos;&#10;Driver info: io.appium.java_client.ios.IOSDriver&#10;Command: [null, newSession {capabilities=[{appium:locale=US, appium:deviceName=iPhone 14, platformName=IOS, appium:automationName=XCuiTest, appium:region=US, appium:app=/Users/gabrielaconde/Library/Developer/Xcode/DerivedData/BuzzFeed-dkbvwkfuhllwuvexwuwxlnmrmgkk/Build/Products/Debug-iphonesimulator/BuzzFeed.app, appium:platformVersion=16.4}], desiredCapabilities=Capabilities {appium:app: /Users/gabrielaconde/Librar..., appium:automationName: XCuiTest, appium:deviceName: iPhone 14, appium:locale: US, appium:platformVersion: 16.4, appium:region: US, platformName: IOS}}]&#10;Capabilities {appium:app: /Users/gabrielaconde/Librar..., appium:automationName: XCuiTest, appium:deviceName: iPhone 14, appium:locale: US, appium:platformVersion: 16.4, appium:region: US, platformName: IOS}"/>
  </testcase>
  <testcase name="testChangeBackDisplayName" classname="testModules.profile.BFHeaderTests1" time="0">
    <skipped message="Could not start a new session. Response code 500. Message: An unknown server-side error occurred while processing the command. Original error: Could not determine iOS SDK version: Command &apos;xcrun --sdk iphonesimulator --show-sdk-version&apos; timed out after 15000ms &#10;Host info: host: &apos;Gabrielas-MBP.fibertel.com.ar&apos;, ip: &apos;fe80:0:0:0:109e:3e5f:aa0:41b7%en0&apos;&#10;Build info: version: &apos;4.13.0&apos;, revision: &apos;ba948ece5b*&apos;&#10;System info: os.name: &apos;Mac OS X&apos;, os.arch: &apos;x86_64&apos;, os.version: &apos;14.0&apos;, java.version: &apos;21.0.2&apos;&#10;Driver info: io.appium.java_client.ios.IOSDriver&#10;Command: [null, newSession {capabilities=[{appium:locale=US, appium:deviceName=iPhone 14, platformName=IOS, appium:automationName=XCuiTest, appium:region=US, appium:app=/Users/gabrielaconde/Library/Developer/Xcode/DerivedData/BuzzFeed-dkbvwkfuhllwuvexwuwxlnmrmgkk/Build/Products/Debug-iphonesimulator/BuzzFeed.app, appium:platformVersion=16.4}], desiredCapabilities=Capabilities {appium:app: /Users/gabrielaconde/Librar..., appium:automationName: XCuiTest, appium:deviceName: iPhone 14, appium:locale: US, appium:platformVersion: 16.4, appium:region: US, platformName: IOS}}]&#10;Capabilities {appium:app: /Users/gabrielaconde/Librar..., appium:automationName: XCuiTest, appium:deviceName: iPhone 14, appium:locale: US, appium:platformVersion: 16.4, appium:region: US, platformName: IOS}"/>
  </testcase>
  <testcase name="testEditUsernameButton" classname="testModules.profile.BFHeaderTests1" time="0">
    <skipped message="Could not start a new session. Response code 500. Message: An unknown server-side error occurred while processing the command. Original error: Could not determine iOS SDK version: Command &apos;xcrun --sdk iphonesimulator --show-sdk-version&apos; timed out after 15000ms &#10;Host info: host: &apos;Gabrielas-MBP.fibertel.com.ar&apos;, ip: &apos;fe80:0:0:0:109e:3e5f:aa0:41b7%en0&apos;&#10;Build info: version: &apos;4.13.0&apos;, revision: &apos;ba948ece5b*&apos;&#10;System info: os.name: &apos;Mac OS X&apos;, os.arch: &apos;x86_64&apos;, os.version: &apos;14.0&apos;, java.version: &apos;21.0.2&apos;&#10;Driver info: io.appium.java_client.ios.IOSDriver&#10;Command: [null, newSession {capabilities=[{appium:locale=US, appium:deviceName=iPhone 14, platformName=IOS, appium:automationName=XCuiTest, appium:region=US, appium:app=/Users/gabrielaconde/Library/Developer/Xcode/DerivedData/BuzzFeed-dkbvwkfuhllwuvexwuwxlnmrmgkk/Build/Products/Debug-iphonesimulator/BuzzFeed.app, appium:platformVersion=16.4}], desiredCapabilities=Capabilities {appium:app: /Users/gabrielaconde/Librar..., appium:automationName: XCuiTest, appium:deviceName: iPhone 14, appium:locale: US, appium:platformVersion: 16.4, appium:region: US, platformName: IOS}}]&#10;Capabilities {appium:app: /Users/gabrielaconde/Librar..., appium:automationName: XCuiTest, appium:deviceName: iPhone 14, appium:locale: US, appium:platformVersion: 16.4, appium:region: US, platformName: IOS}"/>
  </testcase>
  <testcase name="testEditUsernameModal" classname="testModules.profile.BFHeaderTests1" time="0">
    <skipped message="Could not start a new session. Response code 500. Message: An unknown server-side error occurred while processing the command. Original error: Could not determine iOS SDK version: Command &apos;xcrun --sdk iphonesimulator --show-sdk-version&apos; timed out after 15000ms &#10;Host info: host: &apos;Gabrielas-MBP.fibertel.com.ar&apos;, ip: &apos;fe80:0:0:0:109e:3e5f:aa0:41b7%en0&apos;&#10;Build info: version: &apos;4.13.0&apos;, revision: &apos;ba948ece5b*&apos;&#10;System info: os.name: &apos;Mac OS X&apos;, os.arch: &apos;x86_64&apos;, os.version: &apos;14.0&apos;, java.version: &apos;21.0.2&apos;&#10;Driver info: io.appium.java_client.ios.IOSDriver&#10;Command: [null, newSession {capabilities=[{appium:locale=US, appium:deviceName=iPhone 14, platformName=IOS, appium:automationName=XCuiTest, appium:region=US, appium:app=/Users/gabrielaconde/Library/Developer/Xcode/DerivedData/BuzzFeed-dkbvwkfuhllwuvexwuwxlnmrmgkk/Build/Products/Debug-iphonesimulator/BuzzFeed.app, appium:platformVersion=16.4}], desiredCapabilities=Capabilities {appium:app: /Users/gabrielaconde/Librar..., appium:automationName: XCuiTest, appium:deviceName: iPhone 14, appium:locale: US, appium:platformVersion: 16.4, appium:region: US, platformName: IOS}}]&#10;Capabilities {appium:app: /Users/gabrielaconde/Librar..., appium:automationName: XCuiTest, appium:deviceName: iPhone 14, appium:locale: US, appium:platformVersion: 16.4, appium:region: US, platformName: IOS}"/>
  </testcase>
  <testcase name="tearSuite" classname="testModules.profile.BFHeaderTests1" time="0">
    <skipped/>
  </testcase>
  <testcase name="setUp" classname="testModules.profile.BookmarksTests6" time="0.814">
    <failure message="Could not start a new session. Response code 500. Message: An unknown server-side error occurred while processing the command. Original error: Could not determine iOS SDK version: Command &apos;xcrun --sdk iphonesimulator --show-sdk-version&apos; timed out after 15000ms &#10;Host info: host: &apos;Gabrielas-MBP.fibertel.com.ar&apos;, ip: &apos;fe80:0:0:0:109e:3e5f:aa0:41b7%en0&apos;&#10;Build info: version: &apos;4.13.0&apos;, revision: &apos;ba948ece5b*&apos;&#10;System info: os.name: &apos;Mac OS X&apos;, os.arch: &apos;x86_64&apos;, os.version: &apos;14.0&apos;, java.version: &apos;21.0.2&apos;&#10;Driver info: io.appium.java_client.ios.IOSDriver&#10;Command: [null, newSession {capabilities=[{appium:locale=US, appium:deviceName=iPhone 14, platformName=IOS, appium:automationName=XCuiTest, appium:region=US, appium:app=/Users/gabrielaconde/Library/Developer/Xcode/DerivedData/BuzzFeed-dkbvwkfuhllwuvexwuwxlnmrmgkk/Build/Products/Debug-iphonesimulator/BuzzFeed.app, appium:platformVersion=16.4}], desiredCapabilities=Capabilities {appium:app: /Users/gabrielaconde/Librar..., appium:automationName: XCuiTest, appium:deviceName: iPhone 14, appium:locale: US, appium:platformVersion: 16.4, appium:region: US, platformName: IOS}}]&#10;Capabilities {appium:app: /Users/gabrielaconde/Librar..., appium:automationName: XCuiTest, appium:deviceName: iPhone 14, appium:locale: US, appium:platformVersion: 16.4, appium:region: US, platformName: IOS}" type="org.openqa.selenium.SessionNotCreatedException">org.openqa.selenium.SessionNotCreatedException: 
Could not start a new session. Response code 500. Message: An unknown server-side error occurred while processing the command. Original error: Could not determine iOS SDK version: Command 'xcrun --sdk iphonesimulator --show-sdk-version' timed out after 15000ms 
Host info: host: 'Gabrielas-MBP.fibertel.com.ar', ip: 'fe80:0:0:0:109e:3e5f:aa0:41b7%en0'
Build info: version: '4.13.0', revision: 'ba948ece5b*'
System info: os.name: 'Mac OS X', os.arch: 'x86_64', os.version: '14.0', java.version: '21.0.2'
Driver info: io.appium.java_client.ios.IOSDriver
Command: [null, newSession {capabilities=[{appium:locale=US, appium:deviceName=iPhone 14, platformName=IOS, appium:automationName=XCuiTest, appium:region=US, appium:app=/Users/gabrielaconde/Library/Developer/Xcode/DerivedData/BuzzFeed-dkbvwkfuhllwuvexwuwxlnmrmgkk/Build/Products/Debug-iphonesimulator/BuzzFeed.app, appium:platformVersion=16.4}], desiredCapabilities=Capabilities {appium:app: /Users/gabrielaconde/Librar..., appium:automationName: XCuiTest, appium:deviceName: iPhone 14, appium:locale: US, appium:platformVersion: 16.4, appium:region: US, platformName: IOS}}]
Capabilities {appium:app: /Users/gabrielaconde/Librar..., appium:automationName: XCuiTest, appium:deviceName: iPhone 14, appium:locale: US, appium:platformVersion: 16.4, appium:region: US, platformName: IOS}
</failure>
  </testcase>
  <testcase name="initializePages" classname="testModules.profile.BookmarksTests6" time="0">
    <skipped/>
  </testcase>
  <testcase name="signIn" classname="testModules.profile.BookmarksTests6" time="0">
    <skipped/>
  </testcase>
  <testcase name="testAddBookmark" classname="testModules.profile.BookmarksTests6" time="0">
    <skipped message="Could not start a new session. Response code 500. Message: An unknown server-side error occurred while processing the command. Original error: Could not determine iOS SDK version: Command &apos;xcrun --sdk iphonesimulator --show-sdk-version&apos; timed out after 15000ms &#10;Host info: host: &apos;Gabrielas-MBP.fibertel.com.ar&apos;, ip: &apos;fe80:0:0:0:109e:3e5f:aa0:41b7%en0&apos;&#10;Build info: version: &apos;4.13.0&apos;, revision: &apos;ba948ece5b*&apos;&#10;System info: os.name: &apos;Mac OS X&apos;, os.arch: &apos;x86_64&apos;, os.version: &apos;14.0&apos;, java.version: &apos;21.0.2&apos;&#10;Driver info: io.appium.java_client.ios.IOSDriver&#10;Command: [null, newSession {capabilities=[{appium:locale=US, appium:deviceName=iPhone 14, platformName=IOS, appium:automationName=XCuiTest, appium:region=US, appium:app=/Users/gabrielaconde/Library/Developer/Xcode/DerivedData/BuzzFeed-dkbvwkfuhllwuvexwuwxlnmrmgkk/Build/Products/Debug-iphonesimulator/BuzzFeed.app, appium:platformVersion=16.4}], desiredCapabilities=Capabilities {appium:app: /Users/gabrielaconde/Librar..., appium:automationName: XCuiTest, appium:deviceName: iPhone 14, appium:locale: US, appium:platformVersion: 16.4, appium:region: US, platformName: IOS}}]&#10;Capabilities {appium:app: /Users/gabrielaconde/Librar..., appium:automationName: XCuiTest, appium:deviceName: iPhone 14, appium:locale: US, appium:platformVersion: 16.4, appium:region: US, platformName: IOS}"/>
  </testcase>
  <testcase name="testBookmarkAdded" classname="testModules.profile.BookmarksTests6" time="0">
    <skipped message="Could not start a new session. Response code 500. Message: An unknown server-side error occurred while processing the command. Original error: Could not determine iOS SDK version: Command &apos;xcrun --sdk iphonesimulator --show-sdk-version&apos; timed out after 15000ms &#10;Host info: host: &apos;Gabrielas-MBP.fibertel.com.ar&apos;, ip: &apos;fe80:0:0:0:109e:3e5f:aa0:41b7%en0&apos;&#10;Build info: version: &apos;4.13.0&apos;, revision: &apos;ba948ece5b*&apos;&#10;System info: os.name: &apos;Mac OS X&apos;, os.arch: &apos;x86_64&apos;, os.version: &apos;14.0&apos;, java.version: &apos;21.0.2&apos;&#10;Driver info: io.appium.java_client.ios.IOSDriver&#10;Command: [null, newSession {capabilities=[{appium:locale=US, appium:deviceName=iPhone 14, platformName=IOS, appium:automationName=XCuiTest, appium:region=US, appium:app=/Users/gabrielaconde/Library/Developer/Xcode/DerivedData/BuzzFeed-dkbvwkfuhllwuvexwuwxlnmrmgkk/Build/Products/Debug-iphonesimulator/BuzzFeed.app, appium:platformVersion=16.4}], desiredCapabilities=Capabilities {appium:app: /Users/gabrielaconde/Librar..., appium:automationName: XCuiTest, appium:deviceName: iPhone 14, appium:locale: US, appium:platformVersion: 16.4, appium:region: US, platformName: IOS}}]&#10;Capabilities {appium:app: /Users/gabrielaconde/Librar..., appium:automationName: XCuiTest, appium:deviceName: iPhone 14, appium:locale: US, appium:platformVersion: 16.4, appium:region: US, platformName: IOS}"/>
  </testcase>
  <testcase name="testRemoveBookmark" classname="testModules.profile.BookmarksTests6" time="0">
    <skipped message="Could not start a new session. Response code 500. Message: An unknown server-side error occurred while processing the command. Original error: Could not determine iOS SDK version: Command &apos;xcrun --sdk iphonesimulator --show-sdk-version&apos; timed out after 15000ms &#10;Host info: host: &apos;Gabrielas-MBP.fibertel.com.ar&apos;, ip: &apos;fe80:0:0:0:109e:3e5f:aa0:41b7%en0&apos;&#10;Build info: version: &apos;4.13.0&apos;, revision: &apos;ba948ece5b*&apos;&#10;System info: os.name: &apos;Mac OS X&apos;, os.arch: &apos;x86_64&apos;, os.version: &apos;14.0&apos;, java.version: &apos;21.0.2&apos;&#10;Driver info: io.appium.java_client.ios.IOSDriver&#10;Command: [null, newSession {capabilities=[{appium:locale=US, appium:deviceName=iPhone 14, platformName=IOS, appium:automationName=XCuiTest, appium:region=US, appium:app=/Users/gabrielaconde/Library/Developer/Xcode/DerivedData/BuzzFeed-dkbvwkfuhllwuvexwuwxlnmrmgkk/Build/Products/Debug-iphonesimulator/BuzzFeed.app, appium:platformVersion=16.4}], desiredCapabilities=Capabilities {appium:app: /Users/gabrielaconde/Librar..., appium:automationName: XCuiTest, appium:deviceName: iPhone 14, appium:locale: US, appium:platformVersion: 16.4, appium:region: US, platformName: IOS}}]&#10;Capabilities {appium:app: /Users/gabrielaconde/Librar..., appium:automationName: XCuiTest, appium:deviceName: iPhone 14, appium:locale: US, appium:platformVersion: 16.4, appium:region: US, platformName: IOS}"/>
  </testcase>
  <testcase name="testBookmarkRemoved" classname="testModules.profile.BookmarksTests6" time="0">
    <skipped message="Could not start a new session. Response code 500. Message: An unknown server-side error occurred while processing the command. Original error: Could not determine iOS SDK version: Command &apos;xcrun --sdk iphonesimulator --show-sdk-version&apos; timed out after 15000ms &#10;Host info: host: &apos;Gabrielas-MBP.fibertel.com.ar&apos;, ip: &apos;fe80:0:0:0:109e:3e5f:aa0:41b7%en0&apos;&#10;Build info: version: &apos;4.13.0&apos;, revision: &apos;ba948ece5b*&apos;&#10;System info: os.name: &apos;Mac OS X&apos;, os.arch: &apos;x86_64&apos;, os.version: &apos;14.0&apos;, java.version: &apos;21.0.2&apos;&#10;Driver info: io.appium.java_client.ios.IOSDriver&#10;Command: [null, newSession {capabilities=[{appium:locale=US, appium:deviceName=iPhone 14, platformName=IOS, appium:automationName=XCuiTest, appium:region=US, appium:app=/Users/gabrielaconde/Library/Developer/Xcode/DerivedData/BuzzFeed-dkbvwkfuhllwuvexwuwxlnmrmgkk/Build/Products/Debug-iphonesimulator/BuzzFeed.app, appium:platformVersion=16.4}], desiredCapabilities=Capabilities {appium:app: /Users/gabrielaconde/Librar..., appium:automationName: XCuiTest, appium:deviceName: iPhone 14, appium:locale: US, appium:platformVersion: 16.4, appium:region: US, platformName: IOS}}]&#10;Capabilities {appium:app: /Users/gabrielaconde/Librar..., appium:automationName: XCuiTest, appium:deviceName: iPhone 14, appium:locale: US, appium:platformVersion: 16.4, appium:region: US, platformName: IOS}"/>
  </testcase>
  <testcase name="tearSuite" classname="testModules.profile.BookmarksTests6" time="0">
    <skipped/>
  </testcase>
</testsuite>