<?xml version="1.0" encoding="UTF-8"?>
<testsuite xmlns:xsi="http://www.w3.org/2001/XMLSchema-instance" xsi:noNamespaceSchemaLocation="https://maven.apache.org/surefire/maven-surefire-plugin/xsd/surefire-test-report.xsd" name="TestSuite" time="818.054" tests="64" errors="0" skipped="0" failures="3">
  <properties>
[...]
</properties>
  <testcase name="disableAdExp" classname="testModules.bpage.NatBpageTests1" time="38.957"/>
  <testcase name="testSearchNativeBpage" classname="testModules.bpage.NatBpageTests1" time="16.88"/>
  <testcase name="verifyDataCategoryArePresent" classname="testModules.bpage.NatBpageTests1" time="0.559"/>
  <testcase name="verifyTitleIsPresent" classname="testModules.bpage.NatBpageTests1" time="0.935"/>
  <testcase name="verifySubTitleIsPresent" classname="testModules.bpage.NatBpageTests1" time="0.217"/>
  <testcase name="verifyAuthorInfoIsPresentOnBpage" classname="testModules.bpage.NatBpageTests1" time="1.203"/>
  <testcase name="verifyImagePresentOnBpage" classname="testModules.bpage.NatBpageTests1" time="0.791"/>
  <testcase name="tapImage" classname="testModules.bpage.NatBpageTests1" time="1.452"/>
  <testcase name="verifyShareButtonIsPresentOnMV" classname="testModules.bpage.NatBpageTests1" time="0.262"/>
  <testcase name="tapShareButtonOnMV" classname="testModules.bpage.NatBpageTests1" time="2.7"/>
  <testcase name="verifyDismissMV" classname="testModules.bpage.NatBpageTests1" time="1.243"/>
  <testcase name="tapInternalLink" classname="testModules.bpage.NatBpageTests1" time="8.341"/>
  <testcase name="verifyInternalLinkLoadsFine" classname="testModules.bpage.NatBpageTests1" time="4.512"/>
  <testcase name="verifyShareButtonIsPresent" classname="testModules.bpage.NatBpageTests1" time="0.413"/>
  <testcase name="tapShareButtonOnBpage" classname="testModules.bpage.NatBpageTests1" time="6.781"/>
  <testcase name="verifyMoreOnThisHeaderIsPresent" classname="testModules.bpage.NatBpageTests1" time="10.544"/>
  <testcase name="verifyMoreOnThisBpageIsPresent" classname="testModules.bpage.NatBpageTests1" time="0.487"/>
  <testcase name="verifyMoreOnThisBpage" classname="testModules.bpage.NatBpageTests1" time="66.052">
    <failure message="An element could not be located on the page using the given search parameters.&#10;For documentation on this error, please visit: https://www.seleniumhq.org/exceptions/no_such_element.html&#10;Build info: version: &apos;3.141.59&apos;, revision: &apos;e82be7d358&apos;, time: &apos;2018-11-14T08:17:03&apos;&#10;System info: host: &apos;Gabrielas-MBP.fibertel.com.ar&apos;, ip: &apos;fe80:0:0:0:c63:2f5c:70e7:fda1%en0&apos;, os.name: &apos;Mac OS X&apos;, os.arch: &apos;x86_64&apos;, os.version: &apos;13.5.1&apos;, java.version: &apos;1.8.0_322&apos;&#10;Driver info: io.appium.java_client.ios.IOSDriver&#10;Capabilities {app: /Users/gabrielaconde/Librar..., automationName: XCUITest, browserName: , databaseEnabled: false, deviceName: iPhone 14 Pro, fullReset: false, javascriptEnabled: true, locationContextEnabled: false, networkConnectionEnabled: false, noReset: true, platform: MAC, platformName: iOS, platformVersion: 16.4, shouldTerminateApp: true, takesScreenshot: true, udid: 06E2C02A-F2BA-45A6-8B24-98D..., webStorageEnabled: false}&#10;Session ID: 9685d8a9-4f8c-400b-bded-f1546933ad45&#10;*** Element info: {Using=xpath, value=//XCUIElementTypeCollectionView[@name=&quot;buzz-collectionview&quot;]/XCUIElementTypeCell[1]/XCUIElementTypeOther/XCUIElementTypeOther/XCUIElementTypeStaticText[2]}" type="org.openqa.selenium.NoSuchElementException">org.openqa.selenium.NoSuchElementException: 
An element could not be located on the page using the given search parameters.
For documentation on this error, please visit: https://www.seleniumhq.org/exceptions/no_such_element.html
Build info: version: '3.141.59', revision: 'e82be7d358', time: '2018-11-14T08:17:03'
System info: host: 'Gabrielas-MBP.fibertel.com.ar', ip: 'fe80:0:0:0:c63:2f5c:70e7:fda1%en0', os.name: 'Mac OS X', os.arch: 'x86_64', os.version: '13.5.1', java.version: '1.8.0_322'
Driver info: io.appium.java_client.ios.IOSDriver
Capabilities {app: /Users/gabrielaconde/Librar..., automationName: XCUITest, browserName: , databaseEnabled: false, deviceName: iPhone 14 Pro, fullReset: false, javascriptEnabled: true, locationContextEnabled: false, networkConnectionEnabled: false, noReset: true, platform: MAC, platformName: iOS, platformVersion: 16.4, shouldTerminateApp: true, takesScreenshot: true, udid: 06E2C02A-F2BA-45A6-8B24-98D..., webStorageEnabled: false}
Session ID: 9685d8a9-4f8c-400b-bded-f1546933ad45
*** Element info: {Using=xpath, value=//XCUIElementTypeCollectionView[@name="buzz-collectionview"]/XCUIElementTypeCell[1]/XCUIElementTypeOther/XCUIElementTypeOther/XCUIElementTypeStaticText[2]}
	at testModules.bpage.NatBpageTests1.verifyMoreOnThisBpage(NatBpageTests1.java:181)
</failure>
    <system-out><![CDATA[------------------------------------------------------
---Test: Verify tapping the first bpage from More On This section is loading---
Expected title to load after tapping bpage from More On this Section: 
'Simone Biles Explained Exactly What Happened During Her "Petrifying" Vault After Previously Saying She Could "Literally Die" If It Went Wrong'
Tapped first post on More On This section
]]></system-out>
  </testcase>
  <testcase name="validateRelatedContentHeader" classname="testModules.bpage.NatBpageTests1" time="6.001"/>
  <testcase name="validateRelatedContentItemDisplays" classname="testModules.bpage.NatBpageTests1" time="10.873"/>
  <testcase name="verifyMoreLikeThisBpageIsPresent" classname="testModules.bpage.NatBpageTests1" time="46.894"/>
  <testcase name="tapFirstMoreLikeThisBpage" classname="testModules.bpage.NatBpageTests1" time="57.33">
    <failure message="An element could not be located on the page using the given search parameters.&#10;For documentation on this error, please visit: https://www.seleniumhq.org/exceptions/no_such_element.html&#10;Build info: version: &apos;3.141.59&apos;, revision: &apos;e82be7d358&apos;, time: &apos;2018-11-14T08:17:03&apos;&#10;System info: host: &apos;Gabrielas-MBP.fibertel.com.ar&apos;, ip: &apos;fe80:0:0:0:c63:2f5c:70e7:fda1%en0&apos;, os.name: &apos;Mac OS X&apos;, os.arch: &apos;x86_64&apos;, os.version: &apos;13.5.1&apos;, java.version: &apos;1.8.0_322&apos;&#10;Driver info: io.appium.java_client.ios.IOSDriver&#10;Capabilities {app: /Users/gabrielaconde/Librar..., automationName: XCUITest, browserName: , databaseEnabled: false, deviceName: iPhone 14 Pro, fullReset: false, javascriptEnabled: true, locationContextEnabled: false, networkConnectionEnabled: false, noReset: true, platform: MAC, platformName: iOS, platformVersion: 16.4, shouldTerminateApp: true, takesScreenshot: true, udid: 06E2C02A-F2BA-45A6-8B24-98D..., webStorageEnabled: false}&#10;Session ID: 9685d8a9-4f8c-400b-bded-f1546933ad45&#10;*** Element info: {Using=xpath, value=//XCUIElementTypeCollectionView[@name=&quot;buzz-collectionview&quot;]/XCUIElementTypeCell[1]/XCUIElementTypeOther/XCUIElementTypeOther/XCUIElementTypeStaticText[2]}" type="org.openqa.selenium.NoSuchElementException">org.openqa.selenium.NoSuchElementException: 
An element could not be located on the page using the given search parameters.
For documentation on this error, please visit: https://www.seleniumhq.org/exceptions/no_such_element.html
Build info: version: '3.141.59', revision: 'e82be7d358', time: '2018-11-14T08:17:03'
System info: host: 'Gabrielas-MBP.fibertel.com.ar', ip: 'fe80:0:0:0:c63:2f5c:70e7:fda1%en0', os.name: 'Mac OS X', os.arch: 'x86_64', os.version: '13.5.1', java.version: '1.8.0_322'
Driver info: io.appium.java_client.ios.IOSDriver
Capabilities {app: /Users/gabrielaconde/Librar..., automationName: XCUITest, browserName: , databaseEnabled: false, deviceName: iPhone 14 Pro, fullReset: false, javascriptEnabled: true, locationContextEnabled: false, networkConnectionEnabled: false, noReset: true, platform: MAC, platformName: iOS, platformVersion: 16.4, shouldTerminateApp: true, takesScreenshot: true, udid: 06E2C02A-F2BA-45A6-8B24-98D..., webStorageEnabled: false}
Session ID: 9685d8a9-4f8c-400b-bded-f1546933ad45
*** Element info: {Using=xpath, value=//XCUIElementTypeCollectionView[@name="buzz-collectionview"]/XCUIElementTypeCell[1]/XCUIElementTypeOther/XCUIElementTypeOther/XCUIElementTypeStaticText[2]}
	at testModules.bpage.NatBpageTests1.tapFirstMoreLikeThisBpage(NatBpageTests1.java:237)
</failure>
    <system-out><![CDATA[------------------------------------------------------
---Test: Verify tapping bpage from 'More Like This' section---
Expected title to load after tapping bpage from More On this Section: 
'Channing Tatum Took Sandra Bullock For A Dip In The Pool To Celebrate Wrapping Filming On "Lost City Of D"'
Tapped first post on More On This section
]]></system-out>
  </testcase>
  <testcase name="verifyTrendingHeader" classname="testModules.bpage.NatBpageTests1" time="17.416"/>
  <testcase name="verifyTrendingBpageIsPresent" classname="testModules.bpage.NatBpageTests1" time="0.533"/>
  <testcase name="tapTrendingBpage" classname="testModules.bpage.NatBpageTests1" time="6.831"/>
  <testcase name="testSearchFallbackBpage" classname="testModules.bpage.NatBpageShoppingButtonsTests2" time="16.097"/>
  <testcase name="testBuyFromAmazonButtonIsPresent" classname="testModules.bpage.NatBpageShoppingButtonsTests2" time="7.73"/>
  <testcase name="testBuyFromAmazonButton" classname="testModules.bpage.NatBpageShoppingButtonsTests2" time="3.005"/>
  <testcase name="testBuyNowIsPresent" classname="testModules.bpage.NatBpageShoppingButtonsTests2" time="37.013"/>
  <testcase name="testBuyNowButton" classname="testModules.bpage.NatBpageShoppingButtonsTests2" time="3.744"/>
  <testcase name="testSearchIGYTNativeBpage" classname="testModules.bpage.NatBpageEmbedsTests3" time="16.748"/>
  <testcase name="testIGEmbedIsPresent" classname="testModules.bpage.NatBpageEmbedsTests3" time="11.009"/>
  <testcase name="testSearchYTVideoNativeBpage" classname="testModules.bpage.NatBpageEmbedsTests3" time="16.727"/>
  <testcase name="testPlayYTButtonIsPresent" classname="testModules.bpage.NatBpageEmbedsTests3" time="6.861"/>
  <testcase name="testSearchTwitterNativeBpage" classname="testModules.bpage.NatBpageEmbedsTests3" time="17.475"/>
  <testcase name="testTWEmbedIsPresent" classname="testModules.bpage.NatBpageEmbedsTests3" time="68.296">
    <failure message="An element could not be located on the page using the given search parameters.&#10;For documentation on this error, please visit: https://www.seleniumhq.org/exceptions/no_such_element.html&#10;Build info: version: &apos;3.141.59&apos;, revision: &apos;e82be7d358&apos;, time: &apos;2018-11-14T08:17:03&apos;&#10;System info: host: &apos;Gabrielas-MBP.fibertel.com.ar&apos;, ip: &apos;fe80:0:0:0:c63:2f5c:70e7:fda1%en0&apos;, os.name: &apos;Mac OS X&apos;, os.arch: &apos;x86_64&apos;, os.version: &apos;13.5.1&apos;, java.version: &apos;1.8.0_322&apos;&#10;Driver info: io.appium.java_client.ios.IOSDriver&#10;Capabilities {app: /Users/gabrielaconde/Librar..., automationName: XCUITest, browserName: , databaseEnabled: false, deviceName: iPhone 14 Pro, fullReset: false, javascriptEnabled: true, locationContextEnabled: false, networkConnectionEnabled: false, noReset: true, platform: MAC, platformName: iOS, platformVersion: 16.4, shouldTerminateApp: true, takesScreenshot: true, udid: 06E2C02A-F2BA-45A6-8B24-98D..., webStorageEnabled: false}&#10;Session ID: 9685d8a9-4f8c-400b-bded-f1546933ad45&#10;*** Element info: {Using=xpath, value=//XCUIElementTypeOther[@name=&quot;Video Attachment&quot;]}" type="org.openqa.selenium.NoSuchElementException">org.openqa.selenium.NoSuchElementException: 
An element could not be located on the page using the given search parameters.
For documentation on this error, please visit: https://www.seleniumhq.org/exceptions/no_such_element.html
Build info: version: '3.141.59', revision: 'e82be7d358', time: '2018-11-14T08:17:03'
System info: host: 'Gabrielas-MBP.fibertel.com.ar', ip: 'fe80:0:0:0:c63:2f5c:70e7:fda1%en0', os.name: 'Mac OS X', os.arch: 'x86_64', os.version: '13.5.1', java.version: '1.8.0_322'
Driver info: io.appium.java_client.ios.IOSDriver
Capabilities {app: /Users/gabrielaconde/Librar..., automationName: XCUITest, browserName: , databaseEnabled: false, deviceName: iPhone 14 Pro, fullReset: false, javascriptEnabled: true, locationContextEnabled: false, networkConnectionEnabled: false, noReset: true, platform: MAC, platformName: iOS, platformVersion: 16.4, shouldTerminateApp: true, takesScreenshot: true, udid: 06E2C02A-F2BA-45A6-8B24-98D..., webStorageEnabled: false}
Session ID: 9685d8a9-4f8c-400b-bded-f1546933ad45
*** Element info: {Using=xpath, value=//XCUIElementTypeOther[@name="Video Attachment"]}
	at testModules.bpage.NatBpageEmbedsTests3.testTWEmbedIsPresent(NatBpageEmbedsTests3.java:64)
</failure>
    <system-out><![CDATA[------------------------------------------------------
---Test: Verify Twitter embed is present---
starty = 766 , endy = 340 , startx = 196
]]></system-out>
  </testcase>
  <testcase name="testSearchIGVideoNativeBpage" classname="testModules.bpage.NatBpageEmbedsTests3" time="21.524"/>
  <testcase name="testSearchTikTokVideoNativeBpage" classname="testModules.bpage.NatBpageEmbedsTests3" time="18.189"/>
  <testcase name="testTikTokVideoIsPresent" classname="testModules.bpage.NatBpageEmbedsTests3" time="95.105"/>
  <testcase name="testSearchFallbackBpage" classname="testModules.bpage.FallBpageTests4" time="14.182"/>
  <testcase name="verifyTitleIsPresent" classname="testModules.bpage.FallBpageTests4" time="4.123"/>
  <testcase name="verifySubTitleIsPresent" classname="testModules.bpage.FallBpageTests4" time="0.604"/>
  <testcase name="verifyAuthorInfoIsPresentOnBpage" classname="testModules.bpage.FallBpageTests4" time="1.755"/>
  <testcase name="verifyShareButtonIsPresent" classname="testModules.bpage.FallBpageTests4" time="0.627"/>
  <testcase name="tapShareButtonOnBpage" classname="testModules.bpage.FallBpageTests4" time="3.984"/>
  <testcase name="verifyMoreOnThisHeaderIsPresent" classname="testModules.bpage.FallBpageTests4" time="12.775"/>
  <testcase name="verifyMoreOnThisBpageIsPresent" classname="testModules.bpage.FallBpageTests4" time="1.023"/>
  <testcase name="verifyMoreOnThisBpage" classname="testModules.bpage.FallBpageTests4" time="10.873"/>
  <testcase name="testSearchNativeBpage" classname="testModules.bpage.NatBpageCommentsTests7" time="19.51"/>
  <testcase name="verifyCommentsBtnIsPresent" classname="testModules.bpage.NatBpageCommentsTests7" time="3.91"/>
  <testcase name="addComment" classname="testModules.bpage.NatBpageCommentsTests7" time="3.409"/>
  <testcase name="verifyPostButtonIsPresent" classname="testModules.bpage.NatBpageCommentsTests7" time="0.473"/>
  <testcase name="tapPostButton" classname="testModules.bpage.NatBpageCommentsTests7" time="1.358"/>
  <testcase name="testEnterEmail" classname="testModules.bpage.NatBpageCommentsTests7" time="2.558"/>
  <testcase name="testEnterPassword" classname="testModules.bpage.NatBpageCommentsTests7" time="13.057"/>
  <testcase name="verifyMostHeartSectionIsPresent" classname="testModules.bpage.NatBpageCommentsTests7" time="2.468"/>
  <testcase name="verifyMostHeartSectionLoads" classname="testModules.bpage.NatBpageCommentsTests7" time="5.042"/>
  <testcase name="verifyMostRecentSectionIsPresent" classname="testModules.bpage.NatBpageCommentsTests7" time="1.475"/>
  <testcase name="verifyUserIsPresentOnMoreRecentSection" classname="testModules.bpage.NatBpageCommentsTests7" time="4.199"/>
  <testcase name="verifyCommentIsPresent" classname="testModules.bpage.NatBpageCommentsTests7" time="1.139"/>
  <testcase name="tapLikeCommentButton" classname="testModules.bpage.NatBpageCommentsTests7" time="0.975"/>
  <testcase name="verifyReplyButtonIsPresent" classname="testModules.bpage.NatBpageCommentsTests7" time="6.174"/>
  <testcase name="replyComment" classname="testModules.bpage.NatBpageCommentsTests7" time="4.236"/>
  <testcase name="verifyReplyCommentIsPresent" classname="testModules.bpage.NatBpageCommentsTests7" time="12.262"/>
</testsuite>