<?xml version="1.0" encoding="UTF-8"?>
<testng-results ignored="0" total="510" passed="508" failed="2" skipped="0">
  <reporter-output>
  </reporter-output>
  <suite started-at="2025-04-01T22:47:35 ART" name="AllSuites" finished-at="2025-04-01T22:47:35 ART" duration-ms="0">
    <groups>
    </groups>
  </suite> <!-- AllSuites -->
  <suite started-at="2025-04-01T22:05:39 ART" name="home suite" finished-at="2025-04-01T22:47:34 ART" duration-ms="2515623">
    <groups>
    </groups>
    <test started-at="2025-04-01T22:05:39 ART" name="Phone 15 Plus" finished-at="2025-04-01T22:45:43 ART" duration-ms="2404494">
      <class name="testModules.home.fullFlowLambda">
        <test-method is-config="true" signature="setUpTest()[pri:0, instance:testModules.home.fullFlowLambda@74e28667]" started-at="2025-04-01T22:05:37 ART" name="setUpTest" finished-at="2025-04-01T22:05:39 ART" duration-ms="2009" status="PASS">
          <reporter-output>
          </reporter-output>
        </test-method> <!-- setUpTest -->
        <test-method is-config="true" signature="setUp(java.lang.String,java.lang.String)[pri:0, instance:testModules.home.fullFlowLambda@74e28667]" started-at="2025-04-01T22:05:39 ART" name="setUp" finished-at="2025-04-01T22:06:12 ART" duration-ms="33188" status="PASS">
          <params>
            <param index="0">
              <value>
                <![CDATA[iPhone 15 Plus]]>
              </value>
            </param>
            <param index="1">
              <value>
                <![CDATA[17]]>
              </value>
            </param>
          </params>
          <reporter-output>
          </reporter-output>
        </test-method> <!-- setUp -->
        <test-method is-config="true" signature="initializePages()[pri:0, instance:testModules.home.fullFlowLambda@74e28667]" started-at="2025-04-01T22:06:12 ART" name="initializePages" finished-at="2025-04-01T22:06:18 ART" duration-ms="6253" status="PASS">
          <reporter-output>
          </reporter-output>
        </test-method> <!-- initializePages -->
        <test-method is-config="true" signature="initProcess()[pri:0, instance:testModules.home.fullFlowLambda@74e28667]" started-at="2025-04-01T22:06:18 ART" name="initProcess" finished-at="2025-04-01T22:08:14 ART" duration-ms="116075" status="PASS">
          <reporter-output>
          </reporter-output>
        </test-method> <!-- initProcess -->
        <test-method signature="validateSeeAll()[pri:1, instance:testModules.home.fullFlowLambda@74e28667]" started-at="2025-04-01T22:08:14 ART" name="validateSeeAll" finished-at="2025-04-01T22:08:23 ART" duration-ms="8908" status="PASS">
          <reporter-output>
          </reporter-output>
        </test-method> <!-- validateSeeAll -->
        <test-method signature="validateMoreButton()[pri:3, instance:testModules.home.fullFlowLambda@74e28667]" started-at="2025-04-01T22:08:23 ART" name="validateMoreButton" finished-at="2025-04-01T22:10:48 ART" duration-ms="144851" status="PASS">
          <reporter-output>
          </reporter-output>
        </test-method> <!-- validateMoreButton -->
        <test-method signature="validateForYOu()[pri:5, instance:testModules.home.fullFlowLambda@74e28667]" started-at="2025-04-01T22:10:48 ART" name="validateForYOu" finished-at="2025-04-01T22:10:58 ART" duration-ms="9492" status="PASS">
          <reporter-output>
          </reporter-output>
        </test-method> <!-- validateForYOu -->
        <test-method signature="validateCreatorsCarrousel()[pri:6, instance:testModules.home.fullFlowLambda@74e28667]" started-at="2025-04-01T22:10:58 ART" name="validateCreatorsCarrousel" finished-at="2025-04-01T22:11:39 ART" duration-ms="41638" status="PASS">
          <reporter-output>
          </reporter-output>
        </test-method> <!-- validateCreatorsCarrousel -->
        <test-method signature="validateDailyTriviaCell()[pri:6, instance:testModules.home.fullFlowLambda@74e28667]" started-at="2025-04-01T22:11:39 ART" name="validateDailyTriviaCell" finished-at="2025-04-01T22:12:10 ART" duration-ms="30463" status="PASS">
          <reporter-output>
          </reporter-output>
        </test-method> <!-- validateDailyTriviaCell -->
        <test-method signature="validatePyramidSchemeCell()[pri:7, instance:testModules.home.fullFlowLambda@74e28667]" started-at="2025-04-01T22:12:10 ART" name="validatePyramidSchemeCell" finished-at="2025-04-01T22:12:15 ART" duration-ms="5087" status="PASS">
          <reporter-output>
          </reporter-output>
        </test-method> <!-- validatePyramidSchemeCell -->
        <test-method signature="validateShoppingSection()[pri:8, instance:testModules.home.fullFlowLambda@74e28667]" started-at="2025-04-01T22:12:15 ART" name="validateShoppingSection" finished-at="2025-04-01T22:12:20 ART" duration-ms="4898" status="PASS">
          <reporter-output>
          </reporter-output>
        </test-method> <!-- validateShoppingSection -->
        <test-method signature="validateOnTheNewsSection()[pri:9, instance:testModules.home.fullFlowLambda@74e28667]" started-at="2025-04-01T22:12:20 ART" name="validateOnTheNewsSection" finished-at="2025-04-01T22:12:46 ART" duration-ms="26352" status="PASS">
          <reporter-output>
          </reporter-output>
        </test-method> <!-- validateOnTheNewsSection -->
        <test-method signature="moveToNewsTab()[pri:10, instance:testModules.home.fullFlowLambda@74e28667]" started-at="2025-04-01T22:12:46 ART" name="moveToNewsTab" finished-at="2025-04-01T22:12:54 ART" duration-ms="7787" status="PASS">
          <reporter-output>
          </reporter-output>
        </test-method> <!-- moveToNewsTab -->
        <test-method signature="testNewsHeader()[pri:11, instance:testModules.home.fullFlowLambda@74e28667]" started-at="2025-04-01T22:12:54 ART" name="testNewsHeader" finished-at="2025-04-01T22:12:57 ART" duration-ms="3144" status="PASS">
          <reporter-output>
          </reporter-output>
        </test-method> <!-- testNewsHeader -->
        <test-method signature="tapOnNewssplash()[pri:12, instance:testModules.home.fullFlowLambda@74e28667]" started-at="2025-04-01T22:12:57 ART" name="tapOnNewssplash" finished-at="2025-04-01T22:13:06 ART" duration-ms="8669" status="PASS">
          <reporter-output>
          </reporter-output>
        </test-method> <!-- tapOnNewssplash -->
        <test-method signature="testShoppingTab()[pri:13, instance:testModules.home.fullFlowLambda@74e28667]" started-at="2025-04-01T22:13:06 ART" name="testShoppingTab" finished-at="2025-04-01T22:13:10 ART" duration-ms="4053" status="PASS">
          <reporter-output>
          </reporter-output>
        </test-method> <!-- testShoppingTab -->
        <test-method signature="testShoppingHeaderIsPresent()[pri:14, instance:testModules.home.fullFlowLambda@74e28667]" started-at="2025-04-01T22:13:10 ART" name="testShoppingHeaderIsPresent" finished-at="2025-04-01T22:13:17 ART" duration-ms="7470" status="PASS">
          <reporter-output>
          </reporter-output>
        </test-method> <!-- testShoppingHeaderIsPresent -->
        <test-method signature="testBeautyCategory()[pri:15, instance:testModules.home.fullFlowLambda@74e28667]" started-at="2025-04-01T22:13:17 ART" name="testBeautyCategory" finished-at="2025-04-01T22:13:24 ART" duration-ms="7345" status="PASS">
          <reporter-output>
          </reporter-output>
        </test-method> <!-- testBeautyCategory -->
        <test-method signature="testFashionCategory()[pri:16, instance:testModules.home.fullFlowLambda@74e28667]" started-at="2025-04-01T22:13:24 ART" name="testFashionCategory" finished-at="2025-04-01T22:13:32 ART" duration-ms="7583" status="PASS">
          <reporter-output>
          </reporter-output>
        </test-method> <!-- testFashionCategory -->
        <test-method signature="testHomeCategory()[pri:17, instance:testModules.home.fullFlowLambda@74e28667]" started-at="2025-04-01T22:13:32 ART" name="testHomeCategory" finished-at="2025-04-01T22:13:40 ART" duration-ms="7640" status="PASS">
          <reporter-output>
          </reporter-output>
        </test-method> <!-- testHomeCategory -->
        <test-method signature="testKidsCategory()[pri:18, instance:testModules.home.fullFlowLambda@74e28667]" started-at="2025-04-01T22:13:40 ART" name="testKidsCategory" finished-at="2025-04-01T22:13:47 ART" duration-ms="7514" status="PASS">
          <reporter-output>
          </reporter-output>
        </test-method> <!-- testKidsCategory -->
        <test-method signature="testPetsCategory()[pri:19, instance:testModules.home.fullFlowLambda@74e28667]" started-at="2025-04-01T22:13:47 ART" name="testPetsCategory" finished-at="2025-04-01T22:13:55 ART" duration-ms="7686" status="PASS">
          <reporter-output>
          </reporter-output>
        </test-method> <!-- testPetsCategory -->
        <test-method signature="testSexToysCategory()[pri:20, instance:testModules.home.fullFlowLambda@74e28667]" started-at="2025-04-01T22:13:55 ART" name="testSexToysCategory" finished-at="2025-04-01T22:14:06 ART" duration-ms="11591" status="PASS">
          <reporter-output>
          </reporter-output>
        </test-method> <!-- testSexToysCategory -->
        <test-method signature="testMore()[pri:21, instance:testModules.home.fullFlowLambda@74e28667]" started-at="2025-04-01T22:14:06 ART" name="testMore" finished-at="2025-04-01T22:14:17 ART" duration-ms="10725" status="PASS">
          <reporter-output>
          </reporter-output>
        </test-method> <!-- testMore -->
        <test-method signature="validateBeautyAndCareMenu()[pri:22, instance:testModules.home.fullFlowLambda@74e28667]" started-at="2025-04-01T22:14:17 ART" name="validateBeautyAndCareMenu" finished-at="2025-04-01T22:14:25 ART" duration-ms="7490" status="PASS">
          <reporter-output>
          </reporter-output>
        </test-method> <!-- validateBeautyAndCareMenu -->
        <test-method signature="validateShopAllBeautyAndPersonalCareSubMenu()[pri:23, instance:testModules.home.fullFlowLambda@74e28667]" started-at="2025-04-01T22:14:25 ART" name="validateShopAllBeautyAndPersonalCareSubMenu" finished-at="2025-04-01T22:14:33 ART" duration-ms="8667" status="PASS">
          <reporter-output>
          </reporter-output>
        </test-method> <!-- validateShopAllBeautyAndPersonalCareSubMenu -->
        <test-method signature="validateHairSubMenu()[pri:24, instance:testModules.home.fullFlowLambda@74e28667]" started-at="2025-04-01T22:14:33 ART" name="validateHairSubMenu" finished-at="2025-04-01T22:14:41 ART" duration-ms="7532" status="PASS">
          <reporter-output>
          </reporter-output>
        </test-method> <!-- validateHairSubMenu -->
        <test-method signature="validateSMakeUpSubMenu()[pri:25, instance:testModules.home.fullFlowLambda@74e28667]" started-at="2025-04-01T22:14:41 ART" name="validateSMakeUpSubMenu" finished-at="2025-04-01T22:14:52 ART" duration-ms="10845" status="PASS">
          <reporter-output>
          </reporter-output>
        </test-method> <!-- validateSMakeUpSubMenu -->
        <test-method signature="validateOutDoorProductsSubMenu()[pri:26, instance:testModules.home.fullFlowLambda@74e28667]" started-at="2025-04-01T22:14:52 ART" name="validateOutDoorProductsSubMenu" finished-at="2025-04-01T22:15:00 ART" duration-ms="8366" status="PASS">
          <reporter-output>
          </reporter-output>
        </test-method> <!-- validateOutDoorProductsSubMenu -->
        <test-method signature="validatePersonalToolsSubMenu()[pri:27, instance:testModules.home.fullFlowLambda@74e28667]" started-at="2025-04-01T22:15:00 ART" name="validatePersonalToolsSubMenu" finished-at="2025-04-01T22:15:08 ART" duration-ms="7497" status="PASS">
          <reporter-output>
          </reporter-output>
        </test-method> <!-- validatePersonalToolsSubMenu -->
        <test-method signature="validateSkinCareSubMenu()[pri:28, instance:testModules.home.fullFlowLambda@74e28667]" started-at="2025-04-01T22:15:08 ART" name="validateSkinCareSubMenu" finished-at="2025-04-01T22:15:13 ART" duration-ms="5354" status="PASS">
          <reporter-output>
          </reporter-output>
        </test-method> <!-- validateSkinCareSubMenu -->
        <test-method signature="validateAcneSolutionsSubMenu()[pri:29, instance:testModules.home.fullFlowLambda@74e28667]" started-at="2025-04-01T22:15:13 ART" name="validateAcneSolutionsSubMenu" finished-at="2025-04-01T22:15:20 ART" duration-ms="7504" status="PASS">
          <reporter-output>
          </reporter-output>
        </test-method> <!-- validateAcneSolutionsSubMenu -->
        <test-method signature="validateBodySubMenu()[pri:30, instance:testModules.home.fullFlowLambda@74e28667]" started-at="2025-04-01T22:15:20 ART" name="validateBodySubMenu" finished-at="2025-04-01T22:15:28 ART" duration-ms="7493" status="PASS">
          <reporter-output>
          </reporter-output>
        </test-method> <!-- validateBodySubMenu -->
        <test-method signature="validateFaceSubMenu()[pri:31, instance:testModules.home.fullFlowLambda@74e28667]" started-at="2025-04-01T22:15:28 ART" name="validateFaceSubMenu" finished-at="2025-04-01T22:15:38 ART" duration-ms="9901" status="PASS">
          <reporter-output>
          </reporter-output>
        </test-method> <!-- validateFaceSubMenu -->
        <test-method signature="validateFashionMenu()[pri:33, instance:testModules.home.fullFlowLambda@74e28667]" started-at="2025-04-01T22:15:38 ART" name="validateFashionMenu" finished-at="2025-04-01T22:15:44 ART" duration-ms="6624" status="PASS">
          <reporter-output>
          </reporter-output>
        </test-method> <!-- validateFashionMenu -->
        <test-method signature="validateShopAllFashionSubMenu()[pri:34, instance:testModules.home.fullFlowLambda@74e28667]" started-at="2025-04-01T22:15:44 ART" name="validateShopAllFashionSubMenu" finished-at="2025-04-01T22:15:52 ART" duration-ms="7744" status="PASS">
          <reporter-output>
          </reporter-output>
        </test-method> <!-- validateShopAllFashionSubMenu -->
        <test-method signature="validateFashionAccesoriesSubMenu()[pri:35, instance:testModules.home.fullFlowLambda@74e28667]" started-at="2025-04-01T22:15:52 ART" name="validateFashionAccesoriesSubMenu" finished-at="2025-04-01T22:15:59 ART" duration-ms="6362" status="PASS">
          <reporter-output>
          </reporter-output>
        </test-method> <!-- validateFashionAccesoriesSubMenu -->
        <test-method signature="validateBagsSubMenu()[pri:36, instance:testModules.home.fullFlowLambda@74e28667]" started-at="2025-04-01T22:15:59 ART" name="validateBagsSubMenu" finished-at="2025-04-01T22:16:06 ART" duration-ms="7602" status="PASS">
          <reporter-output>
          </reporter-output>
        </test-method> <!-- validateBagsSubMenu -->
        <test-method signature="validateColdWeatherSubMenu()[pri:37, instance:testModules.home.fullFlowLambda@74e28667]" started-at="2025-04-01T22:16:06 ART" name="validateColdWeatherSubMenu" finished-at="2025-04-01T22:16:14 ART" duration-ms="7719" status="PASS">
          <reporter-output>
          </reporter-output>
        </test-method> <!-- validateColdWeatherSubMenu -->
        <test-method signature="validateGlassesAndSunglassesSubMenu()[pri:38, instance:testModules.home.fullFlowLambda@74e28667]" started-at="2025-04-01T22:16:14 ART" name="validateGlassesAndSunglassesSubMenu" finished-at="2025-04-01T22:16:21 ART" duration-ms="7404" status="PASS">
          <reporter-output>
          </reporter-output>
        </test-method> <!-- validateGlassesAndSunglassesSubMenu -->
        <test-method signature="validateJewerlySubMenu()[pri:39, instance:testModules.home.fullFlowLambda@74e28667]" started-at="2025-04-01T22:16:21 ART" name="validateJewerlySubMenu" finished-at="2025-04-01T22:16:29 ART" duration-ms="7903" status="PASS">
          <reporter-output>
          </reporter-output>
        </test-method> <!-- validateJewerlySubMenu -->
        <test-method signature="validateDressesSubMenu()[pri:40, instance:testModules.home.fullFlowLambda@74e28667]" started-at="2025-04-01T22:16:29 ART" name="validateDressesSubMenu" finished-at="2025-04-01T22:16:37 ART" duration-ms="7471" status="PASS">
          <reporter-output>
          </reporter-output>
        </test-method> <!-- validateDressesSubMenu -->
        <test-method signature="validateFootwareSubMenu()[pri:41, instance:testModules.home.fullFlowLambda@74e28667]" started-at="2025-04-01T22:16:37 ART" name="validateFootwareSubMenu" finished-at="2025-04-01T22:16:42 ART" duration-ms="5683" status="PASS">
          <reporter-output>
          </reporter-output>
        </test-method> <!-- validateFootwareSubMenu -->
        <test-method signature="validateBootsSubMenu()[pri:42, instance:testModules.home.fullFlowLambda@74e28667]" started-at="2025-04-01T22:16:42 ART" name="validateBootsSubMenu" finished-at="2025-04-01T22:16:50 ART" duration-ms="7908" status="PASS">
          <reporter-output>
          </reporter-output>
        </test-method> <!-- validateBootsSubMenu -->
        <test-method signature="validateDressSubMenu()[pri:43, instance:testModules.home.fullFlowLambda@74e28667]" started-at="2025-04-01T22:16:50 ART" name="validateDressSubMenu" finished-at="2025-04-01T22:16:58 ART" duration-ms="7584" status="PASS">
          <reporter-output>
          </reporter-output>
        </test-method> <!-- validateDressSubMenu -->
        <test-method signature="validateFlatsSubMenu()[pri:44, instance:testModules.home.fullFlowLambda@74e28667]" started-at="2025-04-01T22:16:58 ART" name="validateFlatsSubMenu" finished-at="2025-04-01T22:17:06 ART" duration-ms="7802" status="PASS">
          <reporter-output>
          </reporter-output>
        </test-method> <!-- validateFlatsSubMenu -->
        <test-method signature="validateHeelsSubMenu()[pri:45, instance:testModules.home.fullFlowLambda@74e28667]" started-at="2025-04-01T22:17:06 ART" name="validateHeelsSubMenu" finished-at="2025-04-01T22:17:13 ART" duration-ms="7436" status="PASS">
          <reporter-output>
          </reporter-output>
        </test-method> <!-- validateHeelsSubMenu -->
        <test-method signature="validateOutDoorSubMenu()[pri:46, instance:testModules.home.fullFlowLambda@74e28667]" started-at="2025-04-01T22:17:13 ART" name="validateOutDoorSubMenu" finished-at="2025-04-01T22:17:21 ART" duration-ms="8074" status="PASS">
          <reporter-output>
          </reporter-output>
        </test-method> <!-- validateOutDoorSubMenu -->
        <test-method signature="validateSandalsSubMenu()[pri:47, instance:testModules.home.fullFlowLambda@74e28667]" started-at="2025-04-01T22:17:21 ART" name="validateSandalsSubMenu" finished-at="2025-04-01T22:17:29 ART" duration-ms="7744" status="PASS">
          <reporter-output>
          </reporter-output>
        </test-method> <!-- validateSandalsSubMenu -->
        <test-method signature="validateSneakersSubMenu()[pri:48, instance:testModules.home.fullFlowLambda@74e28667]" started-at="2025-04-01T22:17:29 ART" name="validateSneakersSubMenu" finished-at="2025-04-01T22:17:38 ART" duration-ms="8930" status="PASS">
          <reporter-output>
          </reporter-output>
        </test-method> <!-- validateSneakersSubMenu -->
        <test-method signature="validateFormalWareSubMenu()[pri:49, instance:testModules.home.fullFlowLambda@74e28667]" started-at="2025-04-01T22:17:38 ART" name="validateFormalWareSubMenu" finished-at="2025-04-01T22:17:46 ART" duration-ms="7687" status="PASS">
          <reporter-output>
          </reporter-output>
        </test-method> <!-- validateFormalWareSubMenu -->
        <test-method signature="validateJacketsSubMenu()[pri:50, instance:testModules.home.fullFlowLambda@74e28667]" started-at="2025-04-01T22:17:46 ART" name="validateJacketsSubMenu" finished-at="2025-04-01T22:17:53 ART" duration-ms="7749" status="PASS">
          <reporter-output>
          </reporter-output>
        </test-method> <!-- validateJacketsSubMenu -->
        <test-method signature="validateJeansSubMenu()[pri:51, instance:testModules.home.fullFlowLambda@74e28667]" started-at="2025-04-01T22:17:53 ART" name="validateJeansSubMenu" finished-at="2025-04-01T22:18:01 ART" duration-ms="7905" status="PASS">
          <reporter-output>
          </reporter-output>
        </test-method> <!-- validateJeansSubMenu -->
        <test-method signature="validateLoungeWareSubMenu()[pri:52, instance:testModules.home.fullFlowLambda@74e28667]" started-at="2025-04-01T22:18:01 ART" name="validateLoungeWareSubMenu" finished-at="2025-04-01T22:18:09 ART" duration-ms="7590" status="PASS">
          <reporter-output>
          </reporter-output>
        </test-method> <!-- validateLoungeWareSubMenu -->
        <test-method signature="validatePantsSubMenu()[pri:53, instance:testModules.home.fullFlowLambda@74e28667]" started-at="2025-04-01T22:18:09 ART" name="validatePantsSubMenu" finished-at="2025-04-01T22:18:17 ART" duration-ms="7920" status="PASS">
          <reporter-output>
          </reporter-output>
        </test-method> <!-- validatePantsSubMenu -->
        <test-method signature="validateSweatersSubMenu()[pri:54, instance:testModules.home.fullFlowLambda@74e28667]" started-at="2025-04-01T22:18:17 ART" name="validateSweatersSubMenu" finished-at="2025-04-01T22:18:24 ART" duration-ms="7495" status="PASS">
          <reporter-output>
          </reporter-output>
        </test-method> <!-- validateSweatersSubMenu -->
        <test-method signature="validateSwimsuitsSubMenu()[pri:55, instance:testModules.home.fullFlowLambda@74e28667]" started-at="2025-04-01T22:18:24 ART" name="validateSwimsuitsSubMenu" finished-at="2025-04-01T22:18:32 ART" duration-ms="7974" status="PASS">
          <reporter-output>
          </reporter-output>
        </test-method> <!-- validateSwimsuitsSubMenu -->
        <test-method signature="validateTopsSubMenu()[pri:56, instance:testModules.home.fullFlowLambda@74e28667]" started-at="2025-04-01T22:18:32 ART" name="validateTopsSubMenu" finished-at="2025-04-01T22:18:40 ART" duration-ms="7552" status="PASS">
          <reporter-output>
          </reporter-output>
        </test-method> <!-- validateTopsSubMenu -->
        <test-method signature="validateUnderwareSubMenu()[pri:57, instance:testModules.home.fullFlowLambda@74e28667]" started-at="2025-04-01T22:18:40 ART" name="validateUnderwareSubMenu" finished-at="2025-04-01T22:18:49 ART" duration-ms="9383" status="PASS">
          <reporter-output>
          </reporter-output>
        </test-method> <!-- validateUnderwareSubMenu -->
        <test-method signature="validateHomeMenu()[pri:58, instance:testModules.home.fullFlowLambda@74e28667]" started-at="2025-04-01T22:18:49 ART" name="validateHomeMenu" finished-at="2025-04-01T22:18:55 ART" duration-ms="5496" status="PASS">
          <reporter-output>
          </reporter-output>
        </test-method> <!-- validateHomeMenu -->
        <test-method signature="validateBathroomSubMenu()[pri:59, instance:testModules.home.fullFlowLambda@74e28667]" started-at="2025-04-01T22:18:55 ART" name="validateBathroomSubMenu" finished-at="2025-04-01T22:19:02 ART" duration-ms="7611" status="PASS">
          <reporter-output>
          </reporter-output>
        </test-method> <!-- validateBathroomSubMenu -->
        <test-method signature="validateBeddingAndMatressSubMenu()[pri:60, instance:testModules.home.fullFlowLambda@74e28667]" started-at="2025-04-01T22:19:02 ART" name="validateBeddingAndMatressSubMenu" finished-at="2025-04-01T22:19:10 ART" duration-ms="7818" status="PASS">
          <reporter-output>
          </reporter-output>
        </test-method> <!-- validateBeddingAndMatressSubMenu -->
        <test-method signature="validateCleaningSubMenu()[pri:61, instance:testModules.home.fullFlowLambda@74e28667]" started-at="2025-04-01T22:19:10 ART" name="validateCleaningSubMenu" finished-at="2025-04-01T22:19:18 ART" duration-ms="7605" status="PASS">
          <reporter-output>
          </reporter-output>
        </test-method> <!-- validateCleaningSubMenu -->
        <test-method signature="validateKitchenSubMenu()[pri:62, instance:testModules.home.fullFlowLambda@74e28667]" started-at="2025-04-01T22:19:18 ART" name="validateKitchenSubMenu" finished-at="2025-04-01T22:19:24 ART" duration-ms="6483" status="PASS">
          <reporter-output>
          </reporter-output>
        </test-method> <!-- validateKitchenSubMenu -->
        <test-method signature="validateAppliancesSubMenu()[pri:63, instance:testModules.home.fullFlowLambda@74e28667]" started-at="2025-04-01T22:19:24 ART" name="validateAppliancesSubMenu" finished-at="2025-04-01T22:19:33 ART" duration-ms="8440" status="PASS">
          <reporter-output>
          </reporter-output>
        </test-method> <!-- validateAppliancesSubMenu -->
        <test-method signature="validatToolsSubMenu()[pri:64, instance:testModules.home.fullFlowLambda@74e28667]" started-at="2025-04-01T22:19:33 ART" name="validatToolsSubMenu" finished-at="2025-04-01T22:19:42 ART" duration-ms="9389" status="PASS">
          <reporter-output>
          </reporter-output>
        </test-method> <!-- validatToolsSubMenu -->
        <test-method signature="validateDecorSubMenu()[pri:65, instance:testModules.home.fullFlowLambda@74e28667]" started-at="2025-04-01T22:19:42 ART" name="validateDecorSubMenu" finished-at="2025-04-01T22:19:51 ART" duration-ms="9556" status="PASS">
          <reporter-output>
          </reporter-output>
        </test-method> <!-- validateDecorSubMenu -->
        <test-method signature="validateFurnitureSubMenu()[pri:66, instance:testModules.home.fullFlowLambda@74e28667]" started-at="2025-04-01T22:19:51 ART" name="validateFurnitureSubMenu" finished-at="2025-04-01T22:19:58 ART" duration-ms="6392" status="PASS">
          <reporter-output>
          </reporter-output>
        </test-method> <!-- validateFurnitureSubMenu -->
        <test-method signature="validateBedroomSubMenu()[pri:67, instance:testModules.home.fullFlowLambda@74e28667]" started-at="2025-04-01T22:19:58 ART" name="validateBedroomSubMenu" finished-at="2025-04-01T22:20:05 ART" duration-ms="7434" status="PASS">
          <reporter-output>
          </reporter-output>
        </test-method> <!-- validateBedroomSubMenu -->
        <test-method signature="validateKidsRoomSubMenu()[pri:68, instance:testModules.home.fullFlowLambda@74e28667]" started-at="2025-04-01T22:20:05 ART" name="validateKidsRoomSubMenu" finished-at="2025-04-01T22:20:13 ART" duration-ms="7605" status="PASS">
          <reporter-output>
          </reporter-output>
        </test-method> <!-- validateKidsRoomSubMenu -->
        <test-method signature="validateKitchenRoomSubMenu()[pri:69, instance:testModules.home.fullFlowLambda@74e28667]" started-at="2025-04-01T22:20:13 ART" name="validateKitchenRoomSubMenu" finished-at="2025-04-01T22:20:20 ART" duration-ms="7435" status="PASS">
          <reporter-output>
          </reporter-output>
        </test-method> <!-- validateKitchenRoomSubMenu -->
        <test-method signature="validateLivingRoomSubMenu()[pri:70, instance:testModules.home.fullFlowLambda@74e28667]" started-at="2025-04-01T22:20:20 ART" name="validateLivingRoomSubMenu" finished-at="2025-04-01T22:20:28 ART" duration-ms="7685" status="PASS">
          <reporter-output>
          </reporter-output>
        </test-method> <!-- validateLivingRoomSubMenu -->
        <test-method signature="validateSecondOfficeSubMenu()[pri:71, instance:testModules.home.fullFlowLambda@74e28667]" started-at="2025-04-01T22:20:28 ART" name="validateSecondOfficeSubMenu" finished-at="2025-04-01T22:20:37 ART" duration-ms="8713" status="PASS">
          <reporter-output>
          </reporter-output>
        </test-method> <!-- validateSecondOfficeSubMenu -->
        <test-method signature="validateOfficeSubMenu()[pri:72, instance:testModules.home.fullFlowLambda@74e28667]" started-at="2025-04-01T22:20:37 ART" name="validateOfficeSubMenu" finished-at="2025-04-01T22:20:44 ART" duration-ms="7606" status="PASS">
          <reporter-output>
          </reporter-output>
        </test-method> <!-- validateOfficeSubMenu -->
        <test-method signature="validateOrganizationSubMenu()[pri:73, instance:testModules.home.fullFlowLambda@74e28667]" started-at="2025-04-01T22:20:44 ART" name="validateOrganizationSubMenu" finished-at="2025-04-01T22:20:52 ART" duration-ms="7795" status="PASS">
          <reporter-output>
          </reporter-output>
        </test-method> <!-- validateOrganizationSubMenu -->
        <test-method signature="validateOutdoorSubMenu()[pri:74, instance:testModules.home.fullFlowLambda@74e28667]" started-at="2025-04-01T22:20:52 ART" name="validateOutdoorSubMenu" finished-at="2025-04-01T22:20:59 ART" duration-ms="6393" status="PASS">
          <reporter-output>
          </reporter-output>
        </test-method> <!-- validateOutdoorSubMenu -->
        <test-method signature="validateBackyardSubMenu()[pri:75, instance:testModules.home.fullFlowLambda@74e28667]" started-at="2025-04-01T22:20:59 ART" name="validateBackyardSubMenu" finished-at="2025-04-01T22:21:06 ART" duration-ms="7413" status="PASS">
          <reporter-output>
          </reporter-output>
        </test-method> <!-- validateBackyardSubMenu -->
        <test-method signature="validateGardenSubMenu()[pri:76, instance:testModules.home.fullFlowLambda@74e28667]" started-at="2025-04-01T22:21:06 ART" name="validateGardenSubMenu" finished-at="2025-04-01T22:21:13 ART" duration-ms="7499" status="PASS">
          <reporter-output>
          </reporter-output>
        </test-method> <!-- validateGardenSubMenu -->
        <test-method signature="validateRecreationSubMenu()[pri:77, instance:testModules.home.fullFlowLambda@74e28667]" started-at="2025-04-01T22:21:13 ART" name="validateRecreationSubMenu" finished-at="2025-04-01T22:21:23 ART" duration-ms="9866" status="PASS">
          <reporter-output>
          </reporter-output>
        </test-method> <!-- validateRecreationSubMenu -->
        <test-method signature="validateKidsMenu()[pri:78, instance:testModules.home.fullFlowLambda@74e28667]" started-at="2025-04-01T22:21:23 ART" name="validateKidsMenu" finished-at="2025-04-01T22:21:31 ART" duration-ms="7791" status="PASS">
          <reporter-output>
          </reporter-output>
        </test-method> <!-- validateKidsMenu -->
        <test-method signature="validatePetsMenu()[pri:79, instance:testModules.home.fullFlowLambda@74e28667]" started-at="2025-04-01T22:21:31 ART" name="validatePetsMenu" finished-at="2025-04-01T22:21:39 ART" duration-ms="7625" status="PASS">
          <reporter-output>
          </reporter-output>
        </test-method> <!-- validatePetsMenu -->
        <test-method signature="validateSexToysMenu()[pri:80, instance:testModules.home.fullFlowLambda@74e28667]" started-at="2025-04-01T22:21:39 ART" name="validateSexToysMenu" finished-at="2025-04-01T22:21:47 ART" duration-ms="7919" status="PASS">
          <reporter-output>
          </reporter-output>
        </test-method> <!-- validateSexToysMenu -->
        <test-method signature="validateSportsAndFitnessMenu()[pri:81, instance:testModules.home.fullFlowLambda@74e28667]" started-at="2025-04-01T22:21:47 ART" name="validateSportsAndFitnessMenu" finished-at="2025-04-01T22:21:52 ART" duration-ms="5456" status="PASS">
          <reporter-output>
          </reporter-output>
        </test-method> <!-- validateSportsAndFitnessMenu -->
        <test-method signature="validateShopAllSportsAndFitnessMenu()[pri:82, instance:testModules.home.fullFlowLambda@74e28667]" started-at="2025-04-01T22:21:52 ART" name="validateShopAllSportsAndFitnessMenu" finished-at="2025-04-01T22:22:00 ART" duration-ms="7491" status="PASS">
          <reporter-output>
          </reporter-output>
        </test-method> <!-- validateShopAllSportsAndFitnessMenu -->
        <test-method signature="validateFitnessAccesoriesMenu()[pri:83, instance:testModules.home.fullFlowLambda@74e28667]" started-at="2025-04-01T22:22:00 ART" name="validateFitnessAccesoriesMenu" finished-at="2025-04-01T22:22:07 ART" duration-ms="7613" status="PASS">
          <reporter-output>
          </reporter-output>
        </test-method> <!-- validateFitnessAccesoriesMenu -->
        <test-method signature="validateMachineryMenu()[pri:84, instance:testModules.home.fullFlowLambda@74e28667]" started-at="2025-04-01T22:22:07 ART" name="validateMachineryMenu" finished-at="2025-04-01T22:22:15 ART" duration-ms="7780" status="PASS">
          <reporter-output>
          </reporter-output>
        </test-method> <!-- validateMachineryMenu -->
        <test-method signature="validatePersonalCareMenu()[pri:85, instance:testModules.home.fullFlowLambda@74e28667]" started-at="2025-04-01T22:22:15 ART" name="validatePersonalCareMenu" finished-at="2025-04-01T22:22:24 ART" duration-ms="8536" status="PASS">
          <reporter-output>
          </reporter-output>
        </test-method> <!-- validatePersonalCareMenu -->
        <test-method signature="validateStoresMenu()[pri:86, instance:testModules.home.fullFlowLambda@74e28667]" started-at="2025-04-01T22:22:24 ART" name="validateStoresMenu" finished-at="2025-04-01T22:22:29 ART" duration-ms="5404" status="PASS">
          <reporter-output>
          </reporter-output>
        </test-method> <!-- validateStoresMenu -->
        <test-method signature="validateShopAllStoresMenu()[pri:87, instance:testModules.home.fullFlowLambda@74e28667]" started-at="2025-04-01T22:22:29 ART" name="validateShopAllStoresMenu" finished-at="2025-04-01T22:22:39 ART" duration-ms="9768" status="PASS">
          <reporter-output>
          </reporter-output>
        </test-method> <!-- validateShopAllStoresMenu -->
        <test-method signature="validateAmazonMenu()[pri:88, instance:testModules.home.fullFlowLambda@74e28667]" started-at="2025-04-01T22:22:39 ART" name="validateAmazonMenu" finished-at="2025-04-01T22:22:46 ART" duration-ms="7608" status="PASS">
          <reporter-output>
          </reporter-output>
        </test-method> <!-- validateAmazonMenu -->
        <test-method signature="validateEtsyMenu()[pri:89, instance:testModules.home.fullFlowLambda@74e28667]" started-at="2025-04-01T22:22:46 ART" name="validateEtsyMenu" finished-at="2025-04-01T22:22:54 ART" duration-ms="7507" status="PASS">
          <reporter-output>
          </reporter-output>
        </test-method> <!-- validateEtsyMenu -->
        <test-method signature="validateNordstromMenu()[pri:90, instance:testModules.home.fullFlowLambda@74e28667]" started-at="2025-04-01T22:22:54 ART" name="validateNordstromMenu" finished-at="2025-04-01T22:23:01 ART" duration-ms="7632" status="PASS">
          <reporter-output>
          </reporter-output>
        </test-method> <!-- validateNordstromMenu -->
        <test-method signature="validateSephoraMenu()[pri:91, instance:testModules.home.fullFlowLambda@74e28667]" started-at="2025-04-01T22:23:01 ART" name="validateSephoraMenu" finished-at="2025-04-01T22:23:09 ART" duration-ms="7645" status="PASS">
          <reporter-output>
          </reporter-output>
        </test-method> <!-- validateSephoraMenu -->
        <test-method signature="validateShopSmallMenu()[pri:92, instance:testModules.home.fullFlowLambda@74e28667]" started-at="2025-04-01T22:23:09 ART" name="validateShopSmallMenu" finished-at="2025-04-01T22:23:17 ART" duration-ms="7827" status="PASS">
          <reporter-output>
          </reporter-output>
        </test-method> <!-- validateShopSmallMenu -->
        <test-method signature="validateTargetMenu()[pri:93, instance:testModules.home.fullFlowLambda@74e28667]" started-at="2025-04-01T22:23:17 ART" name="validateTargetMenu" finished-at="2025-04-01T22:23:24 ART" duration-ms="7554" status="PASS">
          <reporter-output>
          </reporter-output>
        </test-method> <!-- validateTargetMenu -->
        <test-method signature="validateWalmartMenu()[pri:94, instance:testModules.home.fullFlowLambda@74e28667]" started-at="2025-04-01T22:23:24 ART" name="validateWalmartMenu" finished-at="2025-04-01T22:23:34 ART" duration-ms="9499" status="PASS">
          <reporter-output>
          </reporter-output>
        </test-method> <!-- validateWalmartMenu -->
        <test-method signature="validateWayfairMenu()[pri:95, instance:testModules.home.fullFlowLambda@74e28667]" started-at="2025-04-01T22:23:34 ART" name="validateWayfairMenu" finished-at="2025-04-01T22:23:44 ART" duration-ms="10466" status="PASS">
          <reporter-output>
          </reporter-output>
        </test-method> <!-- validateWayfairMenu -->
        <test-method signature="validateSubscriptionsMenu()[pri:96, instance:testModules.home.fullFlowLambda@74e28667]" started-at="2025-04-01T22:23:44 ART" name="validateSubscriptionsMenu" finished-at="2025-04-01T22:23:54 ART" duration-ms="9602" status="PASS">
          <reporter-output>
          </reporter-output>
        </test-method> <!-- validateSubscriptionsMenu -->
        <test-method signature="validateTechMenu()[pri:97, instance:testModules.home.fullFlowLambda@74e28667]" started-at="2025-04-01T22:23:54 ART" name="validateTechMenu" finished-at="2025-04-01T22:24:01 ART" duration-ms="6693" status="PASS">
          <reporter-output>
          </reporter-output>
        </test-method> <!-- validateTechMenu -->
        <test-method signature="validateShopAllTechMenu()[pri:98, instance:testModules.home.fullFlowLambda@74e28667]" started-at="2025-04-01T22:24:01 ART" name="validateShopAllTechMenu" finished-at="2025-04-01T22:24:10 ART" duration-ms="9653" status="PASS">
          <reporter-output>
          </reporter-output>
        </test-method> <!-- validateShopAllTechMenu -->
        <test-method signature="validateTechAccessoriesMenu()[pri:99, instance:testModules.home.fullFlowLambda@74e28667]" started-at="2025-04-01T22:24:10 ART" name="validateTechAccessoriesMenu" finished-at="2025-04-01T22:24:20 ART" duration-ms="9558" status="PASS">
          <reporter-output>
          </reporter-output>
        </test-method> <!-- validateTechAccessoriesMenu -->
        <test-method signature="validateGadgetsMenu()[pri:100, instance:testModules.home.fullFlowLambda@74e28667]" started-at="2025-04-01T22:24:20 ART" name="validateGadgetsMenu" finished-at="2025-04-01T22:24:29 ART" duration-ms="9485" status="PASS">
          <reporter-output>
          </reporter-output>
        </test-method> <!-- validateGadgetsMenu -->
        <test-method signature="validateHomeElectronicsMenu()[pri:101, instance:testModules.home.fullFlowLambda@74e28667]" started-at="2025-04-01T22:24:29 ART" name="validateHomeElectronicsMenu" finished-at="2025-04-01T22:24:46 ART" duration-ms="16627" status="PASS">
          <reporter-output>
          </reporter-output>
        </test-method> <!-- validateHomeElectronicsMenu -->
        <test-method signature="validateFeatureStoriesTitle()[pri:102, instance:testModules.home.fullFlowLambda@74e28667]" started-at="2025-04-01T22:24:46 ART" name="validateFeatureStoriesTitle" finished-at="2025-04-01T22:24:47 ART" duration-ms="856" status="PASS">
          <reporter-output>
          </reporter-output>
        </test-method> <!-- validateFeatureStoriesTitle -->
        <test-method signature="validateFeatureStoriesDisplays()[pri:103, instance:testModules.home.fullFlowLambda@74e28667]" started-at="2025-04-01T22:24:47 ART" name="validateFeatureStoriesDisplays" finished-at="2025-04-01T22:24:56 ART" duration-ms="8971" status="PASS">
          <reporter-output>
          </reporter-output>
        </test-method> <!-- validateFeatureStoriesDisplays -->
        <test-method signature="tapQuizzesTab()[pri:104, instance:testModules.home.fullFlowLambda@74e28667]" started-at="2025-04-01T22:24:56 ART" name="tapQuizzesTab" finished-at="2025-04-01T22:24:57 ART" duration-ms="1479" status="PASS">
          <reporter-output>
          </reporter-output>
        </test-method> <!-- tapQuizzesTab -->
        <test-method signature="verifyQuizzesHeaderIsPresent()[pri:105, instance:testModules.home.fullFlowLambda@74e28667]" started-at="2025-04-01T22:24:57 ART" name="verifyQuizzesHeaderIsPresent" finished-at="2025-04-01T22:25:00 ART" duration-ms="2823" status="PASS">
          <reporter-output>
          </reporter-output>
        </test-method> <!-- verifyQuizzesHeaderIsPresent -->
        <test-method signature="tapQuizSplash()[pri:106, instance:testModules.home.fullFlowLambda@74e28667]" started-at="2025-04-01T22:25:00 ART" name="tapQuizSplash" finished-at="2025-04-01T22:25:06 ART" duration-ms="5960" status="PASS">
          <reporter-output>
          </reporter-output>
        </test-method> <!-- tapQuizSplash -->
        <test-method signature="tapOnTrending()[pri:107, instance:testModules.home.fullFlowLambda@74e28667]" started-at="2025-04-01T22:25:06 ART" name="tapOnTrending" finished-at="2025-04-01T22:25:13 ART" duration-ms="6608" status="PASS">
          <reporter-output>
          </reporter-output>
        </test-method> <!-- tapOnTrending -->
        <test-method signature="tapOnTrivia()[pri:108, instance:testModules.home.fullFlowLambda@74e28667]" started-at="2025-04-01T22:25:13 ART" name="tapOnTrivia" finished-at="2025-04-01T22:25:17 ART" duration-ms="4697" status="PASS">
          <reporter-output>
          </reporter-output>
        </test-method> <!-- tapOnTrivia -->
        <test-method signature="tapOnCanWeGuess()[pri:109, instance:testModules.home.fullFlowLambda@74e28667]" started-at="2025-04-01T22:25:17 ART" name="tapOnCanWeGuess" finished-at="2025-04-01T22:25:24 ART" duration-ms="6535" status="PASS">
          <reporter-output>
          </reporter-output>
        </test-method> <!-- tapOnCanWeGuess -->
        <test-method signature="tapOnMore()[pri:110, instance:testModules.home.fullFlowLambda@74e28667]" started-at="2025-04-01T22:25:24 ART" name="tapOnMore" finished-at="2025-04-01T22:25:25 ART" duration-ms="1330" status="PASS">
          <reporter-output>
          </reporter-output>
        </test-method> <!-- tapOnMore -->
        <test-method signature="tapOnDisney()[pri:111, instance:testModules.home.fullFlowLambda@74e28667]" started-at="2025-04-01T22:25:25 ART" name="tapOnDisney" finished-at="2025-04-01T22:25:39 ART" duration-ms="13643" status="PASS">
          <reporter-output>
          </reporter-output>
        </test-method> <!-- tapOnDisney -->
        <test-method signature="tapOnFood()[pri:112, instance:testModules.home.fullFlowLambda@74e28667]" started-at="2025-04-01T22:25:39 ART" name="tapOnFood" finished-at="2025-04-01T22:25:54 ART" duration-ms="15196" status="PASS">
          <reporter-output>
          </reporter-output>
        </test-method> <!-- tapOnFood -->
        <test-method signature="tapOnWhoAreYou()[pri:113, instance:testModules.home.fullFlowLambda@74e28667]" started-at="2025-04-01T22:25:54 ART" name="tapOnWhoAreYou" finished-at="2025-04-01T22:26:08 ART" duration-ms="13842" status="PASS">
          <reporter-output>
          </reporter-output>
        </test-method> <!-- tapOnWhoAreYou -->
        <test-method signature="tapOnLove()[pri:114, instance:testModules.home.fullFlowLambda@74e28667]" started-at="2025-04-01T22:26:08 ART" name="tapOnLove" finished-at="2025-04-01T22:26:23 ART" duration-ms="14687" status="PASS">
          <reporter-output>
          </reporter-output>
        </test-method> <!-- tapOnLove -->
        <test-method signature="tapOnTaylorSwift()[pri:115, instance:testModules.home.fullFlowLambda@74e28667]" started-at="2025-04-01T22:26:23 ART" name="tapOnTaylorSwift" finished-at="2025-04-01T22:26:37 ART" duration-ms="14566" status="PASS">
          <reporter-output>
          </reporter-output>
        </test-method> <!-- tapOnTaylorSwift -->
        <test-method signature="tapOnMarvel()[pri:116, instance:testModules.home.fullFlowLambda@74e28667]" started-at="2025-04-01T22:26:37 ART" name="tapOnMarvel" finished-at="2025-04-01T22:26:51 ART" duration-ms="14135" status="PASS">
          <reporter-output>
          </reporter-output>
        </test-method> <!-- tapOnMarvel -->
        <test-method signature="tapOnZodiac()[pri:117, instance:testModules.home.fullFlowLambda@74e28667]" started-at="2025-04-01T22:26:51 ART" name="tapOnZodiac" finished-at="2025-04-01T22:27:05 ART" duration-ms="13558" status="PASS">
          <reporter-output>
          </reporter-output>
        </test-method> <!-- tapOnZodiac -->
        <test-method signature="tapOnHarryPotter()[pri:118, instance:testModules.home.fullFlowLambda@74e28667]" started-at="2025-04-01T22:27:05 ART" name="tapOnHarryPotter" finished-at="2025-04-01T22:27:20 ART" duration-ms="15035" status="PASS">
          <reporter-output>
          </reporter-output>
        </test-method> <!-- tapOnHarryPotter -->
        <test-method signature="tapOnAnime()[pri:119, instance:testModules.home.fullFlowLambda@74e28667]" started-at="2025-04-01T22:27:20 ART" name="tapOnAnime" finished-at="2025-04-01T22:27:34 ART" duration-ms="13957" status="PASS">
          <reporter-output>
          </reporter-output>
        </test-method> <!-- tapOnAnime -->
        <test-method signature="tapOnKPop()[pri:120, instance:testModules.home.fullFlowLambda@74e28667]" started-at="2025-04-01T22:27:34 ART" name="tapOnKPop" finished-at="2025-04-01T22:27:49 ART" duration-ms="14971" status="PASS">
          <reporter-output>
          </reporter-output>
        </test-method> <!-- tapOnKPop -->
        <test-method signature="tapOnGeography()[pri:121, instance:testModules.home.fullFlowLambda@74e28667]" started-at="2025-04-01T22:27:49 ART" name="tapOnGeography" finished-at="2025-04-01T22:28:03 ART" duration-ms="14174" status="PASS">
          <reporter-output>
          </reporter-output>
        </test-method> <!-- tapOnGeography -->
        <test-method signature="tapOnChecklist()[pri:122, instance:testModules.home.fullFlowLambda@74e28667]" started-at="2025-04-01T22:28:03 ART" name="tapOnChecklist" finished-at="2025-04-01T22:28:21 ART" duration-ms="17405" status="PASS">
          <reporter-output>
          </reporter-output>
        </test-method> <!-- tapOnChecklist -->
        <test-method signature="isGamesLblDisplayed()[pri:123, instance:testModules.home.fullFlowLambda@74e28667]" started-at="2025-04-01T22:28:21 ART" name="isGamesLblDisplayed" finished-at="2025-04-01T22:28:29 ART" duration-ms="8463" status="PASS">
          <reporter-output>
          </reporter-output>
        </test-method> <!-- isGamesLblDisplayed -->
        <test-method signature="arePyramidSchemeElementsDisplayed()[pri:124, instance:testModules.home.fullFlowLambda@74e28667]" started-at="2025-04-01T22:28:29 ART" name="arePyramidSchemeElementsDisplayed" finished-at="2025-04-01T22:28:32 ART" duration-ms="3085" status="PASS">
          <reporter-output>
          </reporter-output>
        </test-method> <!-- arePyramidSchemeElementsDisplayed -->
        <test-method signature="validateMakeYours()[pri:130, instance:testModules.home.fullFlowLambda@74e28667]" started-at="2025-04-01T22:28:32 ART" name="validateMakeYours" finished-at="2025-04-01T22:28:49 ART" duration-ms="17081" status="PASS">
          <reporter-output>
          </reporter-output>
        </test-method> <!-- validateMakeYours -->
        <test-method signature="validateWhealOfFortune()[pri:131, instance:testModules.home.fullFlowLambda@74e28667]" started-at="2025-04-01T22:28:49 ART" name="validateWhealOfFortune" finished-at="2025-04-01T22:28:57 ART" duration-ms="8296" status="PASS">
          <reporter-output>
          </reporter-output>
        </test-method> <!-- validateWhealOfFortune -->
        <test-method signature="validateMoreFunStuff()[pri:132, instance:testModules.home.fullFlowLambda@74e28667]" started-at="2025-04-01T22:28:57 ART" name="validateMoreFunStuff" finished-at="2025-04-01T22:29:07 ART" duration-ms="9326" status="PASS">
          <reporter-output>
          </reporter-output>
        </test-method> <!-- validateMoreFunStuff -->
        <test-method signature="tapMoreFunCarrouselItem()[pri:133, instance:testModules.home.fullFlowLambda@74e28667]" started-at="2025-04-01T22:29:07 ART" name="tapMoreFunCarrouselItem" finished-at="2025-04-01T22:29:15 ART" duration-ms="8282" status="PASS">
          <reporter-output>
          </reporter-output>
        </test-method> <!-- tapMoreFunCarrouselItem -->
        <test-method signature="testAustraliaEditionIsPresent()[pri:134, instance:testModules.home.fullFlowLambda@74e28667]" started-at="2025-04-01T22:29:15 ART" name="testAustraliaEditionIsPresent" finished-at="2025-04-01T22:29:21 ART" duration-ms="6203" status="PASS">
          <reporter-output>
          </reporter-output>
        </test-method> <!-- testAustraliaEditionIsPresent -->
        <test-method signature="testLatestSubTab()[pri:135, instance:testModules.home.fullFlowLambda@74e28667]" started-at="2025-04-01T22:29:21 ART" name="testLatestSubTab" finished-at="2025-04-01T22:29:21 ART" duration-ms="0" status="PASS">
          <reporter-output>
          </reporter-output>
        </test-method> <!-- testLatestSubTab -->
        <test-method signature="testTrendingSubTab()[pri:136, instance:testModules.home.fullFlowLambda@74e28667]" started-at="2025-04-01T22:29:21 ART" name="testTrendingSubTab" finished-at="2025-04-01T22:29:29 ART" duration-ms="7474" status="PASS">
          <reporter-output>
          </reporter-output>
        </test-method> <!-- testTrendingSubTab -->
        <test-method signature="testFunnyTweetsSubTab()[pri:137, instance:testModules.home.fullFlowLambda@74e28667]" started-at="2025-04-01T22:29:29 ART" name="testFunnyTweetsSubTab" finished-at="2025-04-01T22:29:34 ART" duration-ms="5662" status="PASS">
          <reporter-output>
          </reporter-output>
        </test-method> <!-- testFunnyTweetsSubTab -->
        <test-method signature="testGamesSubTab()[pri:138, instance:testModules.home.fullFlowLambda@74e28667]" started-at="2025-04-01T22:29:34 ART" name="testGamesSubTab" finished-at="2025-04-01T22:29:38 ART" duration-ms="3620" status="PASS">
          <reporter-output>
          </reporter-output>
        </test-method> <!-- testGamesSubTab -->
        <test-method signature="testLatestsSubTab()[pri:139, instance:testModules.home.fullFlowLambda@74e28667]" started-at="2025-04-01T22:29:38 ART" name="testLatestsSubTab" finished-at="2025-04-01T22:29:43 ART" duration-ms="5132" status="PASS">
          <reporter-output>
          </reporter-output>
        </test-method> <!-- testLatestsSubTab -->
        <test-method signature="testRandomSubTab()[pri:140, instance:testModules.home.fullFlowLambda@74e28667]" started-at="2025-04-01T22:29:43 ART" name="testRandomSubTab" finished-at="2025-04-01T22:29:45 ART" duration-ms="2000" status="PASS">
          <reporter-output>
          </reporter-output>
        </test-method> <!-- testRandomSubTab -->
        <test-method signature="testGossipSubTab()[pri:141, instance:testModules.home.fullFlowLambda@74e28667]" started-at="2025-04-01T22:29:45 ART" name="testGossipSubTab" finished-at="2025-04-01T22:29:49 ART" duration-ms="4328" status="PASS">
          <reporter-output>
          </reporter-output>
        </test-method> <!-- testGossipSubTab -->
        <test-method signature="testGayStuffpSubTab()[pri:142, instance:testModules.home.fullFlowLambda@74e28667]" started-at="2025-04-01T22:29:49 ART" name="testGayStuffpSubTab" finished-at="2025-04-01T22:29:59 ART" duration-ms="9702" status="PASS">
          <reporter-output>
          </reporter-output>
        </test-method> <!-- testGayStuffpSubTab -->
        <test-method signature="tapOnMore1()[pri:143, instance:testModules.home.fullFlowLambda@74e28667]" started-at="2025-04-01T22:29:59 ART" name="tapOnMore1" finished-at="2025-04-01T22:30:05 ART" duration-ms="5561" status="PASS">
          <reporter-output>
          </reporter-output>
        </test-method> <!-- tapOnMore1 -->
        <test-method signature="testEntertainmentSubTab()[pri:144, instance:testModules.home.fullFlowLambda@74e28667]" started-at="2025-04-01T22:30:05 ART" name="testEntertainmentSubTab" finished-at="2025-04-01T22:30:15 ART" duration-ms="9981" status="PASS">
          <reporter-output>
          </reporter-output>
        </test-method> <!-- testEntertainmentSubTab -->
        <test-method signature="testAnimalsSubTab()[pri:145, instance:testModules.home.fullFlowLambda@74e28667]" started-at="2025-04-01T22:30:15 ART" name="testAnimalsSubTab" finished-at="2025-04-01T22:30:22 ART" duration-ms="6882" status="PASS">
          <reporter-output>
          </reporter-output>
        </test-method> <!-- testAnimalsSubTab -->
        <test-method signature="testBooksSubTab()[pri:146, instance:testModules.home.fullFlowLambda@74e28667]" started-at="2025-04-01T22:30:22 ART" name="testBooksSubTab" finished-at="2025-04-01T22:30:29 ART" duration-ms="7789" status="PASS">
          <reporter-output>
          </reporter-output>
        </test-method> <!-- testBooksSubTab -->
        <test-method signature="testFoodSubTab()[pri:147, instance:testModules.home.fullFlowLambda@74e28667]" started-at="2025-04-01T22:30:29 ART" name="testFoodSubTab" finished-at="2025-04-01T22:30:37 ART" duration-ms="7943" status="PASS">
          <reporter-output>
          </reporter-output>
        </test-method> <!-- testFoodSubTab -->
        <test-method signature="testCommunitySubTab()[pri:148, instance:testModules.home.fullFlowLambda@74e28667]" started-at="2025-04-01T22:30:37 ART" name="testCommunitySubTab" finished-at="2025-04-01T22:30:48 ART" duration-ms="10995" status="PASS">
          <reporter-output>
          </reporter-output>
        </test-method> <!-- testCommunitySubTab -->
        <test-method signature="testMusicSubTab()[pri:149, instance:testModules.home.fullFlowLambda@74e28667]" started-at="2025-04-01T22:30:48 ART" name="testMusicSubTab" finished-at="2025-04-01T22:30:57 ART" duration-ms="8915" status="PASS">
          <reporter-output>
          </reporter-output>
        </test-method> <!-- testMusicSubTab -->
        <test-method signature="testNiftySubTab()[pri:150, instance:testModules.home.fullFlowLambda@74e28667]" started-at="2025-04-01T22:30:57 ART" name="testNiftySubTab" finished-at="2025-04-01T22:31:08 ART" duration-ms="10878" status="PASS">
          <reporter-output>
          </reporter-output>
        </test-method> <!-- testNiftySubTab -->
        <test-method signature="testParentsSubTab()[pri:151, instance:testModules.home.fullFlowLambda@74e28667]" started-at="2025-04-01T22:31:08 ART" name="testParentsSubTab" finished-at="2025-04-01T22:31:19 ART" duration-ms="10921" status="PASS">
          <reporter-output>
          </reporter-output>
        </test-method> <!-- testParentsSubTab -->
        <test-method signature="testRewindSubTab()[pri:152, instance:testModules.home.fullFlowLambda@74e28667]" started-at="2025-04-01T22:31:19 ART" name="testRewindSubTab" finished-at="2025-04-01T22:31:30 ART" duration-ms="10944" status="PASS">
          <reporter-output>
          </reporter-output>
        </test-method> <!-- testRewindSubTab -->
        <test-method signature="testStyleSubTab()[pri:153, instance:testModules.home.fullFlowLambda@74e28667]" started-at="2025-04-01T22:31:30 ART" name="testStyleSubTab" finished-at="2025-04-01T22:31:43 ART" duration-ms="12660" status="PASS">
          <reporter-output>
          </reporter-output>
        </test-method> <!-- testStyleSubTab -->
        <test-method signature="testTravelHomeSubTab()[pri:154, instance:testModules.home.fullFlowLambda@74e28667]" started-at="2025-04-01T22:31:43 ART" name="testTravelHomeSubTab" finished-at="2025-04-01T22:31:55 ART" duration-ms="12434" status="PASS">
          <reporter-output>
          </reporter-output>
        </test-method> <!-- testTravelHomeSubTab -->
        <test-method signature="testTravelSubTab()[pri:155, instance:testModules.home.fullFlowLambda@74e28667]" started-at="2025-04-01T22:31:55 ART" name="testTravelSubTab" finished-at="2025-04-01T22:31:58 ART" duration-ms="2783" status="PASS">
          <reporter-output>
          </reporter-output>
        </test-method> <!-- testTravelSubTab -->
        <test-method signature="testGoingNewsTab()[pri:156, instance:testModules.home.fullFlowLambda@74e28667]" started-at="2025-04-01T22:31:58 ART" name="testGoingNewsTab" finished-at="2025-04-01T22:32:02 ART" duration-ms="4508" status="PASS">
          <reporter-output>
          </reporter-output>
        </test-method> <!-- testGoingNewsTab -->
        <test-method signature="testGoingShoppingTab()[pri:157, instance:testModules.home.fullFlowLambda@74e28667]" started-at="2025-04-01T22:32:02 ART" name="testGoingShoppingTab" finished-at="2025-04-01T22:32:13 ART" duration-ms="10279" status="PASS">
          <reporter-output>
          </reporter-output>
        </test-method> <!-- testGoingShoppingTab -->
        <test-method signature="testGoingToQuizzesTab()[pri:158, instance:testModules.home.fullFlowLambda@74e28667]" started-at="2025-04-01T22:32:13 ART" name="testGoingToQuizzesTab" finished-at="2025-04-01T22:32:17 ART" duration-ms="4363" status="PASS">
          <reporter-output>
          </reporter-output>
        </test-method> <!-- testGoingToQuizzesTab -->
        <test-method signature="testTapOnTrendingCategory()[pri:159, instance:testModules.home.fullFlowLambda@74e28667]" started-at="2025-04-01T22:32:17 ART" name="testTapOnTrendingCategory" finished-at="2025-04-01T22:32:26 ART" duration-ms="8718" status="PASS">
          <reporter-output>
          </reporter-output>
        </test-method> <!-- testTapOnTrendingCategory -->
        <test-method signature="testTapOnTriviaCategory()[pri:160, instance:testModules.home.fullFlowLambda@74e28667]" started-at="2025-04-01T22:32:26 ART" name="testTapOnTriviaCategory" finished-at="2025-04-01T22:32:34 ART" duration-ms="8512" status="PASS">
          <reporter-output>
          </reporter-output>
        </test-method> <!-- testTapOnTriviaCategory -->
        <test-method signature="testCanWeGuess()[pri:161, instance:testModules.home.fullFlowLambda@74e28667]" started-at="2025-04-01T22:32:34 ART" name="testCanWeGuess" finished-at="2025-04-01T22:32:43 ART" duration-ms="8841" status="PASS">
          <reporter-output>
          </reporter-output>
        </test-method> <!-- testCanWeGuess -->
        <test-method signature="testOnMore()[pri:162, instance:testModules.home.fullFlowLambda@74e28667]" started-at="2025-04-01T22:32:43 ART" name="testOnMore" finished-at="2025-04-01T22:32:47 ART" duration-ms="4353" status="PASS">
          <reporter-output>
          </reporter-output>
        </test-method> <!-- testOnMore -->
        <test-method signature="testTapOnTaylorSwift()[pri:163, instance:testModules.home.fullFlowLambda@74e28667]" started-at="2025-04-01T22:32:47 ART" name="testTapOnTaylorSwift" finished-at="2025-04-01T22:32:57 ART" duration-ms="9179" status="PASS">
          <reporter-output>
          </reporter-output>
        </test-method> <!-- testTapOnTaylorSwift -->
        <test-method signature="testTapOnMarvel()[pri:164, instance:testModules.home.fullFlowLambda@74e28667]" started-at="2025-04-01T22:32:57 ART" name="testTapOnMarvel" finished-at="2025-04-01T22:33:05 ART" duration-ms="8538" status="PASS">
          <reporter-output>
          </reporter-output>
        </test-method> <!-- testTapOnMarvel -->
        <test-method signature="testTapOnZodiac()[pri:165, instance:testModules.home.fullFlowLambda@74e28667]" started-at="2025-04-01T22:33:05 ART" name="testTapOnZodiac" finished-at="2025-04-01T22:33:14 ART" duration-ms="8874" status="PASS">
          <reporter-output>
          </reporter-output>
        </test-method> <!-- testTapOnZodiac -->
        <test-method signature="testTapOnHarryPotter()[pri:166, instance:testModules.home.fullFlowLambda@74e28667]" started-at="2025-04-01T22:33:14 ART" name="testTapOnHarryPotter" finished-at="2025-04-01T22:33:23 ART" duration-ms="8786" status="PASS">
          <reporter-output>
          </reporter-output>
        </test-method> <!-- testTapOnHarryPotter -->
        <test-method signature="testTapOnAnime()[pri:167, instance:testModules.home.fullFlowLambda@74e28667]" started-at="2025-04-01T22:33:23 ART" name="testTapOnAnime" finished-at="2025-04-01T22:33:32 ART" duration-ms="8880" status="PASS">
          <reporter-output>
          </reporter-output>
        </test-method> <!-- testTapOnAnime -->
        <test-method signature="testTapOnKPop()[pri:168, instance:testModules.home.fullFlowLambda@74e28667]" started-at="2025-04-01T22:33:32 ART" name="testTapOnKPop" finished-at="2025-04-01T22:33:41 ART" duration-ms="8872" status="PASS">
          <reporter-output>
          </reporter-output>
        </test-method> <!-- testTapOnKPop -->
        <test-method signature="testTapOnGeography()[pri:169, instance:testModules.home.fullFlowLambda@74e28667]" started-at="2025-04-01T22:33:41 ART" name="testTapOnGeography" finished-at="2025-04-01T22:33:47 ART" duration-ms="6541" status="PASS">
          <reporter-output>
          </reporter-output>
        </test-method> <!-- testTapOnGeography -->
        <test-method signature="testTapOnChecklist()[pri:170, instance:testModules.home.fullFlowLambda@74e28667]" started-at="2025-04-01T22:33:47 ART" name="testTapOnChecklist" finished-at="2025-04-01T22:33:56 ART" duration-ms="8726" status="PASS">
          <reporter-output>
          </reporter-output>
        </test-method> <!-- testTapOnChecklist -->
        <test-method signature="tapGamesTab()[pri:171, instance:testModules.home.fullFlowLambda@74e28667]" started-at="2025-04-01T22:33:56 ART" name="tapGamesTab" finished-at="2025-04-01T22:34:00 ART" duration-ms="4100" status="PASS">
          <reporter-output>
          </reporter-output>
        </test-method> <!-- tapGamesTab -->
        <test-method signature="testCanadaEditionIsPresent()[pri:172, instance:testModules.home.fullFlowLambda@74e28667]" started-at="2025-04-01T22:34:00 ART" name="testCanadaEditionIsPresent" finished-at="2025-04-01T22:34:10 ART" duration-ms="10339" status="PASS">
          <reporter-output>
          </reporter-output>
        </test-method> <!-- testCanadaEditionIsPresent -->
        <test-method signature="validateSeeAllCanada()[pri:173, instance:testModules.home.fullFlowLambda@74e28667]" started-at="2025-04-01T22:34:10 ART" name="validateSeeAllCanada" finished-at="2025-04-01T22:34:19 ART" duration-ms="8817" status="PASS">
          <reporter-output>
          </reporter-output>
        </test-method> <!-- validateSeeAllCanada -->
        <test-method signature="validateTrendingTopicsCanada()[pri:174, instance:testModules.home.fullFlowLambda@74e28667]" started-at="2025-04-01T22:34:19 ART" name="validateTrendingTopicsCanada" finished-at="2025-04-01T22:34:26 ART" duration-ms="7076" status="FAIL">
          <exception class="org.openqa.selenium.NoSuchElementException">
            <message>
              <![CDATA[An element could not be located on the page using the given search parameters.
For documentation on this error, please visit: https://www.selenium.dev/documentation/webdriver/troubleshooting/errors#no-such-element-exception
Build info: version: '4.13.0', revision: 'ba948ece5b*'
System info: os.name: 'Mac OS X', os.arch: 'x86_64', os.version: '14.7.4', java.version: '11.0.21'
Driver info: io.appium.java_client.ios.IOSDriver
Command: [9f41f7d1-aabf-476e-8059-508a6b0811da, findElement {using=xpath, value=//XCUIElementTypeApplication[@name="BuzzFeed "]/XCUIElementTypeWindow/XCUIElementTypeOther/XCUIElementTypeOther/XCUIElementTypeOther/XCUIElementTypeOther/XCUIElementTypeOther/XCUIElementTypeOther/XCUIElementTypeOther/XCUIElementTypeOther/XCUIElementTypeOther/XCUIElementTypeOther/XCUIElementTypeOther/XCUIElementTypeOther/XCUIElementTypeOther/XCUIElementTypeOther/XCUIElementTypeOther/XCUIElementTypeOther/XCUIElementTypeCollectionView/XCUIElementTypeCell[2]/XCUIElementTypeOther[2]/XCUIElementTypeOther/XCUIElementTypeOther/XCUIElementTypeOther[2]}]
Capabilities {appium:autoAcceptAlerts: true, appium:automationName: XCuiTest, appium:bundleID: com.buzzfeed.buzzfeed-alpha, appium:bundleId: com.buzzfeed.buzzfeed-alpha, appium:databaseEnabled: false, appium:derivedDataPath: /Users/ltadmin/Documents/ap..., appium:deviceName: iPhone 15 Plus, appium:headless: false, appium:javascriptEnabled: true, appium:language: US, appium:locale: US, appium:locationContextEnabled: false, appium:maxTypingFrequency: 7, appium:mode: cloud, appium:nativeWebScreenshot: true, appium:networkConnectionEnabled: false, appium:newCommandTimeout: 0, appium:noReset: false, appium:orientation: PORTRAIT, appium:platformVersion: 17, appium:realDevice: true, appium:takesScreenshot: true, appium:udid: 00008120-000E156E34F1A01E, appium:uiautomator2ServerLaunchTimeout: 60000, appium:usePrebuiltWDA: true, appium:waitForQuiescence: false, appium:wdaLocalPort: 11066, appium:wdaRemotePort: 8100, appium:wdaStartupRetries: 3, appium:webStorageEnabled: false, appium:webkitResponseTimeout: 20000, platformName: IOS}
Session ID: 9f41f7d1-aabf-476e-8059-508a6b0811da]]>
            </message>
            <full-stacktrace>
              <![CDATA[org.openqa.selenium.NoSuchElementException: An element could not be located on the page using the given search parameters.
For documentation on this error, please visit: https://www.selenium.dev/documentation/webdriver/troubleshooting/errors#no-such-element-exception
Build info: version: '4.13.0', revision: 'ba948ece5b*'
System info: os.name: 'Mac OS X', os.arch: 'x86_64', os.version: '14.7.4', java.version: '11.0.21'
Driver info: io.appium.java_client.ios.IOSDriver
Command: [9f41f7d1-aabf-476e-8059-508a6b0811da, findElement {using=xpath, value=//XCUIElementTypeApplication[@name="BuzzFeed "]/XCUIElementTypeWindow/XCUIElementTypeOther/XCUIElementTypeOther/XCUIElementTypeOther/XCUIElementTypeOther/XCUIElementTypeOther/XCUIElementTypeOther/XCUIElementTypeOther/XCUIElementTypeOther/XCUIElementTypeOther/XCUIElementTypeOther/XCUIElementTypeOther/XCUIElementTypeOther/XCUIElementTypeOther/XCUIElementTypeOther/XCUIElementTypeOther/XCUIElementTypeOther/XCUIElementTypeCollectionView/XCUIElementTypeCell[2]/XCUIElementTypeOther[2]/XCUIElementTypeOther/XCUIElementTypeOther/XCUIElementTypeOther[2]}]
Capabilities {appium:autoAcceptAlerts: true, appium:automationName: XCuiTest, appium:bundleID: com.buzzfeed.buzzfeed-alpha, appium:bundleId: com.buzzfeed.buzzfeed-alpha, appium:databaseEnabled: false, appium:derivedDataPath: /Users/ltadmin/Documents/ap..., appium:deviceName: iPhone 15 Plus, appium:headless: false, appium:javascriptEnabled: true, appium:language: US, appium:locale: US, appium:locationContextEnabled: false, appium:maxTypingFrequency: 7, appium:mode: cloud, appium:nativeWebScreenshot: true, appium:networkConnectionEnabled: false, appium:newCommandTimeout: 0, appium:noReset: false, appium:orientation: PORTRAIT, appium:platformVersion: 17, appium:realDevice: true, appium:takesScreenshot: true, appium:udid: 00008120-000E156E34F1A01E, appium:uiautomator2ServerLaunchTimeout: 60000, appium:usePrebuiltWDA: true, appium:waitForQuiescence: false, appium:wdaLocalPort: 11066, appium:wdaRemotePort: 8100, appium:wdaStartupRetries: 3, appium:webStorageEnabled: false, appium:webkitResponseTimeout: 20000, platformName: IOS}
Session ID: 9f41f7d1-aabf-476e-8059-508a6b0811da
at java.base/jdk.internal.reflect.NativeConstructorAccessorImpl.newInstance0(Native Method)
at java.base/jdk.internal.reflect.NativeConstructorAccessorImpl.newInstance(NativeConstructorAccessorImpl.java:62)
at java.base/jdk.internal.reflect.DelegatingConstructorAccessorImpl.newInstance(DelegatingConstructorAccessorImpl.java:45)
at java.base/java.lang.reflect.Constructor.newInstance(Constructor.java:490)
at org.openqa.selenium.remote.codec.w3c.W3CHttpResponseCodec.createException(W3CHttpResponseCodec.java:200)
at org.openqa.selenium.remote.codec.w3c.W3CHttpResponseCodec.decode(W3CHttpResponseCodec.java:133)
at org.openqa.selenium.remote.codec.w3c.W3CHttpResponseCodec.decode(W3CHttpResponseCodec.java:52)
at org.openqa.selenium.remote.HttpCommandExecutor.execute(HttpCommandExecutor.java:191)
at io.appium.java_client.remote.AppiumCommandExecutor.execute(AppiumCommandExecutor.java:250)
at org.openqa.selenium.remote.RemoteWebDriver.execute(RemoteWebDriver.java:602)
at org.openqa.selenium.remote.ElementLocation$ElementFinder$2.findElement(ElementLocation.java:165)
at org.openqa.selenium.remote.ElementLocation.findElement(ElementLocation.java:59)
at org.openqa.selenium.remote.RemoteWebDriver.findElement(RemoteWebDriver.java:359)
at org.openqa.selenium.remote.RemoteWebDriver.findElement(RemoteWebDriver.java:353)
at config.pages.home.NewHomeFeed.tapOntopic2(NewHomeFeed.java:89)
at testModules.home.fullFlowLambda.validateTrendingTopicsCanada(fullFlowLambda.java:2349)
at java.base/jdk.internal.reflect.NativeMethodAccessorImpl.invoke0(Native Method)
at java.base/jdk.internal.reflect.NativeMethodAccessorImpl.invoke(NativeMethodAccessorImpl.java:62)
at java.base/jdk.internal.reflect.DelegatingMethodAccessorImpl.invoke(DelegatingMethodAccessorImpl.java:43)
at java.base/java.lang.reflect.Method.invoke(Method.java:566)
at org.testng.internal.invokers.MethodInvocationHelper.invokeMethod(MethodInvocationHelper.java:135)
at org.testng.internal.invokers.TestInvoker.invokeMethod(TestInvoker.java:673)
at org.testng.internal.invokers.TestInvoker.invokeTestMethod(TestInvoker.java:220)
at org.testng.internal.invokers.MethodRunner.runInSequence(MethodRunner.java:50)
at org.testng.internal.invokers.TestInvoker$MethodInvocationAgent.invoke(TestInvoker.java:945)
at org.testng.internal.invokers.TestInvoker.invokeTestMethods(TestInvoker.java:193)
at org.testng.internal.invokers.TestMethodWorker.invokeTestMethods(TestMethodWorker.java:146)
at org.testng.internal.invokers.TestMethodWorker.run(TestMethodWorker.java:128)
at java.base/java.util.ArrayList.forEach(ArrayList.java:1541)
at org.testng.TestRunner.privateRun(TestRunner.java:808)
at org.testng.TestRunner.run(TestRunner.java:603)
at org.testng.SuiteRunner.runTest(SuiteRunner.java:429)
at org.testng.SuiteRunner.access$000(SuiteRunner.java:32)
at org.testng.SuiteRunner$SuiteWorker.run(SuiteRunner.java:467)
at org.testng.internal.thread.ThreadUtil.lambda$execute$0(ThreadUtil.java:58)
at java.base/java.util.concurrent.FutureTask.run(FutureTask.java:264)
at java.base/java.util.concurrent.ThreadPoolExecutor.runWorker(ThreadPoolExecutor.java:1128)
at java.base/java.util.concurrent.ThreadPoolExecutor$Worker.run(ThreadPoolExecutor.java:628)
at java.base/java.lang.Thread.run(Thread.java:834)
]]>
            </full-stacktrace>
          </exception> <!-- org.openqa.selenium.NoSuchElementException -->
          <reporter-output>
          </reporter-output>
        </test-method> <!-- validateTrendingTopicsCanada -->
        <test-method signature="validateMoreButtonCanada()[pri:175, instance:testModules.home.fullFlowLambda@74e28667]" started-at="2025-04-01T22:34:26 ART" name="validateMoreButtonCanada" finished-at="2025-04-01T22:36:20 ART" duration-ms="114281" status="PASS">
          <reporter-output>
          </reporter-output>
        </test-method> <!-- validateMoreButtonCanada -->
        <test-method signature="testGoingNewsTabOnCanada()[pri:176, instance:testModules.home.fullFlowLambda@74e28667]" started-at="2025-04-01T22:36:20 ART" name="testGoingNewsTabOnCanada" finished-at="2025-04-01T22:36:23 ART" duration-ms="2201" status="PASS">
          <reporter-output>
          </reporter-output>
        </test-method> <!-- testGoingNewsTabOnCanada -->
        <test-method signature="testGoingToQuizzesTabOnCanada()[pri:177, instance:testModules.home.fullFlowLambda@74e28667]" started-at="2025-04-01T22:36:23 ART" name="testGoingToQuizzesTabOnCanada" finished-at="2025-04-01T22:36:27 ART" duration-ms="4276" status="PASS">
          <reporter-output>
          </reporter-output>
        </test-method> <!-- testGoingToQuizzesTabOnCanada -->
        <test-method signature="testTapOnTrendingCategoryOnCanada()[pri:178, instance:testModules.home.fullFlowLambda@74e28667]" started-at="2025-04-01T22:36:27 ART" name="testTapOnTrendingCategoryOnCanada" finished-at="2025-04-01T22:36:36 ART" duration-ms="8857" status="PASS">
          <reporter-output>
          </reporter-output>
        </test-method> <!-- testTapOnTrendingCategoryOnCanada -->
        <test-method signature="testTapOnShowdownOnCanada()[pri:179, instance:testModules.home.fullFlowLambda@74e28667]" started-at="2025-04-01T22:36:36 ART" name="testTapOnShowdownOnCanada" finished-at="2025-04-01T22:36:45 ART" duration-ms="9023" status="PASS">
          <reporter-output>
          </reporter-output>
        </test-method> <!-- testTapOnShowdownOnCanada -->
        <test-method signature="testTapOnTriviaCategoryOnCanada()[pri:180, instance:testModules.home.fullFlowLambda@74e28667]" started-at="2025-04-01T22:36:45 ART" name="testTapOnTriviaCategoryOnCanada" finished-at="2025-04-01T22:36:54 ART" duration-ms="8866" status="PASS">
          <reporter-output>
          </reporter-output>
        </test-method> <!-- testTapOnTriviaCategoryOnCanada -->
        <test-method signature="testTapOnCanWeGuessCategory()[pri:181, instance:testModules.home.fullFlowLambda@74e28667]" started-at="2025-04-01T22:36:54 ART" name="testTapOnCanWeGuessCategory" finished-at="2025-04-01T22:37:03 ART" duration-ms="8849" status="PASS">
          <reporter-output>
          </reporter-output>
        </test-method> <!-- testTapOnCanWeGuessCategory -->
        <test-method signature="testOnMoreOnCanada()[pri:182, instance:testModules.home.fullFlowLambda@74e28667]" started-at="2025-04-01T22:37:03 ART" name="testOnMoreOnCanada" finished-at="2025-04-01T22:37:06 ART" duration-ms="3392" status="PASS">
          <reporter-output>
          </reporter-output>
        </test-method> <!-- testOnMoreOnCanada -->
        <test-method signature="testTapOnTaylorSwiftOnCanada()[pri:183, instance:testModules.home.fullFlowLambda@74e28667]" started-at="2025-04-01T22:37:06 ART" name="testTapOnTaylorSwiftOnCanada" finished-at="2025-04-01T22:37:15 ART" duration-ms="8840" status="PASS">
          <reporter-output>
          </reporter-output>
        </test-method> <!-- testTapOnTaylorSwiftOnCanada -->
        <test-method signature="testTapOnMarvelOnCanada()[pri:184, instance:testModules.home.fullFlowLambda@74e28667]" started-at="2025-04-01T22:37:15 ART" name="testTapOnMarvelOnCanada" finished-at="2025-04-01T22:37:23 ART" duration-ms="8554" status="PASS">
          <reporter-output>
          </reporter-output>
        </test-method> <!-- testTapOnMarvelOnCanada -->
        <test-method signature="testTapOnZodiacOnCanada()[pri:185, instance:testModules.home.fullFlowLambda@74e28667]" started-at="2025-04-01T22:37:23 ART" name="testTapOnZodiacOnCanada" finished-at="2025-04-01T22:37:32 ART" duration-ms="8547" status="PASS">
          <reporter-output>
          </reporter-output>
        </test-method> <!-- testTapOnZodiacOnCanada -->
        <test-method signature="testTapOnHarryPotterOnCanada()[pri:186, instance:testModules.home.fullFlowLambda@74e28667]" started-at="2025-04-01T22:37:32 ART" name="testTapOnHarryPotterOnCanada" finished-at="2025-04-01T22:37:40 ART" duration-ms="8543" status="PASS">
          <reporter-output>
          </reporter-output>
        </test-method> <!-- testTapOnHarryPotterOnCanada -->
        <test-method signature="testTapOnAnimeOnCanada()[pri:187, instance:testModules.home.fullFlowLambda@74e28667]" started-at="2025-04-01T22:37:40 ART" name="testTapOnAnimeOnCanada" finished-at="2025-04-01T22:37:49 ART" duration-ms="8488" status="PASS">
          <reporter-output>
          </reporter-output>
        </test-method> <!-- testTapOnAnimeOnCanada -->
        <test-method signature="testTapOnKPopOnCanada()[pri:188, instance:testModules.home.fullFlowLambda@74e28667]" started-at="2025-04-01T22:37:49 ART" name="testTapOnKPopOnCanada" finished-at="2025-04-01T22:37:57 ART" duration-ms="8450" status="PASS">
          <reporter-output>
          </reporter-output>
        </test-method> <!-- testTapOnKPopOnCanada -->
        <test-method signature="testTapOnGeographyOnCanada()[pri:189, instance:testModules.home.fullFlowLambda@74e28667]" started-at="2025-04-01T22:37:57 ART" name="testTapOnGeographyOnCanada" finished-at="2025-04-01T22:38:07 ART" duration-ms="9210" status="PASS">
          <reporter-output>
          </reporter-output>
        </test-method> <!-- testTapOnGeographyOnCanada -->
        <test-method signature="testTapOnChecklistOnCanada()[pri:190, instance:testModules.home.fullFlowLambda@74e28667]" started-at="2025-04-01T22:38:07 ART" name="testTapOnChecklistOnCanada" finished-at="2025-04-01T22:38:19 ART" duration-ms="12559" status="PASS">
          <reporter-output>
          </reporter-output>
        </test-method> <!-- testTapOnChecklistOnCanada -->
        <test-method signature="tapGamesTabOnCanada()[pri:191, instance:testModules.home.fullFlowLambda@74e28667]" started-at="2025-04-01T22:38:19 ART" name="tapGamesTabOnCanada" finished-at="2025-04-01T22:38:32 ART" duration-ms="12598" status="PASS">
          <reporter-output>
          </reporter-output>
        </test-method> <!-- tapGamesTabOnCanada -->
        <test-method signature="testIndiaEditionIsPresent()[pri:192, instance:testModules.home.fullFlowLambda@74e28667]" started-at="2025-04-01T22:38:32 ART" name="testIndiaEditionIsPresent" finished-at="2025-04-01T22:38:40 ART" duration-ms="8289" status="PASS">
          <reporter-output>
          </reporter-output>
        </test-method> <!-- testIndiaEditionIsPresent -->
        <test-method signature="testLatestSubTabOnIndia()[pri:193, instance:testModules.home.fullFlowLambda@74e28667]" started-at="2025-04-01T22:38:40 ART" name="testLatestSubTabOnIndia" finished-at="2025-04-01T22:38:40 ART" duration-ms="0" status="PASS">
          <reporter-output>
          </reporter-output>
        </test-method> <!-- testLatestSubTabOnIndia -->
        <test-method signature="testTrendingSubTabOnIndia()[pri:194, instance:testModules.home.fullFlowLambda@74e28667]" started-at="2025-04-01T22:38:40 ART" name="testTrendingSubTabOnIndia" finished-at="2025-04-01T22:38:48 ART" duration-ms="7855" status="PASS">
          <reporter-output>
          </reporter-output>
        </test-method> <!-- testTrendingSubTabOnIndia -->
        <test-method signature="testFunnyTweetsSubTabOnIndia()[pri:195, instance:testModules.home.fullFlowLambda@74e28667]" started-at="2025-04-01T22:38:48 ART" name="testFunnyTweetsSubTabOnIndia" finished-at="2025-04-01T22:38:54 ART" duration-ms="6108" status="PASS">
          <reporter-output>
          </reporter-output>
        </test-method> <!-- testFunnyTweetsSubTabOnIndia -->
        <test-method signature="testGamesSubTabOnIndia()[pri:196, instance:testModules.home.fullFlowLambda@74e28667]" started-at="2025-04-01T22:38:54 ART" name="testGamesSubTabOnIndia" finished-at="2025-04-01T22:38:58 ART" duration-ms="3622" status="PASS">
          <reporter-output>
          </reporter-output>
        </test-method> <!-- testGamesSubTabOnIndia -->
        <test-method signature="testLatestsSubTabOnIndia()[pri:197, instance:testModules.home.fullFlowLambda@74e28667]" started-at="2025-04-01T22:38:58 ART" name="testLatestsSubTabOnIndia" finished-at="2025-04-01T22:39:03 ART" duration-ms="5450" status="PASS">
          <reporter-output>
          </reporter-output>
        </test-method> <!-- testLatestsSubTabOnIndia -->
        <test-method signature="testRandomSubTabOnIndia()[pri:198, instance:testModules.home.fullFlowLambda@74e28667]" started-at="2025-04-01T22:39:03 ART" name="testRandomSubTabOnIndia" finished-at="2025-04-01T22:39:05 ART" duration-ms="2000" status="PASS">
          <reporter-output>
          </reporter-output>
        </test-method> <!-- testRandomSubTabOnIndia -->
        <test-method signature="testGossipSubTabOnIndia()[pri:199, instance:testModules.home.fullFlowLambda@74e28667]" started-at="2025-04-01T22:39:05 ART" name="testGossipSubTabOnIndia" finished-at="2025-04-01T22:39:09 ART" duration-ms="3535" status="PASS">
          <reporter-output>
          </reporter-output>
        </test-method> <!-- testGossipSubTabOnIndia -->
        <test-method signature="testGayStuffpSubTabOnIndia()[pri:200, instance:testModules.home.fullFlowLambda@74e28667]" started-at="2025-04-01T22:39:09 ART" name="testGayStuffpSubTabOnIndia" finished-at="2025-04-01T22:39:18 ART" duration-ms="9718" status="PASS">
          <reporter-output>
          </reporter-output>
        </test-method> <!-- testGayStuffpSubTabOnIndia -->
        <test-method signature="tapOnMore1OnIndia()[pri:201, instance:testModules.home.fullFlowLambda@74e28667]" started-at="2025-04-01T22:39:18 ART" name="tapOnMore1OnIndia" finished-at="2025-04-01T22:39:24 ART" duration-ms="5281" status="PASS">
          <reporter-output>
          </reporter-output>
        </test-method> <!-- tapOnMore1OnIndia -->
        <test-method signature="testEntertainmentSubTabOnIndia()[pri:202, instance:testModules.home.fullFlowLambda@74e28667]" started-at="2025-04-01T22:39:24 ART" name="testEntertainmentSubTabOnIndia" finished-at="2025-04-01T22:39:33 ART" duration-ms="9599" status="PASS">
          <reporter-output>
          </reporter-output>
        </test-method> <!-- testEntertainmentSubTabOnIndia -->
        <test-method signature="testAnimalsSubTabOnIndia()[pri:203, instance:testModules.home.fullFlowLambda@74e28667]" started-at="2025-04-01T22:39:33 ART" name="testAnimalsSubTabOnIndia" finished-at="2025-04-01T22:39:40 ART" duration-ms="6865" status="PASS">
          <reporter-output>
          </reporter-output>
        </test-method> <!-- testAnimalsSubTabOnIndia -->
        <test-method signature="testBooksSubTabOnIndia()[pri:204, instance:testModules.home.fullFlowLambda@74e28667]" started-at="2025-04-01T22:39:40 ART" name="testBooksSubTabOnIndia" finished-at="2025-04-01T22:39:48 ART" duration-ms="7802" status="PASS">
          <reporter-output>
          </reporter-output>
        </test-method> <!-- testBooksSubTabOnIndia -->
        <test-method signature="testCommunitySubTabOnIndia()[pri:205, instance:testModules.home.fullFlowLambda@74e28667]" started-at="2025-04-01T22:39:48 ART" name="testCommunitySubTabOnIndia" finished-at="2025-04-01T22:39:59 ART" duration-ms="10838" status="PASS">
          <reporter-output>
          </reporter-output>
        </test-method> <!-- testCommunitySubTabOnIndia -->
        <test-method signature="testFoodSubTabOnIndia()[pri:205, instance:testModules.home.fullFlowLambda@74e28667]" started-at="2025-04-01T22:39:59 ART" name="testFoodSubTabOnIndia" finished-at="2025-04-01T22:40:06 ART" duration-ms="7672" status="PASS">
          <reporter-output>
          </reporter-output>
        </test-method> <!-- testFoodSubTabOnIndia -->
        <test-method signature="testMusicSubTabOnIndia()[pri:206, instance:testModules.home.fullFlowLambda@74e28667]" started-at="2025-04-01T22:40:06 ART" name="testMusicSubTabOnIndia" finished-at="2025-04-01T22:40:15 ART" duration-ms="8491" status="PASS">
          <reporter-output>
          </reporter-output>
        </test-method> <!-- testMusicSubTabOnIndia -->
        <test-method signature="testNiftySubTabOnIndia()[pri:207, instance:testModules.home.fullFlowLambda@74e28667]" started-at="2025-04-01T22:40:15 ART" name="testNiftySubTabOnIndia" finished-at="2025-04-01T22:40:26 ART" duration-ms="10673" status="PASS">
          <reporter-output>
          </reporter-output>
        </test-method> <!-- testNiftySubTabOnIndia -->
        <test-method signature="testParentsSubTabOnIndia()[pri:208, instance:testModules.home.fullFlowLambda@74e28667]" started-at="2025-04-01T22:40:26 ART" name="testParentsSubTabOnIndia" finished-at="2025-04-01T22:40:36 ART" duration-ms="10832" status="PASS">
          <reporter-output>
          </reporter-output>
        </test-method> <!-- testParentsSubTabOnIndia -->
        <test-method signature="testRewindSubTabOnIndia()[pri:209, instance:testModules.home.fullFlowLambda@74e28667]" started-at="2025-04-01T22:40:36 ART" name="testRewindSubTabOnIndia" finished-at="2025-04-01T22:40:47 ART" duration-ms="10831" status="PASS">
          <reporter-output>
          </reporter-output>
        </test-method> <!-- testRewindSubTabOnIndia -->
        <test-method signature="testStyleSubTabOnIndia()[pri:210, instance:testModules.home.fullFlowLambda@74e28667]" started-at="2025-04-01T22:40:47 ART" name="testStyleSubTabOnIndia" finished-at="2025-04-01T22:41:00 ART" duration-ms="12727" status="PASS">
          <reporter-output>
          </reporter-output>
        </test-method> <!-- testStyleSubTabOnIndia -->
        <test-method signature="testTravelHomeSubTabOnIndia()[pri:211, instance:testModules.home.fullFlowLambda@74e28667]" started-at="2025-04-01T22:41:00 ART" name="testTravelHomeSubTabOnIndia" finished-at="2025-04-01T22:41:12 ART" duration-ms="12494" status="PASS">
          <reporter-output>
          </reporter-output>
        </test-method> <!-- testTravelHomeSubTabOnIndia -->
        <test-method signature="testTravelSubTabOnIndia()[pri:212, instance:testModules.home.fullFlowLambda@74e28667]" started-at="2025-04-01T22:41:12 ART" name="testTravelSubTabOnIndia" finished-at="2025-04-01T22:41:15 ART" duration-ms="2677" status="PASS">
          <reporter-output>
          </reporter-output>
        </test-method> <!-- testTravelSubTabOnIndia -->
        <test-method signature="testGoingNewsTabOnIndia()[pri:213, instance:testModules.home.fullFlowLambda@74e28667]" started-at="2025-04-01T22:41:15 ART" name="testGoingNewsTabOnIndia" finished-at="2025-04-01T22:41:16 ART" duration-ms="1362" status="PASS">
          <reporter-output>
          </reporter-output>
        </test-method> <!-- testGoingNewsTabOnIndia -->
        <test-method signature="testGoingToQuizzesTabOnIndia()[pri:214, instance:testModules.home.fullFlowLambda@74e28667]" started-at="2025-04-01T22:41:16 ART" name="testGoingToQuizzesTabOnIndia" finished-at="2025-04-01T22:41:18 ART" duration-ms="1340" status="PASS">
          <reporter-output>
          </reporter-output>
        </test-method> <!-- testGoingToQuizzesTabOnIndia -->
        <test-method signature="testTapOnTrendingCategoryOnIndia()[pri:215, instance:testModules.home.fullFlowLambda@74e28667]" started-at="2025-04-01T22:41:18 ART" name="testTapOnTrendingCategoryOnIndia" finished-at="2025-04-01T22:41:22 ART" duration-ms="4522" status="PASS">
          <reporter-output>
          </reporter-output>
        </test-method> <!-- testTapOnTrendingCategoryOnIndia -->
        <test-method signature="testTapOnSHowdoenOnIndia()[pri:216, instance:testModules.home.fullFlowLambda@74e28667]" started-at="2025-04-01T22:41:22 ART" name="testTapOnSHowdoenOnIndia" finished-at="2025-04-01T22:41:27 ART" duration-ms="4820" status="PASS">
          <reporter-output>
          </reporter-output>
        </test-method> <!-- testTapOnSHowdoenOnIndia -->
        <test-method signature="tapGamesTabOnIndia2()[pri:217, instance:testModules.home.fullFlowLambda@74e28667]" started-at="2025-04-01T22:41:27 ART" name="tapGamesTabOnIndia2" finished-at="2025-04-01T22:41:38 ART" duration-ms="11006" status="PASS">
          <reporter-output>
          </reporter-output>
        </test-method> <!-- tapGamesTabOnIndia2 -->
        <test-method signature="testUKEditionIsPresent()[pri:218, instance:testModules.home.fullFlowLambda@74e28667]" started-at="2025-04-01T22:41:38 ART" name="testUKEditionIsPresent" finished-at="2025-04-01T22:41:46 ART" duration-ms="7560" status="PASS">
          <reporter-output>
          </reporter-output>
        </test-method> <!-- testUKEditionIsPresent -->
        <test-method signature="testLatestSubTabONUK()[pri:219, instance:testModules.home.fullFlowLambda@74e28667]" started-at="2025-04-01T22:41:46 ART" name="testLatestSubTabONUK" finished-at="2025-04-01T22:41:46 ART" duration-ms="0" status="PASS">
          <reporter-output>
          </reporter-output>
        </test-method> <!-- testLatestSubTabONUK -->
        <test-method signature="testTrendingSubTabONUK()[pri:220, instance:testModules.home.fullFlowLambda@74e28667]" started-at="2025-04-01T22:41:46 ART" name="testTrendingSubTabONUK" finished-at="2025-04-01T22:41:53 ART" duration-ms="7621" status="PASS">
          <reporter-output>
          </reporter-output>
        </test-method> <!-- testTrendingSubTabONUK -->
        <test-method signature="testFunnyTweetsSubTabONUK()[pri:221, instance:testModules.home.fullFlowLambda@74e28667]" started-at="2025-04-01T22:41:53 ART" name="testFunnyTweetsSubTabONUK" finished-at="2025-04-01T22:41:59 ART" duration-ms="5872" status="PASS">
          <reporter-output>
          </reporter-output>
        </test-method> <!-- testFunnyTweetsSubTabONUK -->
        <test-method signature="testGamesSubTabONUK()[pri:222, instance:testModules.home.fullFlowLambda@74e28667]" started-at="2025-04-01T22:41:59 ART" name="testGamesSubTabONUK" finished-at="2025-04-01T22:42:03 ART" duration-ms="3921" status="PASS">
          <reporter-output>
          </reporter-output>
        </test-method> <!-- testGamesSubTabONUK -->
        <test-method signature="testLatestsSubTabONUK()[pri:223, instance:testModules.home.fullFlowLambda@74e28667]" started-at="2025-04-01T22:42:03 ART" name="testLatestsSubTabONUK" finished-at="2025-04-01T22:42:08 ART" duration-ms="5103" status="PASS">
          <reporter-output>
          </reporter-output>
        </test-method> <!-- testLatestsSubTabONUK -->
        <test-method signature="testRandomSubTabONUK()[pri:224, instance:testModules.home.fullFlowLambda@74e28667]" started-at="2025-04-01T22:42:08 ART" name="testRandomSubTabONUK" finished-at="2025-04-01T22:42:10 ART" duration-ms="2071" status="PASS">
          <reporter-output>
          </reporter-output>
        </test-method> <!-- testRandomSubTabONUK -->
        <test-method signature="testGossipSubTabONUK()[pri:225, instance:testModules.home.fullFlowLambda@74e28667]" started-at="2025-04-01T22:42:10 ART" name="testGossipSubTabONUK" finished-at="2025-04-01T22:42:14 ART" duration-ms="3586" status="PASS">
          <reporter-output>
          </reporter-output>
        </test-method> <!-- testGossipSubTabONUK -->
        <test-method signature="testGayStuffpSubTabONUK()[pri:226, instance:testModules.home.fullFlowLambda@74e28667]" started-at="2025-04-01T22:42:14 ART" name="testGayStuffpSubTabONUK" finished-at="2025-04-01T22:42:24 ART" duration-ms="9699" status="PASS">
          <reporter-output>
          </reporter-output>
        </test-method> <!-- testGayStuffpSubTabONUK -->
        <test-method signature="tapOnMore1ONUK()[pri:227, instance:testModules.home.fullFlowLambda@74e28667]" started-at="2025-04-01T22:42:24 ART" name="tapOnMore1ONUK" finished-at="2025-04-01T22:42:29 ART" duration-ms="5565" status="PASS">
          <reporter-output>
          </reporter-output>
        </test-method> <!-- tapOnMore1ONUK -->
        <test-method signature="testEntertainmentSubTabONUK()[pri:228, instance:testModules.home.fullFlowLambda@74e28667]" started-at="2025-04-01T22:42:29 ART" name="testEntertainmentSubTabONUK" finished-at="2025-04-01T22:42:39 ART" duration-ms="9608" status="PASS">
          <reporter-output>
          </reporter-output>
        </test-method> <!-- testEntertainmentSubTabONUK -->
        <test-method signature="testAnimalsSubTabONUK()[pri:229, instance:testModules.home.fullFlowLambda@74e28667]" started-at="2025-04-01T22:42:39 ART" name="testAnimalsSubTabONUK" finished-at="2025-04-01T22:42:45 ART" duration-ms="6645" status="PASS">
          <reporter-output>
          </reporter-output>
        </test-method> <!-- testAnimalsSubTabONUK -->
        <test-method signature="testBooksSubTabONUK()[pri:230, instance:testModules.home.fullFlowLambda@74e28667]" started-at="2025-04-01T22:42:45 ART" name="testBooksSubTabONUK" finished-at="2025-04-01T22:42:53 ART" duration-ms="7738" status="PASS">
          <reporter-output>
          </reporter-output>
        </test-method> <!-- testBooksSubTabONUK -->
        <test-method signature="testFoodSubTabONUK()[pri:231, instance:testModules.home.fullFlowLambda@74e28667]" started-at="2025-04-01T22:42:53 ART" name="testFoodSubTabONUK" finished-at="2025-04-01T22:43:01 ART" duration-ms="7729" status="PASS">
          <reporter-output>
          </reporter-output>
        </test-method> <!-- testFoodSubTabONUK -->
        <test-method signature="testCommunitySubTabONUK()[pri:232, instance:testModules.home.fullFlowLambda@74e28667]" started-at="2025-04-01T22:43:01 ART" name="testCommunitySubTabONUK" finished-at="2025-04-01T22:43:12 ART" duration-ms="10832" status="PASS">
          <reporter-output>
          </reporter-output>
        </test-method> <!-- testCommunitySubTabONUK -->
        <test-method signature="testMusicSubTabONUK()[pri:233, instance:testModules.home.fullFlowLambda@74e28667]" started-at="2025-04-01T22:43:12 ART" name="testMusicSubTabONUK" finished-at="2025-04-01T22:43:20 ART" duration-ms="8472" status="PASS">
          <reporter-output>
          </reporter-output>
        </test-method> <!-- testMusicSubTabONUK -->
        <test-method signature="testNiftySubTabONUK()[pri:234, instance:testModules.home.fullFlowLambda@74e28667]" started-at="2025-04-01T22:43:20 ART" name="testNiftySubTabONUK" finished-at="2025-04-01T22:43:31 ART" duration-ms="10804" status="PASS">
          <reporter-output>
          </reporter-output>
        </test-method> <!-- testNiftySubTabONUK -->
        <test-method signature="testParentsSubTabONUK()[pri:235, instance:testModules.home.fullFlowLambda@74e28667]" started-at="2025-04-01T22:43:31 ART" name="testParentsSubTabONUK" finished-at="2025-04-01T22:43:42 ART" duration-ms="10740" status="PASS">
          <reporter-output>
          </reporter-output>
        </test-method> <!-- testParentsSubTabONUK -->
        <test-method signature="testRewindSubTabONUK()[pri:236, instance:testModules.home.fullFlowLambda@74e28667]" started-at="2025-04-01T22:43:42 ART" name="testRewindSubTabONUK" finished-at="2025-04-01T22:43:53 ART" duration-ms="10920" status="PASS">
          <reporter-output>
          </reporter-output>
        </test-method> <!-- testRewindSubTabONUK -->
        <test-method signature="testStyleSubTabONUK()[pri:237, instance:testModules.home.fullFlowLambda@74e28667]" started-at="2025-04-01T22:43:53 ART" name="testStyleSubTabONUK" finished-at="2025-04-01T22:44:05 ART" duration-ms="12579" status="PASS">
          <reporter-output>
          </reporter-output>
        </test-method> <!-- testStyleSubTabONUK -->
        <test-method signature="testTravelHomeSubTabONUK()[pri:238, instance:testModules.home.fullFlowLambda@74e28667]" started-at="2025-04-01T22:44:05 ART" name="testTravelHomeSubTabONUK" finished-at="2025-04-01T22:44:18 ART" duration-ms="12647" status="PASS">
          <reporter-output>
          </reporter-output>
        </test-method> <!-- testTravelHomeSubTabONUK -->
        <test-method signature="testTravelSubTabONUK()[pri:239, instance:testModules.home.fullFlowLambda@74e28667]" started-at="2025-04-01T22:44:18 ART" name="testTravelSubTabONUK" finished-at="2025-04-01T22:44:21 ART" duration-ms="2741" status="PASS">
          <reporter-output>
          </reporter-output>
        </test-method> <!-- testTravelSubTabONUK -->
        <test-method signature="testGoingNewsTabOnUK()[pri:240, instance:testModules.home.fullFlowLambda@74e28667]" started-at="2025-04-01T22:44:21 ART" name="testGoingNewsTabOnUK" finished-at="2025-04-01T22:44:22 ART" duration-ms="1363" status="PASS">
          <reporter-output>
          </reporter-output>
        </test-method> <!-- testGoingNewsTabOnUK -->
        <test-method signature="testGoingToQuizzesTabOnUK()[pri:241, instance:testModules.home.fullFlowLambda@74e28667]" started-at="2025-04-01T22:44:22 ART" name="testGoingToQuizzesTabOnUK" finished-at="2025-04-01T22:44:23 ART" duration-ms="1301" status="PASS">
          <reporter-output>
          </reporter-output>
        </test-method> <!-- testGoingToQuizzesTabOnUK -->
        <test-method signature="testTapOnTrendingCategoryOnUK()[pri:242, instance:testModules.home.fullFlowLambda@74e28667]" started-at="2025-04-01T22:44:23 ART" name="testTapOnTrendingCategoryOnUK" finished-at="2025-04-01T22:44:28 ART" duration-ms="4720" status="PASS">
          <reporter-output>
          </reporter-output>
        </test-method> <!-- testTapOnTrendingCategoryOnUK -->
        <test-method signature="testTapOnShowdownCategoryOnUK()[pri:243, instance:testModules.home.fullFlowLambda@74e28667]" started-at="2025-04-01T22:44:28 ART" name="testTapOnShowdownCategoryOnUK" finished-at="2025-04-01T22:44:33 ART" duration-ms="4549" status="PASS">
          <reporter-output>
          </reporter-output>
        </test-method> <!-- testTapOnShowdownCategoryOnUK -->
        <test-method signature="testTapOnTriviaCategoryOnUK()[pri:244, instance:testModules.home.fullFlowLambda@74e28667]" started-at="2025-04-01T22:44:33 ART" name="testTapOnTriviaCategoryOnUK" finished-at="2025-04-01T22:44:37 ART" duration-ms="4884" status="PASS">
          <reporter-output>
          </reporter-output>
        </test-method> <!-- testTapOnTriviaCategoryOnUK -->
        <test-method signature="testTapOnCanWeGuessOnUK()[pri:245, instance:testModules.home.fullFlowLambda@74e28667]" started-at="2025-04-01T22:44:37 ART" name="testTapOnCanWeGuessOnUK" finished-at="2025-04-01T22:44:42 ART" duration-ms="4578" status="PASS">
          <reporter-output>
          </reporter-output>
        </test-method> <!-- testTapOnCanWeGuessOnUK -->
        <test-method signature="testTapOnMOreOnUK()[pri:246, instance:testModules.home.fullFlowLambda@74e28667]" started-at="2025-04-01T22:44:42 ART" name="testTapOnMOreOnUK" finished-at="2025-04-01T22:44:45 ART" duration-ms="3263" status="PASS">
          <reporter-output>
          </reporter-output>
        </test-method> <!-- testTapOnMOreOnUK -->
        <test-method signature="testTapOnPollsUK()[pri:247, instance:testModules.home.fullFlowLambda@74e28667]" started-at="2025-04-01T22:44:45 ART" name="testTapOnPollsUK" finished-at="2025-04-01T22:44:50 ART" duration-ms="4561" status="PASS">
          <reporter-output>
          </reporter-output>
        </test-method> <!-- testTapOnPollsUK -->
        <test-method signature="testTapOnTaylorSwiftUK()[pri:248, instance:testModules.home.fullFlowLambda@74e28667]" started-at="2025-04-01T22:44:50 ART" name="testTapOnTaylorSwiftUK" finished-at="2025-04-01T22:44:54 ART" duration-ms="4558" status="PASS">
          <reporter-output>
          </reporter-output>
        </test-method> <!-- testTapOnTaylorSwiftUK -->
        <test-method signature="testTapOnMarvelUK()[pri:249, instance:testModules.home.fullFlowLambda@74e28667]" started-at="2025-04-01T22:44:54 ART" name="testTapOnMarvelUK" finished-at="2025-04-01T22:44:59 ART" duration-ms="4595" status="PASS">
          <reporter-output>
          </reporter-output>
        </test-method> <!-- testTapOnMarvelUK -->
        <test-method signature="testTapOnZodiacUK()[pri:250, instance:testModules.home.fullFlowLambda@74e28667]" started-at="2025-04-01T22:44:59 ART" name="testTapOnZodiacUK" finished-at="2025-04-01T22:45:04 ART" duration-ms="4774" status="PASS">
          <reporter-output>
          </reporter-output>
        </test-method> <!-- testTapOnZodiacUK -->
        <test-method signature="testTapOnHarryPotterUK()[pri:251, instance:testModules.home.fullFlowLambda@74e28667]" started-at="2025-04-01T22:45:04 ART" name="testTapOnHarryPotterUK" finished-at="2025-04-01T22:45:08 ART" duration-ms="4528" status="PASS">
          <reporter-output>
          </reporter-output>
        </test-method> <!-- testTapOnHarryPotterUK -->
        <test-method signature="testTapOnAnimeUK()[pri:252, instance:testModules.home.fullFlowLambda@74e28667]" started-at="2025-04-01T22:45:08 ART" name="testTapOnAnimeUK" finished-at="2025-04-01T22:45:13 ART" duration-ms="4597" status="PASS">
          <reporter-output>
          </reporter-output>
        </test-method> <!-- testTapOnAnimeUK -->
        <test-method signature="testTapOnKpopOnUK()[pri:253, instance:testModules.home.fullFlowLambda@74e28667]" started-at="2025-04-01T22:45:13 ART" name="testTapOnKpopOnUK" finished-at="2025-04-01T22:45:18 ART" duration-ms="4624" status="PASS">
          <reporter-output>
          </reporter-output>
        </test-method> <!-- testTapOnKpopOnUK -->
        <test-method signature="testTapOnChecklistUK()[pri:254, instance:testModules.home.fullFlowLambda@74e28667]" started-at="2025-04-01T22:45:18 ART" name="testTapOnChecklistUK" finished-at="2025-04-01T22:45:22 ART" duration-ms="4579" status="PASS">
          <reporter-output>
          </reporter-output>
        </test-method> <!-- testTapOnChecklistUK -->
        <test-method signature="tapGamesTabOnUK()[pri:255, instance:testModules.home.fullFlowLambda@74e28667]" started-at="2025-04-01T22:45:22 ART" name="tapGamesTabOnUK" finished-at="2025-04-01T22:45:31 ART" duration-ms="8708" status="PASS">
          <reporter-output>
          </reporter-output>
        </test-method> <!-- tapGamesTabOnUK -->
        <test-method signature="testLatamEditionIsPresent()[pri:256, instance:testModules.home.fullFlowLambda@74e28667]" started-at="2025-04-01T22:45:31 ART" name="testLatamEditionIsPresent" finished-at="2025-04-01T22:45:34 ART" duration-ms="3443" status="PASS">
          <reporter-output>
          </reporter-output>
        </test-method> <!-- testLatamEditionIsPresent -->
        <test-method signature="testLoUltimoSubTab()[pri:257, instance:testModules.home.fullFlowLambda@74e28667]" started-at="2025-04-01T22:45:34 ART" name="testLoUltimoSubTab" finished-at="2025-04-01T22:45:34 ART" duration-ms="0" status="PASS">
          <reporter-output>
          </reporter-output>
        </test-method> <!-- testLoUltimoSubTab -->
        <test-method signature="testTendenciasSubTab()[pri:258, instance:testModules.home.fullFlowLambda@74e28667]" started-at="2025-04-01T22:45:34 ART" name="testTendenciasSubTab" finished-at="2025-04-01T22:45:35 ART" duration-ms="445" status="PASS">
          <reporter-output>
          </reporter-output>
        </test-method> <!-- testTendenciasSubTab -->
        <test-method signature="testJapanEditionIsPresent()[pri:259, instance:testModules.home.fullFlowLambda@74e28667]" started-at="2025-04-01T22:45:35 ART" name="testJapanEditionIsPresent" finished-at="2025-04-01T22:45:38 ART" duration-ms="3544" status="PASS">
          <reporter-output>
          </reporter-output>
        </test-method> <!-- testJapanEditionIsPresent -->
        <test-method signature="testShoppingTabJapan()[pri:260, instance:testModules.home.fullFlowLambda@74e28667]" started-at="2025-04-01T22:45:38 ART" name="testShoppingTabJapan" finished-at="2025-04-01T22:45:39 ART" duration-ms="441" status="PASS">
          <reporter-output>
          </reporter-output>
        </test-method> <!-- testShoppingTabJapan -->
        <test-method signature="testGoingToQuizzesTabOnJapan()[pri:261, instance:testModules.home.fullFlowLambda@74e28667]" started-at="2025-04-01T22:45:39 ART" name="testGoingToQuizzesTabOnJapan" finished-at="2025-04-01T22:45:43 ART" duration-ms="4338" status="PASS">
          <reporter-output>
          </reporter-output>
        </test-method> <!-- testGoingToQuizzesTabOnJapan -->
        <test-method is-config="true" signature="tearSuite()[pri:0, instance:testModules.home.fullFlowLambda@74e28667]" started-at="2025-04-01T22:45:43 ART" name="tearSuite" finished-at="2025-04-01T22:45:43 ART" duration-ms="173" status="PASS">
          <reporter-output>
          </reporter-output>
        </test-method> <!-- tearSuite -->
      </class> <!-- testModules.home.fullFlowLambda -->
    </test> <!-- Phone 15 Plus -->
    <test started-at="2025-04-01T22:05:39 ART" name="Phone 15 Pro" finished-at="2025-04-01T22:47:34 ART" duration-ms="2515623">
      <class name="testModules.home.fullFlowLambda">
        <test-method is-config="true" signature="setUp(java.lang.String,java.lang.String)[pri:0, instance:testModules.home.fullFlowLambda@2ddc9a9f]" started-at="2025-04-01T22:05:39 ART" name="setUp" finished-at="2025-04-01T22:06:09 ART" duration-ms="30200" status="PASS">
          <params>
            <param index="0">
              <value>
                <![CDATA[iPhone 15 Pro]]>
              </value>
            </param>
            <param index="1">
              <value>
                <![CDATA[17]]>
              </value>
            </param>
          </params>
          <reporter-output>
          </reporter-output>
        </test-method> <!-- setUp -->
        <test-method is-config="true" signature="initializePages()[pri:0, instance:testModules.home.fullFlowLambda@2ddc9a9f]" started-at="2025-04-01T22:06:09 ART" name="initializePages" finished-at="2025-04-01T22:06:17 ART" duration-ms="7895" status="PASS">
          <reporter-output>
          </reporter-output>
        </test-method> <!-- initializePages -->
        <test-method is-config="true" signature="initProcess()[pri:0, instance:testModules.home.fullFlowLambda@2ddc9a9f]" started-at="2025-04-01T22:06:17 ART" name="initProcess" finished-at="2025-04-01T22:08:03 ART" duration-ms="106125" status="PASS">
          <reporter-output>
          </reporter-output>
        </test-method> <!-- initProcess -->
        <test-method signature="validateSeeAll()[pri:1, instance:testModules.home.fullFlowLambda@2ddc9a9f]" started-at="2025-04-01T22:08:03 ART" name="validateSeeAll" finished-at="2025-04-01T22:08:12 ART" duration-ms="9234" status="PASS">
          <reporter-output>
          </reporter-output>
        </test-method> <!-- validateSeeAll -->
        <test-method signature="validateMoreButton()[pri:3, instance:testModules.home.fullFlowLambda@2ddc9a9f]" started-at="2025-04-01T22:08:12 ART" name="validateMoreButton" finished-at="2025-04-01T22:10:49 ART" duration-ms="156469" status="PASS">
          <reporter-output>
          </reporter-output>
        </test-method> <!-- validateMoreButton -->
        <test-method signature="validateForYOu()[pri:5, instance:testModules.home.fullFlowLambda@2ddc9a9f]" started-at="2025-04-01T22:10:49 ART" name="validateForYOu" finished-at="2025-04-01T22:11:03 ART" duration-ms="14658" status="PASS">
          <reporter-output>
          </reporter-output>
        </test-method> <!-- validateForYOu -->
        <test-method signature="validateCreatorsCarrousel()[pri:6, instance:testModules.home.fullFlowLambda@2ddc9a9f]" started-at="2025-04-01T22:11:03 ART" name="validateCreatorsCarrousel" finished-at="2025-04-01T22:11:37 ART" duration-ms="33729" status="PASS">
          <reporter-output>
          </reporter-output>
        </test-method> <!-- validateCreatorsCarrousel -->
        <test-method signature="validateDailyTriviaCell()[pri:6, instance:testModules.home.fullFlowLambda@2ddc9a9f]" started-at="2025-04-01T22:11:37 ART" name="validateDailyTriviaCell" finished-at="2025-04-01T22:12:05 ART" duration-ms="27901" status="PASS">
          <reporter-output>
          </reporter-output>
        </test-method> <!-- validateDailyTriviaCell -->
        <test-method signature="validatePyramidSchemeCell()[pri:7, instance:testModules.home.fullFlowLambda@2ddc9a9f]" started-at="2025-04-01T22:12:05 ART" name="validatePyramidSchemeCell" finished-at="2025-04-01T22:12:10 ART" duration-ms="5417" status="PASS">
          <reporter-output>
          </reporter-output>
        </test-method> <!-- validatePyramidSchemeCell -->
        <test-method signature="validateShoppingSection()[pri:8, instance:testModules.home.fullFlowLambda@2ddc9a9f]" started-at="2025-04-01T22:12:10 ART" name="validateShoppingSection" finished-at="2025-04-01T22:12:20 ART" duration-ms="9326" status="PASS">
          <reporter-output>
          </reporter-output>
        </test-method> <!-- validateShoppingSection -->
        <test-method signature="validateOnTheNewsSection()[pri:9, instance:testModules.home.fullFlowLambda@2ddc9a9f]" started-at="2025-04-01T22:12:20 ART" name="validateOnTheNewsSection" finished-at="2025-04-01T22:12:42 ART" duration-ms="21869" status="PASS">
          <reporter-output>
          </reporter-output>
        </test-method> <!-- validateOnTheNewsSection -->
        <test-method signature="moveToNewsTab()[pri:10, instance:testModules.home.fullFlowLambda@2ddc9a9f]" started-at="2025-04-01T22:12:42 ART" name="moveToNewsTab" finished-at="2025-04-01T22:12:49 ART" duration-ms="7696" status="PASS">
          <reporter-output>
          </reporter-output>
        </test-method> <!-- moveToNewsTab -->
        <test-method signature="testNewsHeader()[pri:11, instance:testModules.home.fullFlowLambda@2ddc9a9f]" started-at="2025-04-01T22:12:49 ART" name="testNewsHeader" finished-at="2025-04-01T22:12:52 ART" duration-ms="3122" status="PASS">
          <reporter-output>
          </reporter-output>
        </test-method> <!-- testNewsHeader -->
        <test-method signature="tapOnNewssplash()[pri:12, instance:testModules.home.fullFlowLambda@2ddc9a9f]" started-at="2025-04-01T22:12:52 ART" name="tapOnNewssplash" finished-at="2025-04-01T22:13:02 ART" duration-ms="9123" status="PASS">
          <reporter-output>
          </reporter-output>
        </test-method> <!-- tapOnNewssplash -->
        <test-method signature="testShoppingTab()[pri:13, instance:testModules.home.fullFlowLambda@2ddc9a9f]" started-at="2025-04-01T22:13:02 ART" name="testShoppingTab" finished-at="2025-04-01T22:13:05 ART" duration-ms="3907" status="PASS">
          <reporter-output>
          </reporter-output>
        </test-method> <!-- testShoppingTab -->
        <test-method signature="testShoppingHeaderIsPresent()[pri:14, instance:testModules.home.fullFlowLambda@2ddc9a9f]" started-at="2025-04-01T22:13:05 ART" name="testShoppingHeaderIsPresent" finished-at="2025-04-01T22:13:14 ART" duration-ms="8766" status="PASS">
          <reporter-output>
          </reporter-output>
        </test-method> <!-- testShoppingHeaderIsPresent -->
        <test-method signature="testBeautyCategory()[pri:15, instance:testModules.home.fullFlowLambda@2ddc9a9f]" started-at="2025-04-01T22:13:14 ART" name="testBeautyCategory" finished-at="2025-04-01T22:13:22 ART" duration-ms="7354" status="PASS">
          <reporter-output>
          </reporter-output>
        </test-method> <!-- testBeautyCategory -->
        <test-method signature="testFashionCategory()[pri:16, instance:testModules.home.fullFlowLambda@2ddc9a9f]" started-at="2025-04-01T22:13:22 ART" name="testFashionCategory" finished-at="2025-04-01T22:13:29 ART" duration-ms="7718" status="PASS">
          <reporter-output>
          </reporter-output>
        </test-method> <!-- testFashionCategory -->
        <test-method signature="testHomeCategory()[pri:17, instance:testModules.home.fullFlowLambda@2ddc9a9f]" started-at="2025-04-01T22:13:29 ART" name="testHomeCategory" finished-at="2025-04-01T22:13:37 ART" duration-ms="8177" status="PASS">
          <reporter-output>
          </reporter-output>
        </test-method> <!-- testHomeCategory -->
        <test-method signature="testKidsCategory()[pri:18, instance:testModules.home.fullFlowLambda@2ddc9a9f]" started-at="2025-04-01T22:13:37 ART" name="testKidsCategory" finished-at="2025-04-01T22:13:45 ART" duration-ms="7697" status="PASS">
          <reporter-output>
          </reporter-output>
        </test-method> <!-- testKidsCategory -->
        <test-method signature="testPetsCategory()[pri:19, instance:testModules.home.fullFlowLambda@2ddc9a9f]" started-at="2025-04-01T22:13:45 ART" name="testPetsCategory" finished-at="2025-04-01T22:13:54 ART" duration-ms="8944" status="PASS">
          <reporter-output>
          </reporter-output>
        </test-method> <!-- testPetsCategory -->
        <test-method signature="testSexToysCategory()[pri:20, instance:testModules.home.fullFlowLambda@2ddc9a9f]" started-at="2025-04-01T22:13:54 ART" name="testSexToysCategory" finished-at="2025-04-01T22:14:07 ART" duration-ms="13154" status="PASS">
          <reporter-output>
          </reporter-output>
        </test-method> <!-- testSexToysCategory -->
        <test-method signature="testMore()[pri:21, instance:testModules.home.fullFlowLambda@2ddc9a9f]" started-at="2025-04-01T22:14:07 ART" name="testMore" finished-at="2025-04-01T22:14:19 ART" duration-ms="11783" status="PASS">
          <reporter-output>
          </reporter-output>
        </test-method> <!-- testMore -->
        <test-method signature="validateBeautyAndCareMenu()[pri:22, instance:testModules.home.fullFlowLambda@2ddc9a9f]" started-at="2025-04-01T22:14:19 ART" name="validateBeautyAndCareMenu" finished-at="2025-04-01T22:14:26 ART" duration-ms="7461" status="PASS">
          <reporter-output>
          </reporter-output>
        </test-method> <!-- validateBeautyAndCareMenu -->
        <test-method signature="validateShopAllBeautyAndPersonalCareSubMenu()[pri:23, instance:testModules.home.fullFlowLambda@2ddc9a9f]" started-at="2025-04-01T22:14:26 ART" name="validateShopAllBeautyAndPersonalCareSubMenu" finished-at="2025-04-01T22:14:35 ART" duration-ms="8489" status="PASS">
          <reporter-output>
          </reporter-output>
        </test-method> <!-- validateShopAllBeautyAndPersonalCareSubMenu -->
        <test-method signature="validateHairSubMenu()[pri:24, instance:testModules.home.fullFlowLambda@2ddc9a9f]" started-at="2025-04-01T22:14:35 ART" name="validateHairSubMenu" finished-at="2025-04-01T22:14:44 ART" duration-ms="8908" status="PASS">
          <reporter-output>
          </reporter-output>
        </test-method> <!-- validateHairSubMenu -->
        <test-method signature="validateSMakeUpSubMenu()[pri:25, instance:testModules.home.fullFlowLambda@2ddc9a9f]" started-at="2025-04-01T22:14:44 ART" name="validateSMakeUpSubMenu" finished-at="2025-04-01T22:14:55 ART" duration-ms="10851" status="PASS">
          <reporter-output>
          </reporter-output>
        </test-method> <!-- validateSMakeUpSubMenu -->
        <test-method signature="validateOutDoorProductsSubMenu()[pri:26, instance:testModules.home.fullFlowLambda@2ddc9a9f]" started-at="2025-04-01T22:14:55 ART" name="validateOutDoorProductsSubMenu" finished-at="2025-04-01T22:15:03 ART" duration-ms="8558" status="PASS">
          <reporter-output>
          </reporter-output>
        </test-method> <!-- validateOutDoorProductsSubMenu -->
        <test-method signature="validatePersonalToolsSubMenu()[pri:27, instance:testModules.home.fullFlowLambda@2ddc9a9f]" started-at="2025-04-01T22:15:03 ART" name="validatePersonalToolsSubMenu" finished-at="2025-04-01T22:15:12 ART" duration-ms="8851" status="PASS">
          <reporter-output>
          </reporter-output>
        </test-method> <!-- validatePersonalToolsSubMenu -->
        <test-method signature="validateSkinCareSubMenu()[pri:28, instance:testModules.home.fullFlowLambda@2ddc9a9f]" started-at="2025-04-01T22:15:12 ART" name="validateSkinCareSubMenu" finished-at="2025-04-01T22:15:18 ART" duration-ms="5350" status="PASS">
          <reporter-output>
          </reporter-output>
        </test-method> <!-- validateSkinCareSubMenu -->
        <test-method signature="validateAcneSolutionsSubMenu()[pri:29, instance:testModules.home.fullFlowLambda@2ddc9a9f]" started-at="2025-04-01T22:15:18 ART" name="validateAcneSolutionsSubMenu" finished-at="2025-04-01T22:15:25 ART" duration-ms="7814" status="PASS">
          <reporter-output>
          </reporter-output>
        </test-method> <!-- validateAcneSolutionsSubMenu -->
        <test-method signature="validateBodySubMenu()[pri:30, instance:testModules.home.fullFlowLambda@2ddc9a9f]" started-at="2025-04-01T22:15:25 ART" name="validateBodySubMenu" finished-at="2025-04-01T22:15:33 ART" duration-ms="7421" status="PASS">
          <reporter-output>
          </reporter-output>
        </test-method> <!-- validateBodySubMenu -->
        <test-method signature="validateFaceSubMenu()[pri:31, instance:testModules.home.fullFlowLambda@2ddc9a9f]" started-at="2025-04-01T22:15:33 ART" name="validateFaceSubMenu" finished-at="2025-04-01T22:15:43 ART" duration-ms="10649" status="PASS">
          <reporter-output>
          </reporter-output>
        </test-method> <!-- validateFaceSubMenu -->
        <test-method signature="validateFashionMenu()[pri:33, instance:testModules.home.fullFlowLambda@2ddc9a9f]" started-at="2025-04-01T22:15:43 ART" name="validateFashionMenu" finished-at="2025-04-01T22:15:50 ART" duration-ms="6849" status="PASS">
          <reporter-output>
          </reporter-output>
        </test-method> <!-- validateFashionMenu -->
        <test-method signature="validateShopAllFashionSubMenu()[pri:34, instance:testModules.home.fullFlowLambda@2ddc9a9f]" started-at="2025-04-01T22:15:50 ART" name="validateShopAllFashionSubMenu" finished-at="2025-04-01T22:15:58 ART" duration-ms="7600" status="PASS">
          <reporter-output>
          </reporter-output>
        </test-method> <!-- validateShopAllFashionSubMenu -->
        <test-method signature="validateFashionAccesoriesSubMenu()[pri:35, instance:testModules.home.fullFlowLambda@2ddc9a9f]" started-at="2025-04-01T22:15:58 ART" name="validateFashionAccesoriesSubMenu" finished-at="2025-04-01T22:16:05 ART" duration-ms="7112" status="PASS">
          <reporter-output>
          </reporter-output>
        </test-method> <!-- validateFashionAccesoriesSubMenu -->
        <test-method signature="validateBagsSubMenu()[pri:36, instance:testModules.home.fullFlowLambda@2ddc9a9f]" started-at="2025-04-01T22:16:05 ART" name="validateBagsSubMenu" finished-at="2025-04-01T22:16:13 ART" duration-ms="7977" status="PASS">
          <reporter-output>
          </reporter-output>
        </test-method> <!-- validateBagsSubMenu -->
        <test-method signature="validateColdWeatherSubMenu()[pri:37, instance:testModules.home.fullFlowLambda@2ddc9a9f]" started-at="2025-04-01T22:16:13 ART" name="validateColdWeatherSubMenu" finished-at="2025-04-01T22:16:20 ART" duration-ms="7488" status="PASS">
          <reporter-output>
          </reporter-output>
        </test-method> <!-- validateColdWeatherSubMenu -->
        <test-method signature="validateGlassesAndSunglassesSubMenu()[pri:38, instance:testModules.home.fullFlowLambda@2ddc9a9f]" started-at="2025-04-01T22:16:20 ART" name="validateGlassesAndSunglassesSubMenu" finished-at="2025-04-01T22:16:29 ART" duration-ms="8768" status="PASS">
          <reporter-output>
          </reporter-output>
        </test-method> <!-- validateGlassesAndSunglassesSubMenu -->
        <test-method signature="validateJewerlySubMenu()[pri:39, instance:testModules.home.fullFlowLambda@2ddc9a9f]" started-at="2025-04-01T22:16:29 ART" name="validateJewerlySubMenu" finished-at="2025-04-01T22:16:37 ART" duration-ms="7756" status="PASS">
          <reporter-output>
          </reporter-output>
        </test-method> <!-- validateJewerlySubMenu -->
        <test-method signature="validateDressesSubMenu()[pri:40, instance:testModules.home.fullFlowLambda@2ddc9a9f]" started-at="2025-04-01T22:16:37 ART" name="validateDressesSubMenu" finished-at="2025-04-01T22:16:46 ART" duration-ms="8647" status="PASS">
          <reporter-output>
          </reporter-output>
        </test-method> <!-- validateDressesSubMenu -->
        <test-method signature="validateFootwareSubMenu()[pri:41, instance:testModules.home.fullFlowLambda@2ddc9a9f]" started-at="2025-04-01T22:16:46 ART" name="validateFootwareSubMenu" finished-at="2025-04-01T22:16:51 ART" duration-ms="5485" status="PASS">
          <reporter-output>
          </reporter-output>
        </test-method> <!-- validateFootwareSubMenu -->
        <test-method signature="validateBootsSubMenu()[pri:42, instance:testModules.home.fullFlowLambda@2ddc9a9f]" started-at="2025-04-01T22:16:51 ART" name="validateBootsSubMenu" finished-at="2025-04-01T22:17:00 ART" duration-ms="8866" status="PASS">
          <reporter-output>
          </reporter-output>
        </test-method> <!-- validateBootsSubMenu -->
        <test-method signature="validateDressSubMenu()[pri:43, instance:testModules.home.fullFlowLambda@2ddc9a9f]" started-at="2025-04-01T22:17:00 ART" name="validateDressSubMenu" finished-at="2025-04-01T22:17:09 ART" duration-ms="9491" status="PASS">
          <reporter-output>
          </reporter-output>
        </test-method> <!-- validateDressSubMenu -->
        <test-method signature="validateFlatsSubMenu()[pri:44, instance:testModules.home.fullFlowLambda@2ddc9a9f]" started-at="2025-04-01T22:17:09 ART" name="validateFlatsSubMenu" finished-at="2025-04-01T22:17:17 ART" duration-ms="7541" status="PASS">
          <reporter-output>
          </reporter-output>
        </test-method> <!-- validateFlatsSubMenu -->
        <test-method signature="validateHeelsSubMenu()[pri:45, instance:testModules.home.fullFlowLambda@2ddc9a9f]" started-at="2025-04-01T22:17:17 ART" name="validateHeelsSubMenu" finished-at="2025-04-01T22:17:25 ART" duration-ms="8505" status="PASS">
          <reporter-output>
          </reporter-output>
        </test-method> <!-- validateHeelsSubMenu -->
        <test-method signature="validateOutDoorSubMenu()[pri:46, instance:testModules.home.fullFlowLambda@2ddc9a9f]" started-at="2025-04-01T22:17:25 ART" name="validateOutDoorSubMenu" finished-at="2025-04-01T22:17:35 ART" duration-ms="9069" status="PASS">
          <reporter-output>
          </reporter-output>
        </test-method> <!-- validateOutDoorSubMenu -->
        <test-method signature="validateSandalsSubMenu()[pri:47, instance:testModules.home.fullFlowLambda@2ddc9a9f]" started-at="2025-04-01T22:17:35 ART" name="validateSandalsSubMenu" finished-at="2025-04-01T22:17:42 ART" duration-ms="7495" status="PASS">
          <reporter-output>
          </reporter-output>
        </test-method> <!-- validateSandalsSubMenu -->
        <test-method signature="validateSneakersSubMenu()[pri:48, instance:testModules.home.fullFlowLambda@2ddc9a9f]" started-at="2025-04-01T22:17:42 ART" name="validateSneakersSubMenu" finished-at="2025-04-01T22:17:51 ART" duration-ms="9383" status="PASS">
          <reporter-output>
          </reporter-output>
        </test-method> <!-- validateSneakersSubMenu -->
        <test-method signature="validateFormalWareSubMenu()[pri:49, instance:testModules.home.fullFlowLambda@2ddc9a9f]" started-at="2025-04-01T22:17:51 ART" name="validateFormalWareSubMenu" finished-at="2025-04-01T22:18:00 ART" duration-ms="8134" status="PASS">
          <reporter-output>
          </reporter-output>
        </test-method> <!-- validateFormalWareSubMenu -->
        <test-method signature="validateJacketsSubMenu()[pri:50, instance:testModules.home.fullFlowLambda@2ddc9a9f]" started-at="2025-04-01T22:18:00 ART" name="validateJacketsSubMenu" finished-at="2025-04-01T22:18:07 ART" duration-ms="7592" status="PASS">
          <reporter-output>
          </reporter-output>
        </test-method> <!-- validateJacketsSubMenu -->
        <test-method signature="validateJeansSubMenu()[pri:51, instance:testModules.home.fullFlowLambda@2ddc9a9f]" started-at="2025-04-01T22:18:07 ART" name="validateJeansSubMenu" finished-at="2025-04-01T22:18:15 ART" duration-ms="7981" status="PASS">
          <reporter-output>
          </reporter-output>
        </test-method> <!-- validateJeansSubMenu -->
        <test-method signature="validateLoungeWareSubMenu()[pri:52, instance:testModules.home.fullFlowLambda@2ddc9a9f]" started-at="2025-04-01T22:18:15 ART" name="validateLoungeWareSubMenu" finished-at="2025-04-01T22:18:23 ART" duration-ms="8087" status="PASS">
          <reporter-output>
          </reporter-output>
        </test-method> <!-- validateLoungeWareSubMenu -->
        <test-method signature="validatePantsSubMenu()[pri:53, instance:testModules.home.fullFlowLambda@2ddc9a9f]" started-at="2025-04-01T22:18:23 ART" name="validatePantsSubMenu" finished-at="2025-04-01T22:18:31 ART" duration-ms="7442" status="PASS">
          <reporter-output>
          </reporter-output>
        </test-method> <!-- validatePantsSubMenu -->
        <test-method signature="validateSweatersSubMenu()[pri:54, instance:testModules.home.fullFlowLambda@2ddc9a9f]" started-at="2025-04-01T22:18:31 ART" name="validateSweatersSubMenu" finished-at="2025-04-01T22:18:40 ART" duration-ms="9231" status="PASS">
          <reporter-output>
          </reporter-output>
        </test-method> <!-- validateSweatersSubMenu -->
        <test-method signature="validateSwimsuitsSubMenu()[pri:55, instance:testModules.home.fullFlowLambda@2ddc9a9f]" started-at="2025-04-01T22:18:40 ART" name="validateSwimsuitsSubMenu" finished-at="2025-04-01T22:18:47 ART" duration-ms="7598" status="PASS">
          <reporter-output>
          </reporter-output>
        </test-method> <!-- validateSwimsuitsSubMenu -->
        <test-method signature="validateTopsSubMenu()[pri:56, instance:testModules.home.fullFlowLambda@2ddc9a9f]" started-at="2025-04-01T22:18:47 ART" name="validateTopsSubMenu" finished-at="2025-04-01T22:18:56 ART" duration-ms="8821" status="PASS">
          <reporter-output>
          </reporter-output>
        </test-method> <!-- validateTopsSubMenu -->
        <test-method signature="validateUnderwareSubMenu()[pri:57, instance:testModules.home.fullFlowLambda@2ddc9a9f]" started-at="2025-04-01T22:18:56 ART" name="validateUnderwareSubMenu" finished-at="2025-04-01T22:19:08 ART" duration-ms="11236" status="PASS">
          <reporter-output>
          </reporter-output>
        </test-method> <!-- validateUnderwareSubMenu -->
        <test-method signature="validateHomeMenu()[pri:58, instance:testModules.home.fullFlowLambda@2ddc9a9f]" started-at="2025-04-01T22:19:08 ART" name="validateHomeMenu" finished-at="2025-04-01T22:19:13 ART" duration-ms="5493" status="PASS">
          <reporter-output>
          </reporter-output>
        </test-method> <!-- validateHomeMenu -->
        <test-method signature="validateBathroomSubMenu()[pri:59, instance:testModules.home.fullFlowLambda@2ddc9a9f]" started-at="2025-04-01T22:19:13 ART" name="validateBathroomSubMenu" finished-at="2025-04-01T22:19:22 ART" duration-ms="8740" status="PASS">
          <reporter-output>
          </reporter-output>
        </test-method> <!-- validateBathroomSubMenu -->
        <test-method signature="validateBeddingAndMatressSubMenu()[pri:60, instance:testModules.home.fullFlowLambda@2ddc9a9f]" started-at="2025-04-01T22:19:22 ART" name="validateBeddingAndMatressSubMenu" finished-at="2025-04-01T22:19:31 ART" duration-ms="8963" status="PASS">
          <reporter-output>
          </reporter-output>
        </test-method> <!-- validateBeddingAndMatressSubMenu -->
        <test-method signature="validateCleaningSubMenu()[pri:61, instance:testModules.home.fullFlowLambda@2ddc9a9f]" started-at="2025-04-01T22:19:31 ART" name="validateCleaningSubMenu" finished-at="2025-04-01T22:19:38 ART" duration-ms="7543" status="PASS">
          <reporter-output>
          </reporter-output>
        </test-method> <!-- validateCleaningSubMenu -->
        <test-method signature="validateKitchenSubMenu()[pri:62, instance:testModules.home.fullFlowLambda@2ddc9a9f]" started-at="2025-04-01T22:19:38 ART" name="validateKitchenSubMenu" finished-at="2025-04-01T22:19:46 ART" duration-ms="7717" status="PASS">
          <reporter-output>
          </reporter-output>
        </test-method> <!-- validateKitchenSubMenu -->
        <test-method signature="validateAppliancesSubMenu()[pri:63, instance:testModules.home.fullFlowLambda@2ddc9a9f]" started-at="2025-04-01T22:19:46 ART" name="validateAppliancesSubMenu" finished-at="2025-04-01T22:19:54 ART" duration-ms="8370" status="PASS">
          <reporter-output>
          </reporter-output>
        </test-method> <!-- validateAppliancesSubMenu -->
        <test-method signature="validatToolsSubMenu()[pri:64, instance:testModules.home.fullFlowLambda@2ddc9a9f]" started-at="2025-04-01T22:19:54 ART" name="validatToolsSubMenu" finished-at="2025-04-01T22:20:03 ART" duration-ms="9026" status="PASS">
          <reporter-output>
          </reporter-output>
        </test-method> <!-- validatToolsSubMenu -->
        <test-method signature="validateDecorSubMenu()[pri:65, instance:testModules.home.fullFlowLambda@2ddc9a9f]" started-at="2025-04-01T22:20:03 ART" name="validateDecorSubMenu" finished-at="2025-04-01T22:20:13 ART" duration-ms="9996" status="PASS">
          <reporter-output>
          </reporter-output>
        </test-method> <!-- validateDecorSubMenu -->
        <test-method signature="validateFurnitureSubMenu()[pri:66, instance:testModules.home.fullFlowLambda@2ddc9a9f]" started-at="2025-04-01T22:20:13 ART" name="validateFurnitureSubMenu" finished-at="2025-04-01T22:20:21 ART" duration-ms="7122" status="PASS">
          <reporter-output>
          </reporter-output>
        </test-method> <!-- validateFurnitureSubMenu -->
        <test-method signature="validateBedroomSubMenu()[pri:67, instance:testModules.home.fullFlowLambda@2ddc9a9f]" started-at="2025-04-01T22:20:21 ART" name="validateBedroomSubMenu" finished-at="2025-04-01T22:20:28 ART" duration-ms="7135" status="PASS">
          <reporter-output>
          </reporter-output>
        </test-method> <!-- validateBedroomSubMenu -->
        <test-method signature="validateKidsRoomSubMenu()[pri:68, instance:testModules.home.fullFlowLambda@2ddc9a9f]" started-at="2025-04-01T22:20:28 ART" name="validateKidsRoomSubMenu" finished-at="2025-04-01T22:20:36 ART" duration-ms="8109" status="PASS">
          <reporter-output>
          </reporter-output>
        </test-method> <!-- validateKidsRoomSubMenu -->
        <test-method signature="validateKitchenRoomSubMenu()[pri:69, instance:testModules.home.fullFlowLambda@2ddc9a9f]" started-at="2025-04-01T22:20:36 ART" name="validateKitchenRoomSubMenu" finished-at="2025-04-01T22:20:43 ART" duration-ms="7177" status="PASS">
          <reporter-output>
          </reporter-output>
        </test-method> <!-- validateKitchenRoomSubMenu -->
        <test-method signature="validateLivingRoomSubMenu()[pri:70, instance:testModules.home.fullFlowLambda@2ddc9a9f]" started-at="2025-04-01T22:20:43 ART" name="validateLivingRoomSubMenu" finished-at="2025-04-01T22:20:52 ART" duration-ms="8640" status="PASS">
          <reporter-output>
          </reporter-output>
        </test-method> <!-- validateLivingRoomSubMenu -->
        <test-method signature="validateSecondOfficeSubMenu()[pri:71, instance:testModules.home.fullFlowLambda@2ddc9a9f]" started-at="2025-04-01T22:20:52 ART" name="validateSecondOfficeSubMenu" finished-at="2025-04-01T22:21:01 ART" duration-ms="9804" status="PASS">
          <reporter-output>
          </reporter-output>
        </test-method> <!-- validateSecondOfficeSubMenu -->
        <test-method signature="validateOfficeSubMenu()[pri:72, instance:testModules.home.fullFlowLambda@2ddc9a9f]" started-at="2025-04-01T22:21:01 ART" name="validateOfficeSubMenu" finished-at="2025-04-01T22:21:09 ART" duration-ms="7683" status="PASS">
          <reporter-output>
          </reporter-output>
        </test-method> <!-- validateOfficeSubMenu -->
        <test-method signature="validateOrganizationSubMenu()[pri:73, instance:testModules.home.fullFlowLambda@2ddc9a9f]" started-at="2025-04-01T22:21:09 ART" name="validateOrganizationSubMenu" finished-at="2025-04-01T22:21:17 ART" duration-ms="8231" status="PASS">
          <reporter-output>
          </reporter-output>
        </test-method> <!-- validateOrganizationSubMenu -->
        <test-method signature="validateOutdoorSubMenu()[pri:74, instance:testModules.home.fullFlowLambda@2ddc9a9f]" started-at="2025-04-01T22:21:17 ART" name="validateOutdoorSubMenu" finished-at="2025-04-01T22:21:25 ART" duration-ms="7865" status="PASS">
          <reporter-output>
          </reporter-output>
        </test-method> <!-- validateOutdoorSubMenu -->
        <test-method signature="validateBackyardSubMenu()[pri:75, instance:testModules.home.fullFlowLambda@2ddc9a9f]" started-at="2025-04-01T22:21:25 ART" name="validateBackyardSubMenu" finished-at="2025-04-01T22:21:33 ART" duration-ms="7681" status="PASS">
          <reporter-output>
          </reporter-output>
        </test-method> <!-- validateBackyardSubMenu -->
        <test-method signature="validateGardenSubMenu()[pri:76, instance:testModules.home.fullFlowLambda@2ddc9a9f]" started-at="2025-04-01T22:21:33 ART" name="validateGardenSubMenu" finished-at="2025-04-01T22:21:42 ART" duration-ms="9526" status="PASS">
          <reporter-output>
          </reporter-output>
        </test-method> <!-- validateGardenSubMenu -->
        <test-method signature="validateRecreationSubMenu()[pri:77, instance:testModules.home.fullFlowLambda@2ddc9a9f]" started-at="2025-04-01T22:21:42 ART" name="validateRecreationSubMenu" finished-at="2025-04-01T22:21:54 ART" duration-ms="11434" status="PASS">
          <reporter-output>
          </reporter-output>
        </test-method> <!-- validateRecreationSubMenu -->
        <test-method signature="validateKidsMenu()[pri:78, instance:testModules.home.fullFlowLambda@2ddc9a9f]" started-at="2025-04-01T22:21:54 ART" name="validateKidsMenu" finished-at="2025-04-01T22:22:01 ART" duration-ms="7452" status="PASS">
          <reporter-output>
          </reporter-output>
        </test-method> <!-- validateKidsMenu -->
        <test-method signature="validatePetsMenu()[pri:79, instance:testModules.home.fullFlowLambda@2ddc9a9f]" started-at="2025-04-01T22:22:01 ART" name="validatePetsMenu" finished-at="2025-04-01T22:22:09 ART" duration-ms="8063" status="PASS">
          <reporter-output>
          </reporter-output>
        </test-method> <!-- validatePetsMenu -->
        <test-method signature="validateSexToysMenu()[pri:80, instance:testModules.home.fullFlowLambda@2ddc9a9f]" started-at="2025-04-01T22:22:09 ART" name="validateSexToysMenu" finished-at="2025-04-01T22:22:19 ART" duration-ms="9338" status="PASS">
          <reporter-output>
          </reporter-output>
        </test-method> <!-- validateSexToysMenu -->
        <test-method signature="validateSportsAndFitnessMenu()[pri:81, instance:testModules.home.fullFlowLambda@2ddc9a9f]" started-at="2025-04-01T22:22:19 ART" name="validateSportsAndFitnessMenu" finished-at="2025-04-01T22:22:24 ART" duration-ms="5480" status="PASS">
          <reporter-output>
          </reporter-output>
        </test-method> <!-- validateSportsAndFitnessMenu -->
        <test-method signature="validateShopAllSportsAndFitnessMenu()[pri:82, instance:testModules.home.fullFlowLambda@2ddc9a9f]" started-at="2025-04-01T22:22:24 ART" name="validateShopAllSportsAndFitnessMenu" finished-at="2025-04-01T22:22:32 ART" duration-ms="8277" status="PASS">
          <reporter-output>
          </reporter-output>
        </test-method> <!-- validateShopAllSportsAndFitnessMenu -->
        <test-method signature="validateFitnessAccesoriesMenu()[pri:83, instance:testModules.home.fullFlowLambda@2ddc9a9f]" started-at="2025-04-01T22:22:32 ART" name="validateFitnessAccesoriesMenu" finished-at="2025-04-01T22:22:40 ART" duration-ms="7394" status="PASS">
          <reporter-output>
          </reporter-output>
        </test-method> <!-- validateFitnessAccesoriesMenu -->
        <test-method signature="validateMachineryMenu()[pri:84, instance:testModules.home.fullFlowLambda@2ddc9a9f]" started-at="2025-04-01T22:22:40 ART" name="validateMachineryMenu" finished-at="2025-04-01T22:22:47 ART" duration-ms="7525" status="PASS">
          <reporter-output>
          </reporter-output>
        </test-method> <!-- validateMachineryMenu -->
        <test-method signature="validatePersonalCareMenu()[pri:85, instance:testModules.home.fullFlowLambda@2ddc9a9f]" started-at="2025-04-01T22:22:47 ART" name="validatePersonalCareMenu" finished-at="2025-04-01T22:22:56 ART" duration-ms="8843" status="PASS">
          <reporter-output>
          </reporter-output>
        </test-method> <!-- validatePersonalCareMenu -->
        <test-method signature="validateStoresMenu()[pri:86, instance:testModules.home.fullFlowLambda@2ddc9a9f]" started-at="2025-04-01T22:22:56 ART" name="validateStoresMenu" finished-at="2025-04-01T22:23:01 ART" duration-ms="5280" status="PASS">
          <reporter-output>
          </reporter-output>
        </test-method> <!-- validateStoresMenu -->
        <test-method signature="validateShopAllStoresMenu()[pri:87, instance:testModules.home.fullFlowLambda@2ddc9a9f]" started-at="2025-04-01T22:23:01 ART" name="validateShopAllStoresMenu" finished-at="2025-04-01T22:23:11 ART" duration-ms="9887" status="PASS">
          <reporter-output>
          </reporter-output>
        </test-method> <!-- validateShopAllStoresMenu -->
        <test-method signature="validateAmazonMenu()[pri:88, instance:testModules.home.fullFlowLambda@2ddc9a9f]" started-at="2025-04-01T22:23:11 ART" name="validateAmazonMenu" finished-at="2025-04-01T22:23:19 ART" duration-ms="7315" status="PASS">
          <reporter-output>
          </reporter-output>
        </test-method> <!-- validateAmazonMenu -->
        <test-method signature="validateEtsyMenu()[pri:89, instance:testModules.home.fullFlowLambda@2ddc9a9f]" started-at="2025-04-01T22:23:19 ART" name="validateEtsyMenu" finished-at="2025-04-01T22:23:26 ART" duration-ms="7736" status="PASS">
          <reporter-output>
          </reporter-output>
        </test-method> <!-- validateEtsyMenu -->
        <test-method signature="validateNordstromMenu()[pri:90, instance:testModules.home.fullFlowLambda@2ddc9a9f]" started-at="2025-04-01T22:23:26 ART" name="validateNordstromMenu" finished-at="2025-04-01T22:23:34 ART" duration-ms="7577" status="PASS">
          <reporter-output>
          </reporter-output>
        </test-method> <!-- validateNordstromMenu -->
        <test-method signature="validateSephoraMenu()[pri:91, instance:testModules.home.fullFlowLambda@2ddc9a9f]" started-at="2025-04-01T22:23:34 ART" name="validateSephoraMenu" finished-at="2025-04-01T22:23:43 ART" duration-ms="8805" status="PASS">
          <reporter-output>
          </reporter-output>
        </test-method> <!-- validateSephoraMenu -->
        <test-method signature="validateShopSmallMenu()[pri:92, instance:testModules.home.fullFlowLambda@2ddc9a9f]" started-at="2025-04-01T22:23:43 ART" name="validateShopSmallMenu" finished-at="2025-04-01T22:23:52 ART" duration-ms="9400" status="PASS">
          <reporter-output>
          </reporter-output>
        </test-method> <!-- validateShopSmallMenu -->
        <test-method signature="validateTargetMenu()[pri:93, instance:testModules.home.fullFlowLambda@2ddc9a9f]" started-at="2025-04-01T22:23:52 ART" name="validateTargetMenu" finished-at="2025-04-01T22:24:00 ART" duration-ms="7463" status="PASS">
          <reporter-output>
          </reporter-output>
        </test-method> <!-- validateTargetMenu -->
        <test-method signature="validateWalmartMenu()[pri:94, instance:testModules.home.fullFlowLambda@2ddc9a9f]" started-at="2025-04-01T22:24:00 ART" name="validateWalmartMenu" finished-at="2025-04-01T22:24:10 ART" duration-ms="10653" status="PASS">
          <reporter-output>
          </reporter-output>
        </test-method> <!-- validateWalmartMenu -->
        <test-method signature="validateWayfairMenu()[pri:95, instance:testModules.home.fullFlowLambda@2ddc9a9f]" started-at="2025-04-01T22:24:10 ART" name="validateWayfairMenu" finished-at="2025-04-01T22:24:21 ART" duration-ms="10517" status="PASS">
          <reporter-output>
          </reporter-output>
        </test-method> <!-- validateWayfairMenu -->
        <test-method signature="validateSubscriptionsMenu()[pri:96, instance:testModules.home.fullFlowLambda@2ddc9a9f]" started-at="2025-04-01T22:24:21 ART" name="validateSubscriptionsMenu" finished-at="2025-04-01T22:24:32 ART" duration-ms="10671" status="PASS">
          <reporter-output>
          </reporter-output>
        </test-method> <!-- validateSubscriptionsMenu -->
        <test-method signature="validateTechMenu()[pri:97, instance:testModules.home.fullFlowLambda@2ddc9a9f]" started-at="2025-04-01T22:24:32 ART" name="validateTechMenu" finished-at="2025-04-01T22:24:38 ART" duration-ms="6474" status="PASS">
          <reporter-output>
          </reporter-output>
        </test-method> <!-- validateTechMenu -->
        <test-method signature="validateShopAllTechMenu()[pri:98, instance:testModules.home.fullFlowLambda@2ddc9a9f]" started-at="2025-04-01T22:24:38 ART" name="validateShopAllTechMenu" finished-at="2025-04-01T22:24:49 ART" duration-ms="10753" status="PASS">
          <reporter-output>
          </reporter-output>
        </test-method> <!-- validateShopAllTechMenu -->
        <test-method signature="validateTechAccessoriesMenu()[pri:99, instance:testModules.home.fullFlowLambda@2ddc9a9f]" started-at="2025-04-01T22:24:49 ART" name="validateTechAccessoriesMenu" finished-at="2025-04-01T22:24:59 ART" duration-ms="10715" status="PASS">
          <reporter-output>
          </reporter-output>
        </test-method> <!-- validateTechAccessoriesMenu -->
        <test-method signature="validateGadgetsMenu()[pri:100, instance:testModules.home.fullFlowLambda@2ddc9a9f]" started-at="2025-04-01T22:24:59 ART" name="validateGadgetsMenu" finished-at="2025-04-01T22:25:10 ART" duration-ms="10508" status="PASS">
          <reporter-output>
          </reporter-output>
        </test-method> <!-- validateGadgetsMenu -->
        <test-method signature="validateHomeElectronicsMenu()[pri:101, instance:testModules.home.fullFlowLambda@2ddc9a9f]" started-at="2025-04-01T22:25:10 ART" name="validateHomeElectronicsMenu" finished-at="2025-04-01T22:25:27 ART" duration-ms="16767" status="PASS">
          <reporter-output>
          </reporter-output>
        </test-method> <!-- validateHomeElectronicsMenu -->
        <test-method signature="validateFeatureStoriesTitle()[pri:102, instance:testModules.home.fullFlowLambda@2ddc9a9f]" started-at="2025-04-01T22:25:27 ART" name="validateFeatureStoriesTitle" finished-at="2025-04-01T22:25:28 ART" duration-ms="953" status="PASS">
          <reporter-output>
          </reporter-output>
        </test-method> <!-- validateFeatureStoriesTitle -->
        <test-method signature="validateFeatureStoriesDisplays()[pri:103, instance:testModules.home.fullFlowLambda@2ddc9a9f]" started-at="2025-04-01T22:25:28 ART" name="validateFeatureStoriesDisplays" finished-at="2025-04-01T22:25:37 ART" duration-ms="8956" status="PASS">
          <reporter-output>
          </reporter-output>
        </test-method> <!-- validateFeatureStoriesDisplays -->
        <test-method signature="tapQuizzesTab()[pri:104, instance:testModules.home.fullFlowLambda@2ddc9a9f]" started-at="2025-04-01T22:25:37 ART" name="tapQuizzesTab" finished-at="2025-04-01T22:25:38 ART" duration-ms="1191" status="PASS">
          <reporter-output>
          </reporter-output>
        </test-method> <!-- tapQuizzesTab -->
        <test-method signature="verifyQuizzesHeaderIsPresent()[pri:105, instance:testModules.home.fullFlowLambda@2ddc9a9f]" started-at="2025-04-01T22:25:38 ART" name="verifyQuizzesHeaderIsPresent" finished-at="2025-04-01T22:25:41 ART" duration-ms="2830" status="PASS">
          <reporter-output>
          </reporter-output>
        </test-method> <!-- verifyQuizzesHeaderIsPresent -->
        <test-method signature="tapQuizSplash()[pri:106, instance:testModules.home.fullFlowLambda@2ddc9a9f]" started-at="2025-04-01T22:25:41 ART" name="tapQuizSplash" finished-at="2025-04-01T22:25:48 ART" duration-ms="6860" status="PASS">
          <reporter-output>
          </reporter-output>
        </test-method> <!-- tapQuizSplash -->
        <test-method signature="tapOnTrending()[pri:107, instance:testModules.home.fullFlowLambda@2ddc9a9f]" started-at="2025-04-01T22:25:48 ART" name="tapOnTrending" finished-at="2025-04-01T22:25:54 ART" duration-ms="6689" status="PASS">
          <reporter-output>
          </reporter-output>
        </test-method> <!-- tapOnTrending -->
        <test-method signature="tapOnTrivia()[pri:108, instance:testModules.home.fullFlowLambda@2ddc9a9f]" started-at="2025-04-01T22:25:54 ART" name="tapOnTrivia" finished-at="2025-04-01T22:25:59 ART" duration-ms="5027" status="PASS">
          <reporter-output>
          </reporter-output>
        </test-method> <!-- tapOnTrivia -->
        <test-method signature="tapOnCanWeGuess()[pri:109, instance:testModules.home.fullFlowLambda@2ddc9a9f]" started-at="2025-04-01T22:25:59 ART" name="tapOnCanWeGuess" finished-at="2025-04-01T22:26:06 ART" duration-ms="7200" status="PASS">
          <reporter-output>
          </reporter-output>
        </test-method> <!-- tapOnCanWeGuess -->
        <test-method signature="tapOnMore()[pri:110, instance:testModules.home.fullFlowLambda@2ddc9a9f]" started-at="2025-04-01T22:26:06 ART" name="tapOnMore" finished-at="2025-04-01T22:26:08 ART" duration-ms="1139" status="PASS">
          <reporter-output>
          </reporter-output>
        </test-method> <!-- tapOnMore -->
        <test-method signature="tapOnDisney()[pri:111, instance:testModules.home.fullFlowLambda@2ddc9a9f]" started-at="2025-04-01T22:26:08 ART" name="tapOnDisney" finished-at="2025-04-01T22:26:23 ART" duration-ms="15422" status="PASS">
          <reporter-output>
          </reporter-output>
        </test-method> <!-- tapOnDisney -->
        <test-method signature="tapOnFood()[pri:112, instance:testModules.home.fullFlowLambda@2ddc9a9f]" started-at="2025-04-01T22:26:23 ART" name="tapOnFood" finished-at="2025-04-01T22:26:40 ART" duration-ms="17185" status="PASS">
          <reporter-output>
          </reporter-output>
        </test-method> <!-- tapOnFood -->
        <test-method signature="tapOnWhoAreYou()[pri:113, instance:testModules.home.fullFlowLambda@2ddc9a9f]" started-at="2025-04-01T22:26:40 ART" name="tapOnWhoAreYou" finished-at="2025-04-01T22:26:56 ART" duration-ms="16040" status="PASS">
          <reporter-output>
          </reporter-output>
        </test-method> <!-- tapOnWhoAreYou -->
        <test-method signature="tapOnLove()[pri:114, instance:testModules.home.fullFlowLambda@2ddc9a9f]" started-at="2025-04-01T22:26:56 ART" name="tapOnLove" finished-at="2025-04-01T22:27:12 ART" duration-ms="15670" status="PASS">
          <reporter-output>
          </reporter-output>
        </test-method> <!-- tapOnLove -->
        <test-method signature="tapOnTaylorSwift()[pri:115, instance:testModules.home.fullFlowLambda@2ddc9a9f]" started-at="2025-04-01T22:27:12 ART" name="tapOnTaylorSwift" finished-at="2025-04-01T22:27:27 ART" duration-ms="14898" status="PASS">
          <reporter-output>
          </reporter-output>
        </test-method> <!-- tapOnTaylorSwift -->
        <test-method signature="tapOnMarvel()[pri:116, instance:testModules.home.fullFlowLambda@2ddc9a9f]" started-at="2025-04-01T22:27:27 ART" name="tapOnMarvel" finished-at="2025-04-01T22:27:41 ART" duration-ms="14336" status="PASS">
          <reporter-output>
          </reporter-output>
        </test-method> <!-- tapOnMarvel -->
        <test-method signature="tapOnZodiac()[pri:117, instance:testModules.home.fullFlowLambda@2ddc9a9f]" started-at="2025-04-01T22:27:41 ART" name="tapOnZodiac" finished-at="2025-04-01T22:27:56 ART" duration-ms="14866" status="PASS">
          <reporter-output>
          </reporter-output>
        </test-method> <!-- tapOnZodiac -->
        <test-method signature="tapOnHarryPotter()[pri:118, instance:testModules.home.fullFlowLambda@2ddc9a9f]" started-at="2025-04-01T22:27:56 ART" name="tapOnHarryPotter" finished-at="2025-04-01T22:28:11 ART" duration-ms="15395" status="PASS">
          <reporter-output>
          </reporter-output>
        </test-method> <!-- tapOnHarryPotter -->
        <test-method signature="tapOnAnime()[pri:119, instance:testModules.home.fullFlowLambda@2ddc9a9f]" started-at="2025-04-01T22:28:11 ART" name="tapOnAnime" finished-at="2025-04-01T22:28:25 ART" duration-ms="13752" status="PASS">
          <reporter-output>
          </reporter-output>
        </test-method> <!-- tapOnAnime -->
        <test-method signature="tapOnKPop()[pri:120, instance:testModules.home.fullFlowLambda@2ddc9a9f]" started-at="2025-04-01T22:28:25 ART" name="tapOnKPop" finished-at="2025-04-01T22:28:41 ART" duration-ms="15637" status="PASS">
          <reporter-output>
          </reporter-output>
        </test-method> <!-- tapOnKPop -->
        <test-method signature="tapOnGeography()[pri:121, instance:testModules.home.fullFlowLambda@2ddc9a9f]" started-at="2025-04-01T22:28:41 ART" name="tapOnGeography" finished-at="2025-04-01T22:28:56 ART" duration-ms="14879" status="PASS">
          <reporter-output>
          </reporter-output>
        </test-method> <!-- tapOnGeography -->
        <test-method signature="tapOnChecklist()[pri:122, instance:testModules.home.fullFlowLambda@2ddc9a9f]" started-at="2025-04-01T22:28:56 ART" name="tapOnChecklist" finished-at="2025-04-01T22:29:15 ART" duration-ms="19018" status="PASS">
          <reporter-output>
          </reporter-output>
        </test-method> <!-- tapOnChecklist -->
        <test-method signature="isGamesLblDisplayed()[pri:123, instance:testModules.home.fullFlowLambda@2ddc9a9f]" started-at="2025-04-01T22:29:15 ART" name="isGamesLblDisplayed" finished-at="2025-04-01T22:29:23 ART" duration-ms="8249" status="PASS">
          <reporter-output>
          </reporter-output>
        </test-method> <!-- isGamesLblDisplayed -->
        <test-method signature="arePyramidSchemeElementsDisplayed()[pri:124, instance:testModules.home.fullFlowLambda@2ddc9a9f]" started-at="2025-04-01T22:29:23 ART" name="arePyramidSchemeElementsDisplayed" finished-at="2025-04-01T22:29:27 ART" duration-ms="3603" status="PASS">
          <reporter-output>
          </reporter-output>
        </test-method> <!-- arePyramidSchemeElementsDisplayed -->
        <test-method signature="validateMakeYours()[pri:130, instance:testModules.home.fullFlowLambda@2ddc9a9f]" started-at="2025-04-01T22:29:27 ART" name="validateMakeYours" finished-at="2025-04-01T22:29:44 ART" duration-ms="17803" status="PASS">
          <reporter-output>
          </reporter-output>
        </test-method> <!-- validateMakeYours -->
        <test-method signature="validateWhealOfFortune()[pri:131, instance:testModules.home.fullFlowLambda@2ddc9a9f]" started-at="2025-04-01T22:29:44 ART" name="validateWhealOfFortune" finished-at="2025-04-01T22:29:52 ART" duration-ms="7804" status="PASS">
          <reporter-output>
          </reporter-output>
        </test-method> <!-- validateWhealOfFortune -->
        <test-method signature="validateMoreFunStuff()[pri:132, instance:testModules.home.fullFlowLambda@2ddc9a9f]" started-at="2025-04-01T22:29:52 ART" name="validateMoreFunStuff" finished-at="2025-04-01T22:30:02 ART" duration-ms="9729" status="PASS">
          <reporter-output>
          </reporter-output>
        </test-method> <!-- validateMoreFunStuff -->
        <test-method signature="tapMoreFunCarrouselItem()[pri:133, instance:testModules.home.fullFlowLambda@2ddc9a9f]" started-at="2025-04-01T22:30:02 ART" name="tapMoreFunCarrouselItem" finished-at="2025-04-01T22:30:11 ART" duration-ms="9041" status="PASS">
          <reporter-output>
          </reporter-output>
        </test-method> <!-- tapMoreFunCarrouselItem -->
        <test-method signature="testAustraliaEditionIsPresent()[pri:134, instance:testModules.home.fullFlowLambda@2ddc9a9f]" started-at="2025-04-01T22:30:11 ART" name="testAustraliaEditionIsPresent" finished-at="2025-04-01T22:30:17 ART" duration-ms="6096" status="PASS">
          <reporter-output>
          </reporter-output>
        </test-method> <!-- testAustraliaEditionIsPresent -->
        <test-method signature="testTrendingSubTab()[pri:136, instance:testModules.home.fullFlowLambda@2ddc9a9f]" started-at="2025-04-01T22:30:17 ART" name="testTrendingSubTab" finished-at="2025-04-01T22:30:26 ART" duration-ms="9261" status="PASS">
          <reporter-output>
          </reporter-output>
        </test-method> <!-- testTrendingSubTab -->
        <test-method signature="testLatestSubTab()[pri:135, instance:testModules.home.fullFlowLambda@2ddc9a9f]" started-at="2025-04-01T22:30:17 ART" name="testLatestSubTab" finished-at="2025-04-01T22:30:17 ART" duration-ms="0" status="PASS">
          <reporter-output>
          </reporter-output>
        </test-method> <!-- testLatestSubTab -->
        <test-method signature="testFunnyTweetsSubTab()[pri:137, instance:testModules.home.fullFlowLambda@2ddc9a9f]" started-at="2025-04-01T22:30:26 ART" name="testFunnyTweetsSubTab" finished-at="2025-04-01T22:30:33 ART" duration-ms="7035" status="PASS">
          <reporter-output>
          </reporter-output>
        </test-method> <!-- testFunnyTweetsSubTab -->
        <test-method signature="testGamesSubTab()[pri:138, instance:testModules.home.fullFlowLambda@2ddc9a9f]" started-at="2025-04-01T22:30:33 ART" name="testGamesSubTab" finished-at="2025-04-01T22:30:37 ART" duration-ms="4078" status="PASS">
          <reporter-output>
          </reporter-output>
        </test-method> <!-- testGamesSubTab -->
        <test-method signature="testLatestsSubTab()[pri:139, instance:testModules.home.fullFlowLambda@2ddc9a9f]" started-at="2025-04-01T22:30:37 ART" name="testLatestsSubTab" finished-at="2025-04-01T22:30:43 ART" duration-ms="5111" status="PASS">
          <reporter-output>
          </reporter-output>
        </test-method> <!-- testLatestsSubTab -->
        <test-method signature="testRandomSubTab()[pri:140, instance:testModules.home.fullFlowLambda@2ddc9a9f]" started-at="2025-04-01T22:30:43 ART" name="testRandomSubTab" finished-at="2025-04-01T22:30:45 ART" duration-ms="2001" status="PASS">
          <reporter-output>
          </reporter-output>
        </test-method> <!-- testRandomSubTab -->
        <test-method signature="testGossipSubTab()[pri:141, instance:testModules.home.fullFlowLambda@2ddc9a9f]" started-at="2025-04-01T22:30:45 ART" name="testGossipSubTab" finished-at="2025-04-01T22:30:49 ART" duration-ms="4776" status="PASS">
          <reporter-output>
          </reporter-output>
        </test-method> <!-- testGossipSubTab -->
        <test-method signature="testGayStuffpSubTab()[pri:142, instance:testModules.home.fullFlowLambda@2ddc9a9f]" started-at="2025-04-01T22:30:49 ART" name="testGayStuffpSubTab" finished-at="2025-04-01T22:31:00 ART" duration-ms="10349" status="PASS">
          <reporter-output>
          </reporter-output>
        </test-method> <!-- testGayStuffpSubTab -->
        <test-method signature="tapOnMore1()[pri:143, instance:testModules.home.fullFlowLambda@2ddc9a9f]" started-at="2025-04-01T22:31:00 ART" name="tapOnMore1" finished-at="2025-04-01T22:31:05 ART" duration-ms="5210" status="PASS">
          <reporter-output>
          </reporter-output>
        </test-method> <!-- tapOnMore1 -->
        <test-method signature="testEntertainmentSubTab()[pri:144, instance:testModules.home.fullFlowLambda@2ddc9a9f]" started-at="2025-04-01T22:31:05 ART" name="testEntertainmentSubTab" finished-at="2025-04-01T22:31:14 ART" duration-ms="9594" status="PASS">
          <reporter-output>
          </reporter-output>
        </test-method> <!-- testEntertainmentSubTab -->
        <test-method signature="testAnimalsSubTab()[pri:145, instance:testModules.home.fullFlowLambda@2ddc9a9f]" started-at="2025-04-01T22:31:14 ART" name="testAnimalsSubTab" finished-at="2025-04-01T22:31:21 ART" duration-ms="6801" status="PASS">
          <reporter-output>
          </reporter-output>
        </test-method> <!-- testAnimalsSubTab -->
        <test-method signature="testBooksSubTab()[pri:146, instance:testModules.home.fullFlowLambda@2ddc9a9f]" started-at="2025-04-01T22:31:21 ART" name="testBooksSubTab" finished-at="2025-04-01T22:31:30 ART" duration-ms="8544" status="PASS">
          <reporter-output>
          </reporter-output>
        </test-method> <!-- testBooksSubTab -->
        <test-method signature="testFoodSubTab()[pri:147, instance:testModules.home.fullFlowLambda@2ddc9a9f]" started-at="2025-04-01T22:31:30 ART" name="testFoodSubTab" finished-at="2025-04-01T22:31:39 ART" duration-ms="8989" status="PASS">
          <reporter-output>
          </reporter-output>
        </test-method> <!-- testFoodSubTab -->
        <test-method signature="testCommunitySubTab()[pri:148, instance:testModules.home.fullFlowLambda@2ddc9a9f]" started-at="2025-04-01T22:31:39 ART" name="testCommunitySubTab" finished-at="2025-04-01T22:31:50 ART" duration-ms="10750" status="PASS">
          <reporter-output>
          </reporter-output>
        </test-method> <!-- testCommunitySubTab -->
        <test-method signature="testMusicSubTab()[pri:149, instance:testModules.home.fullFlowLambda@2ddc9a9f]" started-at="2025-04-01T22:31:50 ART" name="testMusicSubTab" finished-at="2025-04-01T22:31:58 ART" duration-ms="8488" status="PASS">
          <reporter-output>
          </reporter-output>
        </test-method> <!-- testMusicSubTab -->
        <test-method signature="testNiftySubTab()[pri:150, instance:testModules.home.fullFlowLambda@2ddc9a9f]" started-at="2025-04-01T22:31:58 ART" name="testNiftySubTab" finished-at="2025-04-01T22:32:09 ART" duration-ms="10793" status="PASS">
          <reporter-output>
          </reporter-output>
        </test-method> <!-- testNiftySubTab -->
        <test-method signature="testParentsSubTab()[pri:151, instance:testModules.home.fullFlowLambda@2ddc9a9f]" started-at="2025-04-01T22:32:09 ART" name="testParentsSubTab" finished-at="2025-04-01T22:32:20 ART" duration-ms="11320" status="PASS">
          <reporter-output>
          </reporter-output>
        </test-method> <!-- testParentsSubTab -->
        <test-method signature="testRewindSubTab()[pri:152, instance:testModules.home.fullFlowLambda@2ddc9a9f]" started-at="2025-04-01T22:32:20 ART" name="testRewindSubTab" finished-at="2025-04-01T22:32:31 ART" duration-ms="11340" status="PASS">
          <reporter-output>
          </reporter-output>
        </test-method> <!-- testRewindSubTab -->
        <test-method signature="testStyleSubTab()[pri:153, instance:testModules.home.fullFlowLambda@2ddc9a9f]" started-at="2025-04-01T22:32:31 ART" name="testStyleSubTab" finished-at="2025-04-01T22:32:44 ART" duration-ms="12843" status="PASS">
          <reporter-output>
          </reporter-output>
        </test-method> <!-- testStyleSubTab -->
        <test-method signature="testTravelHomeSubTab()[pri:154, instance:testModules.home.fullFlowLambda@2ddc9a9f]" started-at="2025-04-01T22:32:44 ART" name="testTravelHomeSubTab" finished-at="2025-04-01T22:32:58 ART" duration-ms="13411" status="PASS">
          <reporter-output>
          </reporter-output>
        </test-method> <!-- testTravelHomeSubTab -->
        <test-method signature="testTravelSubTab()[pri:155, instance:testModules.home.fullFlowLambda@2ddc9a9f]" started-at="2025-04-01T22:32:58 ART" name="testTravelSubTab" finished-at="2025-04-01T22:33:01 ART" duration-ms="3326" status="PASS">
          <reporter-output>
          </reporter-output>
        </test-method> <!-- testTravelSubTab -->
        <test-method signature="testGoingNewsTab()[pri:156, instance:testModules.home.fullFlowLambda@2ddc9a9f]" started-at="2025-04-01T22:33:01 ART" name="testGoingNewsTab" finished-at="2025-04-01T22:33:05 ART" duration-ms="4227" status="PASS">
          <reporter-output>
          </reporter-output>
        </test-method> <!-- testGoingNewsTab -->
        <test-method signature="testGoingShoppingTab()[pri:157, instance:testModules.home.fullFlowLambda@2ddc9a9f]" started-at="2025-04-01T22:33:05 ART" name="testGoingShoppingTab" finished-at="2025-04-01T22:33:16 ART" duration-ms="11105" status="PASS">
          <reporter-output>
          </reporter-output>
        </test-method> <!-- testGoingShoppingTab -->
        <test-method signature="testGoingToQuizzesTab()[pri:158, instance:testModules.home.fullFlowLambda@2ddc9a9f]" started-at="2025-04-01T22:33:16 ART" name="testGoingToQuizzesTab" finished-at="2025-04-01T22:33:21 ART" duration-ms="5075" status="PASS">
          <reporter-output>
          </reporter-output>
        </test-method> <!-- testGoingToQuizzesTab -->
        <test-method signature="testTapOnTrendingCategory()[pri:159, instance:testModules.home.fullFlowLambda@2ddc9a9f]" started-at="2025-04-01T22:33:21 ART" name="testTapOnTrendingCategory" finished-at="2025-04-01T22:33:30 ART" duration-ms="8574" status="PASS">
          <reporter-output>
          </reporter-output>
        </test-method> <!-- testTapOnTrendingCategory -->
        <test-method signature="testTapOnTriviaCategory()[pri:160, instance:testModules.home.fullFlowLambda@2ddc9a9f]" started-at="2025-04-01T22:33:30 ART" name="testTapOnTriviaCategory" finished-at="2025-04-01T22:33:40 ART" duration-ms="9792" status="PASS">
          <reporter-output>
          </reporter-output>
        </test-method> <!-- testTapOnTriviaCategory -->
        <test-method signature="testCanWeGuess()[pri:161, instance:testModules.home.fullFlowLambda@2ddc9a9f]" started-at="2025-04-01T22:33:40 ART" name="testCanWeGuess" finished-at="2025-04-01T22:33:50 ART" duration-ms="9934" status="PASS">
          <reporter-output>
          </reporter-output>
        </test-method> <!-- testCanWeGuess -->
        <test-method signature="testOnMore()[pri:162, instance:testModules.home.fullFlowLambda@2ddc9a9f]" started-at="2025-04-01T22:33:50 ART" name="testOnMore" finished-at="2025-04-01T22:33:54 ART" duration-ms="4509" status="PASS">
          <reporter-output>
          </reporter-output>
        </test-method> <!-- testOnMore -->
        <test-method signature="testTapOnTaylorSwift()[pri:163, instance:testModules.home.fullFlowLambda@2ddc9a9f]" started-at="2025-04-01T22:33:54 ART" name="testTapOnTaylorSwift" finished-at="2025-04-01T22:34:03 ART" duration-ms="8919" status="PASS">
          <reporter-output>
          </reporter-output>
        </test-method> <!-- testTapOnTaylorSwift -->
        <test-method signature="testTapOnMarvel()[pri:164, instance:testModules.home.fullFlowLambda@2ddc9a9f]" started-at="2025-04-01T22:34:03 ART" name="testTapOnMarvel" finished-at="2025-04-01T22:34:12 ART" duration-ms="8982" status="PASS">
          <reporter-output>
          </reporter-output>
        </test-method> <!-- testTapOnMarvel -->
        <test-method signature="testTapOnZodiac()[pri:165, instance:testModules.home.fullFlowLambda@2ddc9a9f]" started-at="2025-04-01T22:34:12 ART" name="testTapOnZodiac" finished-at="2025-04-01T22:34:21 ART" duration-ms="8541" status="PASS">
          <reporter-output>
          </reporter-output>
        </test-method> <!-- testTapOnZodiac -->
        <test-method signature="testTapOnHarryPotter()[pri:166, instance:testModules.home.fullFlowLambda@2ddc9a9f]" started-at="2025-04-01T22:34:21 ART" name="testTapOnHarryPotter" finished-at="2025-04-01T22:34:30 ART" duration-ms="8937" status="PASS">
          <reporter-output>
          </reporter-output>
        </test-method> <!-- testTapOnHarryPotter -->
        <test-method signature="testTapOnAnime()[pri:167, instance:testModules.home.fullFlowLambda@2ddc9a9f]" started-at="2025-04-01T22:34:30 ART" name="testTapOnAnime" finished-at="2025-04-01T22:34:39 ART" duration-ms="9192" status="PASS">
          <reporter-output>
          </reporter-output>
        </test-method> <!-- testTapOnAnime -->
        <test-method signature="testTapOnKPop()[pri:168, instance:testModules.home.fullFlowLambda@2ddc9a9f]" started-at="2025-04-01T22:34:39 ART" name="testTapOnKPop" finished-at="2025-04-01T22:34:47 ART" duration-ms="8478" status="PASS">
          <reporter-output>
          </reporter-output>
        </test-method> <!-- testTapOnKPop -->
        <test-method signature="testTapOnGeography()[pri:169, instance:testModules.home.fullFlowLambda@2ddc9a9f]" started-at="2025-04-01T22:34:47 ART" name="testTapOnGeography" finished-at="2025-04-01T22:34:55 ART" duration-ms="7318" status="PASS">
          <reporter-output>
          </reporter-output>
        </test-method> <!-- testTapOnGeography -->
        <test-method signature="testTapOnChecklist()[pri:170, instance:testModules.home.fullFlowLambda@2ddc9a9f]" started-at="2025-04-01T22:34:55 ART" name="testTapOnChecklist" finished-at="2025-04-01T22:35:04 ART" duration-ms="9191" status="PASS">
          <reporter-output>
          </reporter-output>
        </test-method> <!-- testTapOnChecklist -->
        <test-method signature="tapGamesTab()[pri:171, instance:testModules.home.fullFlowLambda@2ddc9a9f]" started-at="2025-04-01T22:35:04 ART" name="tapGamesTab" finished-at="2025-04-01T22:35:10 ART" duration-ms="5806" status="PASS">
          <reporter-output>
          </reporter-output>
        </test-method> <!-- tapGamesTab -->
        <test-method signature="testCanadaEditionIsPresent()[pri:172, instance:testModules.home.fullFlowLambda@2ddc9a9f]" started-at="2025-04-01T22:35:10 ART" name="testCanadaEditionIsPresent" finished-at="2025-04-01T22:35:22 ART" duration-ms="11983" status="PASS">
          <reporter-output>
          </reporter-output>
        </test-method> <!-- testCanadaEditionIsPresent -->
        <test-method signature="validateSeeAllCanada()[pri:173, instance:testModules.home.fullFlowLambda@2ddc9a9f]" started-at="2025-04-01T22:35:22 ART" name="validateSeeAllCanada" finished-at="2025-04-01T22:35:30 ART" duration-ms="8744" status="PASS">
          <reporter-output>
          </reporter-output>
        </test-method> <!-- validateSeeAllCanada -->
        <test-method signature="validateTrendingTopicsCanada()[pri:174, instance:testModules.home.fullFlowLambda@2ddc9a9f]" started-at="2025-04-01T22:35:30 ART" name="validateTrendingTopicsCanada" finished-at="2025-04-01T22:35:39 ART" duration-ms="8252" status="FAIL">
          <exception class="org.openqa.selenium.NoSuchElementException">
            <message>
              <![CDATA[An element could not be located on the page using the given search parameters.
For documentation on this error, please visit: https://www.selenium.dev/documentation/webdriver/troubleshooting/errors#no-such-element-exception
Build info: version: '4.13.0', revision: 'ba948ece5b*'
System info: os.name: 'Mac OS X', os.arch: 'x86_64', os.version: '14.7.4', java.version: '11.0.21'
Driver info: io.appium.java_client.ios.IOSDriver
Command: [46cbc031-2c65-43f5-9635-2bbc755f2d89, findElement {using=xpath, value=//XCUIElementTypeApplication[@name="BuzzFeed "]/XCUIElementTypeWindow/XCUIElementTypeOther/XCUIElementTypeOther/XCUIElementTypeOther/XCUIElementTypeOther/XCUIElementTypeOther/XCUIElementTypeOther/XCUIElementTypeOther/XCUIElementTypeOther/XCUIElementTypeOther/XCUIElementTypeOther/XCUIElementTypeOther/XCUIElementTypeOther/XCUIElementTypeOther/XCUIElementTypeOther/XCUIElementTypeOther/XCUIElementTypeOther/XCUIElementTypeCollectionView/XCUIElementTypeCell[2]/XCUIElementTypeOther[2]/XCUIElementTypeOther/XCUIElementTypeOther/XCUIElementTypeOther[2]}]
Capabilities {appium:autoAcceptAlerts: true, appium:automationName: XCuiTest, appium:bundleID: com.buzzfeed.buzzfeed-alpha, appium:bundleId: com.buzzfeed.buzzfeed-alpha, appium:databaseEnabled: false, appium:derivedDataPath: /Users/ltadmin/Documents/ap..., appium:deviceName: iPhone 15 Pro, appium:headless: false, appium:javascriptEnabled: true, appium:language: US, appium:locale: US, appium:locationContextEnabled: false, appium:maxTypingFrequency: 7, appium:mode: cloud, appium:nativeWebScreenshot: true, appium:networkConnectionEnabled: false, appium:newCommandTimeout: 0, appium:noReset: false, appium:orientation: PORTRAIT, appium:platformVersion: 17, appium:realDevice: true, appium:takesScreenshot: true, appium:udid: 00008130-000248123AC1001C, appium:uiautomator2ServerLaunchTimeout: 60000, appium:usePrebuiltWDA: true, appium:waitForQuiescence: false, appium:wdaLocalPort: 11014, appium:wdaRemotePort: 8100, appium:wdaStartupRetries: 3, appium:webStorageEnabled: false, appium:webkitResponseTimeout: 20000, platformName: IOS}
Session ID: 46cbc031-2c65-43f5-9635-2bbc755f2d89]]>
            </message>
            <full-stacktrace>
              <![CDATA[org.openqa.selenium.NoSuchElementException: An element could not be located on the page using the given search parameters.
For documentation on this error, please visit: https://www.selenium.dev/documentation/webdriver/troubleshooting/errors#no-such-element-exception
Build info: version: '4.13.0', revision: 'ba948ece5b*'
System info: os.name: 'Mac OS X', os.arch: 'x86_64', os.version: '14.7.4', java.version: '11.0.21'
Driver info: io.appium.java_client.ios.IOSDriver
Command: [46cbc031-2c65-43f5-9635-2bbc755f2d89, findElement {using=xpath, value=//XCUIElementTypeApplication[@name="BuzzFeed "]/XCUIElementTypeWindow/XCUIElementTypeOther/XCUIElementTypeOther/XCUIElementTypeOther/XCUIElementTypeOther/XCUIElementTypeOther/XCUIElementTypeOther/XCUIElementTypeOther/XCUIElementTypeOther/XCUIElementTypeOther/XCUIElementTypeOther/XCUIElementTypeOther/XCUIElementTypeOther/XCUIElementTypeOther/XCUIElementTypeOther/XCUIElementTypeOther/XCUIElementTypeOther/XCUIElementTypeCollectionView/XCUIElementTypeCell[2]/XCUIElementTypeOther[2]/XCUIElementTypeOther/XCUIElementTypeOther/XCUIElementTypeOther[2]}]
Capabilities {appium:autoAcceptAlerts: true, appium:automationName: XCuiTest, appium:bundleID: com.buzzfeed.buzzfeed-alpha, appium:bundleId: com.buzzfeed.buzzfeed-alpha, appium:databaseEnabled: false, appium:derivedDataPath: /Users/ltadmin/Documents/ap..., appium:deviceName: iPhone 15 Pro, appium:headless: false, appium:javascriptEnabled: true, appium:language: US, appium:locale: US, appium:locationContextEnabled: false, appium:maxTypingFrequency: 7, appium:mode: cloud, appium:nativeWebScreenshot: true, appium:networkConnectionEnabled: false, appium:newCommandTimeout: 0, appium:noReset: false, appium:orientation: PORTRAIT, appium:platformVersion: 17, appium:realDevice: true, appium:takesScreenshot: true, appium:udid: 00008130-000248123AC1001C, appium:uiautomator2ServerLaunchTimeout: 60000, appium:usePrebuiltWDA: true, appium:waitForQuiescence: false, appium:wdaLocalPort: 11014, appium:wdaRemotePort: 8100, appium:wdaStartupRetries: 3, appium:webStorageEnabled: false, appium:webkitResponseTimeout: 20000, platformName: IOS}
Session ID: 46cbc031-2c65-43f5-9635-2bbc755f2d89
at java.base/jdk.internal.reflect.NativeConstructorAccessorImpl.newInstance0(Native Method)
at java.base/jdk.internal.reflect.NativeConstructorAccessorImpl.newInstance(NativeConstructorAccessorImpl.java:62)
at java.base/jdk.internal.reflect.DelegatingConstructorAccessorImpl.newInstance(DelegatingConstructorAccessorImpl.java:45)
at java.base/java.lang.reflect.Constructor.newInstance(Constructor.java:490)
at org.openqa.selenium.remote.codec.w3c.W3CHttpResponseCodec.createException(W3CHttpResponseCodec.java:200)
at org.openqa.selenium.remote.codec.w3c.W3CHttpResponseCodec.decode(W3CHttpResponseCodec.java:133)
at org.openqa.selenium.remote.codec.w3c.W3CHttpResponseCodec.decode(W3CHttpResponseCodec.java:52)
at org.openqa.selenium.remote.HttpCommandExecutor.execute(HttpCommandExecutor.java:191)
at io.appium.java_client.remote.AppiumCommandExecutor.execute(AppiumCommandExecutor.java:250)
at org.openqa.selenium.remote.RemoteWebDriver.execute(RemoteWebDriver.java:602)
at org.openqa.selenium.remote.ElementLocation$ElementFinder$2.findElement(ElementLocation.java:165)
at org.openqa.selenium.remote.ElementLocation.findElement(ElementLocation.java:59)
at org.openqa.selenium.remote.RemoteWebDriver.findElement(RemoteWebDriver.java:359)
at org.openqa.selenium.remote.RemoteWebDriver.findElement(RemoteWebDriver.java:353)
at config.pages.home.NewHomeFeed.tapOntopic2(NewHomeFeed.java:89)
at testModules.home.fullFlowLambda.validateTrendingTopicsCanada(fullFlowLambda.java:2349)
at java.base/jdk.internal.reflect.NativeMethodAccessorImpl.invoke0(Native Method)
at java.base/jdk.internal.reflect.NativeMethodAccessorImpl.invoke(NativeMethodAccessorImpl.java:62)
at java.base/jdk.internal.reflect.DelegatingMethodAccessorImpl.invoke(DelegatingMethodAccessorImpl.java:43)
at java.base/java.lang.reflect.Method.invoke(Method.java:566)
at org.testng.internal.invokers.MethodInvocationHelper.invokeMethod(MethodInvocationHelper.java:135)
at org.testng.internal.invokers.TestInvoker.invokeMethod(TestInvoker.java:673)
at org.testng.internal.invokers.TestInvoker.invokeTestMethod(TestInvoker.java:220)
at org.testng.internal.invokers.MethodRunner.runInSequence(MethodRunner.java:50)
at org.testng.internal.invokers.TestInvoker$MethodInvocationAgent.invoke(TestInvoker.java:945)
at org.testng.internal.invokers.TestInvoker.invokeTestMethods(TestInvoker.java:193)
at org.testng.internal.invokers.TestMethodWorker.invokeTestMethods(TestMethodWorker.java:146)
at org.testng.internal.invokers.TestMethodWorker.run(TestMethodWorker.java:128)
at java.base/java.util.ArrayList.forEach(ArrayList.java:1541)
at org.testng.TestRunner.privateRun(TestRunner.java:808)
at org.testng.TestRunner.run(TestRunner.java:603)
at org.testng.SuiteRunner.runTest(SuiteRunner.java:429)
at org.testng.SuiteRunner.access$000(SuiteRunner.java:32)
at org.testng.SuiteRunner$SuiteWorker.run(SuiteRunner.java:467)
at org.testng.internal.thread.ThreadUtil.lambda$execute$0(ThreadUtil.java:58)
at java.base/java.util.concurrent.FutureTask.run(FutureTask.java:264)
at java.base/java.util.concurrent.ThreadPoolExecutor.runWorker(ThreadPoolExecutor.java:1128)
at java.base/java.util.concurrent.ThreadPoolExecutor$Worker.run(ThreadPoolExecutor.java:628)
at java.base/java.lang.Thread.run(Thread.java:834)
]]>
            </full-stacktrace>
          </exception> <!-- org.openqa.selenium.NoSuchElementException -->
          <reporter-output>
          </reporter-output>
        </test-method> <!-- validateTrendingTopicsCanada -->
        <test-method signature="validateMoreButtonCanada()[pri:175, instance:testModules.home.fullFlowLambda@2ddc9a9f]" started-at="2025-04-01T22:35:39 ART" name="validateMoreButtonCanada" finished-at="2025-04-01T22:37:40 ART" duration-ms="121530" status="PASS">
          <reporter-output>
          </reporter-output>
        </test-method> <!-- validateMoreButtonCanada -->
        <test-method signature="testGoingNewsTabOnCanada()[pri:176, instance:testModules.home.fullFlowLambda@2ddc9a9f]" started-at="2025-04-01T22:37:40 ART" name="testGoingNewsTabOnCanada" finished-at="2025-04-01T22:37:44 ART" duration-ms="3442" status="PASS">
          <reporter-output>
          </reporter-output>
        </test-method> <!-- testGoingNewsTabOnCanada -->
        <test-method signature="testGoingToQuizzesTabOnCanada()[pri:177, instance:testModules.home.fullFlowLambda@2ddc9a9f]" started-at="2025-04-01T22:37:44 ART" name="testGoingToQuizzesTabOnCanada" finished-at="2025-04-01T22:37:48 ART" duration-ms="4164" status="PASS">
          <reporter-output>
          </reporter-output>
        </test-method> <!-- testGoingToQuizzesTabOnCanada -->
        <test-method signature="testTapOnTrendingCategoryOnCanada()[pri:178, instance:testModules.home.fullFlowLambda@2ddc9a9f]" started-at="2025-04-01T22:37:48 ART" name="testTapOnTrendingCategoryOnCanada" finished-at="2025-04-01T22:37:57 ART" duration-ms="9568" status="PASS">
          <reporter-output>
          </reporter-output>
        </test-method> <!-- testTapOnTrendingCategoryOnCanada -->
        <test-method signature="testTapOnShowdownOnCanada()[pri:179, instance:testModules.home.fullFlowLambda@2ddc9a9f]" started-at="2025-04-01T22:37:57 ART" name="testTapOnShowdownOnCanada" finished-at="2025-04-01T22:38:07 ART" duration-ms="9513" status="PASS">
          <reporter-output>
          </reporter-output>
        </test-method> <!-- testTapOnShowdownOnCanada -->
        <test-method signature="testTapOnTriviaCategoryOnCanada()[pri:180, instance:testModules.home.fullFlowLambda@2ddc9a9f]" started-at="2025-04-01T22:38:07 ART" name="testTapOnTriviaCategoryOnCanada" finished-at="2025-04-01T22:38:15 ART" duration-ms="8523" status="PASS">
          <reporter-output>
          </reporter-output>
        </test-method> <!-- testTapOnTriviaCategoryOnCanada -->
        <test-method signature="testTapOnCanWeGuessCategory()[pri:181, instance:testModules.home.fullFlowLambda@2ddc9a9f]" started-at="2025-04-01T22:38:15 ART" name="testTapOnCanWeGuessCategory" finished-at="2025-04-01T22:38:24 ART" duration-ms="8591" status="PASS">
          <reporter-output>
          </reporter-output>
        </test-method> <!-- testTapOnCanWeGuessCategory -->
        <test-method signature="testOnMoreOnCanada()[pri:182, instance:testModules.home.fullFlowLambda@2ddc9a9f]" started-at="2025-04-01T22:38:24 ART" name="testOnMoreOnCanada" finished-at="2025-04-01T22:38:27 ART" duration-ms="3392" status="PASS">
          <reporter-output>
          </reporter-output>
        </test-method> <!-- testOnMoreOnCanada -->
        <test-method signature="testTapOnTaylorSwiftOnCanada()[pri:183, instance:testModules.home.fullFlowLambda@2ddc9a9f]" started-at="2025-04-01T22:38:27 ART" name="testTapOnTaylorSwiftOnCanada" finished-at="2025-04-01T22:38:37 ART" duration-ms="9378" status="PASS">
          <reporter-output>
          </reporter-output>
        </test-method> <!-- testTapOnTaylorSwiftOnCanada -->
        <test-method signature="testTapOnMarvelOnCanada()[pri:184, instance:testModules.home.fullFlowLambda@2ddc9a9f]" started-at="2025-04-01T22:38:37 ART" name="testTapOnMarvelOnCanada" finished-at="2025-04-01T22:38:46 ART" duration-ms="8802" status="PASS">
          <reporter-output>
          </reporter-output>
        </test-method> <!-- testTapOnMarvelOnCanada -->
        <test-method signature="testTapOnZodiacOnCanada()[pri:185, instance:testModules.home.fullFlowLambda@2ddc9a9f]" started-at="2025-04-01T22:38:46 ART" name="testTapOnZodiacOnCanada" finished-at="2025-04-01T22:38:55 ART" duration-ms="9189" status="PASS">
          <reporter-output>
          </reporter-output>
        </test-method> <!-- testTapOnZodiacOnCanada -->
        <test-method signature="testTapOnHarryPotterOnCanada()[pri:186, instance:testModules.home.fullFlowLambda@2ddc9a9f]" started-at="2025-04-01T22:38:55 ART" name="testTapOnHarryPotterOnCanada" finished-at="2025-04-01T22:39:05 ART" duration-ms="10212" status="PASS">
          <reporter-output>
          </reporter-output>
        </test-method> <!-- testTapOnHarryPotterOnCanada -->
        <test-method signature="testTapOnAnimeOnCanada()[pri:187, instance:testModules.home.fullFlowLambda@2ddc9a9f]" started-at="2025-04-01T22:39:05 ART" name="testTapOnAnimeOnCanada" finished-at="2025-04-01T22:39:14 ART" duration-ms="8754" status="PASS">
          <reporter-output>
          </reporter-output>
        </test-method> <!-- testTapOnAnimeOnCanada -->
        <test-method signature="testTapOnKPopOnCanada()[pri:188, instance:testModules.home.fullFlowLambda@2ddc9a9f]" started-at="2025-04-01T22:39:14 ART" name="testTapOnKPopOnCanada" finished-at="2025-04-01T22:39:22 ART" duration-ms="8523" status="PASS">
          <reporter-output>
          </reporter-output>
        </test-method> <!-- testTapOnKPopOnCanada -->
        <test-method signature="testTapOnGeographyOnCanada()[pri:189, instance:testModules.home.fullFlowLambda@2ddc9a9f]" started-at="2025-04-01T22:39:22 ART" name="testTapOnGeographyOnCanada" finished-at="2025-04-01T22:39:32 ART" duration-ms="9499" status="PASS">
          <reporter-output>
          </reporter-output>
        </test-method> <!-- testTapOnGeographyOnCanada -->
        <test-method signature="testTapOnChecklistOnCanada()[pri:190, instance:testModules.home.fullFlowLambda@2ddc9a9f]" started-at="2025-04-01T22:39:32 ART" name="testTapOnChecklistOnCanada" finished-at="2025-04-01T22:39:45 ART" duration-ms="12918" status="PASS">
          <reporter-output>
          </reporter-output>
        </test-method> <!-- testTapOnChecklistOnCanada -->
        <test-method signature="tapGamesTabOnCanada()[pri:191, instance:testModules.home.fullFlowLambda@2ddc9a9f]" started-at="2025-04-01T22:39:45 ART" name="tapGamesTabOnCanada" finished-at="2025-04-01T22:39:58 ART" duration-ms="13138" status="PASS">
          <reporter-output>
          </reporter-output>
        </test-method> <!-- tapGamesTabOnCanada -->
        <test-method signature="testIndiaEditionIsPresent()[pri:192, instance:testModules.home.fullFlowLambda@2ddc9a9f]" started-at="2025-04-01T22:39:58 ART" name="testIndiaEditionIsPresent" finished-at="2025-04-01T22:40:07 ART" duration-ms="9178" status="PASS">
          <reporter-output>
          </reporter-output>
        </test-method> <!-- testIndiaEditionIsPresent -->
        <test-method signature="testLatestSubTabOnIndia()[pri:193, instance:testModules.home.fullFlowLambda@2ddc9a9f]" started-at="2025-04-01T22:40:07 ART" name="testLatestSubTabOnIndia" finished-at="2025-04-01T22:40:07 ART" duration-ms="0" status="PASS">
          <reporter-output>
          </reporter-output>
        </test-method> <!-- testLatestSubTabOnIndia -->
        <test-method signature="testTrendingSubTabOnIndia()[pri:194, instance:testModules.home.fullFlowLambda@2ddc9a9f]" started-at="2025-04-01T22:40:07 ART" name="testTrendingSubTabOnIndia" finished-at="2025-04-01T22:40:14 ART" duration-ms="7296" status="PASS">
          <reporter-output>
          </reporter-output>
        </test-method> <!-- testTrendingSubTabOnIndia -->
        <test-method signature="testFunnyTweetsSubTabOnIndia()[pri:195, instance:testModules.home.fullFlowLambda@2ddc9a9f]" started-at="2025-04-01T22:40:14 ART" name="testFunnyTweetsSubTabOnIndia" finished-at="2025-04-01T22:40:21 ART" duration-ms="6855" status="PASS">
          <reporter-output>
          </reporter-output>
        </test-method> <!-- testFunnyTweetsSubTabOnIndia -->
        <test-method signature="testGamesSubTabOnIndia()[pri:196, instance:testModules.home.fullFlowLambda@2ddc9a9f]" started-at="2025-04-01T22:40:21 ART" name="testGamesSubTabOnIndia" finished-at="2025-04-01T22:40:25 ART" duration-ms="3617" status="PASS">
          <reporter-output>
          </reporter-output>
        </test-method> <!-- testGamesSubTabOnIndia -->
        <test-method signature="testLatestsSubTabOnIndia()[pri:197, instance:testModules.home.fullFlowLambda@2ddc9a9f]" started-at="2025-04-01T22:40:25 ART" name="testLatestsSubTabOnIndia" finished-at="2025-04-01T22:40:30 ART" duration-ms="5367" status="PASS">
          <reporter-output>
          </reporter-output>
        </test-method> <!-- testLatestsSubTabOnIndia -->
        <test-method signature="testRandomSubTabOnIndia()[pri:198, instance:testModules.home.fullFlowLambda@2ddc9a9f]" started-at="2025-04-01T22:40:30 ART" name="testRandomSubTabOnIndia" finished-at="2025-04-01T22:40:32 ART" duration-ms="2000" status="PASS">
          <reporter-output>
          </reporter-output>
        </test-method> <!-- testRandomSubTabOnIndia -->
        <test-method signature="testGossipSubTabOnIndia()[pri:199, instance:testModules.home.fullFlowLambda@2ddc9a9f]" started-at="2025-04-01T22:40:32 ART" name="testGossipSubTabOnIndia" finished-at="2025-04-01T22:40:36 ART" duration-ms="3565" status="PASS">
          <reporter-output>
          </reporter-output>
        </test-method> <!-- testGossipSubTabOnIndia -->
        <test-method signature="testGayStuffpSubTabOnIndia()[pri:200, instance:testModules.home.fullFlowLambda@2ddc9a9f]" started-at="2025-04-01T22:40:36 ART" name="testGayStuffpSubTabOnIndia" finished-at="2025-04-01T22:40:46 ART" duration-ms="10425" status="PASS">
          <reporter-output>
          </reporter-output>
        </test-method> <!-- testGayStuffpSubTabOnIndia -->
        <test-method signature="tapOnMore1OnIndia()[pri:201, instance:testModules.home.fullFlowLambda@2ddc9a9f]" started-at="2025-04-01T22:40:46 ART" name="tapOnMore1OnIndia" finished-at="2025-04-01T22:40:52 ART" duration-ms="5465" status="PASS">
          <reporter-output>
          </reporter-output>
        </test-method> <!-- tapOnMore1OnIndia -->
        <test-method signature="testEntertainmentSubTabOnIndia()[pri:202, instance:testModules.home.fullFlowLambda@2ddc9a9f]" started-at="2025-04-01T22:40:52 ART" name="testEntertainmentSubTabOnIndia" finished-at="2025-04-01T22:41:02 ART" duration-ms="10650" status="PASS">
          <reporter-output>
          </reporter-output>
        </test-method> <!-- testEntertainmentSubTabOnIndia -->
        <test-method signature="testAnimalsSubTabOnIndia()[pri:203, instance:testModules.home.fullFlowLambda@2ddc9a9f]" started-at="2025-04-01T22:41:02 ART" name="testAnimalsSubTabOnIndia" finished-at="2025-04-01T22:41:10 ART" duration-ms="8028" status="PASS">
          <reporter-output>
          </reporter-output>
        </test-method> <!-- testAnimalsSubTabOnIndia -->
        <test-method signature="testBooksSubTabOnIndia()[pri:204, instance:testModules.home.fullFlowLambda@2ddc9a9f]" started-at="2025-04-01T22:41:10 ART" name="testBooksSubTabOnIndia" finished-at="2025-04-01T22:41:19 ART" duration-ms="8318" status="PASS">
          <reporter-output>
          </reporter-output>
        </test-method> <!-- testBooksSubTabOnIndia -->
        <test-method signature="testCommunitySubTabOnIndia()[pri:205, instance:testModules.home.fullFlowLambda@2ddc9a9f]" started-at="2025-04-01T22:41:19 ART" name="testCommunitySubTabOnIndia" finished-at="2025-04-01T22:41:30 ART" duration-ms="11080" status="PASS">
          <reporter-output>
          </reporter-output>
        </test-method> <!-- testCommunitySubTabOnIndia -->
        <test-method signature="testFoodSubTabOnIndia()[pri:205, instance:testModules.home.fullFlowLambda@2ddc9a9f]" started-at="2025-04-01T22:41:30 ART" name="testFoodSubTabOnIndia" finished-at="2025-04-01T22:41:38 ART" duration-ms="8241" status="PASS">
          <reporter-output>
          </reporter-output>
        </test-method> <!-- testFoodSubTabOnIndia -->
        <test-method signature="testMusicSubTabOnIndia()[pri:206, instance:testModules.home.fullFlowLambda@2ddc9a9f]" started-at="2025-04-01T22:41:38 ART" name="testMusicSubTabOnIndia" finished-at="2025-04-01T22:41:47 ART" duration-ms="9008" status="PASS">
          <reporter-output>
          </reporter-output>
        </test-method> <!-- testMusicSubTabOnIndia -->
        <test-method signature="testNiftySubTabOnIndia()[pri:207, instance:testModules.home.fullFlowLambda@2ddc9a9f]" started-at="2025-04-01T22:41:47 ART" name="testNiftySubTabOnIndia" finished-at="2025-04-01T22:41:57 ART" duration-ms="10583" status="PASS">
          <reporter-output>
          </reporter-output>
        </test-method> <!-- testNiftySubTabOnIndia -->
        <test-method signature="testParentsSubTabOnIndia()[pri:208, instance:testModules.home.fullFlowLambda@2ddc9a9f]" started-at="2025-04-01T22:41:57 ART" name="testParentsSubTabOnIndia" finished-at="2025-04-01T22:42:09 ART" duration-ms="11274" status="PASS">
          <reporter-output>
          </reporter-output>
        </test-method> <!-- testParentsSubTabOnIndia -->
        <test-method signature="testRewindSubTabOnIndia()[pri:209, instance:testModules.home.fullFlowLambda@2ddc9a9f]" started-at="2025-04-01T22:42:09 ART" name="testRewindSubTabOnIndia" finished-at="2025-04-01T22:42:20 ART" duration-ms="11700" status="PASS">
          <reporter-output>
          </reporter-output>
        </test-method> <!-- testRewindSubTabOnIndia -->
        <test-method signature="testStyleSubTabOnIndia()[pri:210, instance:testModules.home.fullFlowLambda@2ddc9a9f]" started-at="2025-04-01T22:42:20 ART" name="testStyleSubTabOnIndia" finished-at="2025-04-01T22:42:34 ART" duration-ms="13926" status="PASS">
          <reporter-output>
          </reporter-output>
        </test-method> <!-- testStyleSubTabOnIndia -->
        <test-method signature="testTravelHomeSubTabOnIndia()[pri:211, instance:testModules.home.fullFlowLambda@2ddc9a9f]" started-at="2025-04-01T22:42:34 ART" name="testTravelHomeSubTabOnIndia" finished-at="2025-04-01T22:42:48 ART" duration-ms="13355" status="PASS">
          <reporter-output>
          </reporter-output>
        </test-method> <!-- testTravelHomeSubTabOnIndia -->
        <test-method signature="testTravelSubTabOnIndia()[pri:212, instance:testModules.home.fullFlowLambda@2ddc9a9f]" started-at="2025-04-01T22:42:48 ART" name="testTravelSubTabOnIndia" finished-at="2025-04-01T22:42:50 ART" duration-ms="2629" status="PASS">
          <reporter-output>
          </reporter-output>
        </test-method> <!-- testTravelSubTabOnIndia -->
        <test-method signature="testGoingNewsTabOnIndia()[pri:213, instance:testModules.home.fullFlowLambda@2ddc9a9f]" started-at="2025-04-01T22:42:50 ART" name="testGoingNewsTabOnIndia" finished-at="2025-04-01T22:42:52 ART" duration-ms="1434" status="PASS">
          <reporter-output>
          </reporter-output>
        </test-method> <!-- testGoingNewsTabOnIndia -->
        <test-method signature="testGoingToQuizzesTabOnIndia()[pri:214, instance:testModules.home.fullFlowLambda@2ddc9a9f]" started-at="2025-04-01T22:42:52 ART" name="testGoingToQuizzesTabOnIndia" finished-at="2025-04-01T22:42:53 ART" duration-ms="1490" status="PASS">
          <reporter-output>
          </reporter-output>
        </test-method> <!-- testGoingToQuizzesTabOnIndia -->
        <test-method signature="testTapOnTrendingCategoryOnIndia()[pri:215, instance:testModules.home.fullFlowLambda@2ddc9a9f]" started-at="2025-04-01T22:42:53 ART" name="testTapOnTrendingCategoryOnIndia" finished-at="2025-04-01T22:42:59 ART" duration-ms="5631" status="PASS">
          <reporter-output>
          </reporter-output>
        </test-method> <!-- testTapOnTrendingCategoryOnIndia -->
        <test-method signature="testTapOnSHowdoenOnIndia()[pri:216, instance:testModules.home.fullFlowLambda@2ddc9a9f]" started-at="2025-04-01T22:42:59 ART" name="testTapOnSHowdoenOnIndia" finished-at="2025-04-01T22:43:04 ART" duration-ms="4643" status="PASS">
          <reporter-output>
          </reporter-output>
        </test-method> <!-- testTapOnSHowdoenOnIndia -->
        <test-method signature="tapGamesTabOnIndia2()[pri:217, instance:testModules.home.fullFlowLambda@2ddc9a9f]" started-at="2025-04-01T22:43:04 ART" name="tapGamesTabOnIndia2" finished-at="2025-04-01T22:43:15 ART" duration-ms="11145" status="PASS">
          <reporter-output>
          </reporter-output>
        </test-method> <!-- tapGamesTabOnIndia2 -->
        <test-method signature="testUKEditionIsPresent()[pri:218, instance:testModules.home.fullFlowLambda@2ddc9a9f]" started-at="2025-04-01T22:43:15 ART" name="testUKEditionIsPresent" finished-at="2025-04-01T22:43:23 ART" duration-ms="8105" status="PASS">
          <reporter-output>
          </reporter-output>
        </test-method> <!-- testUKEditionIsPresent -->
        <test-method signature="testTrendingSubTabONUK()[pri:220, instance:testModules.home.fullFlowLambda@2ddc9a9f]" started-at="2025-04-01T22:43:23 ART" name="testTrendingSubTabONUK" finished-at="2025-04-01T22:43:31 ART" duration-ms="8150" status="PASS">
          <reporter-output>
          </reporter-output>
        </test-method> <!-- testTrendingSubTabONUK -->
        <test-method signature="testLatestSubTabONUK()[pri:219, instance:testModules.home.fullFlowLambda@2ddc9a9f]" started-at="2025-04-01T22:43:23 ART" name="testLatestSubTabONUK" finished-at="2025-04-01T22:43:23 ART" duration-ms="0" status="PASS">
          <reporter-output>
          </reporter-output>
        </test-method> <!-- testLatestSubTabONUK -->
        <test-method signature="testFunnyTweetsSubTabONUK()[pri:221, instance:testModules.home.fullFlowLambda@2ddc9a9f]" started-at="2025-04-01T22:43:31 ART" name="testFunnyTweetsSubTabONUK" finished-at="2025-04-01T22:43:37 ART" duration-ms="5751" status="PASS">
          <reporter-output>
          </reporter-output>
        </test-method> <!-- testFunnyTweetsSubTabONUK -->
        <test-method signature="testGamesSubTabONUK()[pri:222, instance:testModules.home.fullFlowLambda@2ddc9a9f]" started-at="2025-04-01T22:43:37 ART" name="testGamesSubTabONUK" finished-at="2025-04-01T22:43:40 ART" duration-ms="3236" status="PASS">
          <reporter-output>
          </reporter-output>
        </test-method> <!-- testGamesSubTabONUK -->
        <test-method signature="testLatestsSubTabONUK()[pri:223, instance:testModules.home.fullFlowLambda@2ddc9a9f]" started-at="2025-04-01T22:43:40 ART" name="testLatestsSubTabONUK" finished-at="2025-04-01T22:43:47 ART" duration-ms="6645" status="PASS">
          <reporter-output>
          </reporter-output>
        </test-method> <!-- testLatestsSubTabONUK -->
        <test-method signature="testRandomSubTabONUK()[pri:224, instance:testModules.home.fullFlowLambda@2ddc9a9f]" started-at="2025-04-01T22:43:47 ART" name="testRandomSubTabONUK" finished-at="2025-04-01T22:43:49 ART" duration-ms="2040" status="PASS">
          <reporter-output>
          </reporter-output>
        </test-method> <!-- testRandomSubTabONUK -->
        <test-method signature="testGossipSubTabONUK()[pri:225, instance:testModules.home.fullFlowLambda@2ddc9a9f]" started-at="2025-04-01T22:43:49 ART" name="testGossipSubTabONUK" finished-at="2025-04-01T22:43:52 ART" duration-ms="3716" status="PASS">
          <reporter-output>
          </reporter-output>
        </test-method> <!-- testGossipSubTabONUK -->
        <test-method signature="testGayStuffpSubTabONUK()[pri:226, instance:testModules.home.fullFlowLambda@2ddc9a9f]" started-at="2025-04-01T22:43:52 ART" name="testGayStuffpSubTabONUK" finished-at="2025-04-01T22:44:02 ART" duration-ms="9948" status="PASS">
          <reporter-output>
          </reporter-output>
        </test-method> <!-- testGayStuffpSubTabONUK -->
        <test-method signature="tapOnMore1ONUK()[pri:227, instance:testModules.home.fullFlowLambda@2ddc9a9f]" started-at="2025-04-01T22:44:02 ART" name="tapOnMore1ONUK" finished-at="2025-04-01T22:44:08 ART" duration-ms="5424" status="PASS">
          <reporter-output>
          </reporter-output>
        </test-method> <!-- tapOnMore1ONUK -->
        <test-method signature="testEntertainmentSubTabONUK()[pri:228, instance:testModules.home.fullFlowLambda@2ddc9a9f]" started-at="2025-04-01T22:44:08 ART" name="testEntertainmentSubTabONUK" finished-at="2025-04-01T22:44:19 ART" duration-ms="10995" status="PASS">
          <reporter-output>
          </reporter-output>
        </test-method> <!-- testEntertainmentSubTabONUK -->
        <test-method signature="testAnimalsSubTabONUK()[pri:229, instance:testModules.home.fullFlowLambda@2ddc9a9f]" started-at="2025-04-01T22:44:19 ART" name="testAnimalsSubTabONUK" finished-at="2025-04-01T22:44:26 ART" duration-ms="7630" status="PASS">
          <reporter-output>
          </reporter-output>
        </test-method> <!-- testAnimalsSubTabONUK -->
        <test-method signature="testBooksSubTabONUK()[pri:230, instance:testModules.home.fullFlowLambda@2ddc9a9f]" started-at="2025-04-01T22:44:26 ART" name="testBooksSubTabONUK" finished-at="2025-04-01T22:44:34 ART" duration-ms="7703" status="PASS">
          <reporter-output>
          </reporter-output>
        </test-method> <!-- testBooksSubTabONUK -->
        <test-method signature="testFoodSubTabONUK()[pri:231, instance:testModules.home.fullFlowLambda@2ddc9a9f]" started-at="2025-04-01T22:44:34 ART" name="testFoodSubTabONUK" finished-at="2025-04-01T22:44:43 ART" duration-ms="8849" status="PASS">
          <reporter-output>
          </reporter-output>
        </test-method> <!-- testFoodSubTabONUK -->
        <test-method signature="testCommunitySubTabONUK()[pri:232, instance:testModules.home.fullFlowLambda@2ddc9a9f]" started-at="2025-04-01T22:44:43 ART" name="testCommunitySubTabONUK" finished-at="2025-04-01T22:44:54 ART" duration-ms="11100" status="PASS">
          <reporter-output>
          </reporter-output>
        </test-method> <!-- testCommunitySubTabONUK -->
        <test-method signature="testMusicSubTabONUK()[pri:233, instance:testModules.home.fullFlowLambda@2ddc9a9f]" started-at="2025-04-01T22:44:54 ART" name="testMusicSubTabONUK" finished-at="2025-04-01T22:45:03 ART" duration-ms="8793" status="PASS">
          <reporter-output>
          </reporter-output>
        </test-method> <!-- testMusicSubTabONUK -->
        <test-method signature="testNiftySubTabONUK()[pri:234, instance:testModules.home.fullFlowLambda@2ddc9a9f]" started-at="2025-04-01T22:45:03 ART" name="testNiftySubTabONUK" finished-at="2025-04-01T22:45:13 ART" duration-ms="10354" status="PASS">
          <reporter-output>
          </reporter-output>
        </test-method> <!-- testNiftySubTabONUK -->
        <test-method signature="testParentsSubTabONUK()[pri:235, instance:testModules.home.fullFlowLambda@2ddc9a9f]" started-at="2025-04-01T22:45:13 ART" name="testParentsSubTabONUK" finished-at="2025-04-01T22:45:24 ART" duration-ms="10668" status="PASS">
          <reporter-output>
          </reporter-output>
        </test-method> <!-- testParentsSubTabONUK -->
        <test-method signature="testRewindSubTabONUK()[pri:236, instance:testModules.home.fullFlowLambda@2ddc9a9f]" started-at="2025-04-01T22:45:24 ART" name="testRewindSubTabONUK" finished-at="2025-04-01T22:45:35 ART" duration-ms="11221" status="PASS">
          <reporter-output>
          </reporter-output>
        </test-method> <!-- testRewindSubTabONUK -->
        <test-method signature="testStyleSubTabONUK()[pri:237, instance:testModules.home.fullFlowLambda@2ddc9a9f]" started-at="2025-04-01T22:45:35 ART" name="testStyleSubTabONUK" finished-at="2025-04-01T22:45:48 ART" duration-ms="12570" status="PASS">
          <reporter-output>
          </reporter-output>
        </test-method> <!-- testStyleSubTabONUK -->
        <test-method signature="testTravelHomeSubTabONUK()[pri:238, instance:testModules.home.fullFlowLambda@2ddc9a9f]" started-at="2025-04-01T22:45:48 ART" name="testTravelHomeSubTabONUK" finished-at="2025-04-01T22:46:01 ART" duration-ms="13373" status="PASS">
          <reporter-output>
          </reporter-output>
        </test-method> <!-- testTravelHomeSubTabONUK -->
        <test-method signature="testTravelSubTabONUK()[pri:239, instance:testModules.home.fullFlowLambda@2ddc9a9f]" started-at="2025-04-01T22:46:01 ART" name="testTravelSubTabONUK" finished-at="2025-04-01T22:46:04 ART" duration-ms="2761" status="PASS">
          <reporter-output>
          </reporter-output>
        </test-method> <!-- testTravelSubTabONUK -->
        <test-method signature="testGoingNewsTabOnUK()[pri:240, instance:testModules.home.fullFlowLambda@2ddc9a9f]" started-at="2025-04-01T22:46:04 ART" name="testGoingNewsTabOnUK" finished-at="2025-04-01T22:46:05 ART" duration-ms="1506" status="PASS">
          <reporter-output>
          </reporter-output>
        </test-method> <!-- testGoingNewsTabOnUK -->
        <test-method signature="testGoingToQuizzesTabOnUK()[pri:241, instance:testModules.home.fullFlowLambda@2ddc9a9f]" started-at="2025-04-01T22:46:05 ART" name="testGoingToQuizzesTabOnUK" finished-at="2025-04-01T22:46:07 ART" duration-ms="1754" status="PASS">
          <reporter-output>
          </reporter-output>
        </test-method> <!-- testGoingToQuizzesTabOnUK -->
        <test-method signature="testTapOnTrendingCategoryOnUK()[pri:242, instance:testModules.home.fullFlowLambda@2ddc9a9f]" started-at="2025-04-01T22:46:07 ART" name="testTapOnTrendingCategoryOnUK" finished-at="2025-04-01T22:46:13 ART" duration-ms="5720" status="PASS">
          <reporter-output>
          </reporter-output>
        </test-method> <!-- testTapOnTrendingCategoryOnUK -->
        <test-method signature="testTapOnShowdownCategoryOnUK()[pri:243, instance:testModules.home.fullFlowLambda@2ddc9a9f]" started-at="2025-04-01T22:46:13 ART" name="testTapOnShowdownCategoryOnUK" finished-at="2025-04-01T22:46:17 ART" duration-ms="4660" status="PASS">
          <reporter-output>
          </reporter-output>
        </test-method> <!-- testTapOnShowdownCategoryOnUK -->
        <test-method signature="testTapOnTriviaCategoryOnUK()[pri:244, instance:testModules.home.fullFlowLambda@2ddc9a9f]" started-at="2025-04-01T22:46:17 ART" name="testTapOnTriviaCategoryOnUK" finished-at="2025-04-01T22:46:23 ART" duration-ms="5663" status="PASS">
          <reporter-output>
          </reporter-output>
        </test-method> <!-- testTapOnTriviaCategoryOnUK -->
        <test-method signature="testTapOnCanWeGuessOnUK()[pri:245, instance:testModules.home.fullFlowLambda@2ddc9a9f]" started-at="2025-04-01T22:46:23 ART" name="testTapOnCanWeGuessOnUK" finished-at="2025-04-01T22:46:28 ART" duration-ms="5130" status="PASS">
          <reporter-output>
          </reporter-output>
        </test-method> <!-- testTapOnCanWeGuessOnUK -->
        <test-method signature="testTapOnMOreOnUK()[pri:246, instance:testModules.home.fullFlowLambda@2ddc9a9f]" started-at="2025-04-01T22:46:28 ART" name="testTapOnMOreOnUK" finished-at="2025-04-01T22:46:31 ART" duration-ms="3262" status="PASS">
          <reporter-output>
          </reporter-output>
        </test-method> <!-- testTapOnMOreOnUK -->
        <test-method signature="testTapOnPollsUK()[pri:247, instance:testModules.home.fullFlowLambda@2ddc9a9f]" started-at="2025-04-01T22:46:31 ART" name="testTapOnPollsUK" finished-at="2025-04-01T22:46:37 ART" duration-ms="5590" status="PASS">
          <reporter-output>
          </reporter-output>
        </test-method> <!-- testTapOnPollsUK -->
        <test-method signature="testTapOnTaylorSwiftUK()[pri:248, instance:testModules.home.fullFlowLambda@2ddc9a9f]" started-at="2025-04-01T22:46:37 ART" name="testTapOnTaylorSwiftUK" finished-at="2025-04-01T22:46:42 ART" duration-ms="4574" status="PASS">
          <reporter-output>
          </reporter-output>
        </test-method> <!-- testTapOnTaylorSwiftUK -->
        <test-method signature="testTapOnMarvelUK()[pri:249, instance:testModules.home.fullFlowLambda@2ddc9a9f]" started-at="2025-04-01T22:46:42 ART" name="testTapOnMarvelUK" finished-at="2025-04-01T22:46:47 ART" duration-ms="5341" status="PASS">
          <reporter-output>
          </reporter-output>
        </test-method> <!-- testTapOnMarvelUK -->
        <test-method signature="testTapOnZodiacUK()[pri:250, instance:testModules.home.fullFlowLambda@2ddc9a9f]" started-at="2025-04-01T22:46:47 ART" name="testTapOnZodiacUK" finished-at="2025-04-01T22:46:53 ART" duration-ms="5697" status="PASS">
          <reporter-output>
          </reporter-output>
        </test-method> <!-- testTapOnZodiacUK -->
        <test-method signature="testTapOnHarryPotterUK()[pri:251, instance:testModules.home.fullFlowLambda@2ddc9a9f]" started-at="2025-04-01T22:46:53 ART" name="testTapOnHarryPotterUK" finished-at="2025-04-01T22:46:58 ART" duration-ms="5302" status="PASS">
          <reporter-output>
          </reporter-output>
        </test-method> <!-- testTapOnHarryPotterUK -->
        <test-method signature="testTapOnAnimeUK()[pri:252, instance:testModules.home.fullFlowLambda@2ddc9a9f]" started-at="2025-04-01T22:46:58 ART" name="testTapOnAnimeUK" finished-at="2025-04-01T22:47:04 ART" duration-ms="5762" status="PASS">
          <reporter-output>
          </reporter-output>
        </test-method> <!-- testTapOnAnimeUK -->
        <test-method signature="testTapOnKpopOnUK()[pri:253, instance:testModules.home.fullFlowLambda@2ddc9a9f]" started-at="2025-04-01T22:47:04 ART" name="testTapOnKpopOnUK" finished-at="2025-04-01T22:47:08 ART" duration-ms="4582" status="PASS">
          <reporter-output>
          </reporter-output>
        </test-method> <!-- testTapOnKpopOnUK -->
        <test-method signature="testTapOnChecklistUK()[pri:254, instance:testModules.home.fullFlowLambda@2ddc9a9f]" started-at="2025-04-01T22:47:08 ART" name="testTapOnChecklistUK" finished-at="2025-04-01T22:47:14 ART" duration-ms="5396" status="PASS">
          <reporter-output>
          </reporter-output>
        </test-method> <!-- testTapOnChecklistUK -->
        <test-method signature="tapGamesTabOnUK()[pri:255, instance:testModules.home.fullFlowLambda@2ddc9a9f]" started-at="2025-04-01T22:47:14 ART" name="tapGamesTabOnUK" finished-at="2025-04-01T22:47:22 ART" duration-ms="8498" status="PASS">
          <reporter-output>
          </reporter-output>
        </test-method> <!-- tapGamesTabOnUK -->
        <test-method signature="testLatamEditionIsPresent()[pri:256, instance:testModules.home.fullFlowLambda@2ddc9a9f]" started-at="2025-04-01T22:47:22 ART" name="testLatamEditionIsPresent" finished-at="2025-04-01T22:47:26 ART" duration-ms="3566" status="PASS">
          <reporter-output>
          </reporter-output>
        </test-method> <!-- testLatamEditionIsPresent -->
        <test-method signature="testTendenciasSubTab()[pri:258, instance:testModules.home.fullFlowLambda@2ddc9a9f]" started-at="2025-04-01T22:47:26 ART" name="testTendenciasSubTab" finished-at="2025-04-01T22:47:26 ART" duration-ms="421" status="PASS">
          <reporter-output>
          </reporter-output>
        </test-method> <!-- testTendenciasSubTab -->
        <test-method signature="testLoUltimoSubTab()[pri:257, instance:testModules.home.fullFlowLambda@2ddc9a9f]" started-at="2025-04-01T22:47:26 ART" name="testLoUltimoSubTab" finished-at="2025-04-01T22:47:26 ART" duration-ms="0" status="PASS">
          <reporter-output>
          </reporter-output>
        </test-method> <!-- testLoUltimoSubTab -->
        <test-method signature="testJapanEditionIsPresent()[pri:259, instance:testModules.home.fullFlowLambda@2ddc9a9f]" started-at="2025-04-01T22:47:26 ART" name="testJapanEditionIsPresent" finished-at="2025-04-01T22:47:30 ART" duration-ms="3409" status="PASS">
          <reporter-output>
          </reporter-output>
        </test-method> <!-- testJapanEditionIsPresent -->
        <test-method signature="testShoppingTabJapan()[pri:260, instance:testModules.home.fullFlowLambda@2ddc9a9f]" started-at="2025-04-01T22:47:30 ART" name="testShoppingTabJapan" finished-at="2025-04-01T22:47:30 ART" duration-ms="433" status="PASS">
          <reporter-output>
          </reporter-output>
        </test-method> <!-- testShoppingTabJapan -->
        <test-method signature="testGoingToQuizzesTabOnJapan()[pri:261, instance:testModules.home.fullFlowLambda@2ddc9a9f]" started-at="2025-04-01T22:47:30 ART" name="testGoingToQuizzesTabOnJapan" finished-at="2025-04-01T22:47:34 ART" duration-ms="4204" status="PASS">
          <reporter-output>
          </reporter-output>
        </test-method> <!-- testGoingToQuizzesTabOnJapan -->
        <test-method is-config="true" signature="tearSuite()[pri:0, instance:testModules.home.fullFlowLambda@2ddc9a9f]" started-at="2025-04-01T22:47:34 ART" name="tearSuite" finished-at="2025-04-01T22:47:34 ART" duration-ms="154" status="PASS">
          <reporter-output>
          </reporter-output>
        </test-method> <!-- tearSuite -->
      </class> <!-- testModules.home.fullFlowLambda -->
    </test> <!-- Phone 15 Pro -->
  </suite> <!-- home suite -->
</testng-results>
