<?xml version="1.0" encoding="UTF-8"?>
<testsuite xmlns:xsi="http://www.w3.org/2001/XMLSchema-instance" xsi:noNamespaceSchemaLocation="https://maven.apache.org/surefire/maven-surefire-plugin/xsd/surefire-test-report.xsd" name="TestSuite" time="147.055" tests="26" errors="0" skipped="0" failures="0">
  <properties>
[...]
</properties>
  <testcase name="testSearchNativeBpage" classname="testModules.bpage.NatBpageTests1" time="6.555"/>
  <testcase name="testSearchNativeBpage" classname="testModules.bpage.NatBpageTests1" time="3.992"/>
  <testcase name="verifyDataCategoryArePresent" classname="testModules.bpage.NatBpageTests1" time="0"/>
  <testcase name="verifyDataCategoryArePresent" classname="testModules.bpage.NatBpageTests1" time="0"/>
  <testcase name="verifyTitleIsPresent" classname="testModules.bpage.NatBpageTests1" time="0.538"/>
  <testcase name="verifyTitleIsPresent" classname="testModules.bpage.NatBpageTests1" time="0.917"/>
  <testcase name="verifySubTitleIsPresent" classname="testModules.bpage.NatBpageTests1" time="0.462"/>
  <testcase name="verifySubTitleIsPresent" classname="testModules.bpage.NatBpageTests1" time="0.919"/>
  <testcase name="verifyAuthorInfoIsPresentOnBpage" classname="testModules.bpage.NatBpageTests1" time="0.54"/>
  <testcase name="verifyAuthorInfoIsPresentOnBpage" classname="testModules.bpage.NatBpageTests1" time="0.065"/>
  <testcase name="verifyImagePresentOnBpage" classname="testModules.bpage.NatBpageTests1" time="0.452"/>
  <testcase name="verifyImagePresentOnBpage" classname="testModules.bpage.NatBpageTests1" time="0.853"/>
  <testcase name="tapImage" classname="testModules.bpage.NatBpageTests1" time="0.454"/>
  <testcase name="tapImage" classname="testModules.bpage.NatBpageTests1" time="1.265"/>
  <testcase name="verifyShareButtonIsPresentOnMV" classname="testModules.bpage.NatBpageTests1" time="0.503"/>
  <testcase name="verifyShareButtonIsPresentOnMV" classname="testModules.bpage.NatBpageTests1" time="0.829"/>
  <testcase name="tapShareButtonOnMV" classname="testModules.bpage.NatBpageTests1" time="0.533"/>
  <testcase name="tapShareButtonOnMV" classname="testModules.bpage.NatBpageTests1" time="1.763"/>
  <testcase name="verifyDismissMV" classname="testModules.bpage.NatBpageTests1" time="0.467"/>
  <testcase name="verifyDismissMV" classname="testModules.bpage.NatBpageTests1" time="10.243"/>
  <testcase name="testSearchFallbackBpage" classname="testModules.bpage.NatBpageTests1" time="1.704"/>
  <testcase name="testSearchFallbackBpage" classname="testModules.bpage.NatBpageTests1" time="11.376"/>
  <testcase name="testBuyFromAmazonButtonIsPresent" classname="testModules.bpage.NatBpageTests1" time="1.466"/>
  <testcase name="testBuyFromAmazonButtonIsPresent" classname="testModules.bpage.NatBpageTests1" time="33.018"/>
  <testcase name="testBuyFromAmazonButton" classname="testModules.bpage.NatBpageTests1" time="4.445"/>
  <testcase name="testBuyFromAmazonButton" classname="testModules.bpage.NatBpageTests1" time="4.509"/>
</testsuite>