<?xml version="1.0" encoding="UTF-8"?>
<testng-results ignored="0" total="26" passed="26" failed="0" skipped="0">
  <reporter-output>
  </reporter-output>
  <suite started-at="2025-03-18T21:13:03 ART" name="bpageSuite" finished-at="2025-03-18T21:15:27 ART" duration-ms="144384">
    <groups>
    </groups>
    <test started-at="2025-03-18T21:13:03 ART" name="iPhone 15 Pro" finished-at="2025-03-18T21:14:54 ART" duration-ms="111305">
      <class name="testModules.bpage.NatBpageTests1">
        <test-method is-config="true" signature="setUp(java.lang.String,java.lang.String)[pri:0, instance:testModules.bpage.NatBpageTests1@4d5b6aac]" started-at="2025-03-18T21:13:03 ART" name="setUp" finished-at="2025-03-18T21:13:34 ART" duration-ms="31909" status="PASS">
          <params>
            <param index="0">
              <value>
                <![CDATA[iPhone 15 Pro]]>
              </value>
            </param>
            <param index="1">
              <value>
                <![CDATA[17]]>
              </value>
            </param>
          </params>
          <reporter-output>
          </reporter-output>
        </test-method> <!-- setUp -->
        <test-method is-config="true" signature="initializePages()[pri:0, instance:testModules.bpage.NatBpageTests1@4d5b6aac]" started-at="2025-03-18T21:13:34 ART" name="initializePages" finished-at="2025-03-18T21:13:38 ART" duration-ms="3584" status="PASS">
          <reporter-output>
          </reporter-output>
        </test-method> <!-- initializePages -->
        <test-method is-config="true" signature="initProcess()[pri:0, instance:testModules.bpage.NatBpageTests1@4d5b6aac]" started-at="2025-03-18T21:13:38 ART" name="initProcess" finished-at="2025-03-18T21:13:52 ART" duration-ms="13679" status="PASS">
          <reporter-output>
          </reporter-output>
        </test-method> <!-- initProcess -->
        <test-method signature="testSearchNativeBpage(java.lang.String)[pri:1, instance:testModules.bpage.NatBpageTests1@4d5b6aac]" started-at="2025-03-18T21:13:52 ART" name="testSearchNativeBpage" data-provider="nativeBpage" finished-at="2025-03-18T21:14:18 ART" duration-ms="26080" status="PASS">
          <params>
            <param index="0">
              <value>
                <![CDATA[Simone Biles Won A Bronze Medal In Her Olympic Return]]>
              </value>
            </param>
          </params>
          <reporter-output>
          </reporter-output>
        </test-method> <!-- testSearchNativeBpage -->
        <test-method signature="verifyDataCategoryArePresent()[pri:2, instance:testModules.bpage.NatBpageTests1@4d5b6aac]" started-at="2025-03-18T21:14:18 ART" name="verifyDataCategoryArePresent" finished-at="2025-03-18T21:14:18 ART" duration-ms="0" status="PASS">
          <reporter-output>
          </reporter-output>
        </test-method> <!-- verifyDataCategoryArePresent -->
        <test-method signature="verifyTitleIsPresent()[pri:3, instance:testModules.bpage.NatBpageTests1@4d5b6aac]" started-at="2025-03-18T21:14:18 ART" name="verifyTitleIsPresent" finished-at="2025-03-18T21:14:19 ART" duration-ms="916" status="PASS">
          <reporter-output>
          </reporter-output>
        </test-method> <!-- verifyTitleIsPresent -->
        <test-method signature="verifySubTitleIsPresent()[pri:4, instance:testModules.bpage.NatBpageTests1@4d5b6aac]" started-at="2025-03-18T21:14:19 ART" name="verifySubTitleIsPresent" finished-at="2025-03-18T21:14:20 ART" duration-ms="919" status="PASS">
          <reporter-output>
          </reporter-output>
        </test-method> <!-- verifySubTitleIsPresent -->
        <test-method signature="verifyAuthorInfoIsPresentOnBpage()[pri:5, instance:testModules.bpage.NatBpageTests1@4d5b6aac]" started-at="2025-03-18T21:14:20 ART" name="verifyAuthorInfoIsPresentOnBpage" finished-at="2025-03-18T21:14:21 ART" duration-ms="1769" status="PASS">
          <reporter-output>
          </reporter-output>
        </test-method> <!-- verifyAuthorInfoIsPresentOnBpage -->
        <test-method signature="verifyImagePresentOnBpage()[pri:6, instance:testModules.bpage.NatBpageTests1@4d5b6aac]" started-at="2025-03-18T21:14:21 ART" name="verifyImagePresentOnBpage" finished-at="2025-03-18T21:14:22 ART" duration-ms="854" status="PASS">
          <reporter-output>
          </reporter-output>
        </test-method> <!-- verifyImagePresentOnBpage -->
        <test-method signature="tapImage()[pri:7, instance:testModules.bpage.NatBpageTests1@4d5b6aac]" started-at="2025-03-18T21:14:22 ART" name="tapImage" finished-at="2025-03-18T21:14:24 ART" duration-ms="1265" status="PASS">
          <reporter-output>
          </reporter-output>
        </test-method> <!-- tapImage -->
        <test-method signature="verifyShareButtonIsPresentOnMV()[pri:8, instance:testModules.bpage.NatBpageTests1@4d5b6aac]" started-at="2025-03-18T21:14:24 ART" name="verifyShareButtonIsPresentOnMV" finished-at="2025-03-18T21:14:24 ART" duration-ms="829" status="PASS">
          <reporter-output>
          </reporter-output>
        </test-method> <!-- verifyShareButtonIsPresentOnMV -->
        <test-method signature="tapShareButtonOnMV()[pri:9, instance:testModules.bpage.NatBpageTests1@4d5b6aac]" started-at="2025-03-18T21:14:24 ART" name="tapShareButtonOnMV" finished-at="2025-03-18T21:14:26 ART" duration-ms="1762" status="PASS">
          <reporter-output>
          </reporter-output>
        </test-method> <!-- tapShareButtonOnMV -->
        <test-method signature="verifyDismissMV()[pri:10, instance:testModules.bpage.NatBpageTests1@4d5b6aac]" started-at="2025-03-18T21:14:26 ART" name="verifyDismissMV" finished-at="2025-03-18T21:14:36 ART" duration-ms="10243" status="PASS">
          <reporter-output>
          </reporter-output>
        </test-method> <!-- verifyDismissMV -->
        <test-method signature="testSearchFallbackBpage(java.lang.String)[pri:16, instance:testModules.bpage.NatBpageTests1@4d5b6aac]" started-at="2025-03-18T21:14:36 ART" name="testSearchFallbackBpage" data-provider="amazonButtonNativeBpage" finished-at="2025-03-18T21:14:48 ART" duration-ms="11375" status="PASS">
          <params>
            <param index="0">
              <value>
                <![CDATA[33 Trendy Pieces Your Friends Will Want To Borrow]]>
              </value>
            </param>
          </params>
          <reporter-output>
          </reporter-output>
        </test-method> <!-- testSearchFallbackBpage -->
        <test-method signature="testBuyFromAmazonButtonIsPresent()[pri:17, instance:testModules.bpage.NatBpageTests1@4d5b6aac]" started-at="2025-03-18T21:14:48 ART" name="testBuyFromAmazonButtonIsPresent" finished-at="2025-03-18T21:14:49 ART" duration-ms="1465" status="PASS">
          <reporter-output>
          </reporter-output>
        </test-method> <!-- testBuyFromAmazonButtonIsPresent -->
        <test-method signature="testBuyFromAmazonButton()[pri:18, instance:testModules.bpage.NatBpageTests1@4d5b6aac]" started-at="2025-03-18T21:14:49 ART" name="testBuyFromAmazonButton" finished-at="2025-03-18T21:14:54 ART" duration-ms="4444" status="PASS">
          <reporter-output>
          </reporter-output>
        </test-method> <!-- testBuyFromAmazonButton -->
        <test-method is-config="true" signature="tearSuite()[pri:0, instance:testModules.bpage.NatBpageTests1@4d5b6aac]" started-at="2025-03-18T21:14:54 ART" name="tearSuite" finished-at="2025-03-18T21:14:54 ART" duration-ms="166" status="PASS">
          <reporter-output>
          </reporter-output>
        </test-method> <!-- tearSuite -->
      </class> <!-- testModules.bpage.NatBpageTests1 -->
    </test> <!-- iPhone 15 Pro -->
    <test started-at="2025-03-18T21:13:03 ART" name="iPhone 16" finished-at="2025-03-18T21:15:27 ART" duration-ms="144384">
      <class name="testModules.bpage.NatBpageTests1">
        <test-method is-config="true" signature="setUpTest()[pri:0, instance:testModules.bpage.NatBpageTests1@3f6b0be5]" started-at="2025-03-18T21:13:01 ART" name="setUpTest" finished-at="2025-03-18T21:13:03 ART" duration-ms="2007" status="PASS">
          <reporter-output>
          </reporter-output>
        </test-method> <!-- setUpTest -->
        <test-method is-config="true" signature="setUp(java.lang.String,java.lang.String)[pri:0, instance:testModules.bpage.NatBpageTests1@3f6b0be5]" started-at="2025-03-18T21:13:03 ART" name="setUp" finished-at="2025-03-18T21:13:45 ART" duration-ms="42515" status="PASS">
          <params>
            <param index="0">
              <value>
                <![CDATA[iPhone 16]]>
              </value>
            </param>
            <param index="1">
              <value>
                <![CDATA[18]]>
              </value>
            </param>
          </params>
          <reporter-output>
          </reporter-output>
        </test-method> <!-- setUp -->
        <test-method is-config="true" signature="initializePages()[pri:0, instance:testModules.bpage.NatBpageTests1@3f6b0be5]" started-at="2025-03-18T21:13:45 ART" name="initializePages" finished-at="2025-03-18T21:13:50 ART" duration-ms="4529" status="PASS">
          <reporter-output>
          </reporter-output>
        </test-method> <!-- initializePages -->
        <test-method is-config="true" signature="initProcess()[pri:0, instance:testModules.bpage.NatBpageTests1@3f6b0be5]" started-at="2025-03-18T21:13:50 ART" name="initProcess" finished-at="2025-03-18T21:14:03 ART" duration-ms="13720" status="PASS">
          <reporter-output>
          </reporter-output>
        </test-method> <!-- initProcess -->
        <test-method signature="testSearchNativeBpage(java.lang.String)[pri:1, instance:testModules.bpage.NatBpageTests1@3f6b0be5]" started-at="2025-03-18T21:14:03 ART" name="testSearchNativeBpage" data-provider="nativeBpage" finished-at="2025-03-18T21:14:10 ART" duration-ms="6551" status="PASS">
          <params>
            <param index="0">
              <value>
                <![CDATA[Simone Biles Won A Bronze Medal In Her Olympic Return]]>
              </value>
            </param>
          </params>
          <reporter-output>
          </reporter-output>
        </test-method> <!-- testSearchNativeBpage -->
        <test-method signature="verifyDataCategoryArePresent()[pri:2, instance:testModules.bpage.NatBpageTests1@3f6b0be5]" started-at="2025-03-18T21:14:10 ART" name="verifyDataCategoryArePresent" finished-at="2025-03-18T21:14:10 ART" duration-ms="0" status="PASS">
          <reporter-output>
          </reporter-output>
        </test-method> <!-- verifyDataCategoryArePresent -->
        <test-method signature="verifyTitleIsPresent()[pri:3, instance:testModules.bpage.NatBpageTests1@3f6b0be5]" started-at="2025-03-18T21:14:10 ART" name="verifyTitleIsPresent" finished-at="2025-03-18T21:14:10 ART" duration-ms="537" status="PASS">
          <reporter-output>
          </reporter-output>
        </test-method> <!-- verifyTitleIsPresent -->
        <test-method signature="verifySubTitleIsPresent()[pri:4, instance:testModules.bpage.NatBpageTests1@3f6b0be5]" started-at="2025-03-18T21:14:10 ART" name="verifySubTitleIsPresent" finished-at="2025-03-18T21:14:11 ART" duration-ms="461" status="PASS">
          <reporter-output>
          </reporter-output>
        </test-method> <!-- verifySubTitleIsPresent -->
        <test-method signature="verifyAuthorInfoIsPresentOnBpage()[pri:5, instance:testModules.bpage.NatBpageTests1@3f6b0be5]" started-at="2025-03-18T21:14:11 ART" name="verifyAuthorInfoIsPresentOnBpage" finished-at="2025-03-18T21:14:11 ART" duration-ms="540" status="PASS">
          <reporter-output>
          </reporter-output>
        </test-method> <!-- verifyAuthorInfoIsPresentOnBpage -->
        <test-method signature="verifyImagePresentOnBpage()[pri:6, instance:testModules.bpage.NatBpageTests1@3f6b0be5]" started-at="2025-03-18T21:14:11 ART" name="verifyImagePresentOnBpage" finished-at="2025-03-18T21:14:12 ART" duration-ms="451" status="PASS">
          <reporter-output>
          </reporter-output>
        </test-method> <!-- verifyImagePresentOnBpage -->
        <test-method signature="tapImage()[pri:7, instance:testModules.bpage.NatBpageTests1@3f6b0be5]" started-at="2025-03-18T21:14:12 ART" name="tapImage" finished-at="2025-03-18T21:14:12 ART" duration-ms="454" status="PASS">
          <reporter-output>
          </reporter-output>
        </test-method> <!-- tapImage -->
        <test-method signature="verifyShareButtonIsPresentOnMV()[pri:8, instance:testModules.bpage.NatBpageTests1@3f6b0be5]" started-at="2025-03-18T21:14:12 ART" name="verifyShareButtonIsPresentOnMV" finished-at="2025-03-18T21:14:13 ART" duration-ms="504" status="PASS">
          <reporter-output>
          </reporter-output>
        </test-method> <!-- verifyShareButtonIsPresentOnMV -->
        <test-method signature="tapShareButtonOnMV()[pri:9, instance:testModules.bpage.NatBpageTests1@3f6b0be5]" started-at="2025-03-18T21:14:13 ART" name="tapShareButtonOnMV" finished-at="2025-03-18T21:14:13 ART" duration-ms="533" status="PASS">
          <reporter-output>
          </reporter-output>
        </test-method> <!-- tapShareButtonOnMV -->
        <test-method signature="verifyDismissMV()[pri:10, instance:testModules.bpage.NatBpageTests1@3f6b0be5]" started-at="2025-03-18T21:14:13 ART" name="verifyDismissMV" finished-at="2025-03-18T21:14:14 ART" duration-ms="467" status="PASS">
          <reporter-output>
          </reporter-output>
        </test-method> <!-- verifyDismissMV -->
        <test-method signature="testSearchFallbackBpage(java.lang.String)[pri:16, instance:testModules.bpage.NatBpageTests1@3f6b0be5]" started-at="2025-03-18T21:14:14 ART" name="testSearchFallbackBpage" data-provider="amazonButtonNativeBpage" finished-at="2025-03-18T21:14:21 ART" duration-ms="7532" status="PASS">
          <params>
            <param index="0">
              <value>
                <![CDATA[33 Trendy Pieces Your Friends Will Want To Borrow]]>
              </value>
            </param>
          </params>
          <reporter-output>
          </reporter-output>
        </test-method> <!-- testSearchFallbackBpage -->
        <test-method signature="testBuyFromAmazonButtonIsPresent()[pri:17, instance:testModules.bpage.NatBpageTests1@3f6b0be5]" started-at="2025-03-18T21:14:21 ART" name="testBuyFromAmazonButtonIsPresent" finished-at="2025-03-18T21:15:22 ART" duration-ms="60882" status="PASS">
          <reporter-output>
          </reporter-output>
        </test-method> <!-- testBuyFromAmazonButtonIsPresent -->
        <test-method signature="testBuyFromAmazonButton()[pri:18, instance:testModules.bpage.NatBpageTests1@3f6b0be5]" started-at="2025-03-18T21:15:22 ART" name="testBuyFromAmazonButton" finished-at="2025-03-18T21:15:27 ART" duration-ms="4508" status="PASS">
          <reporter-output>
          </reporter-output>
        </test-method> <!-- testBuyFromAmazonButton -->
        <test-method is-config="true" signature="tearSuite()[pri:0, instance:testModules.bpage.NatBpageTests1@3f6b0be5]" started-at="2025-03-18T21:15:27 ART" name="tearSuite" finished-at="2025-03-18T21:15:27 ART" duration-ms="163" status="PASS">
          <reporter-output>
          </reporter-output>
        </test-method> <!-- tearSuite -->
      </class> <!-- testModules.bpage.NatBpageTests1 -->
    </test> <!-- iPhone 16 -->
  </suite> <!-- bpageSuite -->
  <suite started-at="2025-03-18T21:15:27 ART" name="AllSuites" finished-at="2025-03-18T21:15:27 ART" duration-ms="0">
    <groups>
    </groups>
  </suite> <!-- AllSuites -->
</testng-results>
