<?xml version="1.0" encoding="UTF-8"?>
<testsuite xmlns:xsi="http://www.w3.org/2001/XMLSchema-instance" xsi:noNamespaceSchemaLocation="https://maven.apache.org/surefire/maven-surefire-plugin/xsd/surefire-test-report.xsd" name="TestSuite" time="621.945" tests="99" errors="0" skipped="0" failures="0">
  <properties>
[...]
</properties>
  <testcase name="testSearchInstantQuiz" classname="testModules.quizzes.quizzesTypes.QuizChecklistTests" time="17.213"/>
  <testcase name="testQuizTitleIsPresentAtBeginning" classname="testModules.quizzes.quizzesTypes.QuizChecklistTests" time="3.998"/>
  <testcase name="testMainImageIsPresent" classname="testModules.quizzes.quizzesTypes.QuizChecklistTests" time="0.819"/>
  <testcase name="testSubTextIsPresent" classname="testModules.quizzes.quizzesTypes.QuizChecklistTests" time="0.32"/>
  <testcase name="testAuthorInfoIsPresent" classname="testModules.quizzes.quizzesTypes.QuizChecklistTests" time="0.334"/>
  <testcase name="testPlayNowButton" classname="testModules.quizzes.quizzesTypes.QuizChecklistTests" time="1.708"/>
  <testcase name="testChoicesAreLoading" classname="testModules.quizzes.quizzesTypes.QuizChecklistTests" time="0.84"/>
  <testcase name="testTapChecklistChoice" classname="testModules.quizzes.quizzesTypes.QuizChecklistTests" time="5.768"/>
  <testcase name="testTapShowMeResults" classname="testModules.quizzes.quizzesTypes.QuizChecklistTests" time="1.802"/>
  <testcase name="testQuizTitleResultScreenIsPresent" classname="testModules.quizzes.quizzesTypes.QuizChecklistTests" time="4.595"/>
  <testcase name="testYouCheckedTextResultIsPresent" classname="testModules.quizzes.quizzesTypes.QuizChecklistTests" time="3.184"/>
  <testcase name="verifyRetakeQuiz" classname="testModules.quizzes.quizzesTypes.QuizChecklistTests" time="3.88"/>
  <testcase name="testResultsSubTab" classname="testModules.quizzes.quizzesTypes.QuizChecklistTests" time="6.941"/>
  <testcase name="testSearchInstantQuiz" classname="testModules.quizzes.quizzesTypes.QuizPersonalityTests" time="16.042"/>
  <testcase name="testSubTextIsPresent" classname="testModules.quizzes.quizzesTypes.QuizPersonalityTests" time="0.466"/>
  <testcase name="testAuthorInfoIsPresent" classname="testModules.quizzes.quizzesTypes.QuizPersonalityTests" time="0.398"/>
  <testcase name="testPlayWithFriendsButtonIsPresent" classname="testModules.quizzes.quizzesTypes.QuizPersonalityTests" time="0.894"/>
  <testcase name="testPlayNowButton" classname="testModules.quizzes.quizzesTypes.QuizPersonalityTests" time="1.704"/>
  <testcase name="testQuestion1Countdown" classname="testModules.quizzes.quizzesTypes.QuizPersonalityTests" time="1.241"/>
  <testcase name="testQuestion1" classname="testModules.quizzes.quizzesTypes.QuizPersonalityTests" time="1.723"/>
  <testcase name="testQuestion2Countdown" classname="testModules.quizzes.quizzesTypes.QuizPersonalityTests" time="0.96"/>
  <testcase name="testQuestion2" classname="testModules.quizzes.quizzesTypes.QuizPersonalityTests" time="1.564"/>
  <testcase name="testQuestion3Countdown" classname="testModules.quizzes.quizzesTypes.QuizPersonalityTests" time="0.842"/>
  <testcase name="testQuestion3" classname="testModules.quizzes.quizzesTypes.QuizPersonalityTests" time="1.642"/>
  <testcase name="testQuestion4Countdown" classname="testModules.quizzes.quizzesTypes.QuizPersonalityTests" time="0.83"/>
  <testcase name="testQuestion4" classname="testModules.quizzes.quizzesTypes.QuizPersonalityTests" time="1.578"/>
  <testcase name="testQuestion5Countdown" classname="testModules.quizzes.quizzesTypes.QuizPersonalityTests" time="0.898"/>
  <testcase name="testQuestion5" classname="testModules.quizzes.quizzesTypes.QuizPersonalityTests" time="1.624"/>
  <testcase name="testQuestion6Countdown" classname="testModules.quizzes.quizzesTypes.QuizPersonalityTests" time="0.984"/>
  <testcase name="testQuestion6" classname="testModules.quizzes.quizzesTypes.QuizPersonalityTests" time="2.043"/>
  <testcase name="testQuizTitleResultScreenIsPresent" classname="testModules.quizzes.quizzesTypes.QuizPersonalityTests" time="0.384"/>
  <testcase name="testDescriptionsResultScreenArePresent" classname="testModules.quizzes.quizzesTypes.QuizPersonalityTests" time="1.098"/>
  <testcase name="verifyRetakeQuiz" classname="testModules.quizzes.quizzesTypes.QuizPersonalityTests" time="5.624"/>
  <testcase name="verifyPrevButton" classname="testModules.quizzes.quizzesTypes.QuizPersonalityTests" time="10.106"/>
  <testcase name="testSearchPredetQuiz" classname="testModules.quizzes.quizzesTypes.QuizPredetTests" time="17.607"/>
  <testcase name="testSubTextIsPresent" classname="testModules.quizzes.quizzesTypes.QuizPredetTests" time="0.539"/>
  <testcase name="testAuthorInfoIsPresent" classname="testModules.quizzes.quizzesTypes.QuizPredetTests" time="0.529"/>
  <testcase name="testPlayWithFriendsButton" classname="testModules.quizzes.quizzesTypes.QuizPredetTests" time="0.957"/>
  <testcase name="testPlayNowButton" classname="testModules.quizzes.quizzesTypes.QuizPredetTests" time="2.424"/>
  <testcase name="testProgressBarFirstQ" classname="testModules.quizzes.quizzesTypes.QuizPredetTests" time="0.982"/>
  <testcase name="testSendFirstAnswer" classname="testModules.quizzes.quizzesTypes.QuizPredetTests" time="1.342"/>
  <testcase name="testCorrectTextIsPresent" classname="testModules.quizzes.quizzesTypes.QuizPredetTests" time="0.918"/>
  <testcase name="testFirstAnswerTextIsPresent" classname="testModules.quizzes.quizzesTypes.QuizPredetTests" time="0.399"/>
  <testcase name="testNextButtonGoodAnswerIsPresent" classname="testModules.quizzes.quizzesTypes.QuizPredetTests" time="0.397"/>
  <testcase name="testTapNextGoodAnswerButton" classname="testModules.quizzes.quizzesTypes.QuizPredetTests" time="0.9"/>
  <testcase name="testProgressBarSecondQ" classname="testModules.quizzes.quizzesTypes.QuizPredetTests" time="0.945"/>
  <testcase name="testSendSecondAnswer" classname="testModules.quizzes.quizzesTypes.QuizPredetTests" time="1.632"/>
  <testcase name="testWrongTextIsPresent" classname="testModules.quizzes.quizzesTypes.QuizPredetTests" time="0.837"/>
  <testcase name="testSecondAnswerTextIsPresent" classname="testModules.quizzes.quizzesTypes.QuizPredetTests" time="0.395"/>
  <testcase name="testNextButtonWrongAnswerIsPresent" classname="testModules.quizzes.quizzesTypes.QuizPredetTests" time="0.383"/>
  <testcase name="testTapNextWrongAnswerButton" classname="testModules.quizzes.quizzesTypes.QuizPredetTests" time="0.91"/>
  <testcase name="testCompletingQuiz" classname="testModules.quizzes.quizzesTypes.QuizPredetTests" time="4.645"/>
  <testcase name="testCompletingQuiz" classname="testModules.quizzes.quizzesTypes.QuizPredetTests" time="4.316"/>
  <testcase name="testCompletingQuiz" classname="testModules.quizzes.quizzesTypes.QuizPredetTests" time="4.349"/>
  <testcase name="testCompletingQuiz" classname="testModules.quizzes.quizzesTypes.QuizPredetTests" time="4.469"/>
  <testcase name="testCompletingQuiz" classname="testModules.quizzes.quizzesTypes.QuizPredetTests" time="4.317"/>
  <testcase name="testCompletingQuiz" classname="testModules.quizzes.quizzesTypes.QuizPredetTests" time="4.302"/>
  <testcase name="testCompletingQuiz" classname="testModules.quizzes.quizzesTypes.QuizPredetTests" time="4.412"/>
  <testcase name="testCompletingQuiz" classname="testModules.quizzes.quizzesTypes.QuizPredetTests" time="4.334"/>
  <testcase name="testCompletingQuiz" classname="testModules.quizzes.quizzesTypes.QuizPredetTests" time="4.35"/>
  <testcase name="testCompletingQuiz" classname="testModules.quizzes.quizzesTypes.QuizPredetTests" time="4.714"/>
  <testcase name="testCompletingQuiz" classname="testModules.quizzes.quizzesTypes.QuizPredetTests" time="4.336"/>
  <testcase name="testCompletingQuiz" classname="testModules.quizzes.quizzesTypes.QuizPredetTests" time="4.35"/>
  <testcase name="testQuizTitleResultScreenIsPresent" classname="testModules.quizzes.quizzesTypes.QuizPredetTests" time="6.759"/>
  <testcase name="testSearchTriviaQuiz" classname="testModules.quizzes.quizzesTypes.QuizTriviaTests" time="18.502"/>
  <testcase name="testQuizTitleIsPresentAtBeginning" classname="testModules.quizzes.quizzesTypes.QuizTriviaTests" time="140.692"/>
  <testcase name="testSubTextIsPresent" classname="testModules.quizzes.quizzesTypes.QuizTriviaTests" time="0.39"/>
  <testcase name="testAuthorInfoIsPresent" classname="testModules.quizzes.quizzesTypes.QuizTriviaTests" time="0.389"/>
  <testcase name="testPlayWithFriendsButton" classname="testModules.quizzes.quizzesTypes.QuizTriviaTests" time="0.751"/>
  <testcase name="testPlayNowButton" classname="testModules.quizzes.quizzesTypes.QuizTriviaTests" time="1.485"/>
  <testcase name="testProgressBar1" classname="testModules.quizzes.quizzesTypes.QuizTriviaTests" time="0.69"/>
  <testcase name="testSendFirstAnswer" classname="testModules.quizzes.quizzesTypes.QuizTriviaTests" time="4.008"/>
  <testcase name="testCorrectTextIsPresent" classname="testModules.quizzes.quizzesTypes.QuizTriviaTests" time="0.85"/>
  <testcase name="testFirstAnswerTextIsPresent" classname="testModules.quizzes.quizzesTypes.QuizTriviaTests" time="0.404"/>
  <testcase name="testNextButtonIsPresent" classname="testModules.quizzes.quizzesTypes.QuizTriviaTests" time="0.362"/>
  <testcase name="testTapNextButton" classname="testModules.quizzes.quizzesTypes.QuizTriviaTests" time="0.882"/>
  <testcase name="testIntermediateAnswers" classname="testModules.quizzes.quizzesTypes.QuizTriviaTests" time="5.348"/>
  <testcase name="testIntermediateAnswers" classname="testModules.quizzes.quizzesTypes.QuizTriviaTests" time="5.518"/>
  <testcase name="testIntermediateAnswers" classname="testModules.quizzes.quizzesTypes.QuizTriviaTests" time="5.433"/>
  <testcase name="testIntermediateAnswers" classname="testModules.quizzes.quizzesTypes.QuizTriviaTests" time="5.699"/>
  <testcase name="testIntermediateAnswers" classname="testModules.quizzes.quizzesTypes.QuizTriviaTests" time="5.869"/>
  <testcase name="testIntermediateAnswers" classname="testModules.quizzes.quizzesTypes.QuizTriviaTests" time="5.516"/>
  <testcase name="testIntermediateAnswers" classname="testModules.quizzes.quizzesTypes.QuizTriviaTests" time="5.885"/>
  <testcase name="testIntermediateAnswers" classname="testModules.quizzes.quizzesTypes.QuizTriviaTests" time="5.504"/>
  <testcase name="testIntermediateAnswers" classname="testModules.quizzes.quizzesTypes.QuizTriviaTests" time="5.695"/>
  <testcase name="testIntermediateAnswers" classname="testModules.quizzes.quizzesTypes.QuizTriviaTests" time="5.503"/>
  <testcase name="testIntermediateAnswers" classname="testModules.quizzes.quizzesTypes.QuizTriviaTests" time="5.561"/>
  <testcase name="testIntermediateAnswers" classname="testModules.quizzes.quizzesTypes.QuizTriviaTests" time="5.716"/>
  <testcase name="testProgressBar14" classname="testModules.quizzes.quizzesTypes.QuizTriviaTests" time="0.231"/>
  <testcase name="testSendLatestAnswer" classname="testModules.quizzes.quizzesTypes.QuizTriviaTests" time="3.206"/>
  <testcase name="testIGiveUpButtonIsPresent" classname="testModules.quizzes.quizzesTypes.QuizTriviaTests" time="0.462"/>
  <testcase name="testTapIGiveUpButton" classname="testModules.quizzes.quizzesTypes.QuizTriviaTests" time="1.248"/>
  <testcase name="testWrongTextIsPresent" classname="testModules.quizzes.quizzesTypes.QuizTriviaTests" time="0.874"/>
  <testcase name="testLatestAnswerTextIsPresent" classname="testModules.quizzes.quizzesTypes.QuizTriviaTests" time="1.445"/>
  <testcase name="testQuizTitleResultScreenIsPresent" classname="testModules.quizzes.quizzesTypes.QuizTriviaTests" time="0.165"/>
  <testcase name="testScoreTextResultScreenIsPresent" classname="testModules.quizzes.quizzesTypes.QuizTriviaTests" time="0.15"/>
  <testcase name="testResultsTextIsPresent" classname="testModules.quizzes.quizzesTypes.QuizTriviaTests" time="0.15"/>
  <testcase name="testResultsDescriptionTextIsPresent" classname="testModules.quizzes.quizzesTypes.QuizTriviaTests" time="0.299"/>
  <testcase name="testResultsSubTab" classname="testModules.quizzes.quizzesTypes.QuizTriviaTests" time="146.381"/>
</testsuite>