<?xml version="1.0" encoding="UTF-8"?>
<testng-results skipped="0" failed="0" ignored="4" total="93" passed="89">
  <reporter-output>
  </reporter-output>
  <suite name="quizzesSuite" duration-ms="266688" started-at="2023-08-09T12:07:24 ART" finished-at="2023-08-09T12:11:50 ART">
    <groups>
    </groups>
    <test name="Quizzes" duration-ms="266688" started-at="2023-08-09T12:07:24 ART" finished-at="2023-08-09T12:11:50 ART">
      <class name="testModules.quizzes.quizzesTypes.QuizTriviaTests">
        <test-method status="PASS" signature="initializePages()[pri:0, instance:testModules.quizzes.quizzesTypes.QuizTriviaTests@31dc339b]" name="initializePages" is-config="true" duration-ms="1394" started-at="2023-08-09T12:09:56 ART" finished-at="2023-08-09T12:09:57 ART">
          <reporter-output>
          </reporter-output>
        </test-method> <!-- initializePages -->
        <test-method status="PASS" signature="testSearchTriviaQuiz(java.lang.String)[pri:0, instance:testModules.quizzes.quizzesTypes.QuizTriviaTests@31dc339b]" name="testSearchTriviaQuiz" duration-ms="14836" started-at="2023-08-09T12:09:57 ART" data-provider="trivia" finished-at="2023-08-09T12:10:12 ART">
          <params>
            <param index="0">
              <value>
                <![CDATA[How Good Are You At Pictionary? Identify These 30-Second Drawings To Find Out]]>
              </value>
            </param>
          </params>
          <reporter-output>
          </reporter-output>
        </test-method> <!-- testSearchTriviaQuiz -->
        <test-method status="PASS" signature="testQuizTitleIsPresentAtBeginning()[pri:1, instance:testModules.quizzes.quizzesTypes.QuizTriviaTests@31dc339b]" name="testQuizTitleIsPresentAtBeginning" duration-ms="4631" started-at="2023-08-09T12:10:12 ART" finished-at="2023-08-09T12:10:17 ART">
          <reporter-output>
          </reporter-output>
        </test-method> <!-- testQuizTitleIsPresentAtBeginning -->
        <test-method status="PASS" signature="testSubTextIsPresent()[pri:3, instance:testModules.quizzes.quizzesTypes.QuizTriviaTests@31dc339b]" name="testSubTextIsPresent" duration-ms="312" started-at="2023-08-09T12:10:17 ART" finished-at="2023-08-09T12:10:17 ART">
          <reporter-output>
          </reporter-output>
        </test-method> <!-- testSubTextIsPresent -->
        <test-method status="PASS" signature="testAuthorInfoIsPresent()[pri:4, instance:testModules.quizzes.quizzesTypes.QuizTriviaTests@31dc339b]" name="testAuthorInfoIsPresent" duration-ms="329" started-at="2023-08-09T12:10:17 ART" finished-at="2023-08-09T12:10:18 ART">
          <reporter-output>
          </reporter-output>
        </test-method> <!-- testAuthorInfoIsPresent -->
        <test-method status="PASS" signature="testPlayWithFriendsButton()[pri:5, instance:testModules.quizzes.quizzesTypes.QuizTriviaTests@31dc339b]" name="testPlayWithFriendsButton" duration-ms="684" started-at="2023-08-09T12:10:18 ART" finished-at="2023-08-09T12:10:18 ART">
          <reporter-output>
          </reporter-output>
        </test-method> <!-- testPlayWithFriendsButton -->
        <test-method status="PASS" signature="testPlayNowButton()[pri:6, instance:testModules.quizzes.quizzesTypes.QuizTriviaTests@31dc339b]" name="testPlayNowButton" duration-ms="1311" started-at="2023-08-09T12:10:18 ART" finished-at="2023-08-09T12:10:20 ART">
          <reporter-output>
          </reporter-output>
        </test-method> <!-- testPlayNowButton -->
        <test-method status="PASS" signature="testProgressBar1()[pri:7, instance:testModules.quizzes.quizzesTypes.QuizTriviaTests@31dc339b]" name="testProgressBar1" duration-ms="595" started-at="2023-08-09T12:10:20 ART" finished-at="2023-08-09T12:10:20 ART">
          <reporter-output>
          </reporter-output>
        </test-method> <!-- testProgressBar1 -->
        <test-method status="PASS" signature="testSendFirstAnswer()[pri:8, instance:testModules.quizzes.quizzesTypes.QuizTriviaTests@31dc339b]" name="testSendFirstAnswer" duration-ms="3492" started-at="2023-08-09T12:10:20 ART" finished-at="2023-08-09T12:10:24 ART">
          <reporter-output>
          </reporter-output>
        </test-method> <!-- testSendFirstAnswer -->
        <test-method status="PASS" signature="testCorrectTextIsPresent()[pri:9, instance:testModules.quizzes.quizzesTypes.QuizTriviaTests@31dc339b]" name="testCorrectTextIsPresent" duration-ms="610" started-at="2023-08-09T12:10:24 ART" finished-at="2023-08-09T12:10:24 ART">
          <reporter-output>
          </reporter-output>
        </test-method> <!-- testCorrectTextIsPresent -->
        <test-method status="PASS" signature="testFirstAnswerTextIsPresent()[pri:10, instance:testModules.quizzes.quizzesTypes.QuizTriviaTests@31dc339b]" name="testFirstAnswerTextIsPresent" duration-ms="309" started-at="2023-08-09T12:10:24 ART" finished-at="2023-08-09T12:10:25 ART">
          <reporter-output>
          </reporter-output>
        </test-method> <!-- testFirstAnswerTextIsPresent -->
        <test-method status="PASS" signature="testNextButtonIsPresent()[pri:11, instance:testModules.quizzes.quizzesTypes.QuizTriviaTests@31dc339b]" name="testNextButtonIsPresent" duration-ms="281" started-at="2023-08-09T12:10:25 ART" finished-at="2023-08-09T12:10:25 ART">
          <reporter-output>
          </reporter-output>
        </test-method> <!-- testNextButtonIsPresent -->
        <test-method status="PASS" signature="testTapNextButton()[pri:12, instance:testModules.quizzes.quizzesTypes.QuizTriviaTests@31dc339b]" name="testTapNextButton" duration-ms="796" started-at="2023-08-09T12:10:25 ART" finished-at="2023-08-09T12:10:26 ART">
          <reporter-output>
          </reporter-output>
        </test-method> <!-- testTapNextButton -->
        <test-method status="PASS" signature="testIntermediateAnswers(java.lang.String)[pri:13, instance:testModules.quizzes.quizzesTypes.QuizTriviaTests@31dc339b]" name="testIntermediateAnswers" duration-ms="5351" started-at="2023-08-09T12:10:26 ART" data-provider="QuizTriviaAnswers" finished-at="2023-08-09T12:10:31 ART">
          <params>
            <param index="0">
              <value>
                <![CDATA[king ]]>
              </value>
            </param>
          </params>
          <reporter-output>
          </reporter-output>
        </test-method> <!-- testIntermediateAnswers -->
        <test-method status="PASS" signature="testIntermediateAnswers(java.lang.String)[pri:13, instance:testModules.quizzes.quizzesTypes.QuizTriviaTests@31dc339b]" name="testIntermediateAnswers" duration-ms="5034" started-at="2023-08-09T12:10:31 ART" data-provider="QuizTriviaAnswers" finished-at="2023-08-09T12:10:36 ART">
          <params>
            <param index="0">
              <value>
                <![CDATA[Suit case]]>
              </value>
            </param>
          </params>
          <reporter-output>
          </reporter-output>
        </test-method> <!-- testIntermediateAnswers -->
        <test-method status="PASS" signature="testIntermediateAnswers(java.lang.String)[pri:13, instance:testModules.quizzes.quizzesTypes.QuizTriviaTests@31dc339b]" name="testIntermediateAnswers" duration-ms="5365" started-at="2023-08-09T12:10:36 ART" data-provider="QuizTriviaAnswers" finished-at="2023-08-09T12:10:41 ART">
          <params>
            <param index="0">
              <value>
                <![CDATA[Bugspray]]>
              </value>
            </param>
          </params>
          <reporter-output>
          </reporter-output>
        </test-method> <!-- testIntermediateAnswers -->
        <test-method status="PASS" signature="testIntermediateAnswers(java.lang.String)[pri:13, instance:testModules.quizzes.quizzesTypes.QuizTriviaTests@31dc339b]" name="testIntermediateAnswers" duration-ms="5066" started-at="2023-08-09T12:10:41 ART" data-provider="QuizTriviaAnswers" finished-at="2023-08-09T12:10:46 ART">
          <params>
            <param index="0">
              <value>
                <![CDATA[Wedding cake]]>
              </value>
            </param>
          </params>
          <reporter-output>
          </reporter-output>
        </test-method> <!-- testIntermediateAnswers -->
        <test-method status="PASS" signature="testIntermediateAnswers(java.lang.String)[pri:13, instance:testModules.quizzes.quizzesTypes.QuizTriviaTests@31dc339b]" name="testIntermediateAnswers" duration-ms="5118" started-at="2023-08-09T12:10:46 ART" data-provider="QuizTriviaAnswers" finished-at="2023-08-09T12:10:52 ART">
          <params>
            <param index="0">
              <value>
                <![CDATA[Baguette]]>
              </value>
            </param>
          </params>
          <reporter-output>
          </reporter-output>
        </test-method> <!-- testIntermediateAnswers -->
        <test-method status="PASS" signature="testIntermediateAnswers(java.lang.String)[pri:13, instance:testModules.quizzes.quizzesTypes.QuizTriviaTests@31dc339b]" name="testIntermediateAnswers" duration-ms="5282" started-at="2023-08-09T12:10:52 ART" data-provider="QuizTriviaAnswers" finished-at="2023-08-09T12:10:57 ART">
          <params>
            <param index="0">
              <value>
                <![CDATA[ray]]>
              </value>
            </param>
          </params>
          <reporter-output>
          </reporter-output>
        </test-method> <!-- testIntermediateAnswers -->
        <test-method status="PASS" signature="testIntermediateAnswers(java.lang.String)[pri:13, instance:testModules.quizzes.quizzesTypes.QuizTriviaTests@31dc339b]" name="testIntermediateAnswers" duration-ms="5083" started-at="2023-08-09T12:10:57 ART" data-provider="QuizTriviaAnswers" finished-at="2023-08-09T12:11:02 ART">
          <params>
            <param index="0">
              <value>
                <![CDATA[first class]]>
              </value>
            </param>
          </params>
          <reporter-output>
          </reporter-output>
        </test-method> <!-- testIntermediateAnswers -->
        <test-method status="PASS" signature="testIntermediateAnswers(java.lang.String)[pri:13, instance:testModules.quizzes.quizzesTypes.QuizTriviaTests@31dc339b]" name="testIntermediateAnswers" duration-ms="5141" started-at="2023-08-09T12:11:02 ART" data-provider="QuizTriviaAnswers" finished-at="2023-08-09T12:11:07 ART">
          <params>
            <param index="0">
              <value>
                <![CDATA[Darts]]>
              </value>
            </param>
          </params>
          <reporter-output>
          </reporter-output>
        </test-method> <!-- testIntermediateAnswers -->
        <test-method status="PASS" signature="testIntermediateAnswers(java.lang.String)[pri:13, instance:testModules.quizzes.quizzesTypes.QuizTriviaTests@31dc339b]" name="testIntermediateAnswers" duration-ms="5207" started-at="2023-08-09T12:11:07 ART" data-provider="QuizTriviaAnswers" finished-at="2023-08-09T12:11:12 ART">
          <params>
            <param index="0">
              <value>
                <![CDATA[stadium]]>
              </value>
            </param>
          </params>
          <reporter-output>
          </reporter-output>
        </test-method> <!-- testIntermediateAnswers -->
        <test-method status="PASS" signature="testIntermediateAnswers(java.lang.String)[pri:13, instance:testModules.quizzes.quizzesTypes.QuizTriviaTests@31dc339b]" name="testIntermediateAnswers" duration-ms="5152" started-at="2023-08-09T12:11:12 ART" data-provider="QuizTriviaAnswers" finished-at="2023-08-09T12:11:17 ART">
          <params>
            <param index="0">
              <value>
                <![CDATA[Destination]]>
              </value>
            </param>
          </params>
          <reporter-output>
          </reporter-output>
        </test-method> <!-- testIntermediateAnswers -->
        <test-method status="PASS" signature="testIntermediateAnswers(java.lang.String)[pri:13, instance:testModules.quizzes.quizzesTypes.QuizTriviaTests@31dc339b]" name="testIntermediateAnswers" duration-ms="5297" started-at="2023-08-09T12:11:17 ART" data-provider="QuizTriviaAnswers" finished-at="2023-08-09T12:11:23 ART">
          <params>
            <param index="0">
              <value>
                <![CDATA[seashell]]>
              </value>
            </param>
          </params>
          <reporter-output>
          </reporter-output>
        </test-method> <!-- testIntermediateAnswers -->
        <test-method status="PASS" signature="testIntermediateAnswers(java.lang.String)[pri:13, instance:testModules.quizzes.quizzesTypes.QuizTriviaTests@31dc339b]" name="testIntermediateAnswers" duration-ms="5151" started-at="2023-08-09T12:11:23 ART" data-provider="QuizTriviaAnswers" finished-at="2023-08-09T12:11:28 ART">
          <params>
            <param index="0">
              <value>
                <![CDATA[Pen Pal]]>
              </value>
            </param>
          </params>
          <reporter-output>
          </reporter-output>
        </test-method> <!-- testIntermediateAnswers -->
        <test-method status="PASS" signature="testProgressBar14()[pri:14, instance:testModules.quizzes.quizzesTypes.QuizTriviaTests@31dc339b]" name="testProgressBar14" duration-ms="3810" started-at="2023-08-09T12:11:28 ART" finished-at="2023-08-09T12:11:32 ART">
          <reporter-output>
          </reporter-output>
        </test-method> <!-- testProgressBar14 -->
        <test-method status="PASS" signature="testSendLatestAnswer()[pri:15, instance:testModules.quizzes.quizzesTypes.QuizTriviaTests@31dc339b]" name="testSendLatestAnswer" duration-ms="3003" started-at="2023-08-09T12:11:32 ART" finished-at="2023-08-09T12:11:35 ART">
          <reporter-output>
          </reporter-output>
        </test-method> <!-- testSendLatestAnswer -->
        <test-method status="PASS" signature="testIGiveUpButtonIsPresent()[pri:16, instance:testModules.quizzes.quizzesTypes.QuizTriviaTests@31dc339b]" name="testIGiveUpButtonIsPresent" duration-ms="535" started-at="2023-08-09T12:11:35 ART" finished-at="2023-08-09T12:11:35 ART">
          <reporter-output>
          </reporter-output>
        </test-method> <!-- testIGiveUpButtonIsPresent -->
        <test-method status="PASS" signature="testTapIGiveUpButton()[pri:17, instance:testModules.quizzes.quizzesTypes.QuizTriviaTests@31dc339b]" name="testTapIGiveUpButton" duration-ms="1133" started-at="2023-08-09T12:11:35 ART" finished-at="2023-08-09T12:11:36 ART">
          <reporter-output>
          </reporter-output>
        </test-method> <!-- testTapIGiveUpButton -->
        <test-method status="PASS" signature="testWrongTextIsPresent()[pri:18, instance:testModules.quizzes.quizzesTypes.QuizTriviaTests@31dc339b]" name="testWrongTextIsPresent" duration-ms="638" started-at="2023-08-09T12:11:36 ART" finished-at="2023-08-09T12:11:37 ART">
          <reporter-output>
          </reporter-output>
        </test-method> <!-- testWrongTextIsPresent -->
        <test-method status="PASS" signature="testLatestAnswerTextIsPresent()[pri:19, instance:testModules.quizzes.quizzesTypes.QuizTriviaTests@31dc339b]" name="testLatestAnswerTextIsPresent" duration-ms="1045" started-at="2023-08-09T12:11:37 ART" finished-at="2023-08-09T12:11:38 ART">
          <reporter-output>
          </reporter-output>
        </test-method> <!-- testLatestAnswerTextIsPresent -->
        <test-method status="PASS" signature="testQuizTitleResultScreenIsPresent()[pri:20, instance:testModules.quizzes.quizzesTypes.QuizTriviaTests@31dc339b]" name="testQuizTitleResultScreenIsPresent" duration-ms="4639" started-at="2023-08-09T12:11:38 ART" finished-at="2023-08-09T12:11:43 ART">
          <reporter-output>
          </reporter-output>
        </test-method> <!-- testQuizTitleResultScreenIsPresent -->
        <test-method status="PASS" signature="testScoreTextResultScreenIsPresent()[pri:21, instance:testModules.quizzes.quizzesTypes.QuizTriviaTests@31dc339b]" name="testScoreTextResultScreenIsPresent" duration-ms="3534" started-at="2023-08-09T12:11:43 ART" finished-at="2023-08-09T12:11:46 ART">
          <reporter-output>
          </reporter-output>
        </test-method> <!-- testScoreTextResultScreenIsPresent -->
        <test-method status="PASS" signature="testResultsTextIsPresent()[pri:22, instance:testModules.quizzes.quizzesTypes.QuizTriviaTests@31dc339b]" name="testResultsTextIsPresent" duration-ms="3526" started-at="2023-08-09T12:11:46 ART" finished-at="2023-08-09T12:11:50 ART">
          <reporter-output>
          </reporter-output>
        </test-method> <!-- testResultsTextIsPresent -->
        <test-method status="PASS" signature="testResultsDescriptionTextIsPresent()[pri:23, instance:testModules.quizzes.quizzesTypes.QuizTriviaTests@31dc339b]" name="testResultsDescriptionTextIsPresent" duration-ms="455" started-at="2023-08-09T12:11:50 ART" finished-at="2023-08-09T12:11:50 ART">
          <reporter-output>
          </reporter-output>
        </test-method> <!-- testResultsDescriptionTextIsPresent -->
      </class> <!-- testModules.quizzes.quizzesTypes.QuizTriviaTests -->
      <class name="testModules.quizzes.quizzesTypes.QuizPredetTests">
        <test-method status="PASS" signature="initializePages()[pri:0, instance:testModules.quizzes.quizzesTypes.QuizPredetTests@3c0f93f1]" name="initializePages" is-config="true" duration-ms="1330" started-at="2023-08-09T12:08:25 ART" finished-at="2023-08-09T12:08:27 ART">
          <reporter-output>
          </reporter-output>
        </test-method> <!-- initializePages -->
        <test-method status="PASS" signature="testSearchPredetQuiz(java.lang.String)[pri:0, instance:testModules.quizzes.quizzesTypes.QuizPredetTests@3c0f93f1]" name="testSearchPredetQuiz" duration-ms="14989" started-at="2023-08-09T12:08:27 ART" data-provider="predetermined" finished-at="2023-08-09T12:08:42 ART">
          <params>
            <param index="0">
              <value>
                <![CDATA[Try To Guess The 'Avengers: Infinity War' Character By The Simple Drawing]]>
              </value>
            </param>
          </params>
          <reporter-output>
          </reporter-output>
        </test-method> <!-- testSearchPredetQuiz -->
        <test-method status="PASS" signature="testQuizTitleIsPresentAtBeginning()[pri:1, instance:testModules.quizzes.quizzesTypes.QuizPredetTests@3c0f93f1]" name="testQuizTitleIsPresentAtBeginning" duration-ms="3923" started-at="2023-08-09T12:08:42 ART" finished-at="2023-08-09T12:08:46 ART">
          <reporter-output>
          </reporter-output>
        </test-method> <!-- testQuizTitleIsPresentAtBeginning -->
        <test-method status="PASS" signature="testMainImageIsPresent()[pri:2, instance:testModules.quizzes.quizzesTypes.QuizPredetTests@3c0f93f1]" name="testMainImageIsPresent" duration-ms="854" started-at="2023-08-09T12:08:46 ART" finished-at="2023-08-09T12:08:47 ART">
          <reporter-output>
          </reporter-output>
        </test-method> <!-- testMainImageIsPresent -->
        <test-method status="PASS" signature="testSubTextIsPresent()[pri:3, instance:testModules.quizzes.quizzesTypes.QuizPredetTests@3c0f93f1]" name="testSubTextIsPresent" duration-ms="325" started-at="2023-08-09T12:08:47 ART" finished-at="2023-08-09T12:08:47 ART">
          <reporter-output>
          </reporter-output>
        </test-method> <!-- testSubTextIsPresent -->
        <test-method status="PASS" signature="testAuthorInfoIsPresent()[pri:4, instance:testModules.quizzes.quizzesTypes.QuizPredetTests@3c0f93f1]" name="testAuthorInfoIsPresent" duration-ms="290" started-at="2023-08-09T12:08:47 ART" finished-at="2023-08-09T12:08:47 ART">
          <reporter-output>
          </reporter-output>
        </test-method> <!-- testAuthorInfoIsPresent -->
        <test-method status="PASS" signature="testPlayWithFriendsButton()[pri:5, instance:testModules.quizzes.quizzesTypes.QuizPredetTests@3c0f93f1]" name="testPlayWithFriendsButton" duration-ms="639" started-at="2023-08-09T12:08:47 ART" finished-at="2023-08-09T12:08:48 ART">
          <reporter-output>
          </reporter-output>
        </test-method> <!-- testPlayWithFriendsButton -->
        <test-method status="PASS" signature="testPlayNowButton()[pri:6, instance:testModules.quizzes.quizzesTypes.QuizPredetTests@3c0f93f1]" name="testPlayNowButton" duration-ms="1696" started-at="2023-08-09T12:08:48 ART" finished-at="2023-08-09T12:08:49 ART">
          <reporter-output>
          </reporter-output>
        </test-method> <!-- testPlayNowButton -->
        <test-method status="PASS" signature="testProgressBarFirstQ()[pri:7, instance:testModules.quizzes.quizzesTypes.QuizPredetTests@3c0f93f1]" name="testProgressBarFirstQ" duration-ms="788" started-at="2023-08-09T12:08:49 ART" finished-at="2023-08-09T12:08:50 ART">
          <reporter-output>
          </reporter-output>
        </test-method> <!-- testProgressBarFirstQ -->
        <test-method status="PASS" signature="testSendFirstAnswer()[pri:8, instance:testModules.quizzes.quizzesTypes.QuizPredetTests@3c0f93f1]" name="testSendFirstAnswer" duration-ms="1226" started-at="2023-08-09T12:08:50 ART" finished-at="2023-08-09T12:08:51 ART">
          <reporter-output>
          </reporter-output>
        </test-method> <!-- testSendFirstAnswer -->
        <test-method status="PASS" signature="testCorrectTextIsPresent()[pri:9, instance:testModules.quizzes.quizzesTypes.QuizPredetTests@3c0f93f1]" name="testCorrectTextIsPresent" duration-ms="715" started-at="2023-08-09T12:08:51 ART" finished-at="2023-08-09T12:08:52 ART">
          <reporter-output>
          </reporter-output>
        </test-method> <!-- testCorrectTextIsPresent -->
        <test-method status="PASS" signature="testFirstAnswerTextIsPresent()[pri:10, instance:testModules.quizzes.quizzesTypes.QuizPredetTests@3c0f93f1]" name="testFirstAnswerTextIsPresent" duration-ms="301" started-at="2023-08-09T12:08:52 ART" finished-at="2023-08-09T12:08:53 ART">
          <reporter-output>
          </reporter-output>
        </test-method> <!-- testFirstAnswerTextIsPresent -->
        <test-method status="PASS" signature="testNextButtonGoodAnswerIsPresent()[pri:11, instance:testModules.quizzes.quizzesTypes.QuizPredetTests@3c0f93f1]" name="testNextButtonGoodAnswerIsPresent" duration-ms="342" started-at="2023-08-09T12:08:53 ART" finished-at="2023-08-09T12:08:53 ART">
          <reporter-output>
          </reporter-output>
        </test-method> <!-- testNextButtonGoodAnswerIsPresent -->
        <test-method status="PASS" signature="testTapNextGoodAnswerButton()[pri:12, instance:testModules.quizzes.quizzesTypes.QuizPredetTests@3c0f93f1]" name="testTapNextGoodAnswerButton" duration-ms="782" started-at="2023-08-09T12:08:53 ART" finished-at="2023-08-09T12:08:54 ART">
          <reporter-output>
          </reporter-output>
        </test-method> <!-- testTapNextGoodAnswerButton -->
        <test-method status="PASS" signature="testProgressBarSecondQ()[pri:13, instance:testModules.quizzes.quizzesTypes.QuizPredetTests@3c0f93f1]" name="testProgressBarSecondQ" duration-ms="769" started-at="2023-08-09T12:08:54 ART" finished-at="2023-08-09T12:08:54 ART">
          <reporter-output>
          </reporter-output>
        </test-method> <!-- testProgressBarSecondQ -->
        <test-method status="PASS" signature="testSendSecondAnswer()[pri:14, instance:testModules.quizzes.quizzesTypes.QuizPredetTests@3c0f93f1]" name="testSendSecondAnswer" duration-ms="1313" started-at="2023-08-09T12:08:54 ART" finished-at="2023-08-09T12:08:56 ART">
          <reporter-output>
          </reporter-output>
        </test-method> <!-- testSendSecondAnswer -->
        <test-method status="PASS" signature="testWrongTextIsPresent()[pri:15, instance:testModules.quizzes.quizzesTypes.QuizPredetTests@3c0f93f1]" name="testWrongTextIsPresent" duration-ms="735" started-at="2023-08-09T12:08:56 ART" finished-at="2023-08-09T12:08:56 ART">
          <reporter-output>
          </reporter-output>
        </test-method> <!-- testWrongTextIsPresent -->
        <test-method status="PASS" signature="testSecondAnswerTextIsPresent()[pri:16, instance:testModules.quizzes.quizzesTypes.QuizPredetTests@3c0f93f1]" name="testSecondAnswerTextIsPresent" duration-ms="351" started-at="2023-08-09T12:08:56 ART" finished-at="2023-08-09T12:08:57 ART">
          <reporter-output>
          </reporter-output>
        </test-method> <!-- testSecondAnswerTextIsPresent -->
        <test-method status="PASS" signature="testNextButtonWrongAnswerIsPresent()[pri:17, instance:testModules.quizzes.quizzesTypes.QuizPredetTests@3c0f93f1]" name="testNextButtonWrongAnswerIsPresent" duration-ms="356" started-at="2023-08-09T12:08:57 ART" finished-at="2023-08-09T12:08:57 ART">
          <reporter-output>
          </reporter-output>
        </test-method> <!-- testNextButtonWrongAnswerIsPresent -->
        <test-method status="PASS" signature="testTapNextWrongAnswerButton()[pri:18, instance:testModules.quizzes.quizzesTypes.QuizPredetTests@3c0f93f1]" name="testTapNextWrongAnswerButton" duration-ms="921" started-at="2023-08-09T12:08:57 ART" finished-at="2023-08-09T12:08:58 ART">
          <reporter-output>
          </reporter-output>
        </test-method> <!-- testTapNextWrongAnswerButton -->
        <test-method status="PASS" signature="testCompletingQuiz(java.lang.String)[pri:19, instance:testModules.quizzes.quizzesTypes.QuizPredetTests@3c0f93f1]" name="testCompletingQuiz" duration-ms="4032" started-at="2023-08-09T12:08:58 ART" data-provider="QuizPredetAnswers" finished-at="2023-08-09T12:09:02 ART">
          <params>
            <param index="0">
              <value>
                <![CDATA[Vision]]>
              </value>
            </param>
          </params>
          <reporter-output>
          </reporter-output>
        </test-method> <!-- testCompletingQuiz -->
        <test-method status="PASS" signature="testCompletingQuiz(java.lang.String)[pri:19, instance:testModules.quizzes.quizzesTypes.QuizPredetTests@3c0f93f1]" name="testCompletingQuiz" duration-ms="3980" started-at="2023-08-09T12:09:02 ART" data-provider="QuizPredetAnswers" finished-at="2023-08-09T12:09:06 ART">
          <params>
            <param index="0">
              <value>
                <![CDATA[Bruce Banner]]>
              </value>
            </param>
          </params>
          <reporter-output>
          </reporter-output>
        </test-method> <!-- testCompletingQuiz -->
        <test-method status="PASS" signature="testCompletingQuiz(java.lang.String)[pri:19, instance:testModules.quizzes.quizzesTypes.QuizPredetTests@3c0f93f1]" name="testCompletingQuiz" duration-ms="4082" started-at="2023-08-09T12:09:06 ART" data-provider="QuizPredetAnswers" finished-at="2023-08-09T12:09:10 ART">
          <params>
            <param index="0">
              <value>
                <![CDATA[Black Widow]]>
              </value>
            </param>
          </params>
          <reporter-output>
          </reporter-output>
        </test-method> <!-- testCompletingQuiz -->
        <test-method status="PASS" signature="testCompletingQuiz(java.lang.String)[pri:19, instance:testModules.quizzes.quizzesTypes.QuizPredetTests@3c0f93f1]" name="testCompletingQuiz" duration-ms="3969" started-at="2023-08-09T12:09:10 ART" data-provider="QuizPredetAnswers" finished-at="2023-08-09T12:09:14 ART">
          <params>
            <param index="0">
              <value>
                <![CDATA[Black Widow]]>
              </value>
            </param>
          </params>
          <reporter-output>
          </reporter-output>
        </test-method> <!-- testCompletingQuiz -->
        <test-method status="PASS" signature="testCompletingQuiz(java.lang.String)[pri:19, instance:testModules.quizzes.quizzesTypes.QuizPredetTests@3c0f93f1]" name="testCompletingQuiz" duration-ms="4047" started-at="2023-08-09T12:09:14 ART" data-provider="QuizPredetAnswers" finished-at="2023-08-09T12:09:18 ART">
          <params>
            <param index="0">
              <value>
                <![CDATA[Vision]]>
              </value>
            </param>
          </params>
          <reporter-output>
          </reporter-output>
        </test-method> <!-- testCompletingQuiz -->
        <test-method status="PASS" signature="testCompletingQuiz(java.lang.String)[pri:19, instance:testModules.quizzes.quizzesTypes.QuizPredetTests@3c0f93f1]" name="testCompletingQuiz" duration-ms="4119" started-at="2023-08-09T12:09:18 ART" data-provider="QuizPredetAnswers" finished-at="2023-08-09T12:09:22 ART">
          <params>
            <param index="0">
              <value>
                <![CDATA[Tony Stark]]>
              </value>
            </param>
          </params>
          <reporter-output>
          </reporter-output>
        </test-method> <!-- testCompletingQuiz -->
        <test-method status="PASS" signature="testCompletingQuiz(java.lang.String)[pri:19, instance:testModules.quizzes.quizzesTypes.QuizPredetTests@3c0f93f1]" name="testCompletingQuiz" duration-ms="4016" started-at="2023-08-09T12:09:22 ART" data-provider="QuizPredetAnswers" finished-at="2023-08-09T12:09:26 ART">
          <params>
            <param index="0">
              <value>
                <![CDATA[Thor]]>
              </value>
            </param>
          </params>
          <reporter-output>
          </reporter-output>
        </test-method> <!-- testCompletingQuiz -->
        <test-method status="PASS" signature="testCompletingQuiz(java.lang.String)[pri:19, instance:testModules.quizzes.quizzesTypes.QuizPredetTests@3c0f93f1]" name="testCompletingQuiz" duration-ms="3982" started-at="2023-08-09T12:09:26 ART" data-provider="QuizPredetAnswers" finished-at="2023-08-09T12:09:30 ART">
          <params>
            <param index="0">
              <value>
                <![CDATA[Loki]]>
              </value>
            </param>
          </params>
          <reporter-output>
          </reporter-output>
        </test-method> <!-- testCompletingQuiz -->
        <test-method status="PASS" signature="testCompletingQuiz(java.lang.String)[pri:19, instance:testModules.quizzes.quizzesTypes.QuizPredetTests@3c0f93f1]" name="testCompletingQuiz" duration-ms="4017" started-at="2023-08-09T12:09:30 ART" data-provider="QuizPredetAnswers" finished-at="2023-08-09T12:09:34 ART">
          <params>
            <param index="0">
              <value>
                <![CDATA[Tony Stark]]>
              </value>
            </param>
          </params>
          <reporter-output>
          </reporter-output>
        </test-method> <!-- testCompletingQuiz -->
        <test-method status="PASS" signature="testCompletingQuiz(java.lang.String)[pri:19, instance:testModules.quizzes.quizzesTypes.QuizPredetTests@3c0f93f1]" name="testCompletingQuiz" duration-ms="4064" started-at="2023-08-09T12:09:34 ART" data-provider="QuizPredetAnswers" finished-at="2023-08-09T12:09:38 ART">
          <params>
            <param index="0">
              <value>
                <![CDATA[T'Challa]]>
              </value>
            </param>
          </params>
          <reporter-output>
          </reporter-output>
        </test-method> <!-- testCompletingQuiz -->
        <test-method status="PASS" signature="testCompletingQuiz(java.lang.String)[pri:19, instance:testModules.quizzes.quizzesTypes.QuizPredetTests@3c0f93f1]" name="testCompletingQuiz" duration-ms="4000" started-at="2023-08-09T12:09:38 ART" data-provider="QuizPredetAnswers" finished-at="2023-08-09T12:09:42 ART">
          <params>
            <param index="0">
              <value>
                <![CDATA[Thanos]]>
              </value>
            </param>
          </params>
          <reporter-output>
          </reporter-output>
        </test-method> <!-- testCompletingQuiz -->
        <test-method status="PASS" signature="testCompletingQuiz(java.lang.String)[pri:19, instance:testModules.quizzes.quizzesTypes.QuizPredetTests@3c0f93f1]" name="testCompletingQuiz" duration-ms="4018" started-at="2023-08-09T12:09:42 ART" data-provider="QuizPredetAnswers" finished-at="2023-08-09T12:09:46 ART">
          <params>
            <param index="0">
              <value>
                <![CDATA[Wanda Maximoff]]>
              </value>
            </param>
          </params>
          <reporter-output>
          </reporter-output>
        </test-method> <!-- testCompletingQuiz -->
        <test-method status="PASS" signature="testQuizTitleResultScreenIsPresent()[pri:20, instance:testModules.quizzes.quizzesTypes.QuizPredetTests@3c0f93f1]" name="testQuizTitleResultScreenIsPresent" duration-ms="4531" started-at="2023-08-09T12:09:46 ART" finished-at="2023-08-09T12:09:51 ART">
          <reporter-output>
          </reporter-output>
        </test-method> <!-- testQuizTitleResultScreenIsPresent -->
        <test-method status="PASS" signature="testScoreResultScreenIsPresent()[pri:21, instance:testModules.quizzes.quizzesTypes.QuizPredetTests@3c0f93f1]" name="testScoreResultScreenIsPresent" duration-ms="5147" started-at="2023-08-09T12:09:51 ART" finished-at="2023-08-09T12:09:56 ART">
          <reporter-output>
          </reporter-output>
        </test-method> <!-- testScoreResultScreenIsPresent -->
      </class> <!-- testModules.quizzes.quizzesTypes.QuizPredetTests -->
      <class name="testModules.quizzes.quizzesTypes.QuizPersonalityTests">
        <test-method status="PASS" signature="setUpTest()[pri:0, instance:testModules.quizzes.quizzesTypes.QuizPersonalityTests@10bdf5e5]" name="setUpTest" is-config="true" duration-ms="18534" started-at="2023-08-09T12:07:05 ART" finished-at="2023-08-09T12:07:24 ART">
          <reporter-output>
          </reporter-output>
        </test-method> <!-- setUpTest -->
        <test-method status="PASS" signature="initializePages()[pri:0, instance:testModules.quizzes.quizzesTypes.QuizPersonalityTests@10bdf5e5]" name="initializePages" is-config="true" duration-ms="1331" started-at="2023-08-09T12:07:24 ART" finished-at="2023-08-09T12:07:25 ART">
          <reporter-output>
          </reporter-output>
        </test-method> <!-- initializePages -->
        <test-method status="PASS" signature="init()[pri:0, instance:testModules.quizzes.quizzesTypes.QuizPersonalityTests@10bdf5e5]" name="init" is-config="true" duration-ms="6144" started-at="2023-08-09T12:07:25 ART" finished-at="2023-08-09T12:07:31 ART">
          <reporter-output>
          </reporter-output>
        </test-method> <!-- init -->
        <test-method status="PASS" signature="testSearchInstantQuiz(java.lang.String)[pri:0, instance:testModules.quizzes.quizzesTypes.QuizPersonalityTests@10bdf5e5]" name="testSearchInstantQuiz" duration-ms="14859" started-at="2023-08-09T12:07:31 ART" data-provider="personality" finished-at="2023-08-09T12:07:46 ART">
          <params>
            <param index="0">
              <value>
                <![CDATA[Pick A Bunch Of Kittens And We'll Guess Your Life Goal]]>
              </value>
            </param>
          </params>
          <reporter-output>
          </reporter-output>
        </test-method> <!-- testSearchInstantQuiz -->
        <test-method status="PASS" signature="testQuizTitleIsPresentAtBeginning()[pri:1, instance:testModules.quizzes.quizzesTypes.QuizPersonalityTests@10bdf5e5]" name="testQuizTitleIsPresentAtBeginning" duration-ms="4594" started-at="2023-08-09T12:07:46 ART" finished-at="2023-08-09T12:07:51 ART">
          <reporter-output>
          </reporter-output>
        </test-method> <!-- testQuizTitleIsPresentAtBeginning -->
        <test-method status="PASS" signature="testMainImageIsPresent()[pri:2, instance:testModules.quizzes.quizzesTypes.QuizPersonalityTests@10bdf5e5]" name="testMainImageIsPresent" duration-ms="1028" started-at="2023-08-09T12:07:51 ART" finished-at="2023-08-09T12:07:52 ART">
          <reporter-output>
          </reporter-output>
        </test-method> <!-- testMainImageIsPresent -->
        <test-method status="PASS" signature="testSubTextIsPresent()[pri:3, instance:testModules.quizzes.quizzesTypes.QuizPersonalityTests@10bdf5e5]" name="testSubTextIsPresent" duration-ms="382" started-at="2023-08-09T12:07:52 ART" finished-at="2023-08-09T12:07:52 ART">
          <reporter-output>
          </reporter-output>
        </test-method> <!-- testSubTextIsPresent -->
        <test-method status="PASS" signature="testAuthorInfoIsPresent()[pri:4, instance:testModules.quizzes.quizzesTypes.QuizPersonalityTests@10bdf5e5]" name="testAuthorInfoIsPresent" duration-ms="300" started-at="2023-08-09T12:07:52 ART" finished-at="2023-08-09T12:07:52 ART">
          <reporter-output>
          </reporter-output>
        </test-method> <!-- testAuthorInfoIsPresent -->
        <test-method status="PASS" signature="testPlayWithFriendsButtonIsPresent()[pri:5, instance:testModules.quizzes.quizzesTypes.QuizPersonalityTests@10bdf5e5]" name="testPlayWithFriendsButtonIsPresent" duration-ms="611" started-at="2023-08-09T12:07:52 ART" finished-at="2023-08-09T12:07:53 ART">
          <reporter-output>
          </reporter-output>
        </test-method> <!-- testPlayWithFriendsButtonIsPresent -->
        <test-method status="PASS" signature="testPlayNowButton()[pri:6, instance:testModules.quizzes.quizzesTypes.QuizPersonalityTests@10bdf5e5]" name="testPlayNowButton" duration-ms="1339" started-at="2023-08-09T12:07:53 ART" finished-at="2023-08-09T12:07:54 ART">
          <reporter-output>
          </reporter-output>
        </test-method> <!-- testPlayNowButton -->
        <test-method status="PASS" signature="testQuestion1Countdown()[pri:7, instance:testModules.quizzes.quizzesTypes.QuizPersonalityTests@10bdf5e5]" name="testQuestion1Countdown" duration-ms="703" started-at="2023-08-09T12:07:54 ART" finished-at="2023-08-09T12:07:55 ART">
          <reporter-output>
          </reporter-output>
        </test-method> <!-- testQuestion1Countdown -->
        <test-method status="PASS" signature="testQuestion1()[pri:8, instance:testModules.quizzes.quizzesTypes.QuizPersonalityTests@10bdf5e5]" name="testQuestion1" duration-ms="1566" started-at="2023-08-09T12:07:55 ART" finished-at="2023-08-09T12:07:56 ART">
          <reporter-output>
          </reporter-output>
        </test-method> <!-- testQuestion1 -->
        <test-method status="PASS" signature="testQuestion2Countdown()[pri:9, instance:testModules.quizzes.quizzesTypes.QuizPersonalityTests@10bdf5e5]" name="testQuestion2Countdown" duration-ms="738" started-at="2023-08-09T12:07:56 ART" finished-at="2023-08-09T12:07:57 ART">
          <reporter-output>
          </reporter-output>
        </test-method> <!-- testQuestion2Countdown -->
        <test-method status="PASS" signature="testQuestion2()[pri:10, instance:testModules.quizzes.quizzesTypes.QuizPersonalityTests@10bdf5e5]" name="testQuestion2" duration-ms="1402" started-at="2023-08-09T12:07:57 ART" finished-at="2023-08-09T12:07:59 ART">
          <reporter-output>
          </reporter-output>
        </test-method> <!-- testQuestion2 -->
        <test-method status="PASS" signature="testQuestion3Countdown()[pri:11, instance:testModules.quizzes.quizzesTypes.QuizPersonalityTests@10bdf5e5]" name="testQuestion3Countdown" duration-ms="795" started-at="2023-08-09T12:07:59 ART" finished-at="2023-08-09T12:07:59 ART">
          <reporter-output>
          </reporter-output>
        </test-method> <!-- testQuestion3Countdown -->
        <test-method status="PASS" signature="testQuestion3()[pri:12, instance:testModules.quizzes.quizzesTypes.QuizPersonalityTests@10bdf5e5]" name="testQuestion3" duration-ms="1510" started-at="2023-08-09T12:07:59 ART" finished-at="2023-08-09T12:08:01 ART">
          <reporter-output>
          </reporter-output>
        </test-method> <!-- testQuestion3 -->
        <test-method status="PASS" signature="testQuestion4Countdown()[pri:13, instance:testModules.quizzes.quizzesTypes.QuizPersonalityTests@10bdf5e5]" name="testQuestion4Countdown" duration-ms="843" started-at="2023-08-09T12:08:01 ART" finished-at="2023-08-09T12:08:02 ART">
          <reporter-output>
          </reporter-output>
        </test-method> <!-- testQuestion4Countdown -->
        <test-method status="PASS" signature="testQuestion4()[pri:14, instance:testModules.quizzes.quizzesTypes.QuizPersonalityTests@10bdf5e5]" name="testQuestion4" duration-ms="1607" started-at="2023-08-09T12:08:02 ART" finished-at="2023-08-09T12:08:03 ART">
          <reporter-output>
          </reporter-output>
        </test-method> <!-- testQuestion4 -->
        <test-method status="PASS" signature="testQuestion5Countdown()[pri:15, instance:testModules.quizzes.quizzesTypes.QuizPersonalityTests@10bdf5e5]" name="testQuestion5Countdown" duration-ms="683" started-at="2023-08-09T12:08:03 ART" finished-at="2023-08-09T12:08:04 ART">
          <reporter-output>
          </reporter-output>
        </test-method> <!-- testQuestion5Countdown -->
        <test-method status="PASS" signature="testQuestion5()[pri:16, instance:testModules.quizzes.quizzesTypes.QuizPersonalityTests@10bdf5e5]" name="testQuestion5" duration-ms="1501" started-at="2023-08-09T12:08:04 ART" finished-at="2023-08-09T12:08:06 ART">
          <reporter-output>
          </reporter-output>
        </test-method> <!-- testQuestion5 -->
        <test-method status="PASS" signature="testQuestion6Countdown()[pri:17, instance:testModules.quizzes.quizzesTypes.QuizPersonalityTests@10bdf5e5]" name="testQuestion6Countdown" duration-ms="698" started-at="2023-08-09T12:08:06 ART" finished-at="2023-08-09T12:08:06 ART">
          <reporter-output>
          </reporter-output>
        </test-method> <!-- testQuestion6Countdown -->
        <test-method status="PASS" signature="testQuestion6()[pri:18, instance:testModules.quizzes.quizzesTypes.QuizPersonalityTests@10bdf5e5]" name="testQuestion6" duration-ms="1591" started-at="2023-08-09T12:08:06 ART" finished-at="2023-08-09T12:08:08 ART">
          <reporter-output>
          </reporter-output>
        </test-method> <!-- testQuestion6 -->
        <test-method status="PASS" signature="testQuizTitleResultScreenIsPresent()[pri:19, instance:testModules.quizzes.quizzesTypes.QuizPersonalityTests@10bdf5e5]" name="testQuizTitleResultScreenIsPresent" duration-ms="3533" started-at="2023-08-09T12:08:08 ART" finished-at="2023-08-09T12:08:11 ART">
          <reporter-output>
          </reporter-output>
        </test-method> <!-- testQuizTitleResultScreenIsPresent -->
        <test-method status="PASS" signature="verifyRetakeQuiz()[pri:21, instance:testModules.quizzes.quizzesTypes.QuizPersonalityTests@10bdf5e5]" name="verifyRetakeQuiz" duration-ms="5276" started-at="2023-08-09T12:08:11 ART" finished-at="2023-08-09T12:08:17 ART">
          <reporter-output>
          </reporter-output>
        </test-method> <!-- verifyRetakeQuiz -->
        <test-method status="PASS" signature="verifyPrevButton()[pri:22, instance:testModules.quizzes.quizzesTypes.QuizPersonalityTests@10bdf5e5]" name="verifyPrevButton" duration-ms="8769" started-at="2023-08-09T12:08:17 ART" finished-at="2023-08-09T12:08:25 ART">
          <reporter-output>
          </reporter-output>
        </test-method> <!-- verifyPrevButton -->
        <test-method status="PASS" signature="tearDown()[pri:0, instance:testModules.quizzes.quizzesTypes.QuizPersonalityTests@10bdf5e5]" name="tearDown" is-config="true" duration-ms="1096" started-at="2023-08-09T12:11:50 ART" finished-at="2023-08-09T12:11:51 ART">
          <reporter-output>
          </reporter-output>
        </test-method> <!-- tearDown -->
      </class> <!-- testModules.quizzes.quizzesTypes.QuizPersonalityTests -->
    </test> <!-- Quizzes -->
  </suite> <!-- quizzesSuite -->
  <suite name="AllSuites" duration-ms="0" started-at="2023-08-09T12:11:51 ART" finished-at="2023-08-09T12:11:51 ART">
    <groups>
    </groups>
  </suite> <!-- AllSuites -->
</testng-results>
