<?xml version="1.0" encoding="UTF-8"?>
<testsuite xmlns:xsi="http://www.w3.org/2001/XMLSchema-instance" xsi:noNamespaceSchemaLocation="https://maven.apache.org/surefire/maven-surefire-plugin/xsd/surefire-test-report.xsd" name="TestSuite" time="626.047" tests="22" errors="0" skipped="0" failures="0">
  <properties>
[...]
</properties>
  <testcase name="testAllowButton" classname="testModules.home.HomeLatestNewNavTests" time="16.336"/>
  <testcase name="disableAdExp" classname="testModules.home.HomeLatestNewNavTests" time="134.251"/>
  <testcase name="verifyBuzzFeedLogo" classname="testModules.home.HomeLatestNewNavTests" time="1.062"/>
  <testcase name="tapSplash" classname="testModules.home.HomeLatestNewNavTests" time="39.721"/>
  <testcase name="tapFirstBpage" classname="testModules.home.HomeLatestNewNavTests" time="15.83"/>
  <testcase name="tapItemsShoppingPackage" classname="testModules.home.HomeLatestNewNavTests" time="62.951"/>
  <testcase name="openTrendingModal" classname="testModules.home.HomeLatestNewNavTests" time="60.257"/>
  <testcase name="tapOnTrending" classname="testModules.home.HomeLatestNewNavTests" time="13.252"/>
  <testcase name="tapOnCelebrity" classname="testModules.home.HomeLatestNewNavTests" time="18.272"/>
  <testcase name="tapOnFood" classname="testModules.home.HomeLatestNewNavTests" time="13.835"/>
  <testcase name="tapOnTVAndMovies" classname="testModules.home.HomeLatestNewNavTests" time="18.622"/>
  <testcase name="tapOnMore1" classname="testModules.home.HomeLatestNewNavTests" time="10.992"/>
  <testcase name="tapOnCoronavirus" classname="testModules.home.HomeLatestNewNavTests" time="13.048"/>
  <testcase name="tapOnVideos" classname="testModules.home.HomeLatestNewNavTests" time="3.62"/>
  <testcase name="tapOnAnimals" classname="testModules.home.HomeLatestNewNavTests" time="26.567"/>
  <testcase name="tapOnBooks" classname="testModules.home.HomeLatestNewNavTests" time="8.244"/>
  <testcase name="tapOnComunity" classname="testModules.home.HomeLatestNewNavTests" time="8.523"/>
  <testcase name="tapOnHealth" classname="testModules.home.HomeLatestNewNavTests" time="19.206"/>
  <testcase name="tapOnLGBTQ" classname="testModules.home.HomeLatestNewNavTests" time="8.098"/>
  <testcase name="tapOnNifty" classname="testModules.home.HomeLatestNewNavTests" time="8.256"/>
  <testcase name="tapOnParents" classname="testModules.home.HomeLatestNewNavTests" time="8.446"/>
  <testcase name="tapOnRewind" classname="testModules.home.HomeLatestNewNavTests" time="8.59"/>
</testsuite>