-------------------------------------------------------------------------------
Test set: TestSuite
-------------------------------------------------------------------------------
Tests run: 18, Failures: 2, Errors: 0, Skipped: 16, Time elapsed: 39.187 s <<< FAILURE! - in TestSuite
setUp(testModules.profile.BFHeaderTests1)  Time elapsed: 37.208 s  <<< FAILURE!
org.openqa.selenium.SessionNotCreatedException: 
Could not start a new session. Response code 500. Message: An unknown server-side error occurred while processing the command. Original error: Could not determine iOS SDK version: Command 'xcrun --sdk iphonesimulator --show-sdk-version' timed out after 15000ms 
Host info: host: 'Gabrielas-MBP.fibertel.com.ar', ip: 'fe80:0:0:0:109e:3e5f:aa0:41b7%en0'
Build info: version: '4.13.0', revision: 'ba948ece5b*'
System info: os.name: 'Mac OS X', os.arch: 'x86_64', os.version: '14.0', java.version: '21.0.2'
Driver info: io.appium.java_client.ios.IOSDriver
Command: [null, newSession {capabilities=[{appium:locale=US, appium:deviceName=iPhone 14, platformName=IOS, appium:automationName=XCuiTest, appium:region=US, appium:app=/Users/gabrielaconde/Library/Developer/Xcode/DerivedData/BuzzFeed-dkbvwkfuhllwuvexwuwxlnmrmgkk/Build/Products/Debug-iphonesimulator/BuzzFeed.app, appium:platformVersion=16.4}], desiredCapabilities=Capabilities {appium:app: /Users/gabrielaconde/Librar..., appium:automationName: XCuiTest, appium:deviceName: iPhone 14, appium:locale: US, appium:platformVersion: 16.4, appium:region: US, platformName: IOS}}]
Capabilities {appium:app: /Users/gabrielaconde/Librar..., appium:automationName: XCuiTest, appium:deviceName: iPhone 14, appium:locale: US, appium:platformVersion: 16.4, appium:region: US, platformName: IOS}

setUp(testModules.profile.BookmarksTests6)  Time elapsed: 0.814 s  <<< FAILURE!
org.openqa.selenium.SessionNotCreatedException: 
Could not start a new session. Response code 500. Message: An unknown server-side error occurred while processing the command. Original error: Could not determine iOS SDK version: Command 'xcrun --sdk iphonesimulator --show-sdk-version' timed out after 15000ms 
Host info: host: 'Gabrielas-MBP.fibertel.com.ar', ip: 'fe80:0:0:0:109e:3e5f:aa0:41b7%en0'
Build info: version: '4.13.0', revision: 'ba948ece5b*'
System info: os.name: 'Mac OS X', os.arch: 'x86_64', os.version: '14.0', java.version: '21.0.2'
Driver info: io.appium.java_client.ios.IOSDriver
Command: [null, newSession {capabilities=[{appium:locale=US, appium:deviceName=iPhone 14, platformName=IOS, appium:automationName=XCuiTest, appium:region=US, appium:app=/Users/gabrielaconde/Library/Developer/Xcode/DerivedData/BuzzFeed-dkbvwkfuhllwuvexwuwxlnmrmgkk/Build/Products/Debug-iphonesimulator/BuzzFeed.app, appium:platformVersion=16.4}], desiredCapabilities=Capabilities {appium:app: /Users/gabrielaconde/Librar..., appium:automationName: XCuiTest, appium:deviceName: iPhone 14, appium:locale: US, appium:platformVersion: 16.4, appium:region: US, platformName: IOS}}]
Capabilities {appium:app: /Users/gabrielaconde/Librar..., appium:automationName: XCuiTest, appium:deviceName: iPhone 14, appium:locale: US, appium:platformVersion: 16.4, appium:region: US, platformName: IOS}

