<?xml version="1.0" encoding="UTF-8"?>
<!-- Generated by org.testng.reporters.JUnitXMLReporter -->
<testsuite ignored="2" hostname="Gabrielas-MBP.fibertel.com.ar" failures="0" tests="30" name="BPage" time="3.346" errors="0" timestamp="2024-06-27T22:24:08 ART">
  <testcase classname="basePackage.Base" name="@BeforeClass setUp" time="2.649">
    <failure type="org.openqa.selenium.SessionNotCreatedException" message="Could not start a new session. Response code 500. Message: Oops capability (deviceName:&amp;apos;iPhone 14&amp;apos;,platformVersion: &amp;apos;16.4&amp;apos;) not supported , refer to our documentation https://www.lambdatest.com/capabilities-generator 
Host info: host: &amp;apos;Gabrielas-MBP.fibertel.com.ar&amp;apos;, ip: &amp;apos;fe80:0:0:0:109e:3e5f:aa0:41b7%en0&amp;apos;
Build info: version: &amp;apos;4.13.0&amp;apos;, revision: &amp;apos;ba948ece5b*&amp;apos;
System info: os.name: &amp;apos;Mac OS X&amp;apos;, os.arch: &amp;apos;x86_64&amp;apos;, os.version: &amp;apos;14.0&amp;apos;, java.version: &amp;apos;21.0.2&amp;apos;
Driver info: io.appium.java_client.ios.IOSDriver
Command: [null, newSession {capabilities=[{appium:build=iOS Core June 25, appium:locale=US, appium:isRealMobile=true, appium:appiumVersion=2.2.1, appium:deviceName=iPhone 14, appium:maxTypingFrequency=7, platformName=IOS, appium:automationName=XCuiTest, appium:region=US, appium:app=lt://APP10160291931719244340214972, appium:platformVersion=16.4}], desiredCapabilities=Capabilities {appium:app: lt://APP1016029193171924434..., appium:appiumVersion: 2.2.1, appium:automationName: XCuiTest, appium:build: iOS Core June 25, appium:deviceName: iPhone 14, appium:isRealMobile: true, appium:locale: US, appium:maxTypingFrequency: 7, appium:platformVersion: 16.4, appium:region: US, platformName: IOS}}]
Capabilities {appium:app: lt://APP1016029193171924434..., appium:appiumVersion: 2.2.1, appium:automationName: XCuiTest, appium:build: iOS Core June 25, appium:deviceName: iPhone 14, appium:isRealMobile: true, appium:locale: US, appium:maxTypingFrequency: 7, appium:platformVersion: 16.4, appium:region: US, platformName: IOS}">
      <![CDATA[org.openqa.selenium.SessionNotCreatedException: Could not start a new session. Response code 500. Message: Oops capability (deviceName:'iPhone 14',platformVersion: '16.4') not supported , refer to our documentation https://www.lambdatest.com/capabilities-generator 
Host info: host: 'Gabrielas-MBP.fibertel.com.ar', ip: 'fe80:0:0:0:109e:3e5f:aa0:41b7%en0'
Build info: version: '4.13.0', revision: 'ba948ece5b*'
System info: os.name: 'Mac OS X', os.arch: 'x86_64', os.version: '14.0', java.version: '21.0.2'
Driver info: io.appium.java_client.ios.IOSDriver
Command: [null, newSession {capabilities=[{appium:build=iOS Core June 25, appium:locale=US, appium:isRealMobile=true, appium:appiumVersion=2.2.1, appium:deviceName=iPhone 14, appium:maxTypingFrequency=7, platformName=IOS, appium:automationName=XCuiTest, appium:region=US, appium:app=lt://APP10160291931719244340214972, appium:platformVersion=16.4}], desiredCapabilities=Capabilities {appium:app: lt://APP1016029193171924434..., appium:appiumVersion: 2.2.1, appium:automationName: XCuiTest, appium:build: iOS Core June 25, appium:deviceName: iPhone 14, appium:isRealMobile: true, appium:locale: US, appium:maxTypingFrequency: 7, appium:platformVersion: 16.4, appium:region: US, platformName: IOS}}]
Capabilities {appium:app: lt://APP1016029193171924434..., appium:appiumVersion: 2.2.1, appium:automationName: XCuiTest, appium:build: iOS Core June 25, appium:deviceName: iPhone 14, appium:isRealMobile: true, appium:locale: US, appium:maxTypingFrequency: 7, appium:platformVersion: 16.4, appium:region: US, platformName: IOS}
at org.openqa.selenium.remote.ProtocolHandshake.createSession(ProtocolHandshake.java:140)
at java.base/jdk.internal.reflect.DirectMethodHandleAccessor.invoke(DirectMethodHandleAccessor.java:103)
at java.base/java.lang.reflect.Method.invoke(Method.java:580)
at io.appium.java_client.remote.AppiumProtocolHandshake.createSession(AppiumProtocolHandshake.java:133)
at io.appium.java_client.remote.AppiumProtocolHandshake.createSession(AppiumProtocolHandshake.java:102)
at io.appium.java_client.remote.AppiumCommandExecutor.createSession(AppiumCommandExecutor.java:182)
at io.appium.java_client.remote.AppiumCommandExecutor.execute(AppiumCommandExecutor.java:250)
at org.openqa.selenium.remote.RemoteWebDriver.execute(RemoteWebDriver.java:602)
at io.appium.java_client.AppiumDriver.startSession(AppiumDriver.java:274)
at org.openqa.selenium.remote.RemoteWebDriver.<init>(RemoteWebDriver.java:163)
at io.appium.java_client.AppiumDriver.<init>(AppiumDriver.java:89)
at io.appium.java_client.AppiumDriver.<init>(AppiumDriver.java:101)
at io.appium.java_client.ios.IOSDriver.<init>(IOSDriver.java:104)
at basePackage.Base.setUp(Base.java:65)
at java.base/jdk.internal.reflect.DirectMethodHandleAccessor.invoke(DirectMethodHandleAccessor.java:103)
at java.base/java.lang.reflect.Method.invoke(Method.java:580)
at org.testng.internal.invokers.MethodInvocationHelper.invokeMethod(MethodInvocationHelper.java:135)
at org.testng.internal.invokers.MethodInvocationHelper.invokeMethodConsideringTimeout(MethodInvocationHelper.java:65)
at org.testng.internal.invokers.ConfigInvoker.invokeConfigurationMethod(ConfigInvoker.java:381)
at org.testng.internal.invokers.ConfigInvoker.invokeConfigurations(ConfigInvoker.java:319)
at org.testng.internal.invokers.TestMethodWorker.invokeBeforeClassMethods(TestMethodWorker.java:178)
at org.testng.internal.invokers.TestMethodWorker.run(TestMethodWorker.java:122)
at java.base/java.util.ArrayList.forEach(ArrayList.java:1596)
at org.testng.TestRunner.privateRun(TestRunner.java:808)
at org.testng.TestRunner.run(TestRunner.java:603)
at org.testng.SuiteRunner.runTest(SuiteRunner.java:429)
at org.testng.SuiteRunner.runSequentially(SuiteRunner.java:423)
at org.testng.SuiteRunner.privateRun(SuiteRunner.java:383)
at org.testng.SuiteRunner.run(SuiteRunner.java:326)
at org.testng.SuiteRunnerWorker.runSuite(SuiteRunnerWorker.java:52)
at org.testng.SuiteRunnerWorker.run(SuiteRunnerWorker.java:95)
at org.testng.TestNG.runSuitesSequentially(TestNG.java:1249)
at org.testng.TestNG.runSuitesSequentially(TestNG.java:1244)
at org.testng.TestNG.runSuitesLocally(TestNG.java:1169)
at org.testng.TestNG.runSuites(TestNG.java:1092)
at org.testng.TestNG.run(TestNG.java:1060)
at org.apache.maven.surefire.testng.TestNGExecutor.run(TestNGExecutor.java:283)
at org.apache.maven.surefire.testng.TestNGXmlTestSuite.execute(TestNGXmlTestSuite.java:75)
at org.apache.maven.surefire.testng.TestNGProvider.invoke(TestNGProvider.java:120)
at org.apache.maven.surefire.booter.ForkedBooter.invokeProviderInSameClassLoader(ForkedBooter.java:383)
at org.apache.maven.surefire.booter.ForkedBooter.runSuitesInProcess(ForkedBooter.java:344)
at org.apache.maven.surefire.booter.ForkedBooter.execute(ForkedBooter.java:125)
at org.apache.maven.surefire.booter.ForkedBooter.main(ForkedBooter.java:417)
]]>
    </failure>
  </testcase> <!-- @BeforeClass setUp -->
  <testcase classname="config.initPages.BpageInit" name="@BeforeClass initializePages" time="0.0">
    <skipped/>
  </testcase> <!-- @BeforeClass initializePages -->
  <testcase classname="testModules.bpage.NatBpageTests1" name="@BeforeClass initProcess" time="0.0">
    <skipped/>
  </testcase> <!-- @BeforeClass initProcess -->
  <testcase classname="basePackage.Base" name="@AfterClass tearSuite" time="0.0">
    <skipped/>
  </testcase> <!-- @AfterClass tearSuite -->
  <testcase classname="basePackage.Base" name="@BeforeClass setUp" time="0.295">
    <failure type="org.openqa.selenium.SessionNotCreatedException" message="Could not start a new session. Response code 500. Message: Oops capability (deviceName:&amp;apos;iPhone 14&amp;apos;,platformVersion: &amp;apos;16.4&amp;apos;) not supported , refer to our documentation https://www.lambdatest.com/capabilities-generator 
Host info: host: &amp;apos;Gabrielas-MBP.fibertel.com.ar&amp;apos;, ip: &amp;apos;fe80:0:0:0:109e:3e5f:aa0:41b7%en0&amp;apos;
Build info: version: &amp;apos;4.13.0&amp;apos;, revision: &amp;apos;ba948ece5b*&amp;apos;
System info: os.name: &amp;apos;Mac OS X&amp;apos;, os.arch: &amp;apos;x86_64&amp;apos;, os.version: &amp;apos;14.0&amp;apos;, java.version: &amp;apos;21.0.2&amp;apos;
Driver info: io.appium.java_client.ios.IOSDriver
Command: [null, newSession {capabilities=[{appium:build=iOS Core June 25, appium:locale=US, appium:isRealMobile=true, appium:appiumVersion=2.2.1, appium:deviceName=iPhone 14, appium:maxTypingFrequency=7, platformName=IOS, appium:automationName=XCuiTest, appium:region=US, appium:app=lt://APP10160291931719244340214972, appium:platformVersion=16.4}], desiredCapabilities=Capabilities {appium:app: lt://APP1016029193171924434..., appium:appiumVersion: 2.2.1, appium:automationName: XCuiTest, appium:build: iOS Core June 25, appium:deviceName: iPhone 14, appium:isRealMobile: true, appium:locale: US, appium:maxTypingFrequency: 7, appium:platformVersion: 16.4, appium:region: US, platformName: IOS}}]
Capabilities {appium:app: lt://APP1016029193171924434..., appium:appiumVersion: 2.2.1, appium:automationName: XCuiTest, appium:build: iOS Core June 25, appium:deviceName: iPhone 14, appium:isRealMobile: true, appium:locale: US, appium:maxTypingFrequency: 7, appium:platformVersion: 16.4, appium:region: US, platformName: IOS}">
      <![CDATA[org.openqa.selenium.SessionNotCreatedException: Could not start a new session. Response code 500. Message: Oops capability (deviceName:'iPhone 14',platformVersion: '16.4') not supported , refer to our documentation https://www.lambdatest.com/capabilities-generator 
Host info: host: 'Gabrielas-MBP.fibertel.com.ar', ip: 'fe80:0:0:0:109e:3e5f:aa0:41b7%en0'
Build info: version: '4.13.0', revision: 'ba948ece5b*'
System info: os.name: 'Mac OS X', os.arch: 'x86_64', os.version: '14.0', java.version: '21.0.2'
Driver info: io.appium.java_client.ios.IOSDriver
Command: [null, newSession {capabilities=[{appium:build=iOS Core June 25, appium:locale=US, appium:isRealMobile=true, appium:appiumVersion=2.2.1, appium:deviceName=iPhone 14, appium:maxTypingFrequency=7, platformName=IOS, appium:automationName=XCuiTest, appium:region=US, appium:app=lt://APP10160291931719244340214972, appium:platformVersion=16.4}], desiredCapabilities=Capabilities {appium:app: lt://APP1016029193171924434..., appium:appiumVersion: 2.2.1, appium:automationName: XCuiTest, appium:build: iOS Core June 25, appium:deviceName: iPhone 14, appium:isRealMobile: true, appium:locale: US, appium:maxTypingFrequency: 7, appium:platformVersion: 16.4, appium:region: US, platformName: IOS}}]
Capabilities {appium:app: lt://APP1016029193171924434..., appium:appiumVersion: 2.2.1, appium:automationName: XCuiTest, appium:build: iOS Core June 25, appium:deviceName: iPhone 14, appium:isRealMobile: true, appium:locale: US, appium:maxTypingFrequency: 7, appium:platformVersion: 16.4, appium:region: US, platformName: IOS}
at org.openqa.selenium.remote.ProtocolHandshake.createSession(ProtocolHandshake.java:140)
at java.base/jdk.internal.reflect.DirectMethodHandleAccessor.invoke(DirectMethodHandleAccessor.java:103)
at java.base/java.lang.reflect.Method.invoke(Method.java:580)
at io.appium.java_client.remote.AppiumProtocolHandshake.createSession(AppiumProtocolHandshake.java:133)
at io.appium.java_client.remote.AppiumProtocolHandshake.createSession(AppiumProtocolHandshake.java:102)
at io.appium.java_client.remote.AppiumCommandExecutor.createSession(AppiumCommandExecutor.java:182)
at io.appium.java_client.remote.AppiumCommandExecutor.execute(AppiumCommandExecutor.java:250)
at org.openqa.selenium.remote.RemoteWebDriver.execute(RemoteWebDriver.java:602)
at io.appium.java_client.AppiumDriver.startSession(AppiumDriver.java:274)
at org.openqa.selenium.remote.RemoteWebDriver.<init>(RemoteWebDriver.java:163)
at io.appium.java_client.AppiumDriver.<init>(AppiumDriver.java:89)
at io.appium.java_client.AppiumDriver.<init>(AppiumDriver.java:101)
at io.appium.java_client.ios.IOSDriver.<init>(IOSDriver.java:104)
at basePackage.Base.setUp(Base.java:65)
at java.base/jdk.internal.reflect.DirectMethodHandleAccessor.invoke(DirectMethodHandleAccessor.java:103)
at java.base/java.lang.reflect.Method.invoke(Method.java:580)
at org.testng.internal.invokers.MethodInvocationHelper.invokeMethod(MethodInvocationHelper.java:135)
at org.testng.internal.invokers.MethodInvocationHelper.invokeMethodConsideringTimeout(MethodInvocationHelper.java:65)
at org.testng.internal.invokers.ConfigInvoker.invokeConfigurationMethod(ConfigInvoker.java:381)
at org.testng.internal.invokers.ConfigInvoker.invokeConfigurations(ConfigInvoker.java:319)
at org.testng.internal.invokers.TestMethodWorker.invokeBeforeClassMethods(TestMethodWorker.java:178)
at org.testng.internal.invokers.TestMethodWorker.run(TestMethodWorker.java:122)
at java.base/java.util.ArrayList.forEach(ArrayList.java:1596)
at org.testng.TestRunner.privateRun(TestRunner.java:808)
at org.testng.TestRunner.run(TestRunner.java:603)
at org.testng.SuiteRunner.runTest(SuiteRunner.java:429)
at org.testng.SuiteRunner.runSequentially(SuiteRunner.java:423)
at org.testng.SuiteRunner.privateRun(SuiteRunner.java:383)
at org.testng.SuiteRunner.run(SuiteRunner.java:326)
at org.testng.SuiteRunnerWorker.runSuite(SuiteRunnerWorker.java:52)
at org.testng.SuiteRunnerWorker.run(SuiteRunnerWorker.java:95)
at org.testng.TestNG.runSuitesSequentially(TestNG.java:1249)
at org.testng.TestNG.runSuitesSequentially(TestNG.java:1244)
at org.testng.TestNG.runSuitesLocally(TestNG.java:1169)
at org.testng.TestNG.runSuites(TestNG.java:1092)
at org.testng.TestNG.run(TestNG.java:1060)
at org.apache.maven.surefire.testng.TestNGExecutor.run(TestNGExecutor.java:283)
at org.apache.maven.surefire.testng.TestNGXmlTestSuite.execute(TestNGXmlTestSuite.java:75)
at org.apache.maven.surefire.testng.TestNGProvider.invoke(TestNGProvider.java:120)
at org.apache.maven.surefire.booter.ForkedBooter.invokeProviderInSameClassLoader(ForkedBooter.java:383)
at org.apache.maven.surefire.booter.ForkedBooter.runSuitesInProcess(ForkedBooter.java:344)
at org.apache.maven.surefire.booter.ForkedBooter.execute(ForkedBooter.java:125)
at org.apache.maven.surefire.booter.ForkedBooter.main(ForkedBooter.java:417)
]]>
    </failure>
  </testcase> <!-- @BeforeClass setUp -->
  <testcase classname="config.initPages.BpageInit" name="@BeforeClass initializePages" time="0.0">
    <skipped/>
  </testcase> <!-- @BeforeClass initializePages -->
  <testcase classname="basePackage.Base" name="@AfterClass tearSuite" time="0.0">
    <skipped/>
  </testcase> <!-- @AfterClass tearSuite -->
  <testcase classname="basePackage.Base" name="@BeforeClass setUp" time="0.292">
    <failure type="org.openqa.selenium.SessionNotCreatedException" message="Could not start a new session. Response code 500. Message: Oops capability (deviceName:&amp;apos;iPhone 14&amp;apos;,platformVersion: &amp;apos;16.4&amp;apos;) not supported , refer to our documentation https://www.lambdatest.com/capabilities-generator 
Host info: host: &amp;apos;Gabrielas-MBP.fibertel.com.ar&amp;apos;, ip: &amp;apos;fe80:0:0:0:109e:3e5f:aa0:41b7%en0&amp;apos;
Build info: version: &amp;apos;4.13.0&amp;apos;, revision: &amp;apos;ba948ece5b*&amp;apos;
System info: os.name: &amp;apos;Mac OS X&amp;apos;, os.arch: &amp;apos;x86_64&amp;apos;, os.version: &amp;apos;14.0&amp;apos;, java.version: &amp;apos;21.0.2&amp;apos;
Driver info: io.appium.java_client.ios.IOSDriver
Command: [null, newSession {capabilities=[{appium:build=iOS Core June 25, appium:locale=US, appium:isRealMobile=true, appium:appiumVersion=2.2.1, appium:deviceName=iPhone 14, appium:maxTypingFrequency=7, platformName=IOS, appium:automationName=XCuiTest, appium:region=US, appium:app=lt://APP10160291931719244340214972, appium:platformVersion=16.4}], desiredCapabilities=Capabilities {appium:app: lt://APP1016029193171924434..., appium:appiumVersion: 2.2.1, appium:automationName: XCuiTest, appium:build: iOS Core June 25, appium:deviceName: iPhone 14, appium:isRealMobile: true, appium:locale: US, appium:maxTypingFrequency: 7, appium:platformVersion: 16.4, appium:region: US, platformName: IOS}}]
Capabilities {appium:app: lt://APP1016029193171924434..., appium:appiumVersion: 2.2.1, appium:automationName: XCuiTest, appium:build: iOS Core June 25, appium:deviceName: iPhone 14, appium:isRealMobile: true, appium:locale: US, appium:maxTypingFrequency: 7, appium:platformVersion: 16.4, appium:region: US, platformName: IOS}">
      <![CDATA[org.openqa.selenium.SessionNotCreatedException: Could not start a new session. Response code 500. Message: Oops capability (deviceName:'iPhone 14',platformVersion: '16.4') not supported , refer to our documentation https://www.lambdatest.com/capabilities-generator 
Host info: host: 'Gabrielas-MBP.fibertel.com.ar', ip: 'fe80:0:0:0:109e:3e5f:aa0:41b7%en0'
Build info: version: '4.13.0', revision: 'ba948ece5b*'
System info: os.name: 'Mac OS X', os.arch: 'x86_64', os.version: '14.0', java.version: '21.0.2'
Driver info: io.appium.java_client.ios.IOSDriver
Command: [null, newSession {capabilities=[{appium:build=iOS Core June 25, appium:locale=US, appium:isRealMobile=true, appium:appiumVersion=2.2.1, appium:deviceName=iPhone 14, appium:maxTypingFrequency=7, platformName=IOS, appium:automationName=XCuiTest, appium:region=US, appium:app=lt://APP10160291931719244340214972, appium:platformVersion=16.4}], desiredCapabilities=Capabilities {appium:app: lt://APP1016029193171924434..., appium:appiumVersion: 2.2.1, appium:automationName: XCuiTest, appium:build: iOS Core June 25, appium:deviceName: iPhone 14, appium:isRealMobile: true, appium:locale: US, appium:maxTypingFrequency: 7, appium:platformVersion: 16.4, appium:region: US, platformName: IOS}}]
Capabilities {appium:app: lt://APP1016029193171924434..., appium:appiumVersion: 2.2.1, appium:automationName: XCuiTest, appium:build: iOS Core June 25, appium:deviceName: iPhone 14, appium:isRealMobile: true, appium:locale: US, appium:maxTypingFrequency: 7, appium:platformVersion: 16.4, appium:region: US, platformName: IOS}
at org.openqa.selenium.remote.ProtocolHandshake.createSession(ProtocolHandshake.java:140)
at java.base/jdk.internal.reflect.DirectMethodHandleAccessor.invoke(DirectMethodHandleAccessor.java:103)
at java.base/java.lang.reflect.Method.invoke(Method.java:580)
at io.appium.java_client.remote.AppiumProtocolHandshake.createSession(AppiumProtocolHandshake.java:133)
at io.appium.java_client.remote.AppiumProtocolHandshake.createSession(AppiumProtocolHandshake.java:102)
at io.appium.java_client.remote.AppiumCommandExecutor.createSession(AppiumCommandExecutor.java:182)
at io.appium.java_client.remote.AppiumCommandExecutor.execute(AppiumCommandExecutor.java:250)
at org.openqa.selenium.remote.RemoteWebDriver.execute(RemoteWebDriver.java:602)
at io.appium.java_client.AppiumDriver.startSession(AppiumDriver.java:274)
at org.openqa.selenium.remote.RemoteWebDriver.<init>(RemoteWebDriver.java:163)
at io.appium.java_client.AppiumDriver.<init>(AppiumDriver.java:89)
at io.appium.java_client.AppiumDriver.<init>(AppiumDriver.java:101)
at io.appium.java_client.ios.IOSDriver.<init>(IOSDriver.java:104)
at basePackage.Base.setUp(Base.java:65)
at java.base/jdk.internal.reflect.DirectMethodHandleAccessor.invoke(DirectMethodHandleAccessor.java:103)
at java.base/java.lang.reflect.Method.invoke(Method.java:580)
at org.testng.internal.invokers.MethodInvocationHelper.invokeMethod(MethodInvocationHelper.java:135)
at org.testng.internal.invokers.MethodInvocationHelper.invokeMethodConsideringTimeout(MethodInvocationHelper.java:65)
at org.testng.internal.invokers.ConfigInvoker.invokeConfigurationMethod(ConfigInvoker.java:381)
at org.testng.internal.invokers.ConfigInvoker.invokeConfigurations(ConfigInvoker.java:319)
at org.testng.internal.invokers.TestMethodWorker.invokeBeforeClassMethods(TestMethodWorker.java:178)
at org.testng.internal.invokers.TestMethodWorker.run(TestMethodWorker.java:122)
at java.base/java.util.ArrayList.forEach(ArrayList.java:1596)
at org.testng.TestRunner.privateRun(TestRunner.java:808)
at org.testng.TestRunner.run(TestRunner.java:603)
at org.testng.SuiteRunner.runTest(SuiteRunner.java:429)
at org.testng.SuiteRunner.runSequentially(SuiteRunner.java:423)
at org.testng.SuiteRunner.privateRun(SuiteRunner.java:383)
at org.testng.SuiteRunner.run(SuiteRunner.java:326)
at org.testng.SuiteRunnerWorker.runSuite(SuiteRunnerWorker.java:52)
at org.testng.SuiteRunnerWorker.run(SuiteRunnerWorker.java:95)
at org.testng.TestNG.runSuitesSequentially(TestNG.java:1249)
at org.testng.TestNG.runSuitesSequentially(TestNG.java:1244)
at org.testng.TestNG.runSuitesLocally(TestNG.java:1169)
at org.testng.TestNG.runSuites(TestNG.java:1092)
at org.testng.TestNG.run(TestNG.java:1060)
at org.apache.maven.surefire.testng.TestNGExecutor.run(TestNGExecutor.java:283)
at org.apache.maven.surefire.testng.TestNGXmlTestSuite.execute(TestNGXmlTestSuite.java:75)
at org.apache.maven.surefire.testng.TestNGProvider.invoke(TestNGProvider.java:120)
at org.apache.maven.surefire.booter.ForkedBooter.invokeProviderInSameClassLoader(ForkedBooter.java:383)
at org.apache.maven.surefire.booter.ForkedBooter.runSuitesInProcess(ForkedBooter.java:344)
at org.apache.maven.surefire.booter.ForkedBooter.execute(ForkedBooter.java:125)
at org.apache.maven.surefire.booter.ForkedBooter.main(ForkedBooter.java:417)
]]>
    </failure>
  </testcase> <!-- @BeforeClass setUp -->
  <testcase classname="config.initPages.BpageInit" name="@BeforeClass initializePages" time="0.0">
    <skipped/>
  </testcase> <!-- @BeforeClass initializePages -->
  <testcase classname="basePackage.Base" name="@AfterClass tearSuite" time="0.0">
    <skipped/>
  </testcase> <!-- @AfterClass tearSuite -->
  <testcase classname="testModules.bpage.NatBpageTests1" name="testSearchNativeBpage" time="0.0">
    <skipped/>
  </testcase> <!-- testSearchNativeBpage -->
  <testcase classname="testModules.bpage.NatBpageTests1" name="verifyDataCategoryArePresent" time="0.0">
    <skipped/>
  </testcase> <!-- verifyDataCategoryArePresent -->
  <testcase classname="testModules.bpage.NatBpageTests1" name="verifyTitleIsPresent" time="0.0">
    <skipped/>
  </testcase> <!-- verifyTitleIsPresent -->
  <testcase classname="testModules.bpage.NatBpageTests1" name="verifySubTitleIsPresent" time="0.0">
    <skipped/>
  </testcase> <!-- verifySubTitleIsPresent -->
  <testcase classname="testModules.bpage.NatBpageTests1" name="verifyAuthorInfoIsPresentOnBpage" time="0.0">
    <skipped/>
  </testcase> <!-- verifyAuthorInfoIsPresentOnBpage -->
  <testcase classname="testModules.bpage.NatBpageTests1" name="verifyImagePresentOnBpage" time="0.0">
    <skipped/>
  </testcase> <!-- verifyImagePresentOnBpage -->
  <testcase classname="testModules.bpage.NatBpageTests1" name="tapImage" time="0.0">
    <skipped/>
  </testcase> <!-- tapImage -->
  <testcase classname="testModules.bpage.NatBpageTests1" name="verifyShareButtonIsPresentOnMV" time="0.0">
    <skipped/>
  </testcase> <!-- verifyShareButtonIsPresentOnMV -->
  <testcase classname="testModules.bpage.NatBpageTests1" name="tapShareButtonOnMV" time="0.0">
    <skipped/>
  </testcase> <!-- tapShareButtonOnMV -->
  <testcase classname="testModules.bpage.NatBpageTests1" name="verifyDismissMV" time="0.0">
    <skipped/>
  </testcase> <!-- verifyDismissMV -->
  <testcase classname="testModules.bpage.NatBpageTests1" name="tapInternalLink" time="0.0">
    <skipped/>
  </testcase> <!-- tapInternalLink -->
  <testcase classname="testModules.bpage.NatBpageTests1" name="verifyInternalLinkLoadsFine" time="0.0">
    <skipped/>
  </testcase> <!-- verifyInternalLinkLoadsFine -->
  <testcase classname="testModules.bpage.NatBpageTests1" name="verifyShareButtonIsPresent" time="0.001">
    <skipped/>
  </testcase> <!-- verifyShareButtonIsPresent -->
  <testcase classname="testModules.bpage.NatBpageTests1" name="tapShareButtonOnBpage" time="0.0">
    <skipped/>
  </testcase> <!-- tapShareButtonOnBpage -->
  <testcase classname="testModules.bpage.NatBpageTests1" name="failTest" time="0.0">
    <skipped/>
  </testcase> <!-- failTest -->
  <testcase classname="testModules.bpage.NatBpageShoppingButtonsTests2" name="testSearchFallbackBpage" time="0.0">
    <skipped/>
  </testcase> <!-- testSearchFallbackBpage -->
  <testcase classname="testModules.bpage.NatBpageShoppingButtonsTests2" name="testBuyFromAmazonButtonIsPresent" time="0.0">
    <skipped/>
  </testcase> <!-- testBuyFromAmazonButtonIsPresent -->
  <testcase classname="testModules.bpage.NatBpageShoppingButtonsTests2" name="testBuyFromAmazonButton" time="0.0">
    <skipped/>
  </testcase> <!-- testBuyFromAmazonButton -->
  <testcase classname="testModules.bpage.NatBpageCommentsTests7" name="testSearchNativeBpage" time="0.0">
    <skipped/>
  </testcase> <!-- testSearchNativeBpage -->
  <testcase classname="testModules.bpage.NatBpageCommentsTests7" name="verifyCommentsBtnIsPresent" time="0.0">
    <skipped/>
  </testcase> <!-- verifyCommentsBtnIsPresent -->
  <testcase classname="testModules.bpage.NatBpageCommentsTests7" name="addComment" time="0.0">
    <skipped/>
  </testcase> <!-- addComment -->
  <testcase classname="testModules.bpage.NatBpageCommentsTests7" name="verifyPostButtonIsPresent" time="0.0">
    <skipped/>
  </testcase> <!-- verifyPostButtonIsPresent -->
  <testcase classname="testModules.bpage.NatBpageCommentsTests7" name="tapPostButton" time="0.001">
    <skipped/>
  </testcase> <!-- tapPostButton -->
  <testcase classname="testModules.bpage.NatBpageCommentsTests7" name="verifyMostHeartSectionIsPresent" time="0.0">
    <skipped/>
  </testcase> <!-- verifyMostHeartSectionIsPresent -->
  <testcase classname="testModules.bpage.NatBpageCommentsTests7" name="verifyMostHeartSectionLoads" time="0.0">
    <skipped/>
  </testcase> <!-- verifyMostHeartSectionLoads -->
  <testcase classname="testModules.bpage.NatBpageCommentsTests7" name="verifyMostRecentSectionIsPresent" time="0.0">
    <skipped/>
  </testcase> <!-- verifyMostRecentSectionIsPresent -->
  <testcase classname="testModules.bpage.NatBpageCommentsTests7" name="tapLikeCommentButton" time="0.0">
    <skipped/>
  </testcase> <!-- tapLikeCommentButton -->
  <testcase classname="testModules.bpage.NatBpageCommentsTests7" name="verifyReplyButtonIsPresent" time="0.0">
    <skipped/>
  </testcase> <!-- verifyReplyButtonIsPresent -->
  <testcase classname="testModules.bpage.NatBpageCommentsTests7" name="replyComment" time="0.0">
    <skipped/>
  </testcase> <!-- replyComment -->
  <testcase classname="testModules.bpage.NatBpageCommentsTests7" name="verifyReplyCommentIsPresent" time="0.0">
    <skipped/>
  </testcase> <!-- verifyReplyCommentIsPresent -->
  <testcase classname="config.InitTest" name="@BeforeSuite setUpTest" time="0.0">
    <ignored/>
  </testcase> <!-- @BeforeSuite setUpTest -->
  <testcase classname="config.InitTest" name="@BeforeSuite setUpTest" time="0.0">
    <ignored/>
  </testcase> <!-- @BeforeSuite setUpTest -->
</testsuite> <!-- BPage -->
