<?xml version="1.0" encoding="UTF-8"?>
<!-- Generated by org.testng.reporters.JUnitXMLReporter -->
<testsuite ignored="0" hostname="Gabrielas-MBP.fibertel.com.ar" failures="0" tests="13" name="iPhone 15 Pro" time="200.991" errors="0" timestamp="2024-09-05T18:09:49 ART">
  <testcase classname="testModules.bpage.NatBpageTests1" name="testSearchNativeBpage" time="27.411"/>
  <testcase classname="testModules.bpage.NatBpageTests1" name="verifyDataCategoryArePresent" time="0.001"/>
  <testcase classname="testModules.bpage.NatBpageTests1" name="verifyTitleIsPresent" time="1.162"/>
  <testcase classname="testModules.bpage.NatBpageTests1" name="verifySubTitleIsPresent" time="0.872"/>
  <testcase classname="testModules.bpage.NatBpageTests1" name="verifyAuthorInfoIsPresentOnBpage" time="2.034"/>
  <testcase classname="testModules.bpage.NatBpageTests1" name="verifyImagePresentOnBpage" time="0.945"/>
  <testcase classname="testModules.bpage.NatBpageTests1" name="tapImage" time="1.458"/>
  <testcase classname="testModules.bpage.NatBpageTests1" name="verifyShareButtonIsPresentOnMV" time="1.034"/>
  <testcase classname="testModules.bpage.NatBpageTests1" name="tapShareButtonOnMV" time="3.452"/>
  <testcase classname="testModules.bpage.NatBpageTests1" name="verifyDismissMV" time="11.234"/>
  <testcase classname="testModules.bpage.NatBpageTests1" name="testSearchFallbackBpage" time="41.337"/>
  <testcase classname="testModules.bpage.NatBpageTests1" name="testBuyFromAmazonButtonIsPresent" time="3.332"/>
  <testcase classname="testModules.bpage.NatBpageTests1" name="testBuyFromAmazonButton" time="55.082"/>
</testsuite> <!-- iPhone 15 Pro -->
