<?xml version="1.0" encoding="UTF-8"?>
<!-- Generated by org.testng.reporters.JUnitXMLReporter -->
<testsuite ignored="0" hostname="Gabrielas-MacBook-Pro.local" failures="1" tests="255" name="Phone 15 Pro" time="2515.623" errors="0" timestamp="2025-04-01T22:47:34 ART">
  <testcase classname="testModules.home.fullFlowLambda" name="validateSeeAll" time="9.234"/>
  <testcase classname="testModules.home.fullFlowLambda" name="validateMoreButton" time="156.469"/>
  <testcase classname="testModules.home.fullFlowLambda" name="validateForYOu" time="14.658"/>
  <testcase classname="testModules.home.fullFlowLambda" name="validateCreatorsCarrousel" time="33.729"/>
  <testcase classname="testModules.home.fullFlowLambda" name="validateDailyTriviaCell" time="27.901"/>
  <testcase classname="testModules.home.fullFlowLambda" name="validatePyramidSchemeCell" time="5.417"/>
  <testcase classname="testModules.home.fullFlowLambda" name="validateShoppingSection" time="9.326"/>
  <testcase classname="testModules.home.fullFlowLambda" name="validateOnTheNewsSection" time="21.869"/>
  <testcase classname="testModules.home.fullFlowLambda" name="moveToNewsTab" time="7.696"/>
  <testcase classname="testModules.home.fullFlowLambda" name="testNewsHeader" time="3.122"/>
  <testcase classname="testModules.home.fullFlowLambda" name="tapOnNewssplash" time="9.123"/>
  <testcase classname="testModules.home.fullFlowLambda" name="testShoppingTab" time="3.907"/>
  <testcase classname="testModules.home.fullFlowLambda" name="testShoppingHeaderIsPresent" time="8.766"/>
  <testcase classname="testModules.home.fullFlowLambda" name="testBeautyCategory" time="7.354"/>
  <testcase classname="testModules.home.fullFlowLambda" name="testFashionCategory" time="7.718"/>
  <testcase classname="testModules.home.fullFlowLambda" name="testHomeCategory" time="8.177"/>
  <testcase classname="testModules.home.fullFlowLambda" name="testKidsCategory" time="7.697"/>
  <testcase classname="testModules.home.fullFlowLambda" name="testPetsCategory" time="8.944"/>
  <testcase classname="testModules.home.fullFlowLambda" name="testSexToysCategory" time="13.154"/>
  <testcase classname="testModules.home.fullFlowLambda" name="testMore" time="11.783"/>
  <testcase classname="testModules.home.fullFlowLambda" name="validateBeautyAndCareMenu" time="7.461"/>
  <testcase classname="testModules.home.fullFlowLambda" name="validateShopAllBeautyAndPersonalCareSubMenu" time="8.489"/>
  <testcase classname="testModules.home.fullFlowLambda" name="validateHairSubMenu" time="8.908"/>
  <testcase classname="testModules.home.fullFlowLambda" name="validateSMakeUpSubMenu" time="10.851"/>
  <testcase classname="testModules.home.fullFlowLambda" name="validateOutDoorProductsSubMenu" time="8.558"/>
  <testcase classname="testModules.home.fullFlowLambda" name="validatePersonalToolsSubMenu" time="8.851"/>
  <testcase classname="testModules.home.fullFlowLambda" name="validateSkinCareSubMenu" time="5.35"/>
  <testcase classname="testModules.home.fullFlowLambda" name="validateAcneSolutionsSubMenu" time="7.814"/>
  <testcase classname="testModules.home.fullFlowLambda" name="validateBodySubMenu" time="7.421"/>
  <testcase classname="testModules.home.fullFlowLambda" name="validateFaceSubMenu" time="10.649"/>
  <testcase classname="testModules.home.fullFlowLambda" name="validateFashionMenu" time="6.849"/>
  <testcase classname="testModules.home.fullFlowLambda" name="validateShopAllFashionSubMenu" time="7.6"/>
  <testcase classname="testModules.home.fullFlowLambda" name="validateFashionAccesoriesSubMenu" time="7.112"/>
  <testcase classname="testModules.home.fullFlowLambda" name="validateBagsSubMenu" time="7.977"/>
  <testcase classname="testModules.home.fullFlowLambda" name="validateColdWeatherSubMenu" time="7.488"/>
  <testcase classname="testModules.home.fullFlowLambda" name="validateGlassesAndSunglassesSubMenu" time="8.768"/>
  <testcase classname="testModules.home.fullFlowLambda" name="validateJewerlySubMenu" time="7.756"/>
  <testcase classname="testModules.home.fullFlowLambda" name="validateDressesSubMenu" time="8.647"/>
  <testcase classname="testModules.home.fullFlowLambda" name="validateFootwareSubMenu" time="5.485"/>
  <testcase classname="testModules.home.fullFlowLambda" name="validateBootsSubMenu" time="8.866"/>
  <testcase classname="testModules.home.fullFlowLambda" name="validateDressSubMenu" time="9.491"/>
  <testcase classname="testModules.home.fullFlowLambda" name="validateFlatsSubMenu" time="7.541"/>
  <testcase classname="testModules.home.fullFlowLambda" name="validateHeelsSubMenu" time="8.505"/>
  <testcase classname="testModules.home.fullFlowLambda" name="validateOutDoorSubMenu" time="9.069"/>
  <testcase classname="testModules.home.fullFlowLambda" name="validateSandalsSubMenu" time="7.495"/>
  <testcase classname="testModules.home.fullFlowLambda" name="validateSneakersSubMenu" time="9.383"/>
  <testcase classname="testModules.home.fullFlowLambda" name="validateFormalWareSubMenu" time="8.134"/>
  <testcase classname="testModules.home.fullFlowLambda" name="validateJacketsSubMenu" time="7.592"/>
  <testcase classname="testModules.home.fullFlowLambda" name="validateJeansSubMenu" time="7.981"/>
  <testcase classname="testModules.home.fullFlowLambda" name="validateLoungeWareSubMenu" time="8.087"/>
  <testcase classname="testModules.home.fullFlowLambda" name="validatePantsSubMenu" time="7.442"/>
  <testcase classname="testModules.home.fullFlowLambda" name="validateSweatersSubMenu" time="9.231"/>
  <testcase classname="testModules.home.fullFlowLambda" name="validateSwimsuitsSubMenu" time="7.598"/>
  <testcase classname="testModules.home.fullFlowLambda" name="validateTopsSubMenu" time="8.821"/>
  <testcase classname="testModules.home.fullFlowLambda" name="validateUnderwareSubMenu" time="11.236"/>
  <testcase classname="testModules.home.fullFlowLambda" name="validateHomeMenu" time="5.493"/>
  <testcase classname="testModules.home.fullFlowLambda" name="validateBathroomSubMenu" time="8.74"/>
  <testcase classname="testModules.home.fullFlowLambda" name="validateBeddingAndMatressSubMenu" time="8.963"/>
  <testcase classname="testModules.home.fullFlowLambda" name="validateCleaningSubMenu" time="7.543"/>
  <testcase classname="testModules.home.fullFlowLambda" name="validateKitchenSubMenu" time="7.717"/>
  <testcase classname="testModules.home.fullFlowLambda" name="validateAppliancesSubMenu" time="8.37"/>
  <testcase classname="testModules.home.fullFlowLambda" name="validatToolsSubMenu" time="9.026"/>
  <testcase classname="testModules.home.fullFlowLambda" name="validateDecorSubMenu" time="9.996"/>
  <testcase classname="testModules.home.fullFlowLambda" name="validateFurnitureSubMenu" time="7.122"/>
  <testcase classname="testModules.home.fullFlowLambda" name="validateBedroomSubMenu" time="7.135"/>
  <testcase classname="testModules.home.fullFlowLambda" name="validateKidsRoomSubMenu" time="8.109"/>
  <testcase classname="testModules.home.fullFlowLambda" name="validateKitchenRoomSubMenu" time="7.177"/>
  <testcase classname="testModules.home.fullFlowLambda" name="validateLivingRoomSubMenu" time="8.64"/>
  <testcase classname="testModules.home.fullFlowLambda" name="validateSecondOfficeSubMenu" time="9.804"/>
  <testcase classname="testModules.home.fullFlowLambda" name="validateOfficeSubMenu" time="7.683"/>
  <testcase classname="testModules.home.fullFlowLambda" name="validateOrganizationSubMenu" time="8.231"/>
  <testcase classname="testModules.home.fullFlowLambda" name="validateOutdoorSubMenu" time="7.865"/>
  <testcase classname="testModules.home.fullFlowLambda" name="validateBackyardSubMenu" time="7.681"/>
  <testcase classname="testModules.home.fullFlowLambda" name="validateGardenSubMenu" time="9.526"/>
  <testcase classname="testModules.home.fullFlowLambda" name="validateRecreationSubMenu" time="11.434"/>
  <testcase classname="testModules.home.fullFlowLambda" name="validateKidsMenu" time="7.452"/>
  <testcase classname="testModules.home.fullFlowLambda" name="validatePetsMenu" time="8.063"/>
  <testcase classname="testModules.home.fullFlowLambda" name="validateSexToysMenu" time="9.338"/>
  <testcase classname="testModules.home.fullFlowLambda" name="validateSportsAndFitnessMenu" time="5.48"/>
  <testcase classname="testModules.home.fullFlowLambda" name="validateShopAllSportsAndFitnessMenu" time="8.277"/>
  <testcase classname="testModules.home.fullFlowLambda" name="validateFitnessAccesoriesMenu" time="7.394"/>
  <testcase classname="testModules.home.fullFlowLambda" name="validateMachineryMenu" time="7.525"/>
  <testcase classname="testModules.home.fullFlowLambda" name="validatePersonalCareMenu" time="8.843"/>
  <testcase classname="testModules.home.fullFlowLambda" name="validateStoresMenu" time="5.28"/>
  <testcase classname="testModules.home.fullFlowLambda" name="validateShopAllStoresMenu" time="9.887"/>
  <testcase classname="testModules.home.fullFlowLambda" name="validateAmazonMenu" time="7.315"/>
  <testcase classname="testModules.home.fullFlowLambda" name="validateEtsyMenu" time="7.736"/>
  <testcase classname="testModules.home.fullFlowLambda" name="validateNordstromMenu" time="7.577"/>
  <testcase classname="testModules.home.fullFlowLambda" name="validateSephoraMenu" time="8.805"/>
  <testcase classname="testModules.home.fullFlowLambda" name="validateShopSmallMenu" time="9.4"/>
  <testcase classname="testModules.home.fullFlowLambda" name="validateTargetMenu" time="7.463"/>
  <testcase classname="testModules.home.fullFlowLambda" name="validateWalmartMenu" time="10.653"/>
  <testcase classname="testModules.home.fullFlowLambda" name="validateWayfairMenu" time="10.517"/>
  <testcase classname="testModules.home.fullFlowLambda" name="validateSubscriptionsMenu" time="10.671"/>
  <testcase classname="testModules.home.fullFlowLambda" name="validateTechMenu" time="6.474"/>
  <testcase classname="testModules.home.fullFlowLambda" name="validateShopAllTechMenu" time="10.753"/>
  <testcase classname="testModules.home.fullFlowLambda" name="validateTechAccessoriesMenu" time="10.715"/>
  <testcase classname="testModules.home.fullFlowLambda" name="validateGadgetsMenu" time="10.508"/>
  <testcase classname="testModules.home.fullFlowLambda" name="validateHomeElectronicsMenu" time="16.767"/>
  <testcase classname="testModules.home.fullFlowLambda" name="validateFeatureStoriesTitle" time="0.953"/>
  <testcase classname="testModules.home.fullFlowLambda" name="validateFeatureStoriesDisplays" time="8.956"/>
  <testcase classname="testModules.home.fullFlowLambda" name="tapQuizzesTab" time="1.191"/>
  <testcase classname="testModules.home.fullFlowLambda" name="verifyQuizzesHeaderIsPresent" time="2.83"/>
  <testcase classname="testModules.home.fullFlowLambda" name="tapQuizSplash" time="6.86"/>
  <testcase classname="testModules.home.fullFlowLambda" name="tapOnTrending" time="6.689"/>
  <testcase classname="testModules.home.fullFlowLambda" name="tapOnTrivia" time="5.027"/>
  <testcase classname="testModules.home.fullFlowLambda" name="tapOnCanWeGuess" time="7.2"/>
  <testcase classname="testModules.home.fullFlowLambda" name="tapOnMore" time="1.139"/>
  <testcase classname="testModules.home.fullFlowLambda" name="tapOnDisney" time="15.422"/>
  <testcase classname="testModules.home.fullFlowLambda" name="tapOnFood" time="17.185"/>
  <testcase classname="testModules.home.fullFlowLambda" name="tapOnWhoAreYou" time="16.04"/>
  <testcase classname="testModules.home.fullFlowLambda" name="tapOnLove" time="15.67"/>
  <testcase classname="testModules.home.fullFlowLambda" name="tapOnTaylorSwift" time="14.898"/>
  <testcase classname="testModules.home.fullFlowLambda" name="tapOnMarvel" time="14.336"/>
  <testcase classname="testModules.home.fullFlowLambda" name="tapOnZodiac" time="14.866"/>
  <testcase classname="testModules.home.fullFlowLambda" name="tapOnHarryPotter" time="15.395"/>
  <testcase classname="testModules.home.fullFlowLambda" name="tapOnAnime" time="13.752"/>
  <testcase classname="testModules.home.fullFlowLambda" name="tapOnKPop" time="15.637"/>
  <testcase classname="testModules.home.fullFlowLambda" name="tapOnGeography" time="14.879"/>
  <testcase classname="testModules.home.fullFlowLambda" name="tapOnChecklist" time="19.018"/>
  <testcase classname="testModules.home.fullFlowLambda" name="isGamesLblDisplayed" time="8.249"/>
  <testcase classname="testModules.home.fullFlowLambda" name="arePyramidSchemeElementsDisplayed" time="3.603"/>
  <testcase classname="testModules.home.fullFlowLambda" name="validateMakeYours" time="17.803"/>
  <testcase classname="testModules.home.fullFlowLambda" name="validateWhealOfFortune" time="7.804"/>
  <testcase classname="testModules.home.fullFlowLambda" name="validateMoreFunStuff" time="9.729"/>
  <testcase classname="testModules.home.fullFlowLambda" name="tapMoreFunCarrouselItem" time="9.041"/>
  <testcase classname="testModules.home.fullFlowLambda" name="testAustraliaEditionIsPresent" time="6.096"/>
  <testcase classname="testModules.home.fullFlowLambda" name="testLatestSubTab" time="0.0"/>
  <testcase classname="testModules.home.fullFlowLambda" name="testTrendingSubTab" time="9.261"/>
  <testcase classname="testModules.home.fullFlowLambda" name="testFunnyTweetsSubTab" time="7.035"/>
  <testcase classname="testModules.home.fullFlowLambda" name="testGamesSubTab" time="4.078"/>
  <testcase classname="testModules.home.fullFlowLambda" name="testLatestsSubTab" time="5.111"/>
  <testcase classname="testModules.home.fullFlowLambda" name="testRandomSubTab" time="2.001"/>
  <testcase classname="testModules.home.fullFlowLambda" name="testGossipSubTab" time="4.776"/>
  <testcase classname="testModules.home.fullFlowLambda" name="testGayStuffpSubTab" time="10.349"/>
  <testcase classname="testModules.home.fullFlowLambda" name="tapOnMore1" time="5.21"/>
  <testcase classname="testModules.home.fullFlowLambda" name="testEntertainmentSubTab" time="9.594"/>
  <testcase classname="testModules.home.fullFlowLambda" name="testAnimalsSubTab" time="6.801"/>
  <testcase classname="testModules.home.fullFlowLambda" name="testBooksSubTab" time="8.544"/>
  <testcase classname="testModules.home.fullFlowLambda" name="testFoodSubTab" time="8.989"/>
  <testcase classname="testModules.home.fullFlowLambda" name="testCommunitySubTab" time="10.75"/>
  <testcase classname="testModules.home.fullFlowLambda" name="testMusicSubTab" time="8.488"/>
  <testcase classname="testModules.home.fullFlowLambda" name="testNiftySubTab" time="10.793"/>
  <testcase classname="testModules.home.fullFlowLambda" name="testParentsSubTab" time="11.32"/>
  <testcase classname="testModules.home.fullFlowLambda" name="testRewindSubTab" time="11.34"/>
  <testcase classname="testModules.home.fullFlowLambda" name="testStyleSubTab" time="12.843"/>
  <testcase classname="testModules.home.fullFlowLambda" name="testTravelHomeSubTab" time="13.411"/>
  <testcase classname="testModules.home.fullFlowLambda" name="testTravelSubTab" time="3.326"/>
  <testcase classname="testModules.home.fullFlowLambda" name="testGoingNewsTab" time="4.227"/>
  <testcase classname="testModules.home.fullFlowLambda" name="testGoingShoppingTab" time="11.105"/>
  <testcase classname="testModules.home.fullFlowLambda" name="testGoingToQuizzesTab" time="5.075"/>
  <testcase classname="testModules.home.fullFlowLambda" name="testTapOnTrendingCategory" time="8.574"/>
  <testcase classname="testModules.home.fullFlowLambda" name="testTapOnTriviaCategory" time="9.792"/>
  <testcase classname="testModules.home.fullFlowLambda" name="testCanWeGuess" time="9.934"/>
  <testcase classname="testModules.home.fullFlowLambda" name="testOnMore" time="4.509"/>
  <testcase classname="testModules.home.fullFlowLambda" name="testTapOnTaylorSwift" time="8.919"/>
  <testcase classname="testModules.home.fullFlowLambda" name="testTapOnMarvel" time="8.982"/>
  <testcase classname="testModules.home.fullFlowLambda" name="testTapOnZodiac" time="8.541"/>
  <testcase classname="testModules.home.fullFlowLambda" name="testTapOnHarryPotter" time="8.937"/>
  <testcase classname="testModules.home.fullFlowLambda" name="testTapOnAnime" time="9.192"/>
  <testcase classname="testModules.home.fullFlowLambda" name="testTapOnKPop" time="8.478"/>
  <testcase classname="testModules.home.fullFlowLambda" name="testTapOnGeography" time="7.318"/>
  <testcase classname="testModules.home.fullFlowLambda" name="testTapOnChecklist" time="9.191"/>
  <testcase classname="testModules.home.fullFlowLambda" name="tapGamesTab" time="5.806"/>
  <testcase classname="testModules.home.fullFlowLambda" name="testCanadaEditionIsPresent" time="11.983"/>
  <testcase classname="testModules.home.fullFlowLambda" name="validateSeeAllCanada" time="8.744"/>
  <testcase classname="testModules.home.fullFlowLambda" name="validateTrendingTopicsCanada" time="8.252">
    <failure type="org.openqa.selenium.NoSuchElementException" message="An element could not be located on the page using the given search parameters.
For documentation on this error, please visit: https://www.selenium.dev/documentation/webdriver/troubleshooting/errors#no-such-element-exception
Build info: version: &amp;apos;4.13.0&amp;apos;, revision: &amp;apos;ba948ece5b*&amp;apos;
System info: os.name: &amp;apos;Mac OS X&amp;apos;, os.arch: &amp;apos;x86_64&amp;apos;, os.version: &amp;apos;14.7.4&amp;apos;, java.version: &amp;apos;11.0.21&amp;apos;
Driver info: io.appium.java_client.ios.IOSDriver
Command: [46cbc031-2c65-43f5-9635-2bbc755f2d89, findElement {using=xpath, value=//XCUIElementTypeApplication[@name=&amp;quot;BuzzFeed ðŸž&amp;quot;]/XCUIElementTypeWindow/XCUIElementTypeOther/XCUIElementTypeOther/XCUIElementTypeOther/XCUIElementTypeOther/XCUIElementTypeOther/XCUIElementTypeOther/XCUIElementTypeOther/XCUIElementTypeOther/XCUIElementTypeOther/XCUIElementTypeOther/XCUIElementTypeOther/XCUIElementTypeOther/XCUIElementTypeOther/XCUIElementTypeOther/XCUIElementTypeOther/XCUIElementTypeOther/XCUIElementTypeCollectionView/XCUIElementTypeCell[2]/XCUIElementTypeOther[2]/XCUIElementTypeOther/XCUIElementTypeOther/XCUIElementTypeOther[2]}]
Capabilities {appium:autoAcceptAlerts: true, appium:automationName: XCuiTest, appium:bundleID: com.buzzfeed.buzzfeed-alpha, appium:bundleId: com.buzzfeed.buzzfeed-alpha, appium:databaseEnabled: false, appium:derivedDataPath: /Users/ltadmin/Documents/ap..., appium:deviceName: iPhone 15 Pro, appium:headless: false, appium:javascriptEnabled: true, appium:language: US, appium:locale: US, appium:locationContextEnabled: false, appium:maxTypingFrequency: 7, appium:mode: cloud, appium:nativeWebScreenshot: true, appium:networkConnectionEnabled: false, appium:newCommandTimeout: 0, appium:noReset: false, appium:orientation: PORTRAIT, appium:platformVersion: 17, appium:realDevice: true, appium:takesScreenshot: true, appium:udid: 00008130-000248123AC1001C, appium:uiautomator2ServerLaunchTimeout: 60000, appium:usePrebuiltWDA: true, appium:waitForQuiescence: false, appium:wdaLocalPort: 11014, appium:wdaRemotePort: 8100, appium:wdaStartupRetries: 3, appium:webStorageEnabled: false, appium:webkitResponseTimeout: 20000, platformName: IOS}
Session ID: 46cbc031-2c65-43f5-9635-2bbc755f2d89">
      <![CDATA[org.openqa.selenium.NoSuchElementException: An element could not be located on the page using the given search parameters.
For documentation on this error, please visit: https://www.selenium.dev/documentation/webdriver/troubleshooting/errors#no-such-element-exception
Build info: version: '4.13.0', revision: 'ba948ece5b*'
System info: os.name: 'Mac OS X', os.arch: 'x86_64', os.version: '14.7.4', java.version: '11.0.21'
Driver info: io.appium.java_client.ios.IOSDriver
Command: [46cbc031-2c65-43f5-9635-2bbc755f2d89, findElement {using=xpath, value=//XCUIElementTypeApplication[@name="BuzzFeed ðŸž"]/XCUIElementTypeWindow/XCUIElementTypeOther/XCUIElementTypeOther/XCUIElementTypeOther/XCUIElementTypeOther/XCUIElementTypeOther/XCUIElementTypeOther/XCUIElementTypeOther/XCUIElementTypeOther/XCUIElementTypeOther/XCUIElementTypeOther/XCUIElementTypeOther/XCUIElementTypeOther/XCUIElementTypeOther/XCUIElementTypeOther/XCUIElementTypeOther/XCUIElementTypeOther/XCUIElementTypeCollectionView/XCUIElementTypeCell[2]/XCUIElementTypeOther[2]/XCUIElementTypeOther/XCUIElementTypeOther/XCUIElementTypeOther[2]}]
Capabilities {appium:autoAcceptAlerts: true, appium:automationName: XCuiTest, appium:bundleID: com.buzzfeed.buzzfeed-alpha, appium:bundleId: com.buzzfeed.buzzfeed-alpha, appium:databaseEnabled: false, appium:derivedDataPath: /Users/ltadmin/Documents/ap..., appium:deviceName: iPhone 15 Pro, appium:headless: false, appium:javascriptEnabled: true, appium:language: US, appium:locale: US, appium:locationContextEnabled: false, appium:maxTypingFrequency: 7, appium:mode: cloud, appium:nativeWebScreenshot: true, appium:networkConnectionEnabled: false, appium:newCommandTimeout: 0, appium:noReset: false, appium:orientation: PORTRAIT, appium:platformVersion: 17, appium:realDevice: true, appium:takesScreenshot: true, appium:udid: 00008130-000248123AC1001C, appium:uiautomator2ServerLaunchTimeout: 60000, appium:usePrebuiltWDA: true, appium:waitForQuiescence: false, appium:wdaLocalPort: 11014, appium:wdaRemotePort: 8100, appium:wdaStartupRetries: 3, appium:webStorageEnabled: false, appium:webkitResponseTimeout: 20000, platformName: IOS}
Session ID: 46cbc031-2c65-43f5-9635-2bbc755f2d89
at java.base/jdk.internal.reflect.NativeConstructorAccessorImpl.newInstance0(Native Method)
at java.base/jdk.internal.reflect.NativeConstructorAccessorImpl.newInstance(NativeConstructorAccessorImpl.java:62)
at java.base/jdk.internal.reflect.DelegatingConstructorAccessorImpl.newInstance(DelegatingConstructorAccessorImpl.java:45)
at java.base/java.lang.reflect.Constructor.newInstance(Constructor.java:490)
at org.openqa.selenium.remote.codec.w3c.W3CHttpResponseCodec.createException(W3CHttpResponseCodec.java:200)
at org.openqa.selenium.remote.codec.w3c.W3CHttpResponseCodec.decode(W3CHttpResponseCodec.java:133)
at org.openqa.selenium.remote.codec.w3c.W3CHttpResponseCodec.decode(W3CHttpResponseCodec.java:52)
at org.openqa.selenium.remote.HttpCommandExecutor.execute(HttpCommandExecutor.java:191)
at io.appium.java_client.remote.AppiumCommandExecutor.execute(AppiumCommandExecutor.java:250)
at org.openqa.selenium.remote.RemoteWebDriver.execute(RemoteWebDriver.java:602)
at org.openqa.selenium.remote.ElementLocation$ElementFinder$2.findElement(ElementLocation.java:165)
at org.openqa.selenium.remote.ElementLocation.findElement(ElementLocation.java:59)
at org.openqa.selenium.remote.RemoteWebDriver.findElement(RemoteWebDriver.java:359)
at org.openqa.selenium.remote.RemoteWebDriver.findElement(RemoteWebDriver.java:353)
at config.pages.home.NewHomeFeed.tapOntopic2(NewHomeFeed.java:89)
at testModules.home.fullFlowLambda.validateTrendingTopicsCanada(fullFlowLambda.java:2349)
at java.base/jdk.internal.reflect.NativeMethodAccessorImpl.invoke0(Native Method)
at java.base/jdk.internal.reflect.NativeMethodAccessorImpl.invoke(NativeMethodAccessorImpl.java:62)
at java.base/jdk.internal.reflect.DelegatingMethodAccessorImpl.invoke(DelegatingMethodAccessorImpl.java:43)
at java.base/java.lang.reflect.Method.invoke(Method.java:566)
at org.testng.internal.invokers.MethodInvocationHelper.invokeMethod(MethodInvocationHelper.java:135)
at org.testng.internal.invokers.TestInvoker.invokeMethod(TestInvoker.java:673)
at org.testng.internal.invokers.TestInvoker.invokeTestMethod(TestInvoker.java:220)
at org.testng.internal.invokers.MethodRunner.runInSequence(MethodRunner.java:50)
at org.testng.internal.invokers.TestInvoker$MethodInvocationAgent.invoke(TestInvoker.java:945)
at org.testng.internal.invokers.TestInvoker.invokeTestMethods(TestInvoker.java:193)
at org.testng.internal.invokers.TestMethodWorker.invokeTestMethods(TestMethodWorker.java:146)
at org.testng.internal.invokers.TestMethodWorker.run(TestMethodWorker.java:128)
at java.base/java.util.ArrayList.forEach(ArrayList.java:1541)
at org.testng.TestRunner.privateRun(TestRunner.java:808)
at org.testng.TestRunner.run(TestRunner.java:603)
at org.testng.SuiteRunner.runTest(SuiteRunner.java:429)
at org.testng.SuiteRunner.access$000(SuiteRunner.java:32)
at org.testng.SuiteRunner$SuiteWorker.run(SuiteRunner.java:467)
at org.testng.internal.thread.ThreadUtil.lambda$execute$0(ThreadUtil.java:58)
at java.base/java.util.concurrent.FutureTask.run(FutureTask.java:264)
at java.base/java.util.concurrent.ThreadPoolExecutor.runWorker(ThreadPoolExecutor.java:1128)
at java.base/java.util.concurrent.ThreadPoolExecutor$Worker.run(ThreadPoolExecutor.java:628)
at java.base/java.lang.Thread.run(Thread.java:834)
]]>
    </failure>
  </testcase> <!-- validateTrendingTopicsCanada -->
  <testcase classname="testModules.home.fullFlowLambda" name="validateMoreButtonCanada" time="121.53"/>
  <testcase classname="testModules.home.fullFlowLambda" name="testGoingNewsTabOnCanada" time="3.442"/>
  <testcase classname="testModules.home.fullFlowLambda" name="testGoingToQuizzesTabOnCanada" time="4.164"/>
  <testcase classname="testModules.home.fullFlowLambda" name="testTapOnTrendingCategoryOnCanada" time="9.568"/>
  <testcase classname="testModules.home.fullFlowLambda" name="testTapOnShowdownOnCanada" time="9.513"/>
  <testcase classname="testModules.home.fullFlowLambda" name="testTapOnTriviaCategoryOnCanada" time="8.523"/>
  <testcase classname="testModules.home.fullFlowLambda" name="testTapOnCanWeGuessCategory" time="8.591"/>
  <testcase classname="testModules.home.fullFlowLambda" name="testOnMoreOnCanada" time="3.392"/>
  <testcase classname="testModules.home.fullFlowLambda" name="testTapOnTaylorSwiftOnCanada" time="9.378"/>
  <testcase classname="testModules.home.fullFlowLambda" name="testTapOnMarvelOnCanada" time="8.802"/>
  <testcase classname="testModules.home.fullFlowLambda" name="testTapOnZodiacOnCanada" time="9.189"/>
  <testcase classname="testModules.home.fullFlowLambda" name="testTapOnHarryPotterOnCanada" time="10.212"/>
  <testcase classname="testModules.home.fullFlowLambda" name="testTapOnAnimeOnCanada" time="8.754"/>
  <testcase classname="testModules.home.fullFlowLambda" name="testTapOnKPopOnCanada" time="8.523"/>
  <testcase classname="testModules.home.fullFlowLambda" name="testTapOnGeographyOnCanada" time="9.499"/>
  <testcase classname="testModules.home.fullFlowLambda" name="testTapOnChecklistOnCanada" time="12.918"/>
  <testcase classname="testModules.home.fullFlowLambda" name="tapGamesTabOnCanada" time="13.138"/>
  <testcase classname="testModules.home.fullFlowLambda" name="testIndiaEditionIsPresent" time="9.178"/>
  <testcase classname="testModules.home.fullFlowLambda" name="testLatestSubTabOnIndia" time="0.0"/>
  <testcase classname="testModules.home.fullFlowLambda" name="testTrendingSubTabOnIndia" time="7.296"/>
  <testcase classname="testModules.home.fullFlowLambda" name="testFunnyTweetsSubTabOnIndia" time="6.855"/>
  <testcase classname="testModules.home.fullFlowLambda" name="testGamesSubTabOnIndia" time="3.617"/>
  <testcase classname="testModules.home.fullFlowLambda" name="testLatestsSubTabOnIndia" time="5.367"/>
  <testcase classname="testModules.home.fullFlowLambda" name="testRandomSubTabOnIndia" time="2.0"/>
  <testcase classname="testModules.home.fullFlowLambda" name="testGossipSubTabOnIndia" time="3.565"/>
  <testcase classname="testModules.home.fullFlowLambda" name="testGayStuffpSubTabOnIndia" time="10.425"/>
  <testcase classname="testModules.home.fullFlowLambda" name="tapOnMore1OnIndia" time="5.465"/>
  <testcase classname="testModules.home.fullFlowLambda" name="testEntertainmentSubTabOnIndia" time="10.65"/>
  <testcase classname="testModules.home.fullFlowLambda" name="testAnimalsSubTabOnIndia" time="8.028"/>
  <testcase classname="testModules.home.fullFlowLambda" name="testBooksSubTabOnIndia" time="8.318"/>
  <testcase classname="testModules.home.fullFlowLambda" name="testCommunitySubTabOnIndia" time="11.08"/>
  <testcase classname="testModules.home.fullFlowLambda" name="testFoodSubTabOnIndia" time="8.241"/>
  <testcase classname="testModules.home.fullFlowLambda" name="testMusicSubTabOnIndia" time="9.008"/>
  <testcase classname="testModules.home.fullFlowLambda" name="testNiftySubTabOnIndia" time="10.583"/>
  <testcase classname="testModules.home.fullFlowLambda" name="testParentsSubTabOnIndia" time="11.274"/>
  <testcase classname="testModules.home.fullFlowLambda" name="testRewindSubTabOnIndia" time="11.7"/>
  <testcase classname="testModules.home.fullFlowLambda" name="testStyleSubTabOnIndia" time="13.926"/>
  <testcase classname="testModules.home.fullFlowLambda" name="testTravelHomeSubTabOnIndia" time="13.355"/>
  <testcase classname="testModules.home.fullFlowLambda" name="testTravelSubTabOnIndia" time="2.629"/>
  <testcase classname="testModules.home.fullFlowLambda" name="testGoingNewsTabOnIndia" time="1.434"/>
  <testcase classname="testModules.home.fullFlowLambda" name="testGoingToQuizzesTabOnIndia" time="1.49"/>
  <testcase classname="testModules.home.fullFlowLambda" name="testTapOnTrendingCategoryOnIndia" time="5.631"/>
  <testcase classname="testModules.home.fullFlowLambda" name="testTapOnSHowdoenOnIndia" time="4.643"/>
  <testcase classname="testModules.home.fullFlowLambda" name="tapGamesTabOnIndia2" time="11.145"/>
  <testcase classname="testModules.home.fullFlowLambda" name="testUKEditionIsPresent" time="8.105"/>
  <testcase classname="testModules.home.fullFlowLambda" name="testLatestSubTabONUK" time="0.0"/>
  <testcase classname="testModules.home.fullFlowLambda" name="testTrendingSubTabONUK" time="8.15"/>
  <testcase classname="testModules.home.fullFlowLambda" name="testFunnyTweetsSubTabONUK" time="5.751"/>
  <testcase classname="testModules.home.fullFlowLambda" name="testGamesSubTabONUK" time="3.236"/>
  <testcase classname="testModules.home.fullFlowLambda" name="testLatestsSubTabONUK" time="6.645"/>
  <testcase classname="testModules.home.fullFlowLambda" name="testRandomSubTabONUK" time="2.04"/>
  <testcase classname="testModules.home.fullFlowLambda" name="testGossipSubTabONUK" time="3.716"/>
  <testcase classname="testModules.home.fullFlowLambda" name="testGayStuffpSubTabONUK" time="9.948"/>
  <testcase classname="testModules.home.fullFlowLambda" name="tapOnMore1ONUK" time="5.424"/>
  <testcase classname="testModules.home.fullFlowLambda" name="testEntertainmentSubTabONUK" time="10.995"/>
  <testcase classname="testModules.home.fullFlowLambda" name="testAnimalsSubTabONUK" time="7.63"/>
  <testcase classname="testModules.home.fullFlowLambda" name="testBooksSubTabONUK" time="7.703"/>
  <testcase classname="testModules.home.fullFlowLambda" name="testFoodSubTabONUK" time="8.849"/>
  <testcase classname="testModules.home.fullFlowLambda" name="testCommunitySubTabONUK" time="11.1"/>
  <testcase classname="testModules.home.fullFlowLambda" name="testMusicSubTabONUK" time="8.793"/>
  <testcase classname="testModules.home.fullFlowLambda" name="testNiftySubTabONUK" time="10.354"/>
  <testcase classname="testModules.home.fullFlowLambda" name="testParentsSubTabONUK" time="10.668"/>
  <testcase classname="testModules.home.fullFlowLambda" name="testRewindSubTabONUK" time="11.221"/>
  <testcase classname="testModules.home.fullFlowLambda" name="testStyleSubTabONUK" time="12.57"/>
  <testcase classname="testModules.home.fullFlowLambda" name="testTravelHomeSubTabONUK" time="13.373"/>
  <testcase classname="testModules.home.fullFlowLambda" name="testTravelSubTabONUK" time="2.761"/>
  <testcase classname="testModules.home.fullFlowLambda" name="testGoingNewsTabOnUK" time="1.506"/>
  <testcase classname="testModules.home.fullFlowLambda" name="testGoingToQuizzesTabOnUK" time="1.754"/>
  <testcase classname="testModules.home.fullFlowLambda" name="testTapOnTrendingCategoryOnUK" time="5.72"/>
  <testcase classname="testModules.home.fullFlowLambda" name="testTapOnShowdownCategoryOnUK" time="4.66"/>
  <testcase classname="testModules.home.fullFlowLambda" name="testTapOnTriviaCategoryOnUK" time="5.663"/>
  <testcase classname="testModules.home.fullFlowLambda" name="testTapOnCanWeGuessOnUK" time="5.13"/>
  <testcase classname="testModules.home.fullFlowLambda" name="testTapOnMOreOnUK" time="3.262"/>
  <testcase classname="testModules.home.fullFlowLambda" name="testTapOnPollsUK" time="5.59"/>
  <testcase classname="testModules.home.fullFlowLambda" name="testTapOnTaylorSwiftUK" time="4.574"/>
  <testcase classname="testModules.home.fullFlowLambda" name="testTapOnMarvelUK" time="5.341"/>
  <testcase classname="testModules.home.fullFlowLambda" name="testTapOnZodiacUK" time="5.697"/>
  <testcase classname="testModules.home.fullFlowLambda" name="testTapOnHarryPotterUK" time="5.302"/>
  <testcase classname="testModules.home.fullFlowLambda" name="testTapOnAnimeUK" time="5.762"/>
  <testcase classname="testModules.home.fullFlowLambda" name="testTapOnKpopOnUK" time="4.582"/>
  <testcase classname="testModules.home.fullFlowLambda" name="testTapOnChecklistUK" time="5.396"/>
  <testcase classname="testModules.home.fullFlowLambda" name="tapGamesTabOnUK" time="8.498"/>
  <testcase classname="testModules.home.fullFlowLambda" name="testLatamEditionIsPresent" time="3.566"/>
  <testcase classname="testModules.home.fullFlowLambda" name="testLoUltimoSubTab" time="0.0"/>
  <testcase classname="testModules.home.fullFlowLambda" name="testTendenciasSubTab" time="0.421"/>
  <testcase classname="testModules.home.fullFlowLambda" name="testJapanEditionIsPresent" time="3.409"/>
  <testcase classname="testModules.home.fullFlowLambda" name="testShoppingTabJapan" time="0.433"/>
  <testcase classname="testModules.home.fullFlowLambda" name="testGoingToQuizzesTabOnJapan" time="4.204"/>
</testsuite> <!-- Phone 15 Pro -->
