<?xml version="1.0" encoding="UTF-8"?>
<!-- Generated by org.testng.reporters.JUnitXMLReporter -->
<testsuite ignored="0" hostname="Gabrielas-MacBook-Pro.local" failures="1" tests="255" name="Phone 15 Plus" time="2404.494" errors="0" timestamp="2025-04-01T22:45:43 ART">
  <testcase classname="testModules.home.fullFlowLambda" name="validateSeeAll" time="8.908"/>
  <testcase classname="testModules.home.fullFlowLambda" name="validateMoreButton" time="144.851"/>
  <testcase classname="testModules.home.fullFlowLambda" name="validateForYOu" time="9.492"/>
  <testcase classname="testModules.home.fullFlowLambda" name="validateCreatorsCarrousel" time="41.638"/>
  <testcase classname="testModules.home.fullFlowLambda" name="validateDailyTriviaCell" time="30.463"/>
  <testcase classname="testModules.home.fullFlowLambda" name="validatePyramidSchemeCell" time="5.087"/>
  <testcase classname="testModules.home.fullFlowLambda" name="validateShoppingSection" time="4.898"/>
  <testcase classname="testModules.home.fullFlowLambda" name="validateOnTheNewsSection" time="26.352"/>
  <testcase classname="testModules.home.fullFlowLambda" name="moveToNewsTab" time="7.787"/>
  <testcase classname="testModules.home.fullFlowLambda" name="testNewsHeader" time="3.144"/>
  <testcase classname="testModules.home.fullFlowLambda" name="tapOnNewssplash" time="8.669"/>
  <testcase classname="testModules.home.fullFlowLambda" name="testShoppingTab" time="4.053"/>
  <testcase classname="testModules.home.fullFlowLambda" name="testShoppingHeaderIsPresent" time="7.47"/>
  <testcase classname="testModules.home.fullFlowLambda" name="testBeautyCategory" time="7.345"/>
  <testcase classname="testModules.home.fullFlowLambda" name="testFashionCategory" time="7.583"/>
  <testcase classname="testModules.home.fullFlowLambda" name="testHomeCategory" time="7.64"/>
  <testcase classname="testModules.home.fullFlowLambda" name="testKidsCategory" time="7.514"/>
  <testcase classname="testModules.home.fullFlowLambda" name="testPetsCategory" time="7.686"/>
  <testcase classname="testModules.home.fullFlowLambda" name="testSexToysCategory" time="11.591"/>
  <testcase classname="testModules.home.fullFlowLambda" name="testMore" time="10.725"/>
  <testcase classname="testModules.home.fullFlowLambda" name="validateBeautyAndCareMenu" time="7.49"/>
  <testcase classname="testModules.home.fullFlowLambda" name="validateShopAllBeautyAndPersonalCareSubMenu" time="8.667"/>
  <testcase classname="testModules.home.fullFlowLambda" name="validateHairSubMenu" time="7.532"/>
  <testcase classname="testModules.home.fullFlowLambda" name="validateSMakeUpSubMenu" time="10.845"/>
  <testcase classname="testModules.home.fullFlowLambda" name="validateOutDoorProductsSubMenu" time="8.366"/>
  <testcase classname="testModules.home.fullFlowLambda" name="validatePersonalToolsSubMenu" time="7.497"/>
  <testcase classname="testModules.home.fullFlowLambda" name="validateSkinCareSubMenu" time="5.354"/>
  <testcase classname="testModules.home.fullFlowLambda" name="validateAcneSolutionsSubMenu" time="7.504"/>
  <testcase classname="testModules.home.fullFlowLambda" name="validateBodySubMenu" time="7.493"/>
  <testcase classname="testModules.home.fullFlowLambda" name="validateFaceSubMenu" time="9.901"/>
  <testcase classname="testModules.home.fullFlowLambda" name="validateFashionMenu" time="6.624"/>
  <testcase classname="testModules.home.fullFlowLambda" name="validateShopAllFashionSubMenu" time="7.744"/>
  <testcase classname="testModules.home.fullFlowLambda" name="validateFashionAccesoriesSubMenu" time="6.362"/>
  <testcase classname="testModules.home.fullFlowLambda" name="validateBagsSubMenu" time="7.602"/>
  <testcase classname="testModules.home.fullFlowLambda" name="validateColdWeatherSubMenu" time="7.719"/>
  <testcase classname="testModules.home.fullFlowLambda" name="validateGlassesAndSunglassesSubMenu" time="7.404"/>
  <testcase classname="testModules.home.fullFlowLambda" name="validateJewerlySubMenu" time="7.903"/>
  <testcase classname="testModules.home.fullFlowLambda" name="validateDressesSubMenu" time="7.471"/>
  <testcase classname="testModules.home.fullFlowLambda" name="validateFootwareSubMenu" time="5.683"/>
  <testcase classname="testModules.home.fullFlowLambda" name="validateBootsSubMenu" time="7.908"/>
  <testcase classname="testModules.home.fullFlowLambda" name="validateDressSubMenu" time="7.584"/>
  <testcase classname="testModules.home.fullFlowLambda" name="validateFlatsSubMenu" time="7.802"/>
  <testcase classname="testModules.home.fullFlowLambda" name="validateHeelsSubMenu" time="7.436"/>
  <testcase classname="testModules.home.fullFlowLambda" name="validateOutDoorSubMenu" time="8.074"/>
  <testcase classname="testModules.home.fullFlowLambda" name="validateSandalsSubMenu" time="7.744"/>
  <testcase classname="testModules.home.fullFlowLambda" name="validateSneakersSubMenu" time="8.93"/>
  <testcase classname="testModules.home.fullFlowLambda" name="validateFormalWareSubMenu" time="7.687"/>
  <testcase classname="testModules.home.fullFlowLambda" name="validateJacketsSubMenu" time="7.749"/>
  <testcase classname="testModules.home.fullFlowLambda" name="validateJeansSubMenu" time="7.905"/>
  <testcase classname="testModules.home.fullFlowLambda" name="validateLoungeWareSubMenu" time="7.59"/>
  <testcase classname="testModules.home.fullFlowLambda" name="validatePantsSubMenu" time="7.92"/>
  <testcase classname="testModules.home.fullFlowLambda" name="validateSweatersSubMenu" time="7.495"/>
  <testcase classname="testModules.home.fullFlowLambda" name="validateSwimsuitsSubMenu" time="7.974"/>
  <testcase classname="testModules.home.fullFlowLambda" name="validateTopsSubMenu" time="7.552"/>
  <testcase classname="testModules.home.fullFlowLambda" name="validateUnderwareSubMenu" time="9.383"/>
  <testcase classname="testModules.home.fullFlowLambda" name="validateHomeMenu" time="5.496"/>
  <testcase classname="testModules.home.fullFlowLambda" name="validateBathroomSubMenu" time="7.611"/>
  <testcase classname="testModules.home.fullFlowLambda" name="validateBeddingAndMatressSubMenu" time="7.818"/>
  <testcase classname="testModules.home.fullFlowLambda" name="validateCleaningSubMenu" time="7.605"/>
  <testcase classname="testModules.home.fullFlowLambda" name="validateKitchenSubMenu" time="6.483"/>
  <testcase classname="testModules.home.fullFlowLambda" name="validateAppliancesSubMenu" time="8.44"/>
  <testcase classname="testModules.home.fullFlowLambda" name="validatToolsSubMenu" time="9.389"/>
  <testcase classname="testModules.home.fullFlowLambda" name="validateDecorSubMenu" time="9.556"/>
  <testcase classname="testModules.home.fullFlowLambda" name="validateFurnitureSubMenu" time="6.392"/>
  <testcase classname="testModules.home.fullFlowLambda" name="validateBedroomSubMenu" time="7.434"/>
  <testcase classname="testModules.home.fullFlowLambda" name="validateKidsRoomSubMenu" time="7.605"/>
  <testcase classname="testModules.home.fullFlowLambda" name="validateKitchenRoomSubMenu" time="7.435"/>
  <testcase classname="testModules.home.fullFlowLambda" name="validateLivingRoomSubMenu" time="7.685"/>
  <testcase classname="testModules.home.fullFlowLambda" name="validateSecondOfficeSubMenu" time="8.713"/>
  <testcase classname="testModules.home.fullFlowLambda" name="validateOfficeSubMenu" time="7.606"/>
  <testcase classname="testModules.home.fullFlowLambda" name="validateOrganizationSubMenu" time="7.795"/>
  <testcase classname="testModules.home.fullFlowLambda" name="validateOutdoorSubMenu" time="6.393"/>
  <testcase classname="testModules.home.fullFlowLambda" name="validateBackyardSubMenu" time="7.413"/>
  <testcase classname="testModules.home.fullFlowLambda" name="validateGardenSubMenu" time="7.499"/>
  <testcase classname="testModules.home.fullFlowLambda" name="validateRecreationSubMenu" time="9.866"/>
  <testcase classname="testModules.home.fullFlowLambda" name="validateKidsMenu" time="7.791"/>
  <testcase classname="testModules.home.fullFlowLambda" name="validatePetsMenu" time="7.625"/>
  <testcase classname="testModules.home.fullFlowLambda" name="validateSexToysMenu" time="7.919"/>
  <testcase classname="testModules.home.fullFlowLambda" name="validateSportsAndFitnessMenu" time="5.456"/>
  <testcase classname="testModules.home.fullFlowLambda" name="validateShopAllSportsAndFitnessMenu" time="7.491"/>
  <testcase classname="testModules.home.fullFlowLambda" name="validateFitnessAccesoriesMenu" time="7.613"/>
  <testcase classname="testModules.home.fullFlowLambda" name="validateMachineryMenu" time="7.78"/>
  <testcase classname="testModules.home.fullFlowLambda" name="validatePersonalCareMenu" time="8.536"/>
  <testcase classname="testModules.home.fullFlowLambda" name="validateStoresMenu" time="5.404"/>
  <testcase classname="testModules.home.fullFlowLambda" name="validateShopAllStoresMenu" time="9.768"/>
  <testcase classname="testModules.home.fullFlowLambda" name="validateAmazonMenu" time="7.608"/>
  <testcase classname="testModules.home.fullFlowLambda" name="validateEtsyMenu" time="7.507"/>
  <testcase classname="testModules.home.fullFlowLambda" name="validateNordstromMenu" time="7.632"/>
  <testcase classname="testModules.home.fullFlowLambda" name="validateSephoraMenu" time="7.645"/>
  <testcase classname="testModules.home.fullFlowLambda" name="validateShopSmallMenu" time="7.827"/>
  <testcase classname="testModules.home.fullFlowLambda" name="validateTargetMenu" time="7.554"/>
  <testcase classname="testModules.home.fullFlowLambda" name="validateWalmartMenu" time="9.499"/>
  <testcase classname="testModules.home.fullFlowLambda" name="validateWayfairMenu" time="10.466"/>
  <testcase classname="testModules.home.fullFlowLambda" name="validateSubscriptionsMenu" time="9.602"/>
  <testcase classname="testModules.home.fullFlowLambda" name="validateTechMenu" time="6.693"/>
  <testcase classname="testModules.home.fullFlowLambda" name="validateShopAllTechMenu" time="9.653"/>
  <testcase classname="testModules.home.fullFlowLambda" name="validateTechAccessoriesMenu" time="9.558"/>
  <testcase classname="testModules.home.fullFlowLambda" name="validateGadgetsMenu" time="9.485"/>
  <testcase classname="testModules.home.fullFlowLambda" name="validateHomeElectronicsMenu" time="16.627"/>
  <testcase classname="testModules.home.fullFlowLambda" name="validateFeatureStoriesTitle" time="0.856"/>
  <testcase classname="testModules.home.fullFlowLambda" name="validateFeatureStoriesDisplays" time="8.971"/>
  <testcase classname="testModules.home.fullFlowLambda" name="tapQuizzesTab" time="1.479"/>
  <testcase classname="testModules.home.fullFlowLambda" name="verifyQuizzesHeaderIsPresent" time="2.823"/>
  <testcase classname="testModules.home.fullFlowLambda" name="tapQuizSplash" time="5.96"/>
  <testcase classname="testModules.home.fullFlowLambda" name="tapOnTrending" time="6.608"/>
  <testcase classname="testModules.home.fullFlowLambda" name="tapOnTrivia" time="4.697"/>
  <testcase classname="testModules.home.fullFlowLambda" name="tapOnCanWeGuess" time="6.535"/>
  <testcase classname="testModules.home.fullFlowLambda" name="tapOnMore" time="1.33"/>
  <testcase classname="testModules.home.fullFlowLambda" name="tapOnDisney" time="13.643"/>
  <testcase classname="testModules.home.fullFlowLambda" name="tapOnFood" time="15.196"/>
  <testcase classname="testModules.home.fullFlowLambda" name="tapOnWhoAreYou" time="13.842"/>
  <testcase classname="testModules.home.fullFlowLambda" name="tapOnLove" time="14.687"/>
  <testcase classname="testModules.home.fullFlowLambda" name="tapOnTaylorSwift" time="14.566"/>
  <testcase classname="testModules.home.fullFlowLambda" name="tapOnMarvel" time="14.135"/>
  <testcase classname="testModules.home.fullFlowLambda" name="tapOnZodiac" time="13.558"/>
  <testcase classname="testModules.home.fullFlowLambda" name="tapOnHarryPotter" time="15.035"/>
  <testcase classname="testModules.home.fullFlowLambda" name="tapOnAnime" time="13.957"/>
  <testcase classname="testModules.home.fullFlowLambda" name="tapOnKPop" time="14.971"/>
  <testcase classname="testModules.home.fullFlowLambda" name="tapOnGeography" time="14.174"/>
  <testcase classname="testModules.home.fullFlowLambda" name="tapOnChecklist" time="17.405"/>
  <testcase classname="testModules.home.fullFlowLambda" name="isGamesLblDisplayed" time="8.463"/>
  <testcase classname="testModules.home.fullFlowLambda" name="arePyramidSchemeElementsDisplayed" time="3.085"/>
  <testcase classname="testModules.home.fullFlowLambda" name="validateMakeYours" time="17.081"/>
  <testcase classname="testModules.home.fullFlowLambda" name="validateWhealOfFortune" time="8.296"/>
  <testcase classname="testModules.home.fullFlowLambda" name="validateMoreFunStuff" time="9.326"/>
  <testcase classname="testModules.home.fullFlowLambda" name="tapMoreFunCarrouselItem" time="8.282"/>
  <testcase classname="testModules.home.fullFlowLambda" name="testAustraliaEditionIsPresent" time="6.203"/>
  <testcase classname="testModules.home.fullFlowLambda" name="testLatestSubTab" time="0.0"/>
  <testcase classname="testModules.home.fullFlowLambda" name="testTrendingSubTab" time="7.474"/>
  <testcase classname="testModules.home.fullFlowLambda" name="testFunnyTweetsSubTab" time="5.662"/>
  <testcase classname="testModules.home.fullFlowLambda" name="testGamesSubTab" time="3.62"/>
  <testcase classname="testModules.home.fullFlowLambda" name="testLatestsSubTab" time="5.132"/>
  <testcase classname="testModules.home.fullFlowLambda" name="testRandomSubTab" time="2.0"/>
  <testcase classname="testModules.home.fullFlowLambda" name="testGossipSubTab" time="4.328"/>
  <testcase classname="testModules.home.fullFlowLambda" name="testGayStuffpSubTab" time="9.702"/>
  <testcase classname="testModules.home.fullFlowLambda" name="tapOnMore1" time="5.561"/>
  <testcase classname="testModules.home.fullFlowLambda" name="testEntertainmentSubTab" time="9.981"/>
  <testcase classname="testModules.home.fullFlowLambda" name="testAnimalsSubTab" time="6.882"/>
  <testcase classname="testModules.home.fullFlowLambda" name="testBooksSubTab" time="7.789"/>
  <testcase classname="testModules.home.fullFlowLambda" name="testFoodSubTab" time="7.943"/>
  <testcase classname="testModules.home.fullFlowLambda" name="testCommunitySubTab" time="10.995"/>
  <testcase classname="testModules.home.fullFlowLambda" name="testMusicSubTab" time="8.915"/>
  <testcase classname="testModules.home.fullFlowLambda" name="testNiftySubTab" time="10.878"/>
  <testcase classname="testModules.home.fullFlowLambda" name="testParentsSubTab" time="10.921"/>
  <testcase classname="testModules.home.fullFlowLambda" name="testRewindSubTab" time="10.944"/>
  <testcase classname="testModules.home.fullFlowLambda" name="testStyleSubTab" time="12.66"/>
  <testcase classname="testModules.home.fullFlowLambda" name="testTravelHomeSubTab" time="12.434"/>
  <testcase classname="testModules.home.fullFlowLambda" name="testTravelSubTab" time="2.783"/>
  <testcase classname="testModules.home.fullFlowLambda" name="testGoingNewsTab" time="4.508"/>
  <testcase classname="testModules.home.fullFlowLambda" name="testGoingShoppingTab" time="10.279"/>
  <testcase classname="testModules.home.fullFlowLambda" name="testGoingToQuizzesTab" time="4.363"/>
  <testcase classname="testModules.home.fullFlowLambda" name="testTapOnTrendingCategory" time="8.718"/>
  <testcase classname="testModules.home.fullFlowLambda" name="testTapOnTriviaCategory" time="8.512"/>
  <testcase classname="testModules.home.fullFlowLambda" name="testCanWeGuess" time="8.841"/>
  <testcase classname="testModules.home.fullFlowLambda" name="testOnMore" time="4.353"/>
  <testcase classname="testModules.home.fullFlowLambda" name="testTapOnTaylorSwift" time="9.179"/>
  <testcase classname="testModules.home.fullFlowLambda" name="testTapOnMarvel" time="8.538"/>
  <testcase classname="testModules.home.fullFlowLambda" name="testTapOnZodiac" time="8.874"/>
  <testcase classname="testModules.home.fullFlowLambda" name="testTapOnHarryPotter" time="8.786"/>
  <testcase classname="testModules.home.fullFlowLambda" name="testTapOnAnime" time="8.88"/>
  <testcase classname="testModules.home.fullFlowLambda" name="testTapOnKPop" time="8.872"/>
  <testcase classname="testModules.home.fullFlowLambda" name="testTapOnGeography" time="6.541"/>
  <testcase classname="testModules.home.fullFlowLambda" name="testTapOnChecklist" time="8.726"/>
  <testcase classname="testModules.home.fullFlowLambda" name="tapGamesTab" time="4.1"/>
  <testcase classname="testModules.home.fullFlowLambda" name="testCanadaEditionIsPresent" time="10.339"/>
  <testcase classname="testModules.home.fullFlowLambda" name="validateSeeAllCanada" time="8.817"/>
  <testcase classname="testModules.home.fullFlowLambda" name="validateTrendingTopicsCanada" time="7.076">
    <failure type="org.openqa.selenium.NoSuchElementException" message="An element could not be located on the page using the given search parameters.
For documentation on this error, please visit: https://www.selenium.dev/documentation/webdriver/troubleshooting/errors#no-such-element-exception
Build info: version: &amp;apos;4.13.0&amp;apos;, revision: &amp;apos;ba948ece5b*&amp;apos;
System info: os.name: &amp;apos;Mac OS X&amp;apos;, os.arch: &amp;apos;x86_64&amp;apos;, os.version: &amp;apos;14.7.4&amp;apos;, java.version: &amp;apos;11.0.21&amp;apos;
Driver info: io.appium.java_client.ios.IOSDriver
Command: [9f41f7d1-aabf-476e-8059-508a6b0811da, findElement {using=xpath, value=//XCUIElementTypeApplication[@name=&amp;quot;BuzzFeed ðŸž&amp;quot;]/XCUIElementTypeWindow/XCUIElementTypeOther/XCUIElementTypeOther/XCUIElementTypeOther/XCUIElementTypeOther/XCUIElementTypeOther/XCUIElementTypeOther/XCUIElementTypeOther/XCUIElementTypeOther/XCUIElementTypeOther/XCUIElementTypeOther/XCUIElementTypeOther/XCUIElementTypeOther/XCUIElementTypeOther/XCUIElementTypeOther/XCUIElementTypeOther/XCUIElementTypeOther/XCUIElementTypeCollectionView/XCUIElementTypeCell[2]/XCUIElementTypeOther[2]/XCUIElementTypeOther/XCUIElementTypeOther/XCUIElementTypeOther[2]}]
Capabilities {appium:autoAcceptAlerts: true, appium:automationName: XCuiTest, appium:bundleID: com.buzzfeed.buzzfeed-alpha, appium:bundleId: com.buzzfeed.buzzfeed-alpha, appium:databaseEnabled: false, appium:derivedDataPath: /Users/ltadmin/Documents/ap..., appium:deviceName: iPhone 15 Plus, appium:headless: false, appium:javascriptEnabled: true, appium:language: US, appium:locale: US, appium:locationContextEnabled: false, appium:maxTypingFrequency: 7, appium:mode: cloud, appium:nativeWebScreenshot: true, appium:networkConnectionEnabled: false, appium:newCommandTimeout: 0, appium:noReset: false, appium:orientation: PORTRAIT, appium:platformVersion: 17, appium:realDevice: true, appium:takesScreenshot: true, appium:udid: 00008120-000E156E34F1A01E, appium:uiautomator2ServerLaunchTimeout: 60000, appium:usePrebuiltWDA: true, appium:waitForQuiescence: false, appium:wdaLocalPort: 11066, appium:wdaRemotePort: 8100, appium:wdaStartupRetries: 3, appium:webStorageEnabled: false, appium:webkitResponseTimeout: 20000, platformName: IOS}
Session ID: 9f41f7d1-aabf-476e-8059-508a6b0811da">
      <![CDATA[org.openqa.selenium.NoSuchElementException: An element could not be located on the page using the given search parameters.
For documentation on this error, please visit: https://www.selenium.dev/documentation/webdriver/troubleshooting/errors#no-such-element-exception
Build info: version: '4.13.0', revision: 'ba948ece5b*'
System info: os.name: 'Mac OS X', os.arch: 'x86_64', os.version: '14.7.4', java.version: '11.0.21'
Driver info: io.appium.java_client.ios.IOSDriver
Command: [9f41f7d1-aabf-476e-8059-508a6b0811da, findElement {using=xpath, value=//XCUIElementTypeApplication[@name="BuzzFeed ðŸž"]/XCUIElementTypeWindow/XCUIElementTypeOther/XCUIElementTypeOther/XCUIElementTypeOther/XCUIElementTypeOther/XCUIElementTypeOther/XCUIElementTypeOther/XCUIElementTypeOther/XCUIElementTypeOther/XCUIElementTypeOther/XCUIElementTypeOther/XCUIElementTypeOther/XCUIElementTypeOther/XCUIElementTypeOther/XCUIElementTypeOther/XCUIElementTypeOther/XCUIElementTypeOther/XCUIElementTypeCollectionView/XCUIElementTypeCell[2]/XCUIElementTypeOther[2]/XCUIElementTypeOther/XCUIElementTypeOther/XCUIElementTypeOther[2]}]
Capabilities {appium:autoAcceptAlerts: true, appium:automationName: XCuiTest, appium:bundleID: com.buzzfeed.buzzfeed-alpha, appium:bundleId: com.buzzfeed.buzzfeed-alpha, appium:databaseEnabled: false, appium:derivedDataPath: /Users/ltadmin/Documents/ap..., appium:deviceName: iPhone 15 Plus, appium:headless: false, appium:javascriptEnabled: true, appium:language: US, appium:locale: US, appium:locationContextEnabled: false, appium:maxTypingFrequency: 7, appium:mode: cloud, appium:nativeWebScreenshot: true, appium:networkConnectionEnabled: false, appium:newCommandTimeout: 0, appium:noReset: false, appium:orientation: PORTRAIT, appium:platformVersion: 17, appium:realDevice: true, appium:takesScreenshot: true, appium:udid: 00008120-000E156E34F1A01E, appium:uiautomator2ServerLaunchTimeout: 60000, appium:usePrebuiltWDA: true, appium:waitForQuiescence: false, appium:wdaLocalPort: 11066, appium:wdaRemotePort: 8100, appium:wdaStartupRetries: 3, appium:webStorageEnabled: false, appium:webkitResponseTimeout: 20000, platformName: IOS}
Session ID: 9f41f7d1-aabf-476e-8059-508a6b0811da
at java.base/jdk.internal.reflect.NativeConstructorAccessorImpl.newInstance0(Native Method)
at java.base/jdk.internal.reflect.NativeConstructorAccessorImpl.newInstance(NativeConstructorAccessorImpl.java:62)
at java.base/jdk.internal.reflect.DelegatingConstructorAccessorImpl.newInstance(DelegatingConstructorAccessorImpl.java:45)
at java.base/java.lang.reflect.Constructor.newInstance(Constructor.java:490)
at org.openqa.selenium.remote.codec.w3c.W3CHttpResponseCodec.createException(W3CHttpResponseCodec.java:200)
at org.openqa.selenium.remote.codec.w3c.W3CHttpResponseCodec.decode(W3CHttpResponseCodec.java:133)
at org.openqa.selenium.remote.codec.w3c.W3CHttpResponseCodec.decode(W3CHttpResponseCodec.java:52)
at org.openqa.selenium.remote.HttpCommandExecutor.execute(HttpCommandExecutor.java:191)
at io.appium.java_client.remote.AppiumCommandExecutor.execute(AppiumCommandExecutor.java:250)
at org.openqa.selenium.remote.RemoteWebDriver.execute(RemoteWebDriver.java:602)
at org.openqa.selenium.remote.ElementLocation$ElementFinder$2.findElement(ElementLocation.java:165)
at org.openqa.selenium.remote.ElementLocation.findElement(ElementLocation.java:59)
at org.openqa.selenium.remote.RemoteWebDriver.findElement(RemoteWebDriver.java:359)
at org.openqa.selenium.remote.RemoteWebDriver.findElement(RemoteWebDriver.java:353)
at config.pages.home.NewHomeFeed.tapOntopic2(NewHomeFeed.java:89)
at testModules.home.fullFlowLambda.validateTrendingTopicsCanada(fullFlowLambda.java:2349)
at java.base/jdk.internal.reflect.NativeMethodAccessorImpl.invoke0(Native Method)
at java.base/jdk.internal.reflect.NativeMethodAccessorImpl.invoke(NativeMethodAccessorImpl.java:62)
at java.base/jdk.internal.reflect.DelegatingMethodAccessorImpl.invoke(DelegatingMethodAccessorImpl.java:43)
at java.base/java.lang.reflect.Method.invoke(Method.java:566)
at org.testng.internal.invokers.MethodInvocationHelper.invokeMethod(MethodInvocationHelper.java:135)
at org.testng.internal.invokers.TestInvoker.invokeMethod(TestInvoker.java:673)
at org.testng.internal.invokers.TestInvoker.invokeTestMethod(TestInvoker.java:220)
at org.testng.internal.invokers.MethodRunner.runInSequence(MethodRunner.java:50)
at org.testng.internal.invokers.TestInvoker$MethodInvocationAgent.invoke(TestInvoker.java:945)
at org.testng.internal.invokers.TestInvoker.invokeTestMethods(TestInvoker.java:193)
at org.testng.internal.invokers.TestMethodWorker.invokeTestMethods(TestMethodWorker.java:146)
at org.testng.internal.invokers.TestMethodWorker.run(TestMethodWorker.java:128)
at java.base/java.util.ArrayList.forEach(ArrayList.java:1541)
at org.testng.TestRunner.privateRun(TestRunner.java:808)
at org.testng.TestRunner.run(TestRunner.java:603)
at org.testng.SuiteRunner.runTest(SuiteRunner.java:429)
at org.testng.SuiteRunner.access$000(SuiteRunner.java:32)
at org.testng.SuiteRunner$SuiteWorker.run(SuiteRunner.java:467)
at org.testng.internal.thread.ThreadUtil.lambda$execute$0(ThreadUtil.java:58)
at java.base/java.util.concurrent.FutureTask.run(FutureTask.java:264)
at java.base/java.util.concurrent.ThreadPoolExecutor.runWorker(ThreadPoolExecutor.java:1128)
at java.base/java.util.concurrent.ThreadPoolExecutor$Worker.run(ThreadPoolExecutor.java:628)
at java.base/java.lang.Thread.run(Thread.java:834)
]]>
    </failure>
  </testcase> <!-- validateTrendingTopicsCanada -->
  <testcase classname="testModules.home.fullFlowLambda" name="validateMoreButtonCanada" time="114.281"/>
  <testcase classname="testModules.home.fullFlowLambda" name="testGoingNewsTabOnCanada" time="2.201"/>
  <testcase classname="testModules.home.fullFlowLambda" name="testGoingToQuizzesTabOnCanada" time="4.276"/>
  <testcase classname="testModules.home.fullFlowLambda" name="testTapOnTrendingCategoryOnCanada" time="8.857"/>
  <testcase classname="testModules.home.fullFlowLambda" name="testTapOnShowdownOnCanada" time="9.023"/>
  <testcase classname="testModules.home.fullFlowLambda" name="testTapOnTriviaCategoryOnCanada" time="8.866"/>
  <testcase classname="testModules.home.fullFlowLambda" name="testTapOnCanWeGuessCategory" time="8.849"/>
  <testcase classname="testModules.home.fullFlowLambda" name="testOnMoreOnCanada" time="3.392"/>
  <testcase classname="testModules.home.fullFlowLambda" name="testTapOnTaylorSwiftOnCanada" time="8.84"/>
  <testcase classname="testModules.home.fullFlowLambda" name="testTapOnMarvelOnCanada" time="8.554"/>
  <testcase classname="testModules.home.fullFlowLambda" name="testTapOnZodiacOnCanada" time="8.547"/>
  <testcase classname="testModules.home.fullFlowLambda" name="testTapOnHarryPotterOnCanada" time="8.543"/>
  <testcase classname="testModules.home.fullFlowLambda" name="testTapOnAnimeOnCanada" time="8.488"/>
  <testcase classname="testModules.home.fullFlowLambda" name="testTapOnKPopOnCanada" time="8.45"/>
  <testcase classname="testModules.home.fullFlowLambda" name="testTapOnGeographyOnCanada" time="9.21"/>
  <testcase classname="testModules.home.fullFlowLambda" name="testTapOnChecklistOnCanada" time="12.559"/>
  <testcase classname="testModules.home.fullFlowLambda" name="tapGamesTabOnCanada" time="12.598"/>
  <testcase classname="testModules.home.fullFlowLambda" name="testIndiaEditionIsPresent" time="8.289"/>
  <testcase classname="testModules.home.fullFlowLambda" name="testLatestSubTabOnIndia" time="0.0"/>
  <testcase classname="testModules.home.fullFlowLambda" name="testTrendingSubTabOnIndia" time="7.855"/>
  <testcase classname="testModules.home.fullFlowLambda" name="testFunnyTweetsSubTabOnIndia" time="6.108"/>
  <testcase classname="testModules.home.fullFlowLambda" name="testGamesSubTabOnIndia" time="3.622"/>
  <testcase classname="testModules.home.fullFlowLambda" name="testLatestsSubTabOnIndia" time="5.45"/>
  <testcase classname="testModules.home.fullFlowLambda" name="testRandomSubTabOnIndia" time="2.0"/>
  <testcase classname="testModules.home.fullFlowLambda" name="testGossipSubTabOnIndia" time="3.535"/>
  <testcase classname="testModules.home.fullFlowLambda" name="testGayStuffpSubTabOnIndia" time="9.718"/>
  <testcase classname="testModules.home.fullFlowLambda" name="tapOnMore1OnIndia" time="5.281"/>
  <testcase classname="testModules.home.fullFlowLambda" name="testEntertainmentSubTabOnIndia" time="9.599"/>
  <testcase classname="testModules.home.fullFlowLambda" name="testAnimalsSubTabOnIndia" time="6.865"/>
  <testcase classname="testModules.home.fullFlowLambda" name="testBooksSubTabOnIndia" time="7.802"/>
  <testcase classname="testModules.home.fullFlowLambda" name="testCommunitySubTabOnIndia" time="10.838"/>
  <testcase classname="testModules.home.fullFlowLambda" name="testFoodSubTabOnIndia" time="7.672"/>
  <testcase classname="testModules.home.fullFlowLambda" name="testMusicSubTabOnIndia" time="8.491"/>
  <testcase classname="testModules.home.fullFlowLambda" name="testNiftySubTabOnIndia" time="10.673"/>
  <testcase classname="testModules.home.fullFlowLambda" name="testParentsSubTabOnIndia" time="10.832"/>
  <testcase classname="testModules.home.fullFlowLambda" name="testRewindSubTabOnIndia" time="10.831"/>
  <testcase classname="testModules.home.fullFlowLambda" name="testStyleSubTabOnIndia" time="12.727"/>
  <testcase classname="testModules.home.fullFlowLambda" name="testTravelHomeSubTabOnIndia" time="12.494"/>
  <testcase classname="testModules.home.fullFlowLambda" name="testTravelSubTabOnIndia" time="2.677"/>
  <testcase classname="testModules.home.fullFlowLambda" name="testGoingNewsTabOnIndia" time="1.362"/>
  <testcase classname="testModules.home.fullFlowLambda" name="testGoingToQuizzesTabOnIndia" time="1.34"/>
  <testcase classname="testModules.home.fullFlowLambda" name="testTapOnTrendingCategoryOnIndia" time="4.522"/>
  <testcase classname="testModules.home.fullFlowLambda" name="testTapOnSHowdoenOnIndia" time="4.82"/>
  <testcase classname="testModules.home.fullFlowLambda" name="tapGamesTabOnIndia2" time="11.006"/>
  <testcase classname="testModules.home.fullFlowLambda" name="testUKEditionIsPresent" time="7.56"/>
  <testcase classname="testModules.home.fullFlowLambda" name="testLatestSubTabONUK" time="0.0"/>
  <testcase classname="testModules.home.fullFlowLambda" name="testTrendingSubTabONUK" time="7.621"/>
  <testcase classname="testModules.home.fullFlowLambda" name="testFunnyTweetsSubTabONUK" time="5.872"/>
  <testcase classname="testModules.home.fullFlowLambda" name="testGamesSubTabONUK" time="3.921"/>
  <testcase classname="testModules.home.fullFlowLambda" name="testLatestsSubTabONUK" time="5.103"/>
  <testcase classname="testModules.home.fullFlowLambda" name="testRandomSubTabONUK" time="2.071"/>
  <testcase classname="testModules.home.fullFlowLambda" name="testGossipSubTabONUK" time="3.586"/>
  <testcase classname="testModules.home.fullFlowLambda" name="testGayStuffpSubTabONUK" time="9.699"/>
  <testcase classname="testModules.home.fullFlowLambda" name="tapOnMore1ONUK" time="5.565"/>
  <testcase classname="testModules.home.fullFlowLambda" name="testEntertainmentSubTabONUK" time="9.608"/>
  <testcase classname="testModules.home.fullFlowLambda" name="testAnimalsSubTabONUK" time="6.645"/>
  <testcase classname="testModules.home.fullFlowLambda" name="testBooksSubTabONUK" time="7.738"/>
  <testcase classname="testModules.home.fullFlowLambda" name="testFoodSubTabONUK" time="7.729"/>
  <testcase classname="testModules.home.fullFlowLambda" name="testCommunitySubTabONUK" time="10.832"/>
  <testcase classname="testModules.home.fullFlowLambda" name="testMusicSubTabONUK" time="8.472"/>
  <testcase classname="testModules.home.fullFlowLambda" name="testNiftySubTabONUK" time="10.804"/>
  <testcase classname="testModules.home.fullFlowLambda" name="testParentsSubTabONUK" time="10.74"/>
  <testcase classname="testModules.home.fullFlowLambda" name="testRewindSubTabONUK" time="10.92"/>
  <testcase classname="testModules.home.fullFlowLambda" name="testStyleSubTabONUK" time="12.579"/>
  <testcase classname="testModules.home.fullFlowLambda" name="testTravelHomeSubTabONUK" time="12.647"/>
  <testcase classname="testModules.home.fullFlowLambda" name="testTravelSubTabONUK" time="2.741"/>
  <testcase classname="testModules.home.fullFlowLambda" name="testGoingNewsTabOnUK" time="1.363"/>
  <testcase classname="testModules.home.fullFlowLambda" name="testGoingToQuizzesTabOnUK" time="1.301"/>
  <testcase classname="testModules.home.fullFlowLambda" name="testTapOnTrendingCategoryOnUK" time="4.72"/>
  <testcase classname="testModules.home.fullFlowLambda" name="testTapOnShowdownCategoryOnUK" time="4.549"/>
  <testcase classname="testModules.home.fullFlowLambda" name="testTapOnTriviaCategoryOnUK" time="4.884"/>
  <testcase classname="testModules.home.fullFlowLambda" name="testTapOnCanWeGuessOnUK" time="4.578"/>
  <testcase classname="testModules.home.fullFlowLambda" name="testTapOnMOreOnUK" time="3.263"/>
  <testcase classname="testModules.home.fullFlowLambda" name="testTapOnPollsUK" time="4.561"/>
  <testcase classname="testModules.home.fullFlowLambda" name="testTapOnTaylorSwiftUK" time="4.558"/>
  <testcase classname="testModules.home.fullFlowLambda" name="testTapOnMarvelUK" time="4.595"/>
  <testcase classname="testModules.home.fullFlowLambda" name="testTapOnZodiacUK" time="4.774"/>
  <testcase classname="testModules.home.fullFlowLambda" name="testTapOnHarryPotterUK" time="4.528"/>
  <testcase classname="testModules.home.fullFlowLambda" name="testTapOnAnimeUK" time="4.597"/>
  <testcase classname="testModules.home.fullFlowLambda" name="testTapOnKpopOnUK" time="4.624"/>
  <testcase classname="testModules.home.fullFlowLambda" name="testTapOnChecklistUK" time="4.579"/>
  <testcase classname="testModules.home.fullFlowLambda" name="tapGamesTabOnUK" time="8.708"/>
  <testcase classname="testModules.home.fullFlowLambda" name="testLatamEditionIsPresent" time="3.443"/>
  <testcase classname="testModules.home.fullFlowLambda" name="testLoUltimoSubTab" time="0.0"/>
  <testcase classname="testModules.home.fullFlowLambda" name="testTendenciasSubTab" time="0.445"/>
  <testcase classname="testModules.home.fullFlowLambda" name="testJapanEditionIsPresent" time="3.544"/>
  <testcase classname="testModules.home.fullFlowLambda" name="testShoppingTabJapan" time="0.441"/>
  <testcase classname="testModules.home.fullFlowLambda" name="testGoingToQuizzesTabOnJapan" time="4.338"/>
</testsuite> <!-- Phone 15 Plus -->
