<?xml version="1.0" encoding="UTF-8"?>
<!-- Generated by org.testng.reporters.JUnitReportReporter -->
<testsuite hostname="Gabrielas-MacBook-Pro.local" failures="0" tests="510" name="testModules.home.fullFlowLambda" time="4619.708" errors="2" timestamp="2025-04-01T22:47:35 ART" skipped="0">
  <testcase classname="testModules.home.fullFlowLambda" name="validateSeeAll" time="9.234"/>
  <system-out/>
  <testcase classname="testModules.home.fullFlowLambda" name="validateSeeAll" time="8.908"/>
  <system-out/>
  <testcase classname="testModules.home.fullFlowLambda" name="validateMoreButton" time="144.851"/>
  <system-out/>
  <testcase classname="testModules.home.fullFlowLambda" name="validateMoreButton" time="156.469"/>
  <system-out/>
  <testcase classname="testModules.home.fullFlowLambda" name="validateForYOu" time="9.492"/>
  <system-out/>
  <testcase classname="testModules.home.fullFlowLambda" name="validateForYOu" time="14.658"/>
  <system-out/>
  <testcase classname="testModules.home.fullFlowLambda" name="validateDailyTriviaCell" time="27.901"/>
  <system-out/>
  <testcase classname="testModules.home.fullFlowLambda" name="validateCreatorsCarrousel" time="41.638"/>
  <system-out/>
  <testcase classname="testModules.home.fullFlowLambda" name="validateDailyTriviaCell" time="30.463"/>
  <system-out/>
  <testcase classname="testModules.home.fullFlowLambda" name="validateCreatorsCarrousel" time="33.729"/>
  <system-out/>
  <testcase classname="testModules.home.fullFlowLambda" name="validatePyramidSchemeCell" time="5.417"/>
  <system-out/>
  <testcase classname="testModules.home.fullFlowLambda" name="validatePyramidSchemeCell" time="5.087"/>
  <system-out/>
  <testcase classname="testModules.home.fullFlowLambda" name="validateShoppingSection" time="4.898"/>
  <system-out/>
  <testcase classname="testModules.home.fullFlowLambda" name="validateShoppingSection" time="9.326"/>
  <system-out/>
  <testcase classname="testModules.home.fullFlowLambda" name="validateOnTheNewsSection" time="21.869"/>
  <system-out/>
  <testcase classname="testModules.home.fullFlowLambda" name="validateOnTheNewsSection" time="26.352"/>
  <system-out/>
  <testcase classname="testModules.home.fullFlowLambda" name="moveToNewsTab" time="7.787"/>
  <system-out/>
  <testcase classname="testModules.home.fullFlowLambda" name="moveToNewsTab" time="7.696"/>
  <system-out/>
  <testcase classname="testModules.home.fullFlowLambda" name="testNewsHeader" time="3.122"/>
  <system-out/>
  <testcase classname="testModules.home.fullFlowLambda" name="testNewsHeader" time="3.144"/>
  <system-out/>
  <testcase classname="testModules.home.fullFlowLambda" name="tapOnNewssplash" time="9.123"/>
  <system-out/>
  <testcase classname="testModules.home.fullFlowLambda" name="tapOnNewssplash" time="8.669"/>
  <system-out/>
  <testcase classname="testModules.home.fullFlowLambda" name="testShoppingTab" time="4.053"/>
  <system-out/>
  <testcase classname="testModules.home.fullFlowLambda" name="testShoppingTab" time="3.907"/>
  <system-out/>
  <testcase classname="testModules.home.fullFlowLambda" name="testShoppingHeaderIsPresent" time="8.766"/>
  <system-out/>
  <testcase classname="testModules.home.fullFlowLambda" name="testShoppingHeaderIsPresent" time="7.470"/>
  <system-out/>
  <testcase classname="testModules.home.fullFlowLambda" name="testBeautyCategory" time="7.345"/>
  <system-out/>
  <testcase classname="testModules.home.fullFlowLambda" name="testBeautyCategory" time="7.354"/>
  <system-out/>
  <testcase classname="testModules.home.fullFlowLambda" name="testFashionCategory" time="7.583"/>
  <system-out/>
  <testcase classname="testModules.home.fullFlowLambda" name="testFashionCategory" time="7.718"/>
  <system-out/>
  <testcase classname="testModules.home.fullFlowLambda" name="testHomeCategory" time="7.640"/>
  <system-out/>
  <testcase classname="testModules.home.fullFlowLambda" name="testHomeCategory" time="8.177"/>
  <system-out/>
  <testcase classname="testModules.home.fullFlowLambda" name="testKidsCategory" time="7.514"/>
  <system-out/>
  <testcase classname="testModules.home.fullFlowLambda" name="testKidsCategory" time="7.697"/>
  <system-out/>
  <testcase classname="testModules.home.fullFlowLambda" name="testPetsCategory" time="7.686"/>
  <system-out/>
  <testcase classname="testModules.home.fullFlowLambda" name="testPetsCategory" time="8.944"/>
  <system-out/>
  <testcase classname="testModules.home.fullFlowLambda" name="testSexToysCategory" time="11.591"/>
  <system-out/>
  <testcase classname="testModules.home.fullFlowLambda" name="testSexToysCategory" time="13.154"/>
  <system-out/>
  <testcase classname="testModules.home.fullFlowLambda" name="testMore" time="11.783"/>
  <system-out/>
  <testcase classname="testModules.home.fullFlowLambda" name="testMore" time="10.725"/>
  <system-out/>
  <testcase classname="testModules.home.fullFlowLambda" name="validateBeautyAndCareMenu" time="7.461"/>
  <system-out/>
  <testcase classname="testModules.home.fullFlowLambda" name="validateBeautyAndCareMenu" time="7.490"/>
  <system-out/>
  <testcase classname="testModules.home.fullFlowLambda" name="validateShopAllBeautyAndPersonalCareSubMenu" time="8.489"/>
  <system-out/>
  <testcase classname="testModules.home.fullFlowLambda" name="validateShopAllBeautyAndPersonalCareSubMenu" time="8.667"/>
  <system-out/>
  <testcase classname="testModules.home.fullFlowLambda" name="validateHairSubMenu" time="7.532"/>
  <system-out/>
  <testcase classname="testModules.home.fullFlowLambda" name="validateHairSubMenu" time="8.908"/>
  <system-out/>
  <testcase classname="testModules.home.fullFlowLambda" name="validateSMakeUpSubMenu" time="10.851"/>
  <system-out/>
  <testcase classname="testModules.home.fullFlowLambda" name="validateSMakeUpSubMenu" time="10.845"/>
  <system-out/>
  <testcase classname="testModules.home.fullFlowLambda" name="validateOutDoorProductsSubMenu" time="8.558"/>
  <system-out/>
  <testcase classname="testModules.home.fullFlowLambda" name="validateOutDoorProductsSubMenu" time="8.366"/>
  <system-out/>
  <testcase classname="testModules.home.fullFlowLambda" name="validatePersonalToolsSubMenu" time="8.851"/>
  <system-out/>
  <testcase classname="testModules.home.fullFlowLambda" name="validatePersonalToolsSubMenu" time="7.497"/>
  <system-out/>
  <testcase classname="testModules.home.fullFlowLambda" name="validateSkinCareSubMenu" time="5.350"/>
  <system-out/>
  <testcase classname="testModules.home.fullFlowLambda" name="validateSkinCareSubMenu" time="5.354"/>
  <system-out/>
  <testcase classname="testModules.home.fullFlowLambda" name="validateAcneSolutionsSubMenu" time="7.504"/>
  <system-out/>
  <testcase classname="testModules.home.fullFlowLambda" name="validateAcneSolutionsSubMenu" time="7.814"/>
  <system-out/>
  <testcase classname="testModules.home.fullFlowLambda" name="validateBodySubMenu" time="7.493"/>
  <system-out/>
  <testcase classname="testModules.home.fullFlowLambda" name="validateBodySubMenu" time="7.421"/>
  <system-out/>
  <testcase classname="testModules.home.fullFlowLambda" name="validateFaceSubMenu" time="10.649"/>
  <system-out/>
  <testcase classname="testModules.home.fullFlowLambda" name="validateFaceSubMenu" time="9.901"/>
  <system-out/>
  <testcase classname="testModules.home.fullFlowLambda" name="validateFashionMenu" time="6.624"/>
  <system-out/>
  <testcase classname="testModules.home.fullFlowLambda" name="validateFashionMenu" time="6.849"/>
  <system-out/>
  <testcase classname="testModules.home.fullFlowLambda" name="validateShopAllFashionSubMenu" time="7.600"/>
  <system-out/>
  <testcase classname="testModules.home.fullFlowLambda" name="validateShopAllFashionSubMenu" time="7.744"/>
  <system-out/>
  <testcase classname="testModules.home.fullFlowLambda" name="validateFashionAccesoriesSubMenu" time="7.112"/>
  <system-out/>
  <testcase classname="testModules.home.fullFlowLambda" name="validateFashionAccesoriesSubMenu" time="6.362"/>
  <system-out/>
  <testcase classname="testModules.home.fullFlowLambda" name="validateBagsSubMenu" time="7.602"/>
  <system-out/>
  <testcase classname="testModules.home.fullFlowLambda" name="validateBagsSubMenu" time="7.977"/>
  <system-out/>
  <testcase classname="testModules.home.fullFlowLambda" name="validateColdWeatherSubMenu" time="7.488"/>
  <system-out/>
  <testcase classname="testModules.home.fullFlowLambda" name="validateColdWeatherSubMenu" time="7.719"/>
  <system-out/>
  <testcase classname="testModules.home.fullFlowLambda" name="validateGlassesAndSunglassesSubMenu" time="7.404"/>
  <system-out/>
  <testcase classname="testModules.home.fullFlowLambda" name="validateGlassesAndSunglassesSubMenu" time="8.768"/>
  <system-out/>
  <testcase classname="testModules.home.fullFlowLambda" name="validateJewerlySubMenu" time="7.903"/>
  <system-out/>
  <testcase classname="testModules.home.fullFlowLambda" name="validateJewerlySubMenu" time="7.756"/>
  <system-out/>
  <testcase classname="testModules.home.fullFlowLambda" name="validateDressesSubMenu" time="7.471"/>
  <system-out/>
  <testcase classname="testModules.home.fullFlowLambda" name="validateDressesSubMenu" time="8.647"/>
  <system-out/>
  <testcase classname="testModules.home.fullFlowLambda" name="validateFootwareSubMenu" time="5.485"/>
  <system-out/>
  <testcase classname="testModules.home.fullFlowLambda" name="validateFootwareSubMenu" time="5.683"/>
  <system-out/>
  <testcase classname="testModules.home.fullFlowLambda" name="validateBootsSubMenu" time="7.908"/>
  <system-out/>
  <testcase classname="testModules.home.fullFlowLambda" name="validateBootsSubMenu" time="8.866"/>
  <system-out/>
  <testcase classname="testModules.home.fullFlowLambda" name="validateDressSubMenu" time="7.584"/>
  <system-out/>
  <testcase classname="testModules.home.fullFlowLambda" name="validateDressSubMenu" time="9.491"/>
  <system-out/>
  <testcase classname="testModules.home.fullFlowLambda" name="validateFlatsSubMenu" time="7.541"/>
  <system-out/>
  <testcase classname="testModules.home.fullFlowLambda" name="validateFlatsSubMenu" time="7.802"/>
  <system-out/>
  <testcase classname="testModules.home.fullFlowLambda" name="validateHeelsSubMenu" time="8.505"/>
  <system-out/>
  <testcase classname="testModules.home.fullFlowLambda" name="validateHeelsSubMenu" time="7.436"/>
  <system-out/>
  <testcase classname="testModules.home.fullFlowLambda" name="validateOutDoorSubMenu" time="9.069"/>
  <system-out/>
  <testcase classname="testModules.home.fullFlowLambda" name="validateOutDoorSubMenu" time="8.074"/>
  <system-out/>
  <testcase classname="testModules.home.fullFlowLambda" name="validateSandalsSubMenu" time="7.495"/>
  <system-out/>
  <testcase classname="testModules.home.fullFlowLambda" name="validateSandalsSubMenu" time="7.744"/>
  <system-out/>
  <testcase classname="testModules.home.fullFlowLambda" name="validateSneakersSubMenu" time="8.930"/>
  <system-out/>
  <testcase classname="testModules.home.fullFlowLambda" name="validateSneakersSubMenu" time="9.383"/>
  <system-out/>
  <testcase classname="testModules.home.fullFlowLambda" name="validateFormalWareSubMenu" time="8.134"/>
  <system-out/>
  <testcase classname="testModules.home.fullFlowLambda" name="validateFormalWareSubMenu" time="7.687"/>
  <system-out/>
  <testcase classname="testModules.home.fullFlowLambda" name="validateJacketsSubMenu" time="7.749"/>
  <system-out/>
  <testcase classname="testModules.home.fullFlowLambda" name="validateJacketsSubMenu" time="7.592"/>
  <system-out/>
  <testcase classname="testModules.home.fullFlowLambda" name="validateJeansSubMenu" time="7.905"/>
  <system-out/>
  <testcase classname="testModules.home.fullFlowLambda" name="validateJeansSubMenu" time="7.981"/>
  <system-out/>
  <testcase classname="testModules.home.fullFlowLambda" name="validateLoungeWareSubMenu" time="8.087"/>
  <system-out/>
  <testcase classname="testModules.home.fullFlowLambda" name="validateLoungeWareSubMenu" time="7.590"/>
  <system-out/>
  <testcase classname="testModules.home.fullFlowLambda" name="validatePantsSubMenu" time="7.920"/>
  <system-out/>
  <testcase classname="testModules.home.fullFlowLambda" name="validatePantsSubMenu" time="7.442"/>
  <system-out/>
  <testcase classname="testModules.home.fullFlowLambda" name="validateSweatersSubMenu" time="7.495"/>
  <system-out/>
  <testcase classname="testModules.home.fullFlowLambda" name="validateSweatersSubMenu" time="9.231"/>
  <system-out/>
  <testcase classname="testModules.home.fullFlowLambda" name="validateSwimsuitsSubMenu" time="7.598"/>
  <system-out/>
  <testcase classname="testModules.home.fullFlowLambda" name="validateSwimsuitsSubMenu" time="7.974"/>
  <system-out/>
  <testcase classname="testModules.home.fullFlowLambda" name="validateTopsSubMenu" time="8.821"/>
  <system-out/>
  <testcase classname="testModules.home.fullFlowLambda" name="validateTopsSubMenu" time="7.552"/>
  <system-out/>
  <testcase classname="testModules.home.fullFlowLambda" name="validateUnderwareSubMenu" time="11.236"/>
  <system-out/>
  <testcase classname="testModules.home.fullFlowLambda" name="validateUnderwareSubMenu" time="9.383"/>
  <system-out/>
  <testcase classname="testModules.home.fullFlowLambda" name="validateHomeMenu" time="5.496"/>
  <system-out/>
  <testcase classname="testModules.home.fullFlowLambda" name="validateHomeMenu" time="5.493"/>
  <system-out/>
  <testcase classname="testModules.home.fullFlowLambda" name="validateBathroomSubMenu" time="7.611"/>
  <system-out/>
  <testcase classname="testModules.home.fullFlowLambda" name="validateBathroomSubMenu" time="8.740"/>
  <system-out/>
  <testcase classname="testModules.home.fullFlowLambda" name="validateBeddingAndMatressSubMenu" time="7.818"/>
  <system-out/>
  <testcase classname="testModules.home.fullFlowLambda" name="validateBeddingAndMatressSubMenu" time="8.963"/>
  <system-out/>
  <testcase classname="testModules.home.fullFlowLambda" name="validateCleaningSubMenu" time="7.605"/>
  <system-out/>
  <testcase classname="testModules.home.fullFlowLambda" name="validateCleaningSubMenu" time="7.543"/>
  <system-out/>
  <testcase classname="testModules.home.fullFlowLambda" name="validateKitchenSubMenu" time="7.717"/>
  <system-out/>
  <testcase classname="testModules.home.fullFlowLambda" name="validateKitchenSubMenu" time="6.483"/>
  <system-out/>
  <testcase classname="testModules.home.fullFlowLambda" name="validateAppliancesSubMenu" time="8.440"/>
  <system-out/>
  <testcase classname="testModules.home.fullFlowLambda" name="validateAppliancesSubMenu" time="8.370"/>
  <system-out/>
  <testcase classname="testModules.home.fullFlowLambda" name="validatToolsSubMenu" time="9.389"/>
  <system-out/>
  <testcase classname="testModules.home.fullFlowLambda" name="validatToolsSubMenu" time="9.026"/>
  <system-out/>
  <testcase classname="testModules.home.fullFlowLambda" name="validateDecorSubMenu" time="9.556"/>
  <system-out/>
  <testcase classname="testModules.home.fullFlowLambda" name="validateDecorSubMenu" time="9.996"/>
  <system-out/>
  <testcase classname="testModules.home.fullFlowLambda" name="validateFurnitureSubMenu" time="7.122"/>
  <system-out/>
  <testcase classname="testModules.home.fullFlowLambda" name="validateFurnitureSubMenu" time="6.392"/>
  <system-out/>
  <testcase classname="testModules.home.fullFlowLambda" name="validateBedroomSubMenu" time="7.434"/>
  <system-out/>
  <testcase classname="testModules.home.fullFlowLambda" name="validateBedroomSubMenu" time="7.135"/>
  <system-out/>
  <testcase classname="testModules.home.fullFlowLambda" name="validateKidsRoomSubMenu" time="7.605"/>
  <system-out/>
  <testcase classname="testModules.home.fullFlowLambda" name="validateKidsRoomSubMenu" time="8.109"/>
  <system-out/>
  <testcase classname="testModules.home.fullFlowLambda" name="validateKitchenRoomSubMenu" time="7.435"/>
  <system-out/>
  <testcase classname="testModules.home.fullFlowLambda" name="validateKitchenRoomSubMenu" time="7.177"/>
  <system-out/>
  <testcase classname="testModules.home.fullFlowLambda" name="validateLivingRoomSubMenu" time="8.640"/>
  <system-out/>
  <testcase classname="testModules.home.fullFlowLambda" name="validateLivingRoomSubMenu" time="7.685"/>
  <system-out/>
  <testcase classname="testModules.home.fullFlowLambda" name="validateSecondOfficeSubMenu" time="8.713"/>
  <system-out/>
  <testcase classname="testModules.home.fullFlowLambda" name="validateSecondOfficeSubMenu" time="9.804"/>
  <system-out/>
  <testcase classname="testModules.home.fullFlowLambda" name="validateOfficeSubMenu" time="7.683"/>
  <system-out/>
  <testcase classname="testModules.home.fullFlowLambda" name="validateOfficeSubMenu" time="7.606"/>
  <system-out/>
  <testcase classname="testModules.home.fullFlowLambda" name="validateOrganizationSubMenu" time="8.231"/>
  <system-out/>
  <testcase classname="testModules.home.fullFlowLambda" name="validateOrganizationSubMenu" time="7.795"/>
  <system-out/>
  <testcase classname="testModules.home.fullFlowLambda" name="validateOutdoorSubMenu" time="7.865"/>
  <system-out/>
  <testcase classname="testModules.home.fullFlowLambda" name="validateOutdoorSubMenu" time="6.393"/>
  <system-out/>
  <testcase classname="testModules.home.fullFlowLambda" name="validateBackyardSubMenu" time="7.681"/>
  <system-out/>
  <testcase classname="testModules.home.fullFlowLambda" name="validateBackyardSubMenu" time="7.413"/>
  <system-out/>
  <testcase classname="testModules.home.fullFlowLambda" name="validateGardenSubMenu" time="7.499"/>
  <system-out/>
  <testcase classname="testModules.home.fullFlowLambda" name="validateGardenSubMenu" time="9.526"/>
  <system-out/>
  <testcase classname="testModules.home.fullFlowLambda" name="validateRecreationSubMenu" time="11.434"/>
  <system-out/>
  <testcase classname="testModules.home.fullFlowLambda" name="validateRecreationSubMenu" time="9.866"/>
  <system-out/>
  <testcase classname="testModules.home.fullFlowLambda" name="validateKidsMenu" time="7.791"/>
  <system-out/>
  <testcase classname="testModules.home.fullFlowLambda" name="validateKidsMenu" time="7.452"/>
  <system-out/>
  <testcase classname="testModules.home.fullFlowLambda" name="validatePetsMenu" time="8.063"/>
  <system-out/>
  <testcase classname="testModules.home.fullFlowLambda" name="validatePetsMenu" time="7.625"/>
  <system-out/>
  <testcase classname="testModules.home.fullFlowLambda" name="validateSexToysMenu" time="7.919"/>
  <system-out/>
  <testcase classname="testModules.home.fullFlowLambda" name="validateSexToysMenu" time="9.338"/>
  <system-out/>
  <testcase classname="testModules.home.fullFlowLambda" name="validateSportsAndFitnessMenu" time="5.456"/>
  <system-out/>
  <testcase classname="testModules.home.fullFlowLambda" name="validateSportsAndFitnessMenu" time="5.480"/>
  <system-out/>
  <testcase classname="testModules.home.fullFlowLambda" name="validateShopAllSportsAndFitnessMenu" time="7.491"/>
  <system-out/>
  <testcase classname="testModules.home.fullFlowLambda" name="validateShopAllSportsAndFitnessMenu" time="8.277"/>
  <system-out/>
  <testcase classname="testModules.home.fullFlowLambda" name="validateFitnessAccesoriesMenu" time="7.394"/>
  <system-out/>
  <testcase classname="testModules.home.fullFlowLambda" name="validateFitnessAccesoriesMenu" time="7.613"/>
  <system-out/>
  <testcase classname="testModules.home.fullFlowLambda" name="validateMachineryMenu" time="7.525"/>
  <system-out/>
  <testcase classname="testModules.home.fullFlowLambda" name="validateMachineryMenu" time="7.780"/>
  <system-out/>
  <testcase classname="testModules.home.fullFlowLambda" name="validatePersonalCareMenu" time="8.536"/>
  <system-out/>
  <testcase classname="testModules.home.fullFlowLambda" name="validatePersonalCareMenu" time="8.843"/>
  <system-out/>
  <testcase classname="testModules.home.fullFlowLambda" name="validateStoresMenu" time="5.404"/>
  <system-out/>
  <testcase classname="testModules.home.fullFlowLambda" name="validateStoresMenu" time="5.280"/>
  <system-out/>
  <testcase classname="testModules.home.fullFlowLambda" name="validateShopAllStoresMenu" time="9.887"/>
  <system-out/>
  <testcase classname="testModules.home.fullFlowLambda" name="validateShopAllStoresMenu" time="9.768"/>
  <system-out/>
  <testcase classname="testModules.home.fullFlowLambda" name="validateAmazonMenu" time="7.608"/>
  <system-out/>
  <testcase classname="testModules.home.fullFlowLambda" name="validateAmazonMenu" time="7.315"/>
  <system-out/>
  <testcase classname="testModules.home.fullFlowLambda" name="validateEtsyMenu" time="7.507"/>
  <system-out/>
  <testcase classname="testModules.home.fullFlowLambda" name="validateEtsyMenu" time="7.736"/>
  <system-out/>
  <testcase classname="testModules.home.fullFlowLambda" name="validateNordstromMenu" time="7.632"/>
  <system-out/>
  <testcase classname="testModules.home.fullFlowLambda" name="validateNordstromMenu" time="7.577"/>
  <system-out/>
  <testcase classname="testModules.home.fullFlowLambda" name="validateSephoraMenu" time="7.645"/>
  <system-out/>
  <testcase classname="testModules.home.fullFlowLambda" name="validateSephoraMenu" time="8.805"/>
  <system-out/>
  <testcase classname="testModules.home.fullFlowLambda" name="validateShopSmallMenu" time="9.400"/>
  <system-out/>
  <testcase classname="testModules.home.fullFlowLambda" name="validateShopSmallMenu" time="7.827"/>
  <system-out/>
  <testcase classname="testModules.home.fullFlowLambda" name="validateTargetMenu" time="7.463"/>
  <system-out/>
  <testcase classname="testModules.home.fullFlowLambda" name="validateTargetMenu" time="7.554"/>
  <system-out/>
  <testcase classname="testModules.home.fullFlowLambda" name="validateWalmartMenu" time="10.653"/>
  <system-out/>
  <testcase classname="testModules.home.fullFlowLambda" name="validateWalmartMenu" time="9.499"/>
  <system-out/>
  <testcase classname="testModules.home.fullFlowLambda" name="validateWayfairMenu" time="10.466"/>
  <system-out/>
  <testcase classname="testModules.home.fullFlowLambda" name="validateWayfairMenu" time="10.517"/>
  <system-out/>
  <testcase classname="testModules.home.fullFlowLambda" name="validateSubscriptionsMenu" time="9.602"/>
  <system-out/>
  <testcase classname="testModules.home.fullFlowLambda" name="validateSubscriptionsMenu" time="10.671"/>
  <system-out/>
  <testcase classname="testModules.home.fullFlowLambda" name="validateTechMenu" time="6.474"/>
  <system-out/>
  <testcase classname="testModules.home.fullFlowLambda" name="validateTechMenu" time="6.693"/>
  <system-out/>
  <testcase classname="testModules.home.fullFlowLambda" name="validateShopAllTechMenu" time="10.753"/>
  <system-out/>
  <testcase classname="testModules.home.fullFlowLambda" name="validateShopAllTechMenu" time="9.653"/>
  <system-out/>
  <testcase classname="testModules.home.fullFlowLambda" name="validateTechAccessoriesMenu" time="10.715"/>
  <system-out/>
  <testcase classname="testModules.home.fullFlowLambda" name="validateTechAccessoriesMenu" time="9.558"/>
  <system-out/>
  <testcase classname="testModules.home.fullFlowLambda" name="validateGadgetsMenu" time="10.508"/>
  <system-out/>
  <testcase classname="testModules.home.fullFlowLambda" name="validateGadgetsMenu" time="9.485"/>
  <system-out/>
  <testcase classname="testModules.home.fullFlowLambda" name="validateHomeElectronicsMenu" time="16.767"/>
  <system-out/>
  <testcase classname="testModules.home.fullFlowLambda" name="validateHomeElectronicsMenu" time="16.627"/>
  <system-out/>
  <testcase classname="testModules.home.fullFlowLambda" name="validateFeatureStoriesTitle" time="0.856"/>
  <system-out/>
  <testcase classname="testModules.home.fullFlowLambda" name="validateFeatureStoriesTitle" time="0.953"/>
  <system-out/>
  <testcase classname="testModules.home.fullFlowLambda" name="validateFeatureStoriesDisplays" time="8.956"/>
  <system-out/>
  <testcase classname="testModules.home.fullFlowLambda" name="validateFeatureStoriesDisplays" time="8.971"/>
  <system-out/>
  <testcase classname="testModules.home.fullFlowLambda" name="tapQuizzesTab" time="1.191"/>
  <system-out/>
  <testcase classname="testModules.home.fullFlowLambda" name="tapQuizzesTab" time="1.479"/>
  <system-out/>
  <testcase classname="testModules.home.fullFlowLambda" name="verifyQuizzesHeaderIsPresent" time="2.830"/>
  <system-out/>
  <testcase classname="testModules.home.fullFlowLambda" name="verifyQuizzesHeaderIsPresent" time="2.823"/>
  <system-out/>
  <testcase classname="testModules.home.fullFlowLambda" name="tapQuizSplash" time="6.860"/>
  <system-out/>
  <testcase classname="testModules.home.fullFlowLambda" name="tapQuizSplash" time="5.960"/>
  <system-out/>
  <testcase classname="testModules.home.fullFlowLambda" name="tapOnTrending" time="6.608"/>
  <system-out/>
  <testcase classname="testModules.home.fullFlowLambda" name="tapOnTrending" time="6.689"/>
  <system-out/>
  <testcase classname="testModules.home.fullFlowLambda" name="tapOnTrivia" time="5.027"/>
  <system-out/>
  <testcase classname="testModules.home.fullFlowLambda" name="tapOnTrivia" time="4.697"/>
  <system-out/>
  <testcase classname="testModules.home.fullFlowLambda" name="tapOnCanWeGuess" time="7.200"/>
  <system-out/>
  <testcase classname="testModules.home.fullFlowLambda" name="tapOnCanWeGuess" time="6.535"/>
  <system-out/>
  <testcase classname="testModules.home.fullFlowLambda" name="tapOnMore" time="1.139"/>
  <system-out/>
  <testcase classname="testModules.home.fullFlowLambda" name="tapOnMore" time="1.330"/>
  <system-out/>
  <testcase classname="testModules.home.fullFlowLambda" name="tapOnDisney" time="15.422"/>
  <system-out/>
  <testcase classname="testModules.home.fullFlowLambda" name="tapOnDisney" time="13.643"/>
  <system-out/>
  <testcase classname="testModules.home.fullFlowLambda" name="tapOnFood" time="17.185"/>
  <system-out/>
  <testcase classname="testModules.home.fullFlowLambda" name="tapOnFood" time="15.196"/>
  <system-out/>
  <testcase classname="testModules.home.fullFlowLambda" name="tapOnWhoAreYou" time="13.842"/>
  <system-out/>
  <testcase classname="testModules.home.fullFlowLambda" name="tapOnWhoAreYou" time="16.040"/>
  <system-out/>
  <testcase classname="testModules.home.fullFlowLambda" name="tapOnLove" time="15.670"/>
  <system-out/>
  <testcase classname="testModules.home.fullFlowLambda" name="tapOnLove" time="14.687"/>
  <system-out/>
  <testcase classname="testModules.home.fullFlowLambda" name="tapOnTaylorSwift" time="14.566"/>
  <system-out/>
  <testcase classname="testModules.home.fullFlowLambda" name="tapOnTaylorSwift" time="14.898"/>
  <system-out/>
  <testcase classname="testModules.home.fullFlowLambda" name="tapOnMarvel" time="14.135"/>
  <system-out/>
  <testcase classname="testModules.home.fullFlowLambda" name="tapOnMarvel" time="14.336"/>
  <system-out/>
  <testcase classname="testModules.home.fullFlowLambda" name="tapOnZodiac" time="13.558"/>
  <system-out/>
  <testcase classname="testModules.home.fullFlowLambda" name="tapOnZodiac" time="14.866"/>
  <system-out/>
  <testcase classname="testModules.home.fullFlowLambda" name="tapOnHarryPotter" time="15.035"/>
  <system-out/>
  <testcase classname="testModules.home.fullFlowLambda" name="tapOnHarryPotter" time="15.395"/>
  <system-out/>
  <testcase classname="testModules.home.fullFlowLambda" name="tapOnAnime" time="13.957"/>
  <system-out/>
  <testcase classname="testModules.home.fullFlowLambda" name="tapOnAnime" time="13.752"/>
  <system-out/>
  <testcase classname="testModules.home.fullFlowLambda" name="tapOnKPop" time="15.637"/>
  <system-out/>
  <testcase classname="testModules.home.fullFlowLambda" name="tapOnKPop" time="14.971"/>
  <system-out/>
  <testcase classname="testModules.home.fullFlowLambda" name="tapOnGeography" time="14.879"/>
  <system-out/>
  <testcase classname="testModules.home.fullFlowLambda" name="tapOnGeography" time="14.174"/>
  <system-out/>
  <testcase classname="testModules.home.fullFlowLambda" name="tapOnChecklist" time="19.018"/>
  <system-out/>
  <testcase classname="testModules.home.fullFlowLambda" name="tapOnChecklist" time="17.405"/>
  <system-out/>
  <testcase classname="testModules.home.fullFlowLambda" name="isGamesLblDisplayed" time="8.249"/>
  <system-out/>
  <testcase classname="testModules.home.fullFlowLambda" name="isGamesLblDisplayed" time="8.463"/>
  <system-out/>
  <testcase classname="testModules.home.fullFlowLambda" name="arePyramidSchemeElementsDisplayed" time="3.085"/>
  <system-out/>
  <testcase classname="testModules.home.fullFlowLambda" name="arePyramidSchemeElementsDisplayed" time="3.603"/>
  <system-out/>
  <testcase classname="testModules.home.fullFlowLambda" name="validateMakeYours" time="17.081"/>
  <system-out/>
  <testcase classname="testModules.home.fullFlowLambda" name="validateMakeYours" time="17.803"/>
  <system-out/>
  <testcase classname="testModules.home.fullFlowLambda" name="validateWhealOfFortune" time="8.296"/>
  <system-out/>
  <testcase classname="testModules.home.fullFlowLambda" name="validateWhealOfFortune" time="7.804"/>
  <system-out/>
  <testcase classname="testModules.home.fullFlowLambda" name="validateMoreFunStuff" time="9.729"/>
  <system-out/>
  <testcase classname="testModules.home.fullFlowLambda" name="validateMoreFunStuff" time="9.326"/>
  <system-out/>
  <testcase classname="testModules.home.fullFlowLambda" name="tapMoreFunCarrouselItem" time="9.041"/>
  <system-out/>
  <testcase classname="testModules.home.fullFlowLambda" name="tapMoreFunCarrouselItem" time="8.282"/>
  <system-out/>
  <testcase classname="testModules.home.fullFlowLambda" name="testAustraliaEditionIsPresent" time="6.203"/>
  <system-out/>
  <testcase classname="testModules.home.fullFlowLambda" name="testAustraliaEditionIsPresent" time="6.096"/>
  <system-out/>
  <testcase classname="testModules.home.fullFlowLambda" name="testLatestSubTab" time="0.000"/>
  <system-out/>
  <testcase classname="testModules.home.fullFlowLambda" name="testLatestSubTab" time="0.000"/>
  <system-out/>
  <testcase classname="testModules.home.fullFlowLambda" name="testTrendingSubTab" time="7.474"/>
  <system-out/>
  <testcase classname="testModules.home.fullFlowLambda" name="testTrendingSubTab" time="9.261"/>
  <system-out/>
  <testcase classname="testModules.home.fullFlowLambda" name="testFunnyTweetsSubTab" time="5.662"/>
  <system-out/>
  <testcase classname="testModules.home.fullFlowLambda" name="testFunnyTweetsSubTab" time="7.035"/>
  <system-out/>
  <testcase classname="testModules.home.fullFlowLambda" name="testGamesSubTab" time="4.078"/>
  <system-out/>
  <testcase classname="testModules.home.fullFlowLambda" name="testGamesSubTab" time="3.620"/>
  <system-out/>
  <testcase classname="testModules.home.fullFlowLambda" name="testLatestsSubTab" time="5.111"/>
  <system-out/>
  <testcase classname="testModules.home.fullFlowLambda" name="testLatestsSubTab" time="5.132"/>
  <system-out/>
  <testcase classname="testModules.home.fullFlowLambda" name="testRandomSubTab" time="2.001"/>
  <system-out/>
  <testcase classname="testModules.home.fullFlowLambda" name="testRandomSubTab" time="2.000"/>
  <system-out/>
  <testcase classname="testModules.home.fullFlowLambda" name="testGossipSubTab" time="4.328"/>
  <system-out/>
  <testcase classname="testModules.home.fullFlowLambda" name="testGossipSubTab" time="4.776"/>
  <system-out/>
  <testcase classname="testModules.home.fullFlowLambda" name="testGayStuffpSubTab" time="9.702"/>
  <system-out/>
  <testcase classname="testModules.home.fullFlowLambda" name="testGayStuffpSubTab" time="10.349"/>
  <system-out/>
  <testcase classname="testModules.home.fullFlowLambda" name="tapOnMore1" time="5.561"/>
  <system-out/>
  <testcase classname="testModules.home.fullFlowLambda" name="tapOnMore1" time="5.210"/>
  <system-out/>
  <testcase classname="testModules.home.fullFlowLambda" name="testEntertainmentSubTab" time="9.981"/>
  <system-out/>
  <testcase classname="testModules.home.fullFlowLambda" name="testEntertainmentSubTab" time="9.594"/>
  <system-out/>
  <testcase classname="testModules.home.fullFlowLambda" name="testAnimalsSubTab" time="6.801"/>
  <system-out/>
  <testcase classname="testModules.home.fullFlowLambda" name="testAnimalsSubTab" time="6.882"/>
  <system-out/>
  <testcase classname="testModules.home.fullFlowLambda" name="testBooksSubTab" time="8.544"/>
  <system-out/>
  <testcase classname="testModules.home.fullFlowLambda" name="testBooksSubTab" time="7.789"/>
  <system-out/>
  <testcase classname="testModules.home.fullFlowLambda" name="testFoodSubTab" time="8.989"/>
  <system-out/>
  <testcase classname="testModules.home.fullFlowLambda" name="testFoodSubTab" time="7.943"/>
  <system-out/>
  <testcase classname="testModules.home.fullFlowLambda" name="testCommunitySubTab" time="10.750"/>
  <system-out/>
  <testcase classname="testModules.home.fullFlowLambda" name="testCommunitySubTab" time="10.995"/>
  <system-out/>
  <testcase classname="testModules.home.fullFlowLambda" name="testMusicSubTab" time="8.915"/>
  <system-out/>
  <testcase classname="testModules.home.fullFlowLambda" name="testMusicSubTab" time="8.488"/>
  <system-out/>
  <testcase classname="testModules.home.fullFlowLambda" name="testNiftySubTab" time="10.793"/>
  <system-out/>
  <testcase classname="testModules.home.fullFlowLambda" name="testNiftySubTab" time="10.878"/>
  <system-out/>
  <testcase classname="testModules.home.fullFlowLambda" name="testParentsSubTab" time="11.320"/>
  <system-out/>
  <testcase classname="testModules.home.fullFlowLambda" name="testParentsSubTab" time="10.921"/>
  <system-out/>
  <testcase classname="testModules.home.fullFlowLambda" name="testRewindSubTab" time="10.944"/>
  <system-out/>
  <testcase classname="testModules.home.fullFlowLambda" name="testRewindSubTab" time="11.340"/>
  <system-out/>
  <testcase classname="testModules.home.fullFlowLambda" name="testStyleSubTab" time="12.843"/>
  <system-out/>
  <testcase classname="testModules.home.fullFlowLambda" name="testStyleSubTab" time="12.660"/>
  <system-out/>
  <testcase classname="testModules.home.fullFlowLambda" name="testTravelHomeSubTab" time="13.411"/>
  <system-out/>
  <testcase classname="testModules.home.fullFlowLambda" name="testTravelHomeSubTab" time="12.434"/>
  <system-out/>
  <testcase classname="testModules.home.fullFlowLambda" name="testTravelSubTab" time="2.783"/>
  <system-out/>
  <testcase classname="testModules.home.fullFlowLambda" name="testTravelSubTab" time="3.326"/>
  <system-out/>
  <testcase classname="testModules.home.fullFlowLambda" name="testGoingNewsTab" time="4.227"/>
  <system-out/>
  <testcase classname="testModules.home.fullFlowLambda" name="testGoingNewsTab" time="4.508"/>
  <system-out/>
  <testcase classname="testModules.home.fullFlowLambda" name="testGoingShoppingTab" time="10.279"/>
  <system-out/>
  <testcase classname="testModules.home.fullFlowLambda" name="testGoingShoppingTab" time="11.105"/>
  <system-out/>
  <testcase classname="testModules.home.fullFlowLambda" name="testGoingToQuizzesTab" time="5.075"/>
  <system-out/>
  <testcase classname="testModules.home.fullFlowLambda" name="testGoingToQuizzesTab" time="4.363"/>
  <system-out/>
  <testcase classname="testModules.home.fullFlowLambda" name="testTapOnTrendingCategory" time="8.574"/>
  <system-out/>
  <testcase classname="testModules.home.fullFlowLambda" name="testTapOnTrendingCategory" time="8.718"/>
  <system-out/>
  <testcase classname="testModules.home.fullFlowLambda" name="testTapOnTriviaCategory" time="8.512"/>
  <system-out/>
  <testcase classname="testModules.home.fullFlowLambda" name="testTapOnTriviaCategory" time="9.792"/>
  <system-out/>
  <testcase classname="testModules.home.fullFlowLambda" name="testCanWeGuess" time="8.841"/>
  <system-out/>
  <testcase classname="testModules.home.fullFlowLambda" name="testCanWeGuess" time="9.934"/>
  <system-out/>
  <testcase classname="testModules.home.fullFlowLambda" name="testOnMore" time="4.509"/>
  <system-out/>
  <testcase classname="testModules.home.fullFlowLambda" name="testOnMore" time="4.353"/>
  <system-out/>
  <testcase classname="testModules.home.fullFlowLambda" name="testTapOnTaylorSwift" time="9.179"/>
  <system-out/>
  <testcase classname="testModules.home.fullFlowLambda" name="testTapOnTaylorSwift" time="8.919"/>
  <system-out/>
  <testcase classname="testModules.home.fullFlowLambda" name="testTapOnMarvel" time="8.538"/>
  <system-out/>
  <testcase classname="testModules.home.fullFlowLambda" name="testTapOnMarvel" time="8.982"/>
  <system-out/>
  <testcase classname="testModules.home.fullFlowLambda" name="testTapOnZodiac" time="8.874"/>
  <system-out/>
  <testcase classname="testModules.home.fullFlowLambda" name="testTapOnZodiac" time="8.541"/>
  <system-out/>
  <testcase classname="testModules.home.fullFlowLambda" name="testTapOnHarryPotter" time="8.786"/>
  <system-out/>
  <testcase classname="testModules.home.fullFlowLambda" name="testTapOnHarryPotter" time="8.937"/>
  <system-out/>
  <testcase classname="testModules.home.fullFlowLambda" name="testTapOnAnime" time="9.192"/>
  <system-out/>
  <testcase classname="testModules.home.fullFlowLambda" name="testTapOnAnime" time="8.880"/>
  <system-out/>
  <testcase classname="testModules.home.fullFlowLambda" name="testTapOnKPop" time="8.872"/>
  <system-out/>
  <testcase classname="testModules.home.fullFlowLambda" name="testTapOnKPop" time="8.478"/>
  <system-out/>
  <testcase classname="testModules.home.fullFlowLambda" name="testTapOnGeography" time="6.541"/>
  <system-out/>
  <testcase classname="testModules.home.fullFlowLambda" name="testTapOnGeography" time="7.318"/>
  <system-out/>
  <testcase classname="testModules.home.fullFlowLambda" name="testTapOnChecklist" time="9.191"/>
  <system-out/>
  <testcase classname="testModules.home.fullFlowLambda" name="testTapOnChecklist" time="8.726"/>
  <system-out/>
  <testcase classname="testModules.home.fullFlowLambda" name="tapGamesTab" time="5.806"/>
  <system-out/>
  <testcase classname="testModules.home.fullFlowLambda" name="tapGamesTab" time="4.100"/>
  <system-out/>
  <testcase classname="testModules.home.fullFlowLambda" name="testCanadaEditionIsPresent" time="11.983"/>
  <system-out/>
  <testcase classname="testModules.home.fullFlowLambda" name="testCanadaEditionIsPresent" time="10.339"/>
  <system-out/>
  <testcase classname="testModules.home.fullFlowLambda" name="validateSeeAllCanada" time="8.744"/>
  <system-out/>
  <testcase classname="testModules.home.fullFlowLambda" name="validateSeeAllCanada" time="8.817"/>
  <system-out/>
  <testcase classname="testModules.home.fullFlowLambda" name="validateTrendingTopicsCanada" time="8.252">
    <error message="An element could not be located on the page using the given search parameters.
For documentation on this error, please visit: https://www.selenium.dev/documentation/webdriver/troubleshooting/errors#no-such-element-exception
Build info: version: &#039;4.13.0&#039;, revision: &#039;ba948ece5b*&#039;
System info: os.name: &#039;Mac OS X&#039;, os.arch: &#039;x86_64&#039;, os.version: &#039;14.7.4&#039;, java.version: &#039;11.0.21&#039;
Driver info: io.appium.java_client.ios.IOSDriver
Command: [46cbc031-2c65-43f5-9635-2bbc755f2d89, findElement {using=xpath, value=//XCUIElementTypeApplication[@name=&quot;BuzzFeed ðŸž&quot;]/XCUIElementTypeWindow/XCUIElementTypeOther/XCUIElementTypeOther/XCUIElementTypeOther/XCUIElementTypeOther/XCUIElementTypeOther/XCUIElementTypeOther/XCUIElementTypeOther/XCUIElementTypeOther/XCUIElementTypeOther/XCUIElementTypeOther/XCUIElementTypeOther/XCUIElementTypeOther/XCUIElementTypeOther/XCUIElementTypeOther/XCUIElementTypeOther/XCUIElementTypeOther/XCUIElementTypeCollectionView/XCUIElementTypeCell[2]/XCUIElementTypeOther[2]/XCUIElementTypeOther/XCUIElementTypeOther/XCUIElementTypeOther[2]}]
Capabilities {appium:autoAcceptAlerts: true, appium:automationName: XCuiTest, appium:bundleID: com.buzzfeed.buzzfeed-alpha, appium:bundleId: com.buzzfeed.buzzfeed-alpha, appium:databaseEnabled: false, appium:derivedDataPath: /Users/ltadmin/Documents/ap..., appium:deviceName: iPhone 15 Pro, appium:headless: false, appium:javascriptEnabled: true, appium:language: US, appium:locale: US, appium:locationContextEnabled: false, appium:maxTypingFrequency: 7, appium:mode: cloud, appium:nativeWebScreenshot: true, appium:networkConnectionEnabled: false, appium:newCommandTimeout: 0, appium:noReset: false, appium:orientation: PORTRAIT, appium:platformVersion: 17, appium:realDevice: true, appium:takesScreenshot: true, appium:udid: 00008130-000248123AC1001C, appium:uiautomator2ServerLaunchTimeout: 60000, appium:usePrebuiltWDA: true, appium:waitForQuiescence: false, appium:wdaLocalPort: 11014, appium:wdaRemotePort: 8100, appium:wdaStartupRetries: 3, appium:webStorageEnabled: false, appium:webkitResponseTimeout: 20000, platformName: IOS}
Session ID: 46cbc031-2c65-43f5-9635-2bbc755f2d89" type="org.openqa.selenium.NoSuchElementException">
      <![CDATA[org.openqa.selenium.NoSuchElementException: An element could not be located on the page using the given search parameters.
For documentation on this error, please visit: https://www.selenium.dev/documentation/webdriver/troubleshooting/errors#no-such-element-exception
Build info: version: '4.13.0', revision: 'ba948ece5b*'
System info: os.name: 'Mac OS X', os.arch: 'x86_64', os.version: '14.7.4', java.version: '11.0.21'
Driver info: io.appium.java_client.ios.IOSDriver
Command: [46cbc031-2c65-43f5-9635-2bbc755f2d89, findElement {using=xpath, value=//XCUIElementTypeApplication[@name="BuzzFeed ðŸž"]/XCUIElementTypeWindow/XCUIElementTypeOther/XCUIElementTypeOther/XCUIElementTypeOther/XCUIElementTypeOther/XCUIElementTypeOther/XCUIElementTypeOther/XCUIElementTypeOther/XCUIElementTypeOther/XCUIElementTypeOther/XCUIElementTypeOther/XCUIElementTypeOther/XCUIElementTypeOther/XCUIElementTypeOther/XCUIElementTypeOther/XCUIElementTypeOther/XCUIElementTypeOther/XCUIElementTypeCollectionView/XCUIElementTypeCell[2]/XCUIElementTypeOther[2]/XCUIElementTypeOther/XCUIElementTypeOther/XCUIElementTypeOther[2]}]
Capabilities {appium:autoAcceptAlerts: true, appium:automationName: XCuiTest, appium:bundleID: com.buzzfeed.buzzfeed-alpha, appium:bundleId: com.buzzfeed.buzzfeed-alpha, appium:databaseEnabled: false, appium:derivedDataPath: /Users/ltadmin/Documents/ap..., appium:deviceName: iPhone 15 Pro, appium:headless: false, appium:javascriptEnabled: true, appium:language: US, appium:locale: US, appium:locationContextEnabled: false, appium:maxTypingFrequency: 7, appium:mode: cloud, appium:nativeWebScreenshot: true, appium:networkConnectionEnabled: false, appium:newCommandTimeout: 0, appium:noReset: false, appium:orientation: PORTRAIT, appium:platformVersion: 17, appium:realDevice: true, appium:takesScreenshot: true, appium:udid: 00008130-000248123AC1001C, appium:uiautomator2ServerLaunchTimeout: 60000, appium:usePrebuiltWDA: true, appium:waitForQuiescence: false, appium:wdaLocalPort: 11014, appium:wdaRemotePort: 8100, appium:wdaStartupRetries: 3, appium:webStorageEnabled: false, appium:webkitResponseTimeout: 20000, platformName: IOS}
Session ID: 46cbc031-2c65-43f5-9635-2bbc755f2d89
at java.base/jdk.internal.reflect.NativeConstructorAccessorImpl.newInstance0(Native Method)
at java.base/jdk.internal.reflect.NativeConstructorAccessorImpl.newInstance(NativeConstructorAccessorImpl.java:62)
at java.base/jdk.internal.reflect.DelegatingConstructorAccessorImpl.newInstance(DelegatingConstructorAccessorImpl.java:45)
at java.base/java.lang.reflect.Constructor.newInstance(Constructor.java:490)
at org.openqa.selenium.remote.codec.w3c.W3CHttpResponseCodec.createException(W3CHttpResponseCodec.java:200)
at org.openqa.selenium.remote.codec.w3c.W3CHttpResponseCodec.decode(W3CHttpResponseCodec.java:133)
at org.openqa.selenium.remote.codec.w3c.W3CHttpResponseCodec.decode(W3CHttpResponseCodec.java:52)
at org.openqa.selenium.remote.HttpCommandExecutor.execute(HttpCommandExecutor.java:191)
at io.appium.java_client.remote.AppiumCommandExecutor.execute(AppiumCommandExecutor.java:250)
at org.openqa.selenium.remote.RemoteWebDriver.execute(RemoteWebDriver.java:602)
at org.openqa.selenium.remote.ElementLocation$ElementFinder$2.findElement(ElementLocation.java:165)
at org.openqa.selenium.remote.ElementLocation.findElement(ElementLocation.java:59)
at org.openqa.selenium.remote.RemoteWebDriver.findElement(RemoteWebDriver.java:359)
at org.openqa.selenium.remote.RemoteWebDriver.findElement(RemoteWebDriver.java:353)
at config.pages.home.NewHomeFeed.tapOntopic2(NewHomeFeed.java:89)
at testModules.home.fullFlowLambda.validateTrendingTopicsCanada(fullFlowLambda.java:2349)
at java.base/jdk.internal.reflect.NativeMethodAccessorImpl.invoke0(Native Method)
at java.base/jdk.internal.reflect.NativeMethodAccessorImpl.invoke(NativeMethodAccessorImpl.java:62)
at java.base/jdk.internal.reflect.DelegatingMethodAccessorImpl.invoke(DelegatingMethodAccessorImpl.java:43)
at java.base/java.lang.reflect.Method.invoke(Method.java:566)
at org.testng.internal.invokers.MethodInvocationHelper.invokeMethod(MethodInvocationHelper.java:135)
at org.testng.internal.invokers.TestInvoker.invokeMethod(TestInvoker.java:673)
at org.testng.internal.invokers.TestInvoker.invokeTestMethod(TestInvoker.java:220)
at org.testng.internal.invokers.MethodRunner.runInSequence(MethodRunner.java:50)
at org.testng.internal.invokers.TestInvoker$MethodInvocationAgent.invoke(TestInvoker.java:945)
at org.testng.internal.invokers.TestInvoker.invokeTestMethods(TestInvoker.java:193)
at org.testng.internal.invokers.TestMethodWorker.invokeTestMethods(TestMethodWorker.java:146)
at org.testng.internal.invokers.TestMethodWorker.run(TestMethodWorker.java:128)
at java.base/java.util.ArrayList.forEach(ArrayList.java:1541)
at org.testng.TestRunner.privateRun(TestRunner.java:808)
at org.testng.TestRunner.run(TestRunner.java:603)
at org.testng.SuiteRunner.runTest(SuiteRunner.java:429)
at org.testng.SuiteRunner.access$000(SuiteRunner.java:32)
at org.testng.SuiteRunner$SuiteWorker.run(SuiteRunner.java:467)
at org.testng.internal.thread.ThreadUtil.lambda$execute$0(ThreadUtil.java:58)
at java.base/java.util.concurrent.FutureTask.run(FutureTask.java:264)
at java.base/java.util.concurrent.ThreadPoolExecutor.runWorker(ThreadPoolExecutor.java:1128)
at java.base/java.util.concurrent.ThreadPoolExecutor$Worker.run(ThreadPoolExecutor.java:628)
at java.base/java.lang.Thread.run(Thread.java:834)
]]>
    </error>
  </testcase> <!-- validateTrendingTopicsCanada -->
  <system-out/>
  <testcase classname="testModules.home.fullFlowLambda" name="validateTrendingTopicsCanada" time="7.076">
    <error message="An element could not be located on the page using the given search parameters.
For documentation on this error, please visit: https://www.selenium.dev/documentation/webdriver/troubleshooting/errors#no-such-element-exception
Build info: version: &#039;4.13.0&#039;, revision: &#039;ba948ece5b*&#039;
System info: os.name: &#039;Mac OS X&#039;, os.arch: &#039;x86_64&#039;, os.version: &#039;14.7.4&#039;, java.version: &#039;11.0.21&#039;
Driver info: io.appium.java_client.ios.IOSDriver
Command: [9f41f7d1-aabf-476e-8059-508a6b0811da, findElement {using=xpath, value=//XCUIElementTypeApplication[@name=&quot;BuzzFeed ðŸž&quot;]/XCUIElementTypeWindow/XCUIElementTypeOther/XCUIElementTypeOther/XCUIElementTypeOther/XCUIElementTypeOther/XCUIElementTypeOther/XCUIElementTypeOther/XCUIElementTypeOther/XCUIElementTypeOther/XCUIElementTypeOther/XCUIElementTypeOther/XCUIElementTypeOther/XCUIElementTypeOther/XCUIElementTypeOther/XCUIElementTypeOther/XCUIElementTypeOther/XCUIElementTypeOther/XCUIElementTypeCollectionView/XCUIElementTypeCell[2]/XCUIElementTypeOther[2]/XCUIElementTypeOther/XCUIElementTypeOther/XCUIElementTypeOther[2]}]
Capabilities {appium:autoAcceptAlerts: true, appium:automationName: XCuiTest, appium:bundleID: com.buzzfeed.buzzfeed-alpha, appium:bundleId: com.buzzfeed.buzzfeed-alpha, appium:databaseEnabled: false, appium:derivedDataPath: /Users/ltadmin/Documents/ap..., appium:deviceName: iPhone 15 Plus, appium:headless: false, appium:javascriptEnabled: true, appium:language: US, appium:locale: US, appium:locationContextEnabled: false, appium:maxTypingFrequency: 7, appium:mode: cloud, appium:nativeWebScreenshot: true, appium:networkConnectionEnabled: false, appium:newCommandTimeout: 0, appium:noReset: false, appium:orientation: PORTRAIT, appium:platformVersion: 17, appium:realDevice: true, appium:takesScreenshot: true, appium:udid: 00008120-000E156E34F1A01E, appium:uiautomator2ServerLaunchTimeout: 60000, appium:usePrebuiltWDA: true, appium:waitForQuiescence: false, appium:wdaLocalPort: 11066, appium:wdaRemotePort: 8100, appium:wdaStartupRetries: 3, appium:webStorageEnabled: false, appium:webkitResponseTimeout: 20000, platformName: IOS}
Session ID: 9f41f7d1-aabf-476e-8059-508a6b0811da" type="org.openqa.selenium.NoSuchElementException">
      <![CDATA[org.openqa.selenium.NoSuchElementException: An element could not be located on the page using the given search parameters.
For documentation on this error, please visit: https://www.selenium.dev/documentation/webdriver/troubleshooting/errors#no-such-element-exception
Build info: version: '4.13.0', revision: 'ba948ece5b*'
System info: os.name: 'Mac OS X', os.arch: 'x86_64', os.version: '14.7.4', java.version: '11.0.21'
Driver info: io.appium.java_client.ios.IOSDriver
Command: [9f41f7d1-aabf-476e-8059-508a6b0811da, findElement {using=xpath, value=//XCUIElementTypeApplication[@name="BuzzFeed ðŸž"]/XCUIElementTypeWindow/XCUIElementTypeOther/XCUIElementTypeOther/XCUIElementTypeOther/XCUIElementTypeOther/XCUIElementTypeOther/XCUIElementTypeOther/XCUIElementTypeOther/XCUIElementTypeOther/XCUIElementTypeOther/XCUIElementTypeOther/XCUIElementTypeOther/XCUIElementTypeOther/XCUIElementTypeOther/XCUIElementTypeOther/XCUIElementTypeOther/XCUIElementTypeOther/XCUIElementTypeCollectionView/XCUIElementTypeCell[2]/XCUIElementTypeOther[2]/XCUIElementTypeOther/XCUIElementTypeOther/XCUIElementTypeOther[2]}]
Capabilities {appium:autoAcceptAlerts: true, appium:automationName: XCuiTest, appium:bundleID: com.buzzfeed.buzzfeed-alpha, appium:bundleId: com.buzzfeed.buzzfeed-alpha, appium:databaseEnabled: false, appium:derivedDataPath: /Users/ltadmin/Documents/ap..., appium:deviceName: iPhone 15 Plus, appium:headless: false, appium:javascriptEnabled: true, appium:language: US, appium:locale: US, appium:locationContextEnabled: false, appium:maxTypingFrequency: 7, appium:mode: cloud, appium:nativeWebScreenshot: true, appium:networkConnectionEnabled: false, appium:newCommandTimeout: 0, appium:noReset: false, appium:orientation: PORTRAIT, appium:platformVersion: 17, appium:realDevice: true, appium:takesScreenshot: true, appium:udid: 00008120-000E156E34F1A01E, appium:uiautomator2ServerLaunchTimeout: 60000, appium:usePrebuiltWDA: true, appium:waitForQuiescence: false, appium:wdaLocalPort: 11066, appium:wdaRemotePort: 8100, appium:wdaStartupRetries: 3, appium:webStorageEnabled: false, appium:webkitResponseTimeout: 20000, platformName: IOS}
Session ID: 9f41f7d1-aabf-476e-8059-508a6b0811da
at java.base/jdk.internal.reflect.NativeConstructorAccessorImpl.newInstance0(Native Method)
at java.base/jdk.internal.reflect.NativeConstructorAccessorImpl.newInstance(NativeConstructorAccessorImpl.java:62)
at java.base/jdk.internal.reflect.DelegatingConstructorAccessorImpl.newInstance(DelegatingConstructorAccessorImpl.java:45)
at java.base/java.lang.reflect.Constructor.newInstance(Constructor.java:490)
at org.openqa.selenium.remote.codec.w3c.W3CHttpResponseCodec.createException(W3CHttpResponseCodec.java:200)
at org.openqa.selenium.remote.codec.w3c.W3CHttpResponseCodec.decode(W3CHttpResponseCodec.java:133)
at org.openqa.selenium.remote.codec.w3c.W3CHttpResponseCodec.decode(W3CHttpResponseCodec.java:52)
at org.openqa.selenium.remote.HttpCommandExecutor.execute(HttpCommandExecutor.java:191)
at io.appium.java_client.remote.AppiumCommandExecutor.execute(AppiumCommandExecutor.java:250)
at org.openqa.selenium.remote.RemoteWebDriver.execute(RemoteWebDriver.java:602)
at org.openqa.selenium.remote.ElementLocation$ElementFinder$2.findElement(ElementLocation.java:165)
at org.openqa.selenium.remote.ElementLocation.findElement(ElementLocation.java:59)
at org.openqa.selenium.remote.RemoteWebDriver.findElement(RemoteWebDriver.java:359)
at org.openqa.selenium.remote.RemoteWebDriver.findElement(RemoteWebDriver.java:353)
at config.pages.home.NewHomeFeed.tapOntopic2(NewHomeFeed.java:89)
at testModules.home.fullFlowLambda.validateTrendingTopicsCanada(fullFlowLambda.java:2349)
at java.base/jdk.internal.reflect.NativeMethodAccessorImpl.invoke0(Native Method)
at java.base/jdk.internal.reflect.NativeMethodAccessorImpl.invoke(NativeMethodAccessorImpl.java:62)
at java.base/jdk.internal.reflect.DelegatingMethodAccessorImpl.invoke(DelegatingMethodAccessorImpl.java:43)
at java.base/java.lang.reflect.Method.invoke(Method.java:566)
at org.testng.internal.invokers.MethodInvocationHelper.invokeMethod(MethodInvocationHelper.java:135)
at org.testng.internal.invokers.TestInvoker.invokeMethod(TestInvoker.java:673)
at org.testng.internal.invokers.TestInvoker.invokeTestMethod(TestInvoker.java:220)
at org.testng.internal.invokers.MethodRunner.runInSequence(MethodRunner.java:50)
at org.testng.internal.invokers.TestInvoker$MethodInvocationAgent.invoke(TestInvoker.java:945)
at org.testng.internal.invokers.TestInvoker.invokeTestMethods(TestInvoker.java:193)
at org.testng.internal.invokers.TestMethodWorker.invokeTestMethods(TestMethodWorker.java:146)
at org.testng.internal.invokers.TestMethodWorker.run(TestMethodWorker.java:128)
at java.base/java.util.ArrayList.forEach(ArrayList.java:1541)
at org.testng.TestRunner.privateRun(TestRunner.java:808)
at org.testng.TestRunner.run(TestRunner.java:603)
at org.testng.SuiteRunner.runTest(SuiteRunner.java:429)
at org.testng.SuiteRunner.access$000(SuiteRunner.java:32)
at org.testng.SuiteRunner$SuiteWorker.run(SuiteRunner.java:467)
at org.testng.internal.thread.ThreadUtil.lambda$execute$0(ThreadUtil.java:58)
at java.base/java.util.concurrent.FutureTask.run(FutureTask.java:264)
at java.base/java.util.concurrent.ThreadPoolExecutor.runWorker(ThreadPoolExecutor.java:1128)
at java.base/java.util.concurrent.ThreadPoolExecutor$Worker.run(ThreadPoolExecutor.java:628)
at java.base/java.lang.Thread.run(Thread.java:834)
]]>
    </error>
  </testcase> <!-- validateTrendingTopicsCanada -->
  <system-out/>
  <testcase classname="testModules.home.fullFlowLambda" name="validateMoreButtonCanada" time="114.281"/>
  <system-out/>
  <testcase classname="testModules.home.fullFlowLambda" name="validateMoreButtonCanada" time="121.530"/>
  <system-out/>
  <testcase classname="testModules.home.fullFlowLambda" name="testGoingNewsTabOnCanada" time="3.442"/>
  <system-out/>
  <testcase classname="testModules.home.fullFlowLambda" name="testGoingNewsTabOnCanada" time="2.201"/>
  <system-out/>
  <testcase classname="testModules.home.fullFlowLambda" name="testGoingToQuizzesTabOnCanada" time="4.276"/>
  <system-out/>
  <testcase classname="testModules.home.fullFlowLambda" name="testGoingToQuizzesTabOnCanada" time="4.164"/>
  <system-out/>
  <testcase classname="testModules.home.fullFlowLambda" name="testTapOnTrendingCategoryOnCanada" time="9.568"/>
  <system-out/>
  <testcase classname="testModules.home.fullFlowLambda" name="testTapOnTrendingCategoryOnCanada" time="8.857"/>
  <system-out/>
  <testcase classname="testModules.home.fullFlowLambda" name="testTapOnShowdownOnCanada" time="9.023"/>
  <system-out/>
  <testcase classname="testModules.home.fullFlowLambda" name="testTapOnShowdownOnCanada" time="9.513"/>
  <system-out/>
  <testcase classname="testModules.home.fullFlowLambda" name="testTapOnTriviaCategoryOnCanada" time="8.866"/>
  <system-out/>
  <testcase classname="testModules.home.fullFlowLambda" name="testTapOnTriviaCategoryOnCanada" time="8.523"/>
  <system-out/>
  <testcase classname="testModules.home.fullFlowLambda" name="testTapOnCanWeGuessCategory" time="8.591"/>
  <system-out/>
  <testcase classname="testModules.home.fullFlowLambda" name="testTapOnCanWeGuessCategory" time="8.849"/>
  <system-out/>
  <testcase classname="testModules.home.fullFlowLambda" name="testOnMoreOnCanada" time="3.392"/>
  <system-out/>
  <testcase classname="testModules.home.fullFlowLambda" name="testOnMoreOnCanada" time="3.392"/>
  <system-out/>
  <testcase classname="testModules.home.fullFlowLambda" name="testTapOnTaylorSwiftOnCanada" time="9.378"/>
  <system-out/>
  <testcase classname="testModules.home.fullFlowLambda" name="testTapOnTaylorSwiftOnCanada" time="8.840"/>
  <system-out/>
  <testcase classname="testModules.home.fullFlowLambda" name="testTapOnMarvelOnCanada" time="8.554"/>
  <system-out/>
  <testcase classname="testModules.home.fullFlowLambda" name="testTapOnMarvelOnCanada" time="8.802"/>
  <system-out/>
  <testcase classname="testModules.home.fullFlowLambda" name="testTapOnZodiacOnCanada" time="9.189"/>
  <system-out/>
  <testcase classname="testModules.home.fullFlowLambda" name="testTapOnZodiacOnCanada" time="8.547"/>
  <system-out/>
  <testcase classname="testModules.home.fullFlowLambda" name="testTapOnHarryPotterOnCanada" time="10.212"/>
  <system-out/>
  <testcase classname="testModules.home.fullFlowLambda" name="testTapOnHarryPotterOnCanada" time="8.543"/>
  <system-out/>
  <testcase classname="testModules.home.fullFlowLambda" name="testTapOnAnimeOnCanada" time="8.754"/>
  <system-out/>
  <testcase classname="testModules.home.fullFlowLambda" name="testTapOnAnimeOnCanada" time="8.488"/>
  <system-out/>
  <testcase classname="testModules.home.fullFlowLambda" name="testTapOnKPopOnCanada" time="8.450"/>
  <system-out/>
  <testcase classname="testModules.home.fullFlowLambda" name="testTapOnKPopOnCanada" time="8.523"/>
  <system-out/>
  <testcase classname="testModules.home.fullFlowLambda" name="testTapOnGeographyOnCanada" time="9.210"/>
  <system-out/>
  <testcase classname="testModules.home.fullFlowLambda" name="testTapOnGeographyOnCanada" time="9.499"/>
  <system-out/>
  <testcase classname="testModules.home.fullFlowLambda" name="testTapOnChecklistOnCanada" time="12.559"/>
  <system-out/>
  <testcase classname="testModules.home.fullFlowLambda" name="testTapOnChecklistOnCanada" time="12.918"/>
  <system-out/>
  <testcase classname="testModules.home.fullFlowLambda" name="tapGamesTabOnCanada" time="12.598"/>
  <system-out/>
  <testcase classname="testModules.home.fullFlowLambda" name="tapGamesTabOnCanada" time="13.138"/>
  <system-out/>
  <testcase classname="testModules.home.fullFlowLambda" name="testIndiaEditionIsPresent" time="8.289"/>
  <system-out/>
  <testcase classname="testModules.home.fullFlowLambda" name="testIndiaEditionIsPresent" time="9.178"/>
  <system-out/>
  <testcase classname="testModules.home.fullFlowLambda" name="testLatestSubTabOnIndia" time="0.000"/>
  <system-out/>
  <testcase classname="testModules.home.fullFlowLambda" name="testLatestSubTabOnIndia" time="0.000"/>
  <system-out/>
  <testcase classname="testModules.home.fullFlowLambda" name="testTrendingSubTabOnIndia" time="7.296"/>
  <system-out/>
  <testcase classname="testModules.home.fullFlowLambda" name="testTrendingSubTabOnIndia" time="7.855"/>
  <system-out/>
  <testcase classname="testModules.home.fullFlowLambda" name="testFunnyTweetsSubTabOnIndia" time="6.108"/>
  <system-out/>
  <testcase classname="testModules.home.fullFlowLambda" name="testFunnyTweetsSubTabOnIndia" time="6.855"/>
  <system-out/>
  <testcase classname="testModules.home.fullFlowLambda" name="testGamesSubTabOnIndia" time="3.617"/>
  <system-out/>
  <testcase classname="testModules.home.fullFlowLambda" name="testGamesSubTabOnIndia" time="3.622"/>
  <system-out/>
  <testcase classname="testModules.home.fullFlowLambda" name="testLatestsSubTabOnIndia" time="5.367"/>
  <system-out/>
  <testcase classname="testModules.home.fullFlowLambda" name="testLatestsSubTabOnIndia" time="5.450"/>
  <system-out/>
  <testcase classname="testModules.home.fullFlowLambda" name="testRandomSubTabOnIndia" time="2.000"/>
  <system-out/>
  <testcase classname="testModules.home.fullFlowLambda" name="testRandomSubTabOnIndia" time="2.000"/>
  <system-out/>
  <testcase classname="testModules.home.fullFlowLambda" name="testGossipSubTabOnIndia" time="3.535"/>
  <system-out/>
  <testcase classname="testModules.home.fullFlowLambda" name="testGossipSubTabOnIndia" time="3.565"/>
  <system-out/>
  <testcase classname="testModules.home.fullFlowLambda" name="testGayStuffpSubTabOnIndia" time="9.718"/>
  <system-out/>
  <testcase classname="testModules.home.fullFlowLambda" name="testGayStuffpSubTabOnIndia" time="10.425"/>
  <system-out/>
  <testcase classname="testModules.home.fullFlowLambda" name="tapOnMore1OnIndia" time="5.281"/>
  <system-out/>
  <testcase classname="testModules.home.fullFlowLambda" name="tapOnMore1OnIndia" time="5.465"/>
  <system-out/>
  <testcase classname="testModules.home.fullFlowLambda" name="testEntertainmentSubTabOnIndia" time="10.650"/>
  <system-out/>
  <testcase classname="testModules.home.fullFlowLambda" name="testEntertainmentSubTabOnIndia" time="9.599"/>
  <system-out/>
  <testcase classname="testModules.home.fullFlowLambda" name="testAnimalsSubTabOnIndia" time="8.028"/>
  <system-out/>
  <testcase classname="testModules.home.fullFlowLambda" name="testAnimalsSubTabOnIndia" time="6.865"/>
  <system-out/>
  <testcase classname="testModules.home.fullFlowLambda" name="testBooksSubTabOnIndia" time="8.318"/>
  <system-out/>
  <testcase classname="testModules.home.fullFlowLambda" name="testBooksSubTabOnIndia" time="7.802"/>
  <system-out/>
  <testcase classname="testModules.home.fullFlowLambda" name="testCommunitySubTabOnIndia" time="10.838"/>
  <system-out/>
  <testcase classname="testModules.home.fullFlowLambda" name="testFoodSubTabOnIndia" time="7.672"/>
  <system-out/>
  <testcase classname="testModules.home.fullFlowLambda" name="testFoodSubTabOnIndia" time="8.241"/>
  <system-out/>
  <testcase classname="testModules.home.fullFlowLambda" name="testCommunitySubTabOnIndia" time="11.080"/>
  <system-out/>
  <testcase classname="testModules.home.fullFlowLambda" name="testMusicSubTabOnIndia" time="8.491"/>
  <system-out/>
  <testcase classname="testModules.home.fullFlowLambda" name="testMusicSubTabOnIndia" time="9.008"/>
  <system-out/>
  <testcase classname="testModules.home.fullFlowLambda" name="testNiftySubTabOnIndia" time="10.673"/>
  <system-out/>
  <testcase classname="testModules.home.fullFlowLambda" name="testNiftySubTabOnIndia" time="10.583"/>
  <system-out/>
  <testcase classname="testModules.home.fullFlowLambda" name="testParentsSubTabOnIndia" time="11.274"/>
  <system-out/>
  <testcase classname="testModules.home.fullFlowLambda" name="testParentsSubTabOnIndia" time="10.832"/>
  <system-out/>
  <testcase classname="testModules.home.fullFlowLambda" name="testRewindSubTabOnIndia" time="11.700"/>
  <system-out/>
  <testcase classname="testModules.home.fullFlowLambda" name="testRewindSubTabOnIndia" time="10.831"/>
  <system-out/>
  <testcase classname="testModules.home.fullFlowLambda" name="testStyleSubTabOnIndia" time="12.727"/>
  <system-out/>
  <testcase classname="testModules.home.fullFlowLambda" name="testStyleSubTabOnIndia" time="13.926"/>
  <system-out/>
  <testcase classname="testModules.home.fullFlowLambda" name="testTravelHomeSubTabOnIndia" time="13.355"/>
  <system-out/>
  <testcase classname="testModules.home.fullFlowLambda" name="testTravelHomeSubTabOnIndia" time="12.494"/>
  <system-out/>
  <testcase classname="testModules.home.fullFlowLambda" name="testTravelSubTabOnIndia" time="2.677"/>
  <system-out/>
  <testcase classname="testModules.home.fullFlowLambda" name="testTravelSubTabOnIndia" time="2.629"/>
  <system-out/>
  <testcase classname="testModules.home.fullFlowLambda" name="testGoingNewsTabOnIndia" time="1.362"/>
  <system-out/>
  <testcase classname="testModules.home.fullFlowLambda" name="testGoingNewsTabOnIndia" time="1.434"/>
  <system-out/>
  <testcase classname="testModules.home.fullFlowLambda" name="testGoingToQuizzesTabOnIndia" time="1.340"/>
  <system-out/>
  <testcase classname="testModules.home.fullFlowLambda" name="testGoingToQuizzesTabOnIndia" time="1.490"/>
  <system-out/>
  <testcase classname="testModules.home.fullFlowLambda" name="testTapOnTrendingCategoryOnIndia" time="5.631"/>
  <system-out/>
  <testcase classname="testModules.home.fullFlowLambda" name="testTapOnTrendingCategoryOnIndia" time="4.522"/>
  <system-out/>
  <testcase classname="testModules.home.fullFlowLambda" name="testTapOnSHowdoenOnIndia" time="4.643"/>
  <system-out/>
  <testcase classname="testModules.home.fullFlowLambda" name="testTapOnSHowdoenOnIndia" time="4.820"/>
  <system-out/>
  <testcase classname="testModules.home.fullFlowLambda" name="tapGamesTabOnIndia2" time="11.145"/>
  <system-out/>
  <testcase classname="testModules.home.fullFlowLambda" name="tapGamesTabOnIndia2" time="11.006"/>
  <system-out/>
  <testcase classname="testModules.home.fullFlowLambda" name="testUKEditionIsPresent" time="7.560"/>
  <system-out/>
  <testcase classname="testModules.home.fullFlowLambda" name="testUKEditionIsPresent" time="8.105"/>
  <system-out/>
  <testcase classname="testModules.home.fullFlowLambda" name="testLatestSubTabONUK" time="0.000"/>
  <system-out/>
  <testcase classname="testModules.home.fullFlowLambda" name="testLatestSubTabONUK" time="0.000"/>
  <system-out/>
  <testcase classname="testModules.home.fullFlowLambda" name="testTrendingSubTabONUK" time="8.150"/>
  <system-out/>
  <testcase classname="testModules.home.fullFlowLambda" name="testTrendingSubTabONUK" time="7.621"/>
  <system-out/>
  <testcase classname="testModules.home.fullFlowLambda" name="testFunnyTweetsSubTabONUK" time="5.751"/>
  <system-out/>
  <testcase classname="testModules.home.fullFlowLambda" name="testFunnyTweetsSubTabONUK" time="5.872"/>
  <system-out/>
  <testcase classname="testModules.home.fullFlowLambda" name="testGamesSubTabONUK" time="3.236"/>
  <system-out/>
  <testcase classname="testModules.home.fullFlowLambda" name="testGamesSubTabONUK" time="3.921"/>
  <system-out/>
  <testcase classname="testModules.home.fullFlowLambda" name="testLatestsSubTabONUK" time="6.645"/>
  <system-out/>
  <testcase classname="testModules.home.fullFlowLambda" name="testLatestsSubTabONUK" time="5.103"/>
  <system-out/>
  <testcase classname="testModules.home.fullFlowLambda" name="testRandomSubTabONUK" time="2.071"/>
  <system-out/>
  <testcase classname="testModules.home.fullFlowLambda" name="testRandomSubTabONUK" time="2.040"/>
  <system-out/>
  <testcase classname="testModules.home.fullFlowLambda" name="testGossipSubTabONUK" time="3.716"/>
  <system-out/>
  <testcase classname="testModules.home.fullFlowLambda" name="testGossipSubTabONUK" time="3.586"/>
  <system-out/>
  <testcase classname="testModules.home.fullFlowLambda" name="testGayStuffpSubTabONUK" time="9.699"/>
  <system-out/>
  <testcase classname="testModules.home.fullFlowLambda" name="testGayStuffpSubTabONUK" time="9.948"/>
  <system-out/>
  <testcase classname="testModules.home.fullFlowLambda" name="tapOnMore1ONUK" time="5.565"/>
  <system-out/>
  <testcase classname="testModules.home.fullFlowLambda" name="tapOnMore1ONUK" time="5.424"/>
  <system-out/>
  <testcase classname="testModules.home.fullFlowLambda" name="testEntertainmentSubTabONUK" time="10.995"/>
  <system-out/>
  <testcase classname="testModules.home.fullFlowLambda" name="testEntertainmentSubTabONUK" time="9.608"/>
  <system-out/>
  <testcase classname="testModules.home.fullFlowLambda" name="testAnimalsSubTabONUK" time="6.645"/>
  <system-out/>
  <testcase classname="testModules.home.fullFlowLambda" name="testAnimalsSubTabONUK" time="7.630"/>
  <system-out/>
  <testcase classname="testModules.home.fullFlowLambda" name="testBooksSubTabONUK" time="7.738"/>
  <system-out/>
  <testcase classname="testModules.home.fullFlowLambda" name="testBooksSubTabONUK" time="7.703"/>
  <system-out/>
  <testcase classname="testModules.home.fullFlowLambda" name="testFoodSubTabONUK" time="7.729"/>
  <system-out/>
  <testcase classname="testModules.home.fullFlowLambda" name="testFoodSubTabONUK" time="8.849"/>
  <system-out/>
  <testcase classname="testModules.home.fullFlowLambda" name="testCommunitySubTabONUK" time="10.832"/>
  <system-out/>
  <testcase classname="testModules.home.fullFlowLambda" name="testCommunitySubTabONUK" time="11.100"/>
  <system-out/>
  <testcase classname="testModules.home.fullFlowLambda" name="testMusicSubTabONUK" time="8.793"/>
  <system-out/>
  <testcase classname="testModules.home.fullFlowLambda" name="testMusicSubTabONUK" time="8.472"/>
  <system-out/>
  <testcase classname="testModules.home.fullFlowLambda" name="testNiftySubTabONUK" time="10.354"/>
  <system-out/>
  <testcase classname="testModules.home.fullFlowLambda" name="testNiftySubTabONUK" time="10.804"/>
  <system-out/>
  <testcase classname="testModules.home.fullFlowLambda" name="testParentsSubTabONUK" time="10.740"/>
  <system-out/>
  <testcase classname="testModules.home.fullFlowLambda" name="testParentsSubTabONUK" time="10.668"/>
  <system-out/>
  <testcase classname="testModules.home.fullFlowLambda" name="testRewindSubTabONUK" time="10.920"/>
  <system-out/>
  <testcase classname="testModules.home.fullFlowLambda" name="testRewindSubTabONUK" time="11.221"/>
  <system-out/>
  <testcase classname="testModules.home.fullFlowLambda" name="testStyleSubTabONUK" time="12.579"/>
  <system-out/>
  <testcase classname="testModules.home.fullFlowLambda" name="testStyleSubTabONUK" time="12.570"/>
  <system-out/>
  <testcase classname="testModules.home.fullFlowLambda" name="testTravelHomeSubTabONUK" time="12.647"/>
  <system-out/>
  <testcase classname="testModules.home.fullFlowLambda" name="testTravelHomeSubTabONUK" time="13.373"/>
  <system-out/>
  <testcase classname="testModules.home.fullFlowLambda" name="testTravelSubTabONUK" time="2.741"/>
  <system-out/>
  <testcase classname="testModules.home.fullFlowLambda" name="testTravelSubTabONUK" time="2.761"/>
  <system-out/>
  <testcase classname="testModules.home.fullFlowLambda" name="testGoingNewsTabOnUK" time="1.506"/>
  <system-out/>
  <testcase classname="testModules.home.fullFlowLambda" name="testGoingNewsTabOnUK" time="1.363"/>
  <system-out/>
  <testcase classname="testModules.home.fullFlowLambda" name="testGoingToQuizzesTabOnUK" time="1.301"/>
  <system-out/>
  <testcase classname="testModules.home.fullFlowLambda" name="testGoingToQuizzesTabOnUK" time="1.754"/>
  <system-out/>
  <testcase classname="testModules.home.fullFlowLambda" name="testTapOnTrendingCategoryOnUK" time="4.720"/>
  <system-out/>
  <testcase classname="testModules.home.fullFlowLambda" name="testTapOnTrendingCategoryOnUK" time="5.720"/>
  <system-out/>
  <testcase classname="testModules.home.fullFlowLambda" name="testTapOnShowdownCategoryOnUK" time="4.549"/>
  <system-out/>
  <testcase classname="testModules.home.fullFlowLambda" name="testTapOnShowdownCategoryOnUK" time="4.660"/>
  <system-out/>
  <testcase classname="testModules.home.fullFlowLambda" name="testTapOnTriviaCategoryOnUK" time="5.663"/>
  <system-out/>
  <testcase classname="testModules.home.fullFlowLambda" name="testTapOnTriviaCategoryOnUK" time="4.884"/>
  <system-out/>
  <testcase classname="testModules.home.fullFlowLambda" name="testTapOnCanWeGuessOnUK" time="5.130"/>
  <system-out/>
  <testcase classname="testModules.home.fullFlowLambda" name="testTapOnCanWeGuessOnUK" time="4.578"/>
  <system-out/>
  <testcase classname="testModules.home.fullFlowLambda" name="testTapOnMOreOnUK" time="3.262"/>
  <system-out/>
  <testcase classname="testModules.home.fullFlowLambda" name="testTapOnMOreOnUK" time="3.263"/>
  <system-out/>
  <testcase classname="testModules.home.fullFlowLambda" name="testTapOnPollsUK" time="5.590"/>
  <system-out/>
  <testcase classname="testModules.home.fullFlowLambda" name="testTapOnPollsUK" time="4.561"/>
  <system-out/>
  <testcase classname="testModules.home.fullFlowLambda" name="testTapOnTaylorSwiftUK" time="4.558"/>
  <system-out/>
  <testcase classname="testModules.home.fullFlowLambda" name="testTapOnTaylorSwiftUK" time="4.574"/>
  <system-out/>
  <testcase classname="testModules.home.fullFlowLambda" name="testTapOnMarvelUK" time="5.341"/>
  <system-out/>
  <testcase classname="testModules.home.fullFlowLambda" name="testTapOnMarvelUK" time="4.595"/>
  <system-out/>
  <testcase classname="testModules.home.fullFlowLambda" name="testTapOnZodiacUK" time="4.774"/>
  <system-out/>
  <testcase classname="testModules.home.fullFlowLambda" name="testTapOnZodiacUK" time="5.697"/>
  <system-out/>
  <testcase classname="testModules.home.fullFlowLambda" name="testTapOnHarryPotterUK" time="4.528"/>
  <system-out/>
  <testcase classname="testModules.home.fullFlowLambda" name="testTapOnHarryPotterUK" time="5.302"/>
  <system-out/>
  <testcase classname="testModules.home.fullFlowLambda" name="testTapOnAnimeUK" time="5.762"/>
  <system-out/>
  <testcase classname="testModules.home.fullFlowLambda" name="testTapOnAnimeUK" time="4.597"/>
  <system-out/>
  <testcase classname="testModules.home.fullFlowLambda" name="testTapOnKpopOnUK" time="4.624"/>
  <system-out/>
  <testcase classname="testModules.home.fullFlowLambda" name="testTapOnKpopOnUK" time="4.582"/>
  <system-out/>
  <testcase classname="testModules.home.fullFlowLambda" name="testTapOnChecklistUK" time="5.396"/>
  <system-out/>
  <testcase classname="testModules.home.fullFlowLambda" name="testTapOnChecklistUK" time="4.579"/>
  <system-out/>
  <testcase classname="testModules.home.fullFlowLambda" name="tapGamesTabOnUK" time="8.498"/>
  <system-out/>
  <testcase classname="testModules.home.fullFlowLambda" name="tapGamesTabOnUK" time="8.708"/>
  <system-out/>
  <testcase classname="testModules.home.fullFlowLambda" name="testLatamEditionIsPresent" time="3.443"/>
  <system-out/>
  <testcase classname="testModules.home.fullFlowLambda" name="testLatamEditionIsPresent" time="3.566"/>
  <system-out/>
  <testcase classname="testModules.home.fullFlowLambda" name="testLoUltimoSubTab" time="0.000"/>
  <system-out/>
  <testcase classname="testModules.home.fullFlowLambda" name="testLoUltimoSubTab" time="0.000"/>
  <system-out/>
  <testcase classname="testModules.home.fullFlowLambda" name="testTendenciasSubTab" time="0.445"/>
  <system-out/>
  <testcase classname="testModules.home.fullFlowLambda" name="testTendenciasSubTab" time="0.421"/>
  <system-out/>
  <testcase classname="testModules.home.fullFlowLambda" name="testJapanEditionIsPresent" time="3.409"/>
  <system-out/>
  <testcase classname="testModules.home.fullFlowLambda" name="testJapanEditionIsPresent" time="3.544"/>
  <system-out/>
  <testcase classname="testModules.home.fullFlowLambda" name="testShoppingTabJapan" time="0.441"/>
  <system-out/>
  <testcase classname="testModules.home.fullFlowLambda" name="testShoppingTabJapan" time="0.433"/>
  <system-out/>
  <testcase classname="testModules.home.fullFlowLambda" name="testGoingToQuizzesTabOnJapan" time="4.338"/>
  <system-out/>
  <testcase classname="testModules.home.fullFlowLambda" name="testGoingToQuizzesTabOnJapan" time="4.204"/>
  <system-out/>
</testsuite> <!-- testModules.home.fullFlowLambda -->
